<?xml version="1.0" encoding="UTF-8"?>
<!-- Generated by org.testng.reporters.JUnitXMLReporter -->
<testsuite ignored="7" hostname="sagar" failures="5" tests="16" name="Test" time="110.723" errors="0" timestamp="2025-07-28T21:42:55 IST">
  <testcase classname="amazonfilterapplicatione2e.AmazonTests" name="verifyingGetItIn2DaysFilterFunctionality" time="10.234"/>
  <testcase classname="amazonfilterapplicatione2e.AmazonTests" name="verifyingGetItByTomorrowFilterFunctionality" time="15.491"/>
  <testcase classname="amazonfilterapplicatione2e.AmazonTests" name="verifyingGetItIn2DaysFilterFunctionality" time="8.88">
    <failure type="java.lang.AssertionError" message="❌ Delivery date mismatch at index 0. Text: WoodMarwar Solid Sheesham Wood Entertainment Tv Unit for Living Room | Free Standing Media Console Movable Tv Cabinet Sideboard | Tv Table Side Board with 4 Door Cabinet &amp;amp; 1 Flap Door Storage | Walnut
16
See options
No featured offers available
₹23,499(1 new offer)
+5 expected [true] but found [false]">
      <![CDATA[java.lang.AssertionError: ❌ Delivery date mismatch at index 0. Text: WoodMarwar Solid Sheesham Wood Entertainment Tv Unit for Living Room | Free Standing Media Console Movable Tv Cabinet Sideboard | Tv Table Side Board with 4 Door Cabinet & 1 Flap Door Storage | Walnut
16
See options
No featured offers available
₹23,499(1 new offer)
+5 expected [true] but found [false]
at amazonfilterapplicatione2e.AmazonTests.verifyingGetItIn2DaysFilterFunctionality(AmazonTests.java:120)
at java.base/java.util.concurrent.Executors$RunnableAdapter.call(Executors.java:545)
at java.base/java.util.concurrent.FutureTask.run(FutureTask.java:328)
at java.base/java.util.concurrent.ThreadPoolExecutor.runWorker(ThreadPoolExecutor.java:1095)
at java.base/java.util.concurrent.ThreadPoolExecutor$Worker.run(ThreadPoolExecutor.java:619)
at java.base/java.lang.Thread.run(Thread.java:1447)
... Removed 14 stack frames]]>
    </failure>
  </testcase> <!-- verifyingGetItIn2DaysFilterFunctionality -->
  <testcase classname="amazonfilterapplicatione2e.AmazonTests" name="verifyingGetItByTomorrowFilterFunctionality" time="12.904">
    <failure type="java.lang.AssertionError" message="❌ Delivery date mismatch at index 0. Text: WoodMarwar Solid Sheesham Wood Entertainment Tv Unit for Living Room | Free Standing Media Console Movable Tv Cabinet Sideboard | Tv Table Side Board with 4 Door Cabinet &amp;amp; 1 Flap Door Storage | Walnut
16
See options
No featured offers available
₹23,499(1 new offer)
+5 expected [true] but found [false]">
      <![CDATA[java.lang.AssertionError: ❌ Delivery date mismatch at index 0. Text: WoodMarwar Solid Sheesham Wood Entertainment Tv Unit for Living Room | Free Standing Media Console Movable Tv Cabinet Sideboard | Tv Table Side Board with 4 Door Cabinet & 1 Flap Door Storage | Walnut
16
See options
No featured offers available
₹23,499(1 new offer)
+5 expected [true] but found [false]
at amazonfilterapplicatione2e.AmazonTests.verifyingGetItByTomorrowFilterFunctionality(AmazonTests.java:85)
at java.base/java.util.concurrent.Executors$RunnableAdapter.call(Executors.java:545)
at java.base/java.util.concurrent.FutureTask.run(FutureTask.java:328)
at java.base/java.util.concurrent.ThreadPoolExecutor.runWorker(ThreadPoolExecutor.java:1095)
at java.base/java.util.concurrent.ThreadPoolExecutor$Worker.run(ThreadPoolExecutor.java:619)
at java.base/java.lang.Thread.run(Thread.java:1447)
... Removed 14 stack frames]]>
    </failure>
  </testcase> <!-- verifyingGetItByTomorrowFilterFunctionality -->
  <testcase classname="amazonfilterapplicatione2e.AmazonTests" name="verifyingGetItIn2DaysFilterFunctionality" time="8.903"/>
  <testcase classname="amazonfilterapplicatione2e.AmazonTests" name="verifyingGetItIn2DaysFilterFunctionality" time="6.463"/>
  <testcase classname="amazonfilterapplicatione2e.AmazonTests" name="verifyingGetItByTomorrowFilterFunctionality" time="12.033">
    <failure type="java.lang.AssertionError" message="❌ Delivery date mismatch at index 11. Text: CHOUYONL Foldable Alarm Clock Wireless Charger with Atmosphere Lights, Week Display, Dual Alarms, 4 Level Brightness, 6 Speed Volume,8 Music Rightones, Foldable Design, Easily Carry
62
₹7,112
M.R.P:
₹10,112 (30% off)
FREE delivery 13 - 14 Aug
Add to cart expected [true] but found [false]">
      <![CDATA[java.lang.AssertionError: ❌ Delivery date mismatch at index 11. Text: CHOUYONL Foldable Alarm Clock Wireless Charger with Atmosphere Lights, Week Display, Dual Alarms, 4 Level Brightness, 6 Speed Volume,8 Music Rightones, Foldable Design, Easily Carry
62
₹7,112
M.R.P:
₹10,112 (30% off)
FREE delivery 13 - 14 Aug
Add to cart expected [true] but found [false]
at amazonfilterapplicatione2e.AmazonTests.verifyingGetItByTomorrowFilterFunctionality(AmazonTests.java:85)
at java.base/java.util.concurrent.Executors$RunnableAdapter.call(Executors.java:545)
at java.base/java.util.concurrent.FutureTask.run(FutureTask.java:328)
at java.base/java.util.concurrent.ThreadPoolExecutor.runWorker(ThreadPoolExecutor.java:1095)
at java.base/java.util.concurrent.ThreadPoolExecutor$Worker.run(ThreadPoolExecutor.java:619)
at java.base/java.lang.Thread.run(Thread.java:1447)
... Removed 14 stack frames]]>
    </failure>
  </testcase> <!-- verifyingGetItByTomorrowFilterFunctionality -->
  <testcase classname="amazonfilterapplicatione2e.AmazonTests" name="verifyingGetItIn2DaysFilterFunctionality" time="9.022">
    <failure type="java.lang.AssertionError" message="❌ Delivery date mismatch at index 5. Text: HuBDIC Multipurpose Deodorizer │Air Ionizer with Negative Ion to Remove Odors in Refrigerator, Shoe Closet, Bathroom, Wardrobe, Car, and Pet Litters │ Portable Air Purifier and Cleaner (Pink)
19
₹4,821 (
₹4,82,100/100 g)
M.R.P:
₹7,821 (38% off)
FREE delivery 13 - 14 Aug
Add to cart expected [true] but found [false]">
      <![CDATA[java.lang.AssertionError: ❌ Delivery date mismatch at index 5. Text: HuBDIC Multipurpose Deodorizer │Air Ionizer with Negative Ion to Remove Odors in Refrigerator, Shoe Closet, Bathroom, Wardrobe, Car, and Pet Litters │ Portable Air Purifier and Cleaner (Pink)
19
₹4,821 (
₹4,82,100/100 g)
M.R.P:
₹7,821 (38% off)
FREE delivery 13 - 14 Aug
Add to cart expected [true] but found [false]
at amazonfilterapplicatione2e.AmazonTests.verifyingGetItIn2DaysFilterFunctionality(AmazonTests.java:120)
at java.base/java.util.concurrent.Executors$RunnableAdapter.call(Executors.java:545)
at java.base/java.util.concurrent.FutureTask.run(FutureTask.java:328)
at java.base/java.util.concurrent.ThreadPoolExecutor.runWorker(ThreadPoolExecutor.java:1095)
at java.base/java.util.concurrent.ThreadPoolExecutor$Worker.run(ThreadPoolExecutor.java:619)
at java.base/java.lang.Thread.run(Thread.java:1447)
... Removed 14 stack frames]]>
    </failure>
  </testcase> <!-- verifyingGetItIn2DaysFilterFunctionality -->
  <testcase classname="amazonfilterapplicatione2e.AmazonTests" name="verifyingGetItByTomorrowFilterFunctionality" time="9.748"/>
  <testcase classname="amazonfilterapplicatione2e.AmazonTests" name="verifyingGetItByTodayFilterFunctionality" time="9.881"/>
  <testcase classname="amazonfilterapplicatione2e.AmazonTests" name="verifyingGetItByTomorrowFilterFunctionality" time="9.646"/>
  <testcase classname="amazonfilterapplicatione2e.AmazonTests" name="verifyingTheBrandsFilterFunctionality" time="0.0">
    <failure type="org.testng.TestNGException" message="
Cannot inject @Test annotated Method [verifyingTheBrandsFilterFunctionality] with [class java.lang.String].
For more information on native dependency injection please refer to https://testng.org/#_dependency_injection">
      <![CDATA[org.testng.TestNGException: 
Cannot inject @Test annotated Method [verifyingTheBrandsFilterFunctionality] with [class java.lang.String].
For more information on native dependency injection please refer to https://testng.org/#_dependency_injection
at java.base/java.util.concurrent.Executors$RunnableAdapter.call(Executors.java:545)
at java.base/java.util.concurrent.FutureTask.run(FutureTask.java:328)
at java.base/java.util.concurrent.ThreadPoolExecutor.runWorker(ThreadPoolExecutor.java:1095)
at java.base/java.util.concurrent.ThreadPoolExecutor$Worker.run(ThreadPoolExecutor.java:619)
at java.base/java.lang.Thread.run(Thread.java:1447)
... Removed 12 stack frames]]>
    </failure>
  </testcase> <!-- verifyingTheBrandsFilterFunctionality -->
  <testcase classname="amazonfilterapplicatione2e.AmazonTests" name="verifyingGetItByTodayFilterFunctionality" time="8.038"/>
  <testcase classname="amazonfilterapplicatione2e.AmazonTests" name="verifyingGetItByTodayFilterFunctionality" time="9.465"/>
  <testcase classname="amazonfilterapplicatione2e.AmazonTests" name="verifyingGetItByTodayFilterFunctionality" time="8.089"/>
  <testcase classname="amazonfilterapplicatione2e.AmazonTests" name="verifyingGetItByTodayFilterFunctionality" time="8.631"/>
  <testcase classname="amazonfilterapplicatione2e.AmazonTests" name="verifyingDisplaySizeFilterFunctionality" time="0.0">
    <ignored/>
  </testcase> <!-- verifyingDisplaySizeFilterFunctionality -->
  <testcase classname="amazonfilterapplicatione2e.AmazonTests" name="verifyingProcessorSpeedFilterFunctionality" time="0.0">
    <ignored/>
  </testcase> <!-- verifyingProcessorSpeedFilterFunctionality -->
  <testcase classname="amazonfilterapplicatione2e.AmazonTests" name="verifyingDisplayTypeFilterFunctionality" time="0.0">
    <ignored/>
  </testcase> <!-- verifyingDisplayTypeFilterFunctionality -->
  <testcase classname="amazonfilterapplicatione2e.AmazonTests" name="verifyingDiscountFilterFunctionality" time="0.0">
    <ignored/>
  </testcase> <!-- verifyingDiscountFilterFunctionality -->
  <testcase classname="amazonfilterapplicatione2e.AmazonTests" name="verifyingBatteryCapacityFilterFunctionality" time="0.0">
    <ignored/>
  </testcase> <!-- verifyingBatteryCapacityFilterFunctionality -->
  <testcase classname="amazonfilterapplicatione2e.AmazonTests" name="verifyingStorageCapacityFilterFunctionality" time="0.0">
    <ignored/>
  </testcase> <!-- verifyingStorageCapacityFilterFunctionality -->
  <testcase classname="amazonfilterapplicatione2e.AmazonTests" name="verifyingPriceSilderFunctionality" time="0.0">
    <ignored/>
  </testcase> <!-- verifyingPriceSilderFunctionality -->
</testsuite> <!-- Test -->
