<?xml version="1.0" encoding="UTF-8"?>
<!-- Generated by org.testng.reporters.JUnitXMLReporter -->
<testsuite ignored="12" hostname="sagar" failures="1" tests="1" name="Test" time="66.167" errors="0" timestamp="2025-10-21T14:42:35 IST">
  <testcase classname="test.java.tests.AmazonTests" name="verifyingStorageCapacityFilterFunctionality" time="49.081">
    <failure type="java.lang.AssertionError" message="The following asserts failed:
	 filter &amp;apos;up to 3.9 gb&amp;apos; not found in product details.
-------------------------------------------------------------
 Title: micromax all-new x1i smart dual sim keypad phone | big 2.4&amp;quot; display |type c usb port | bright torch| wireless fm | auto call recording | blue |
 Key Features: brand micromax
operating system nucleus os
ram memory installed size 32 mb
cpu model snapdragon
memory storage capacity 32 mb
 About: about this item
6.1 cm(2.4&amp;quot;)screen
type c usb port
1200 mah battery with power saving mode
strong torch light
digital camera
› see more product details
 Tech Details: product information
technical details
os nucleus os
product dimensions 14.9 x 7.2 x 1 cm; 200 g
batteries 1 lithium ion batteries required. (included)
item model number x1i smart - blue
wireless communication technologies cellular
connectivity technologies bluetooth
gps false
special features digital camera, strong torch light, type c usb port, vibration mode, wireless fm radio
other display features wireless
device interface - primary keypad
resolution 720p
other camera features rear
audio jack 3.5 mm
form factor bar
colour blue
battery power rating 1200
whats in the box one each of transceiver, battery, charger, user manual
manufacturer shenzhen huitengda electronics technology company limited
country of origin china
item weight 200 g
additional information
asin b0ctkqykxk
customer reviews 3.3
46 ratings
3.3 out of 5 stars
best sellers rank
#845 in electronics (see top 100 in electronics)
#10 in basic mobiles
date first available 30 january 2024
manufacturer shenzhen huitengda electronics technology company limited, shenzhen huitengda electronics technology company limited
packer shenzhen huitengda electronics technology company limited
importer micromax informatics ltd, phase 2, nariana, delhi
item dimensions lxwxh 14.9 x 7.2 x 1 centimeters
net quantity 1 count
generic name basic keypad phone
feedback
would you like to tell us about a lower price?
-------------------------------------------------------------,
	 filter &amp;apos;4 gb&amp;apos; not found in product details.
-------------------------------------------------------------
 Title: jiophone prima 2 4g keypad phone with premium design, youtube, jiotv, jiohotstar, jiosaavn, jiopay(upi), video calling, led torch, digital cameras | luxe blue | locked for jionetwork
 Key Features: brand jio
operating system kaios 2.5.3
ram memory installed size 512 mb
cpu model snapdragon
cpu speed 1 ghz
 About: about this item
curved premium design
prime entertainement apps - youtube, jiotv, jiohotstar, jiosaavn, jionews
prime social connectivity - jiochat, facebook
prime connectivity - 4g connection
battery capacty 2000mah
device will work with jio sim card only.
› see more product details
 Tech Details: jiophone prima 2 4g keypad phone mobile phone information
technical details
os kaios 2.5.3
product dimensions 12.3 x 5.6 x 1.5 cm; 120 g
batteries 1 lithium ion batteries required. (included)
item model number jfp1ae
wireless communication technologies cellular
connectivity technologies bluetooth, usb, wi-fi
gps glonass
special features 2.4&amp;quot; screen size, 4g band - band 3,5,40, battery capacity - 2000mah, expandable memory - 128gb, nano sim, single, jiolocked
other display features wireless
device interface - primary keypad
resolution 720p
other camera features front, rear
audio jack 3.5 mm
form factor bar
colour luxe blue
battery power rating 2000
whats in the box handset, power adapter, battery pack, qsg, warranty card
manufacturer united telelinks neolyncs private limited
country of origin india
item weight 120 g
additional information
asin b0dc71y7ml
customer reviews 3.4
1,387 ratings
3.4 out of 5 stars
best sellers rank
#513 in electronics (see top 100 in electronics)
#6 in basic mobiles
date first available 9 september 2024
manufacturer united telelinks neolyncs private liimted, survey nos 228, 229 and 230, it park, kurukalva village, renigunta manda, chittoor, andhra ppradesh - 517520, united telelinks neolyncs private limited
packer united telelinks neolyncs private liimted, survey nos 228, 229 and 230, it park, kurukalva village, renigunta manda, chittoor, andhra ppradesh - 517520
importer united telelinks neolyncs private liimted, survey nos 228, 229 and 230, it park, kurukalva village, renigunta manda, chittoor, andhra ppradesh - 517520
item dimensions lxwxh 12.3 x 5.6 x 1.5 centimeters
net quantity 1 count
generic name mobile phone
feedback
would you like to tell us about a lower price?
-------------------------------------------------------------">
      <![CDATA[java.lang.AssertionError: The following asserts failed:
 filter 'up to 3.9 gb' not found in product details.
-------------------------------------------------------------
 Title: micromax all-new x1i smart dual sim keypad phone | big 2.4" display |type c usb port | bright torch| wireless fm | auto call recording | blue |
 Key Features: brand micromax
operating system nucleus os
ram memory installed size 32 mb
cpu model snapdragon
memory storage capacity 32 mb
 About: about this item
6.1 cm(2.4")screen
type c usb port
1200 mah battery with power saving mode
strong torch light
digital camera
› see more product details
 Tech Details: product information
technical details
os nucleus os
product dimensions 14.9 x 7.2 x 1 cm; 200 g
batteries 1 lithium ion batteries required. (included)
item model number x1i smart - blue
wireless communication technologies cellular
connectivity technologies bluetooth
gps false
special features digital camera, strong torch light, type c usb port, vibration mode, wireless fm radio
other display features wireless
device interface - primary keypad
resolution 720p
other camera features rear
audio jack 3.5 mm
form factor bar
colour blue
battery power rating 1200
whats in the box one each of transceiver, battery, charger, user manual
manufacturer shenzhen huitengda electronics technology company limited
country of origin china
item weight 200 g
additional information
asin b0ctkqykxk
customer reviews 3.3
46 ratings
3.3 out of 5 stars
best sellers rank
#845 in electronics (see top 100 in electronics)
#10 in basic mobiles
date first available 30 january 2024
manufacturer shenzhen huitengda electronics technology company limited, shenzhen huitengda electronics technology company limited
packer shenzhen huitengda electronics technology company limited
importer micromax informatics ltd, phase 2, nariana, delhi
item dimensions lxwxh 14.9 x 7.2 x 1 centimeters
net quantity 1 count
generic name basic keypad phone
feedback
would you like to tell us about a lower price?
-------------------------------------------------------------,
 filter '4 gb' not found in product details.
-------------------------------------------------------------
 Title: jiophone prima 2 4g keypad phone with premium design, youtube, jiotv, jiohotstar, jiosaavn, jiopay(upi), video calling, led torch, digital cameras | luxe blue | locked for jionetwork
 Key Features: brand jio
operating system kaios 2.5.3
ram memory installed size 512 mb
cpu model snapdragon
cpu speed 1 ghz
 About: about this item
curved premium design
prime entertainement apps - youtube, jiotv, jiohotstar, jiosaavn, jionews
prime social connectivity - jiochat, facebook
prime connectivity - 4g connection
battery capacty 2000mah
device will work with jio sim card only.
› see more product details
 Tech Details: jiophone prima 2 4g keypad phone mobile phone information
technical details
os kaios 2.5.3
product dimensions 12.3 x 5.6 x 1.5 cm; 120 g
batteries 1 lithium ion batteries required. (included)
item model number jfp1ae
wireless communication technologies cellular
connectivity technologies bluetooth, usb, wi-fi
gps glonass
special features 2.4" screen size, 4g band - band 3,5,40, battery capacity - 2000mah, expandable memory - 128gb, nano sim, single, jiolocked
other display features wireless
device interface - primary keypad
resolution 720p
other camera features front, rear
audio jack 3.5 mm
form factor bar
colour luxe blue
battery power rating 2000
whats in the box handset, power adapter, battery pack, qsg, warranty card
manufacturer united telelinks neolyncs private limited
country of origin india
item weight 120 g
additional information
asin b0dc71y7ml
customer reviews 3.4
1,387 ratings
3.4 out of 5 stars
best sellers rank
#513 in electronics (see top 100 in electronics)
#6 in basic mobiles
date first available 9 september 2024
manufacturer united telelinks neolyncs private liimted, survey nos 228, 229 and 230, it park, kurukalva village, renigunta manda, chittoor, andhra ppradesh - 517520, united telelinks neolyncs private limited
packer united telelinks neolyncs private liimted, survey nos 228, 229 and 230, it park, kurukalva village, renigunta manda, chittoor, andhra ppradesh - 517520
importer united telelinks neolyncs private liimted, survey nos 228, 229 and 230, it park, kurukalva village, renigunta manda, chittoor, andhra ppradesh - 517520
item dimensions lxwxh 12.3 x 5.6 x 1.5 centimeters
net quantity 1 count
generic name mobile phone
feedback
would you like to tell us about a lower price?
-------------------------------------------------------------
at test.java.tests.AmazonTests.verifyingStorageCapacityFilterFunctionality(AmazonTests.java:293)
at java.base/java.util.concurrent.ThreadPoolExecutor.runWorker(ThreadPoolExecutor.java:1144)
at java.base/java.util.concurrent.ThreadPoolExecutor$Worker.run(ThreadPoolExecutor.java:642)
at java.base/java.lang.Thread.run(Thread.java:1583)
... Removed 12 stack frames]]>
    </failure>
  </testcase> <!-- verifyingStorageCapacityFilterFunctionality -->
  <testcase classname="test.java.tests.AmazonTests" name="verifyingProcessorSpeedFilterFunctionality" time="0.0">
    <ignored/>
  </testcase> <!-- verifyingProcessorSpeedFilterFunctionality -->
  <testcase classname="test.java.tests.AmazonTests" name="verifyingGetItIn2DaysFilterFunctionality" time="0.0">
    <ignored/>
  </testcase> <!-- verifyingGetItIn2DaysFilterFunctionality -->
  <testcase classname="test.java.tests.AmazonTests" name="verifyingGetItByTomorrowFilterFunctionality" time="0.0">
    <ignored/>
  </testcase> <!-- verifyingGetItByTomorrowFilterFunctionality -->
  <testcase classname="test.java.tests.AmazonTests" name="verifyingOperatingSystemVersionFilterFunctionality" time="0.0">
    <ignored/>
  </testcase> <!-- verifyingOperatingSystemVersionFilterFunctionality -->
  <testcase classname="test.java.tests.AmazonTests" name="verifyingDisplaySizeFilterFunctionality" time="0.0">
    <ignored/>
  </testcase> <!-- verifyingDisplaySizeFilterFunctionality -->
  <testcase classname="test.java.tests.AmazonTests" name="verifyingGetItByTodayFilterFunctionality" time="0.0">
    <ignored/>
  </testcase> <!-- verifyingGetItByTodayFilterFunctionality -->
  <testcase classname="test.java.tests.AmazonTests" name="verifyingMobilePhonePrimaryCameraResolutionFilterFunctionality" time="0.0">
    <ignored/>
  </testcase> <!-- verifyingMobilePhonePrimaryCameraResolutionFilterFunctionality -->
  <testcase classname="test.java.tests.AmazonTests" name="verifyingTheBrandsFilterFunctionality" time="0.0">
    <ignored/>
  </testcase> <!-- verifyingTheBrandsFilterFunctionality -->
  <testcase classname="test.java.tests.AmazonTests" name="verifyingPriceSilderFunctionality" time="0.0">
    <ignored/>
  </testcase> <!-- verifyingPriceSilderFunctionality -->
  <testcase classname="test.java.tests.AmazonTests" name="verifyingDisplayTypeFilterFunctionality" time="0.0">
    <ignored/>
  </testcase> <!-- verifyingDisplayTypeFilterFunctionality -->
  <testcase classname="test.java.tests.AmazonTests" name="verifyingDiscountFilterFunctionality" time="0.0">
    <ignored/>
  </testcase> <!-- verifyingDiscountFilterFunctionality -->
  <testcase classname="test.java.tests.AmazonTests" name="verifyingBatteryCapacityFilterFunctionality" time="0.0">
    <ignored/>
  </testcase> <!-- verifyingBatteryCapacityFilterFunctionality -->
</testsuite> <!-- Test -->
