<?xml version="1.0" encoding="UTF-8"?>
<!-- Generated by org.testng.reporters.JUnitXMLReporter -->
<testsuite ignored="7" hostname="sagar" failures="8" tests="16" name="Test" time="100.91" errors="0" timestamp="2025-07-27T23:25:39 IST">
  <testcase classname="amazonfilterapplicatione2e.AmazonTests" name="verifyingGetItIn2DaysFilterFunctionality" time="10.936">
    <failure type="java.lang.AssertionError" message="❌ Delivery date mismatch at index 9. Text: GOTEO Mobile Phone Waist Belt Pouch Leather Holster for Men Compatible with iPhone, Samsung Galaxy and up to 6.8&amp;quot; Mobile for Travel Outdoor Sports Hiking Cycling Office Business
4
₹495 (
₹49,500/100 g)
M.R.P:
₹999 (50% off)
Add to cart expected [true] but found [false]">
      <![CDATA[java.lang.AssertionError: ❌ Delivery date mismatch at index 9. Text: GOTEO Mobile Phone Waist Belt Pouch Leather Holster for Men Compatible with iPhone, Samsung Galaxy and up to 6.8" Mobile for Travel Outdoor Sports Hiking Cycling Office Business
4
₹495 (
₹49,500/100 g)
M.R.P:
₹999 (50% off)
Add to cart expected [true] but found [false]
at amazonfilterapplicatione2e.AmazonTests.verifyingGetItIn2DaysFilterFunctionality(AmazonTests.java:120)
at java.base/java.util.concurrent.ThreadPoolExecutor.runWorker(ThreadPoolExecutor.java:1095)
at java.base/java.util.concurrent.ThreadPoolExecutor$Worker.run(ThreadPoolExecutor.java:619)
at java.base/java.lang.Thread.run(Thread.java:1447)
... Removed 13 stack frames]]>
    </failure>
  </testcase> <!-- verifyingGetItIn2DaysFilterFunctionality -->
  <testcase classname="amazonfilterapplicatione2e.AmazonTests" name="verifyingGetItByTomorrowFilterFunctionality" time="14.019">
    <failure type="java.lang.AssertionError" message="❌ Delivery date mismatch at index 9. Text: FKU F12 Screen Magnifier for Cell Phone with Bluetooth Speaker, Foldable Phone Stand Holder, Compatible with All Smartphones
15
₹1,881
M.R.P:
₹3,999 (53% off)
Save 3% with coupon
Add to cart
+1 other color/pattern expected [true] but found [false]">
      <![CDATA[java.lang.AssertionError: ❌ Delivery date mismatch at index 9. Text: FKU F12 Screen Magnifier for Cell Phone with Bluetooth Speaker, Foldable Phone Stand Holder, Compatible with All Smartphones
15
₹1,881
M.R.P:
₹3,999 (53% off)
Save 3% with coupon
Add to cart
+1 other color/pattern expected [true] but found [false]
at amazonfilterapplicatione2e.AmazonTests.verifyingGetItByTomorrowFilterFunctionality(AmazonTests.java:85)
at java.base/java.util.concurrent.ThreadPoolExecutor.runWorker(ThreadPoolExecutor.java:1095)
at java.base/java.util.concurrent.ThreadPoolExecutor$Worker.run(ThreadPoolExecutor.java:619)
at java.base/java.lang.Thread.run(Thread.java:1447)
... Removed 13 stack frames]]>
    </failure>
  </testcase> <!-- verifyingGetItByTomorrowFilterFunctionality -->
  <testcase classname="amazonfilterapplicatione2e.AmazonTests" name="verifyingGetItIn2DaysFilterFunctionality" time="9.515">
    <failure type="java.lang.AssertionError" message="❌ Delivery date mismatch at index 0. Text: WoodMarwar Solid Sheesham Wood Entertainment Tv Unit for Living Room | Free Standing Media Console Movable Tv Cabinet Sideboard | Tv Table Side Board with 4 Door Cabinet &amp;amp; 1 Flap Door Storage | Walnut
16
₹23,499
M.R.P:
₹57,598 (59% off)
No Cost EMI available on select cards.
FREE delivery 9 - 11 Aug
Add to cart
+5 expected [true] but found [false]">
      <![CDATA[java.lang.AssertionError: ❌ Delivery date mismatch at index 0. Text: WoodMarwar Solid Sheesham Wood Entertainment Tv Unit for Living Room | Free Standing Media Console Movable Tv Cabinet Sideboard | Tv Table Side Board with 4 Door Cabinet & 1 Flap Door Storage | Walnut
16
₹23,499
M.R.P:
₹57,598 (59% off)
No Cost EMI available on select cards.
FREE delivery 9 - 11 Aug
Add to cart
+5 expected [true] but found [false]
at amazonfilterapplicatione2e.AmazonTests.verifyingGetItIn2DaysFilterFunctionality(AmazonTests.java:120)
at java.base/java.util.concurrent.ThreadPoolExecutor.runWorker(ThreadPoolExecutor.java:1095)
at java.base/java.util.concurrent.ThreadPoolExecutor$Worker.run(ThreadPoolExecutor.java:619)
at java.base/java.lang.Thread.run(Thread.java:1447)
... Removed 13 stack frames]]>
    </failure>
  </testcase> <!-- verifyingGetItIn2DaysFilterFunctionality -->
  <testcase classname="amazonfilterapplicatione2e.AmazonTests" name="verifyingGetItByTomorrowFilterFunctionality" time="12.614">
    <failure type="java.lang.AssertionError" message="❌ Delivery date mismatch at index 0. Text: WoodMarwar Solid Sheesham Wood Entertainment Tv Unit for Living Room | Free Standing Media Console Movable Tv Cabinet Sideboard | Tv Table Side Board with 4 Door Cabinet &amp;amp; 1 Flap Door Storage | Walnut
16
₹23,499
M.R.P:
₹57,598 (59% off)
No Cost EMI available on select cards.
FREE delivery 9 - 11 Aug
Add to cart
+5 expected [true] but found [false]">
      <![CDATA[java.lang.AssertionError: ❌ Delivery date mismatch at index 0. Text: WoodMarwar Solid Sheesham Wood Entertainment Tv Unit for Living Room | Free Standing Media Console Movable Tv Cabinet Sideboard | Tv Table Side Board with 4 Door Cabinet & 1 Flap Door Storage | Walnut
16
₹23,499
M.R.P:
₹57,598 (59% off)
No Cost EMI available on select cards.
FREE delivery 9 - 11 Aug
Add to cart
+5 expected [true] but found [false]
at amazonfilterapplicatione2e.AmazonTests.verifyingGetItByTomorrowFilterFunctionality(AmazonTests.java:85)
at java.base/java.util.concurrent.ThreadPoolExecutor.runWorker(ThreadPoolExecutor.java:1095)
at java.base/java.util.concurrent.ThreadPoolExecutor$Worker.run(ThreadPoolExecutor.java:619)
at java.base/java.lang.Thread.run(Thread.java:1447)
... Removed 13 stack frames]]>
    </failure>
  </testcase> <!-- verifyingGetItByTomorrowFilterFunctionality -->
  <testcase classname="amazonfilterapplicatione2e.AmazonTests" name="verifyingGetItIn2DaysFilterFunctionality" time="8.681">
    <failure type="java.lang.AssertionError" message="❌ Delivery date mismatch at index 1. Text: YCWZZH Replacement USB-C Fast Charger Charging Cable Wire for Bose SoundLink Flex, Bose Soundlink Mini II Special Edition, Bose Portable Smart Portable Speakers Power Charger Cord (5FT Black)
3
₹580
M.R.P:
₹1,299 (55% off)
Add to cart expected [true] but found [false]">
      <![CDATA[java.lang.AssertionError: ❌ Delivery date mismatch at index 1. Text: YCWZZH Replacement USB-C Fast Charger Charging Cable Wire for Bose SoundLink Flex, Bose Soundlink Mini II Special Edition, Bose Portable Smart Portable Speakers Power Charger Cord (5FT Black)
3
₹580
M.R.P:
₹1,299 (55% off)
Add to cart expected [true] but found [false]
at amazonfilterapplicatione2e.AmazonTests.verifyingGetItIn2DaysFilterFunctionality(AmazonTests.java:120)
at java.base/java.util.concurrent.ThreadPoolExecutor.runWorker(ThreadPoolExecutor.java:1095)
at java.base/java.util.concurrent.ThreadPoolExecutor$Worker.run(ThreadPoolExecutor.java:619)
at java.base/java.lang.Thread.run(Thread.java:1447)
... Removed 13 stack frames]]>
    </failure>
  </testcase> <!-- verifyingGetItIn2DaysFilterFunctionality -->
  <testcase classname="amazonfilterapplicatione2e.AmazonTests" name="verifyingGetItIn2DaysFilterFunctionality" time="4.659"/>
  <testcase classname="amazonfilterapplicatione2e.AmazonTests" name="verifyingGetItByTomorrowFilterFunctionality" time="13.129">
    <failure type="java.lang.AssertionError" message="❌ Delivery date mismatch at index 12. Text: URAYCO Wooden Digital Alarm Clock with Fast Wireless Charger, Dual USB Charging Ports, DST, Dimmable, Snooze, RGB Large Number Display LED Clock for Bedrooms, Living Room, Desk, Table, Bedside(Brown)
176
₹6,503
M.R.P:
₹9,503 (32% off)
FREE delivery 12 - 13 Aug
Add to cart expected [true] but found [false]">
      <![CDATA[java.lang.AssertionError: ❌ Delivery date mismatch at index 12. Text: URAYCO Wooden Digital Alarm Clock with Fast Wireless Charger, Dual USB Charging Ports, DST, Dimmable, Snooze, RGB Large Number Display LED Clock for Bedrooms, Living Room, Desk, Table, Bedside(Brown)
176
₹6,503
M.R.P:
₹9,503 (32% off)
FREE delivery 12 - 13 Aug
Add to cart expected [true] but found [false]
at amazonfilterapplicatione2e.AmazonTests.verifyingGetItByTomorrowFilterFunctionality(AmazonTests.java:85)
at java.base/java.util.concurrent.ThreadPoolExecutor.runWorker(ThreadPoolExecutor.java:1095)
at java.base/java.util.concurrent.ThreadPoolExecutor$Worker.run(ThreadPoolExecutor.java:619)
at java.base/java.lang.Thread.run(Thread.java:1447)
... Removed 13 stack frames]]>
    </failure>
  </testcase> <!-- verifyingGetItByTomorrowFilterFunctionality -->
  <testcase classname="amazonfilterapplicatione2e.AmazonTests" name="verifyingGetItIn2DaysFilterFunctionality" time="8.478">
    <failure type="java.lang.AssertionError" message="❌ Delivery date mismatch at index 0. Text: Western Deep Freezer WHF D350H225GA with 4 year comprehensive warranty
4
₹23,175
M.R.P:
₹36,599 (37% off)
No Cost EMI available on select cards.
Delivery 1 - 5 Aug
Only 2 left in stock.
Add to cart expected [true] but found [false]">
      <![CDATA[java.lang.AssertionError: ❌ Delivery date mismatch at index 0. Text: Western Deep Freezer WHF D350H225GA with 4 year comprehensive warranty
4
₹23,175
M.R.P:
₹36,599 (37% off)
No Cost EMI available on select cards.
Delivery 1 - 5 Aug
Only 2 left in stock.
Add to cart expected [true] but found [false]
at amazonfilterapplicatione2e.AmazonTests.verifyingGetItIn2DaysFilterFunctionality(AmazonTests.java:120)
at java.base/java.util.concurrent.ThreadPoolExecutor.runWorker(ThreadPoolExecutor.java:1095)
at java.base/java.util.concurrent.ThreadPoolExecutor$Worker.run(ThreadPoolExecutor.java:619)
at java.base/java.lang.Thread.run(Thread.java:1447)
... Removed 13 stack frames]]>
    </failure>
  </testcase> <!-- verifyingGetItIn2DaysFilterFunctionality -->
  <testcase classname="amazonfilterapplicatione2e.AmazonTests" name="verifyingGetItByTomorrowFilterFunctionality" time="8.503"/>
  <testcase classname="amazonfilterapplicatione2e.AmazonTests" name="verifyingGetItByTodayFilterFunctionality" time="8.121"/>
  <testcase classname="amazonfilterapplicatione2e.AmazonTests" name="verifyingGetItByTomorrowFilterFunctionality" time="8.087"/>
  <testcase classname="amazonfilterapplicatione2e.AmazonTests" name="verifyingTheBrandsFilterFunctionality" time="0.0">
    <failure type="org.testng.TestNGException" message="
Cannot inject @Test annotated Method [verifyingTheBrandsFilterFunctionality] with [class java.lang.String].
For more information on native dependency injection please refer to https://testng.org/doc/documentation-main.html#native-dependency-injection">
      <![CDATA[org.testng.TestNGException: 
Cannot inject @Test annotated Method [verifyingTheBrandsFilterFunctionality] with [class java.lang.String].
For more information on native dependency injection please refer to https://testng.org/doc/documentation-main.html#native-dependency-injection
at java.base/java.util.concurrent.ThreadPoolExecutor.runWorker(ThreadPoolExecutor.java:1095)
at java.base/java.util.concurrent.ThreadPoolExecutor$Worker.run(ThreadPoolExecutor.java:619)
at java.base/java.lang.Thread.run(Thread.java:1447)
... Removed 11 stack frames]]>
    </failure>
  </testcase> <!-- verifyingTheBrandsFilterFunctionality -->
  <testcase classname="amazonfilterapplicatione2e.AmazonTests" name="verifyingGetItByTodayFilterFunctionality" time="7.601"/>
  <testcase classname="amazonfilterapplicatione2e.AmazonTests" name="verifyingGetItByTodayFilterFunctionality" time="7.212"/>
  <testcase classname="amazonfilterapplicatione2e.AmazonTests" name="verifyingGetItByTodayFilterFunctionality" time="7.404"/>
  <testcase classname="amazonfilterapplicatione2e.AmazonTests" name="verifyingGetItByTodayFilterFunctionality" time="8.44"/>
  <testcase classname="amazonfilterapplicatione2e.AmazonTests" name="verifyingDiscountFilterFunctionality" time="0.0">
    <ignored/>
  </testcase> <!-- verifyingDiscountFilterFunctionality -->
  <testcase classname="amazonfilterapplicatione2e.AmazonTests" name="verifyingBatteryCapacityFilterFunctionality" time="0.0">
    <ignored/>
  </testcase> <!-- verifyingBatteryCapacityFilterFunctionality -->
  <testcase classname="amazonfilterapplicatione2e.AmazonTests" name="verifyingProcessorSpeedFilterFunctionality" time="0.0">
    <ignored/>
  </testcase> <!-- verifyingProcessorSpeedFilterFunctionality -->
  <testcase classname="amazonfilterapplicatione2e.AmazonTests" name="verifyingDisplaySizeFilterFunctionality" time="0.0">
    <ignored/>
  </testcase> <!-- verifyingDisplaySizeFilterFunctionality -->
  <testcase classname="amazonfilterapplicatione2e.AmazonTests" name="verifyingPriceSilderFunctionality" time="0.0">
    <ignored/>
  </testcase> <!-- verifyingPriceSilderFunctionality -->
  <testcase classname="amazonfilterapplicatione2e.AmazonTests" name="verifyingDisplayTypeFilterFunctionality" time="0.0">
    <ignored/>
  </testcase> <!-- verifyingDisplayTypeFilterFunctionality -->
  <testcase classname="amazonfilterapplicatione2e.AmazonTests" name="verifyingStorageCapacityFilterFunctionality" time="0.0">
    <ignored/>
  </testcase> <!-- verifyingStorageCapacityFilterFunctionality -->
</testsuite> <!-- Test -->
