<?xml version="1.0" encoding="UTF-8"?>
<!-- Generated by org.testng.reporters.JUnitXMLReporter -->
<testsuite ignored="11" hostname="sagar" failures="2" tests="2" name="Test" time="944.665" errors="0" timestamp="2025-09-05T23:08:22 IST">
  <testcase classname="amazonfilterapplicatione2e.AmazonTests" name="verifyingDiscountFilterFunctionality" time="53.189">
    <failure type="java.lang.AssertionError" message="The following asserts failed:
	 filter &amp;apos;10% off or more&amp;apos; not found in product details.
-------------------------------------------------------------
 Title: lava bold n1 pro (stealth black, 4 gb ram, 128 gb storage)| bigger 6.67&amp;quot; hd+ ip54 display | 120 hz refresh rate | 50 mp ai triple rear camera | 8 mp front camera| 5000 mah battery| charger in box
 Key Features: brand lava
operating system android 14
ram memory installed size 4 gb
cpu model others
cpu speed 2.4 ghz
 About: about this item
capture stunning photos with a 50mp ai triple camera for detailed, vibrant shots, and an 8mp selfie camera for clear, enhanced self-portraits. perfect for wide-angle, portrait, and low-light photography.
enjoy seamless multitasking with 4gb ram and 4gb expandable ram, ensuring smooth performance. with up to 128 gb storage, store more apps, photos, and videos without compromising speed or efficiency.
experience lag-free gaming and smooth performance with the powerful octa-core processor. enjoy faster speeds and responsive graphics, ensuring an immersive and uninterrupted gaming and app experience.
enjoy vibrant visuals on the 6.67&amp;quot; hd+ display with ip54 rating (dust &amp;amp; water resistant), offering ultra-clear resolution and stunning colors. perfect for watching videos, gaming, and browsing with crisp detail and enhanced viewing clarity.
clean android (no bloatware, no ads) | in-display fingerprint sensor
› see more product details
 Tech Details: lava bold n1 pro mobile phone information
technical details
os android 14
product dimensions 16.58 x 7.72 x 0.83 cm; 202 g
batteries 1 lithium polymer batteries required. (included)
item model number lava bold n1 pro
connectivity technologies bluetooth, usb, wi-fi
gps true
special features dual sim, expandable memory, fast charging support, mobile hotspot capability, water resistant
other display features wireless
device interface - primary touchscreen
resolution 720 x 1600
other camera features front, rear
audio jack usb-c to 3.5mm connector
form factor bar
colour stealth black
battery power rating 5000 milliamp hours
phone talk time 45 hours
whats in the box phone case, power adapter,usb cable,sim tray ejector pin,phone case,usb-c to 3.5mm connector, sim tray ejector, usb cable, usb-c to 3.5mm connector
manufacturer lava
country of origin india
item weight 202 g
additional information
asin b0f1z259nf
customer reviews 4.0
610 ratings
4.0 out of 5 stars
best sellers rank
#204 in electronics (see top 100 in electronics)
#26 in smartphones
date first available 2 june 2025
manufacturer lava, lava international ltd.
packer lava international
importer lava international
item dimensions lxwxh 16.6 x 7.7 x 0.8 centimeters
net quantity 1 count
generic name smartphone
feedback
would you like to tell us about a lower price?
-------------------------------------------------------------">
      <![CDATA[java.lang.AssertionError: The following asserts failed:
 filter '10% off or more' not found in product details.
-------------------------------------------------------------
 Title: lava bold n1 pro (stealth black, 4 gb ram, 128 gb storage)| bigger 6.67" hd+ ip54 display | 120 hz refresh rate | 50 mp ai triple rear camera | 8 mp front camera| 5000 mah battery| charger in box
 Key Features: brand lava
operating system android 14
ram memory installed size 4 gb
cpu model others
cpu speed 2.4 ghz
 About: about this item
capture stunning photos with a 50mp ai triple camera for detailed, vibrant shots, and an 8mp selfie camera for clear, enhanced self-portraits. perfect for wide-angle, portrait, and low-light photography.
enjoy seamless multitasking with 4gb ram and 4gb expandable ram, ensuring smooth performance. with up to 128 gb storage, store more apps, photos, and videos without compromising speed or efficiency.
experience lag-free gaming and smooth performance with the powerful octa-core processor. enjoy faster speeds and responsive graphics, ensuring an immersive and uninterrupted gaming and app experience.
enjoy vibrant visuals on the 6.67" hd+ display with ip54 rating (dust & water resistant), offering ultra-clear resolution and stunning colors. perfect for watching videos, gaming, and browsing with crisp detail and enhanced viewing clarity.
clean android (no bloatware, no ads) | in-display fingerprint sensor
› see more product details
 Tech Details: lava bold n1 pro mobile phone information
technical details
os android 14
product dimensions 16.58 x 7.72 x 0.83 cm; 202 g
batteries 1 lithium polymer batteries required. (included)
item model number lava bold n1 pro
connectivity technologies bluetooth, usb, wi-fi
gps true
special features dual sim, expandable memory, fast charging support, mobile hotspot capability, water resistant
other display features wireless
device interface - primary touchscreen
resolution 720 x 1600
other camera features front, rear
audio jack usb-c to 3.5mm connector
form factor bar
colour stealth black
battery power rating 5000 milliamp hours
phone talk time 45 hours
whats in the box phone case, power adapter,usb cable,sim tray ejector pin,phone case,usb-c to 3.5mm connector, sim tray ejector, usb cable, usb-c to 3.5mm connector
manufacturer lava
country of origin india
item weight 202 g
additional information
asin b0f1z259nf
customer reviews 4.0
610 ratings
4.0 out of 5 stars
best sellers rank
#204 in electronics (see top 100 in electronics)
#26 in smartphones
date first available 2 june 2025
manufacturer lava, lava international ltd.
packer lava international
importer lava international
item dimensions lxwxh 16.6 x 7.7 x 0.8 centimeters
net quantity 1 count
generic name smartphone
feedback
would you like to tell us about a lower price?
-------------------------------------------------------------
at amazonfilterapplicatione2e.AmazonTests.verifyingDiscountFilterFunctionality(AmazonTests.java:788)
at java.base/java.util.concurrent.ThreadPoolExecutor.runWorker(ThreadPoolExecutor.java:1144)
at java.base/java.util.concurrent.ThreadPoolExecutor$Worker.run(ThreadPoolExecutor.java:642)
at java.base/java.lang.Thread.run(Thread.java:1583)
... Removed 12 stack frames]]>
    </failure>
  </testcase> <!-- verifyingDiscountFilterFunctionality -->
  <testcase classname="amazonfilterapplicatione2e.AmazonTests" name="verifyingOperatingSystemVersionFilterFunctionality" time="912.209">
    <failure type="java.lang.AssertionError" message="The following asserts failed:
	 filter &amp;apos;android 11.0&amp;apos; not found in product details.
-------------------------------------------------------------
 Title: lava bold n1 pro (stealth black, 4 gb ram, 128 gb storage)| bigger 6.67&amp;quot; hd+ ip54 display | 120 hz refresh rate | 50 mp ai triple rear camera | 8 mp front camera| 5000 mah battery| charger in box
 Key Features: brand lava
operating system android 14
ram memory installed size 4 gb
cpu model others
cpu speed 2.4 ghz
 About: about this item
capture stunning photos with a 50mp ai triple camera for detailed, vibrant shots, and an 8mp selfie camera for clear, enhanced self-portraits. perfect for wide-angle, portrait, and low-light photography.
enjoy seamless multitasking with 4gb ram and 4gb expandable ram, ensuring smooth performance. with up to 128 gb storage, store more apps, photos, and videos without compromising speed or efficiency.
experience lag-free gaming and smooth performance with the powerful octa-core processor. enjoy faster speeds and responsive graphics, ensuring an immersive and uninterrupted gaming and app experience.
enjoy vibrant visuals on the 6.67&amp;quot; hd+ display with ip54 rating (dust &amp;amp; water resistant), offering ultra-clear resolution and stunning colors. perfect for watching videos, gaming, and browsing with crisp detail and enhanced viewing clarity.
clean android (no bloatware, no ads) | in-display fingerprint sensor
› see more product details
 Tech Details: lava bold n1 pro mobile phone information
technical details
os android 14
product dimensions 16.58 x 7.72 x 0.83 cm; 202 g
batteries 1 lithium polymer batteries required. (included)
item model number lava bold n1 pro
connectivity technologies bluetooth, usb, wi-fi
gps true
special features dual sim, expandable memory, fast charging support, mobile hotspot capability, water resistant
other display features wireless
device interface - primary touchscreen
resolution 720 x 1600
other camera features front, rear
audio jack usb-c to 3.5mm connector
form factor bar
colour stealth black
battery power rating 5000 milliamp hours
phone talk time 45 hours
whats in the box phone case, power adapter,usb cable,sim tray ejector pin,phone case,usb-c to 3.5mm connector, sim tray ejector, usb cable, usb-c to 3.5mm connector
manufacturer lava
country of origin india
item weight 202 g
additional information
asin b0f1z259nf
customer reviews 4.0
610 ratings
4.0 out of 5 stars
best sellers rank
#204 in electronics (see top 100 in electronics)
#26 in smartphones
date first available 2 june 2025
manufacturer lava, lava international ltd.
packer lava international
importer lava international
item dimensions lxwxh 16.6 x 7.7 x 0.8 centimeters
net quantity 1 count
generic name smartphone
feedback
would you like to tell us about a lower price?
-------------------------------------------------------------">
      <![CDATA[java.lang.AssertionError: The following asserts failed:
 filter 'android 11.0' not found in product details.
-------------------------------------------------------------
 Title: lava bold n1 pro (stealth black, 4 gb ram, 128 gb storage)| bigger 6.67" hd+ ip54 display | 120 hz refresh rate | 50 mp ai triple rear camera | 8 mp front camera| 5000 mah battery| charger in box
 Key Features: brand lava
operating system android 14
ram memory installed size 4 gb
cpu model others
cpu speed 2.4 ghz
 About: about this item
capture stunning photos with a 50mp ai triple camera for detailed, vibrant shots, and an 8mp selfie camera for clear, enhanced self-portraits. perfect for wide-angle, portrait, and low-light photography.
enjoy seamless multitasking with 4gb ram and 4gb expandable ram, ensuring smooth performance. with up to 128 gb storage, store more apps, photos, and videos without compromising speed or efficiency.
experience lag-free gaming and smooth performance with the powerful octa-core processor. enjoy faster speeds and responsive graphics, ensuring an immersive and uninterrupted gaming and app experience.
enjoy vibrant visuals on the 6.67" hd+ display with ip54 rating (dust & water resistant), offering ultra-clear resolution and stunning colors. perfect for watching videos, gaming, and browsing with crisp detail and enhanced viewing clarity.
clean android (no bloatware, no ads) | in-display fingerprint sensor
› see more product details
 Tech Details: lava bold n1 pro mobile phone information
technical details
os android 14
product dimensions 16.58 x 7.72 x 0.83 cm; 202 g
batteries 1 lithium polymer batteries required. (included)
item model number lava bold n1 pro
connectivity technologies bluetooth, usb, wi-fi
gps true
special features dual sim, expandable memory, fast charging support, mobile hotspot capability, water resistant
other display features wireless
device interface - primary touchscreen
resolution 720 x 1600
other camera features front, rear
audio jack usb-c to 3.5mm connector
form factor bar
colour stealth black
battery power rating 5000 milliamp hours
phone talk time 45 hours
whats in the box phone case, power adapter,usb cable,sim tray ejector pin,phone case,usb-c to 3.5mm connector, sim tray ejector, usb cable, usb-c to 3.5mm connector
manufacturer lava
country of origin india
item weight 202 g
additional information
asin b0f1z259nf
customer reviews 4.0
610 ratings
4.0 out of 5 stars
best sellers rank
#204 in electronics (see top 100 in electronics)
#26 in smartphones
date first available 2 june 2025
manufacturer lava, lava international ltd.
packer lava international
importer lava international
item dimensions lxwxh 16.6 x 7.7 x 0.8 centimeters
net quantity 1 count
generic name smartphone
feedback
would you like to tell us about a lower price?
-------------------------------------------------------------
at amazonfilterapplicatione2e.AmazonTests.verifyingOperatingSystemVersionFilterFunctionality(AmazonTests.java:659)
at java.base/java.util.concurrent.ThreadPoolExecutor.runWorker(ThreadPoolExecutor.java:1144)
at java.base/java.util.concurrent.ThreadPoolExecutor$Worker.run(ThreadPoolExecutor.java:642)
at java.base/java.lang.Thread.run(Thread.java:1583)
... Removed 12 stack frames]]>
    </failure>
  </testcase> <!-- verifyingOperatingSystemVersionFilterFunctionality -->
  <testcase classname="amazonfilterapplicatione2e.AmazonTests" name="verifyingMobilePhonePrimaryCameraResolutionFilterFunctionality" time="0.0">
    <ignored/>
  </testcase> <!-- verifyingMobilePhonePrimaryCameraResolutionFilterFunctionality -->
  <testcase classname="amazonfilterapplicatione2e.AmazonTests" name="verifyingBatteryCapacityFilterFunctionality" time="0.0">
    <ignored/>
  </testcase> <!-- verifyingBatteryCapacityFilterFunctionality -->
  <testcase classname="amazonfilterapplicatione2e.AmazonTests" name="verifyingTheBrandsFilterFunctionality" time="0.0">
    <ignored/>
  </testcase> <!-- verifyingTheBrandsFilterFunctionality -->
  <testcase classname="amazonfilterapplicatione2e.AmazonTests" name="verifyingProcessorSpeedFilterFunctionality" time="0.0">
    <ignored/>
  </testcase> <!-- verifyingProcessorSpeedFilterFunctionality -->
  <testcase classname="amazonfilterapplicatione2e.AmazonTests" name="verifyingDisplaySizeFilterFunctionality" time="0.0">
    <ignored/>
  </testcase> <!-- verifyingDisplaySizeFilterFunctionality -->
  <testcase classname="amazonfilterapplicatione2e.AmazonTests" name="verifyingPriceSilderFunctionality" time="0.0">
    <ignored/>
  </testcase> <!-- verifyingPriceSilderFunctionality -->
  <testcase classname="amazonfilterapplicatione2e.AmazonTests" name="verifyingDisplayTypeFilterFunctionality" time="0.0">
    <ignored/>
  </testcase> <!-- verifyingDisplayTypeFilterFunctionality -->
  <testcase classname="amazonfilterapplicatione2e.AmazonTests" name="verifyingGetItIn2DaysFilterFunctionality" time="0.0">
    <ignored/>
  </testcase> <!-- verifyingGetItIn2DaysFilterFunctionality -->
  <testcase classname="amazonfilterapplicatione2e.AmazonTests" name="verifyingGetItByTomorrowFilterFunctionality" time="0.0">
    <ignored/>
  </testcase> <!-- verifyingGetItByTomorrowFilterFunctionality -->
  <testcase classname="amazonfilterapplicatione2e.AmazonTests" name="verifyingGetItByTodayFilterFunctionality" time="0.0">
    <ignored/>
  </testcase> <!-- verifyingGetItByTodayFilterFunctionality -->
  <testcase classname="amazonfilterapplicatione2e.AmazonTests" name="verifyingStorageCapacityFilterFunctionality" time="0.0">
    <ignored/>
  </testcase> <!-- verifyingStorageCapacityFilterFunctionality -->
</testsuite> <!-- Test -->
