<?xml version="1.0" encoding="UTF-8"?>
<testng-results ignored="12" total="13" passed="0" failed="1" skipped="0">
  <reporter-output>
  </reporter-output>
  <suite started-at="2025-10-26T19:05:50 IST" name="Suite" finished-at="2025-10-26T19:06:44 IST" duration-ms="54016">
    <groups>
    </groups>
    <test started-at="2025-10-26T19:05:50 IST" name="Test" finished-at="2025-10-26T19:06:44 IST" duration-ms="54016">
      <class name="main.java.amazonfilterapplicatione2e.logger.LoggerFolderSetup">
        <test-method is-config="true" signature="createLogFolderForRun()[pri:0, instance:main.java.amazonfilterapplicatione2e.logger.LoggerFolderSetup@223191a6]" started-at="2025-10-26T19:05:50 IST" name="createLogFolderForRun" finished-at="2025-10-26T19:05:50 IST" duration-ms="14" status="PASS">
          <reporter-output>
          </reporter-output>
        </test-method> <!-- createLogFolderForRun -->
      </class> <!-- main.java.amazonfilterapplicatione2e.logger.LoggerFolderSetup -->
      <class name="test.java.tests.AmazonTests">
        <test-method is-config="true" signature="setUp(java.lang.reflect.Method)[pri:0, instance:test.java.tests.AmazonTests@3b0c9195]" started-at="2025-10-26T19:05:50 IST" name="setUp" finished-at="2025-10-26T19:05:54 IST" duration-ms="4215" status="PASS">
          <params>
            <param index="0">
              <value>
                <![CDATA[public void test.java.tests.AmazonTests.verifyingStorageCapacityFilterFunctionality(java.lang.String) throws java.lang.InterruptedException]]>
              </value>
            </param>
          </params>
          <reporter-output>
          </reporter-output>
        </test-method> <!-- setUp -->
        <test-method signature="verifyingStorageCapacityFilterFunctionality(java.lang.String)[pri:5, instance:test.java.tests.AmazonTests@3b0c9195]" started-at="2025-10-26T19:05:54 IST" name="verifyingStorageCapacityFilterFunctionality" data-provider="Data" finished-at="2025-10-26T19:06:44 IST" duration-ms="49415" status="FAIL">
          <params>
            <param index="0">
              <value>
                <![CDATA[Mobile]]>
              </value>
            </param>
          </params>
          <exception class="java.lang.AssertionError">
            <message>
              <![CDATA[The following asserts failed:
 filter 'up to 3.9 gb' not found in product details.
-------------------------------------------------------------
 Title: nokia 105 classic | single sim keypad phone with built-in upi payments, long-lasting battery, wireless fm radio, without charger | charcoal
 Key Features: brand nokia
operating system s30+
ram memory installed size 0.03 gb
cpu model snapdragon
memory storage capacity 0.03 gb
 About: about this item
send and receive upi payments with built-in upi app
stay entertained for hours with wireless fm
long lasting battery life
classic nokia keypad phone
snake game built-in
› see more product details
 Tech Details: nokia 105 classic mobile phone information
technical details
os s30+
ram 0.03 gb
product dimensions 11.5 x 5 x 1.4 cm; 73 g
batteries 1 lithium ion batteries required. (included)
item model number nokia 105
wireless communication technologies cellular
connectivity technologies bluetooth, usb
gps false
special features radio
other display features wireless
device interface - primary keypad
resolution 720p
audio jack 3.5 mm
form factor bar
colour charcoal
battery power rating 800
phone talk time 12 hours
whats in the box phone, battery, ug
manufacturer for and on behalf of hmd mobile india private limited
country of origin india
item weight 73 g
additional information
asin b0cjmgtmhs
customer reviews 3.8
20,604 ratings
3.8 out of 5 stars
best sellers rank
#37 in electronics (see top 100 in electronics)
#2 in basic mobiles
date first available 22 september 2023
manufacturer for and on behalf of hmd mobile india private limited, pioneer urban square complex, no 510 5th floor, tower c, golf course extension road, sector 62, gurgaon, haryana, 122102, india
packer padget electronics pvt. ltd . plot no 154c, exculuding the first floor of building, a block, sector 63, gautam buddha nagar, uttar pradesh, 201301 india.
item dimensions lxwxh 11.5 x 5 x 1.4 centimeters
net quantity 1 piece
generic name feature phone
feedback
would you like to tell us about a lower price?
-------------------------------------------------------------]]>
            </message>
            <full-stacktrace>
              <![CDATA[java.lang.AssertionError: The following asserts failed:
 filter 'up to 3.9 gb' not found in product details.
-------------------------------------------------------------
 Title: nokia 105 classic | single sim keypad phone with built-in upi payments, long-lasting battery, wireless fm radio, without charger | charcoal
 Key Features: brand nokia
operating system s30+
ram memory installed size 0.03 gb
cpu model snapdragon
memory storage capacity 0.03 gb
 About: about this item
send and receive upi payments with built-in upi app
stay entertained for hours with wireless fm
long lasting battery life
classic nokia keypad phone
snake game built-in
› see more product details
 Tech Details: nokia 105 classic mobile phone information
technical details
os s30+
ram 0.03 gb
product dimensions 11.5 x 5 x 1.4 cm; 73 g
batteries 1 lithium ion batteries required. (included)
item model number nokia 105
wireless communication technologies cellular
connectivity technologies bluetooth, usb
gps false
special features radio
other display features wireless
device interface - primary keypad
resolution 720p
audio jack 3.5 mm
form factor bar
colour charcoal
battery power rating 800
phone talk time 12 hours
whats in the box phone, battery, ug
manufacturer for and on behalf of hmd mobile india private limited
country of origin india
item weight 73 g
additional information
asin b0cjmgtmhs
customer reviews 3.8
20,604 ratings
3.8 out of 5 stars
best sellers rank
#37 in electronics (see top 100 in electronics)
#2 in basic mobiles
date first available 22 september 2023
manufacturer for and on behalf of hmd mobile india private limited, pioneer urban square complex, no 510 5th floor, tower c, golf course extension road, sector 62, gurgaon, haryana, 122102, india
packer padget electronics pvt. ltd . plot no 154c, exculuding the first floor of building, a block, sector 63, gautam buddha nagar, uttar pradesh, 201301 india.
item dimensions lxwxh 11.5 x 5 x 1.4 centimeters
net quantity 1 piece
generic name feature phone
feedback
would you like to tell us about a lower price?
-------------------------------------------------------------
at org.testng.asserts.SoftAssert.assertAll(SoftAssert.java:47)
at org.testng.asserts.SoftAssert.assertAll(SoftAssert.java:31)
at test.java.tests.AmazonTests.verifyingStorageCapacityFilterFunctionality(AmazonTests.java:293)
at java.base/jdk.internal.reflect.DirectMethodHandleAccessor.invoke(DirectMethodHandleAccessor.java:103)
at java.base/java.lang.reflect.Method.invoke(Method.java:580)
at org.testng.internal.MethodInvocationHelper.invokeMethod(MethodInvocationHelper.java:133)
at org.testng.internal.TestInvoker.invokeMethod(TestInvoker.java:598)
at org.testng.internal.TestInvoker.invokeTestMethod(TestInvoker.java:173)
at org.testng.internal.MethodRunner.runInSequence(MethodRunner.java:46)
at org.testng.internal.TestInvoker$MethodInvocationAgent.invoke(TestInvoker.java:824)
at org.testng.internal.TestInvoker.invokeTestMethods(TestInvoker.java:146)
at org.testng.internal.TestMethodWorker.invokeTestMethods(TestMethodWorker.java:146)
at org.testng.internal.TestMethodWorker.run(TestMethodWorker.java:128)
at java.base/java.util.concurrent.ThreadPoolExecutor.runWorker(ThreadPoolExecutor.java:1144)
at java.base/java.util.concurrent.ThreadPoolExecutor$Worker.run(ThreadPoolExecutor.java:642)
at java.base/java.lang.Thread.run(Thread.java:1583)
]]>
            </full-stacktrace>
          </exception> <!-- java.lang.AssertionError -->
          <reporter-output>
          </reporter-output>
        </test-method> <!-- verifyingStorageCapacityFilterFunctionality -->
        <test-method is-config="true" signature="tearDown(org.testng.ITestResult)[pri:0, instance:test.java.tests.AmazonTests@3b0c9195]" started-at="2025-10-26T19:06:44 IST" name="tearDown" finished-at="2025-10-26T19:06:44 IST" duration-ms="350" status="PASS">
          <params>
            <param index="0">
              <value>
                <![CDATA[[TestResult name=verifyingStorageCapacityFilterFunctionality status=FAILURE method=AmazonTests.verifyingStorageCapacityFilterFunctionality(java.lang.String)[pri:5, instance:test.java.tests.AmazonTests@3b0c9195] output={null}]]]>
              </value>
            </param>
          </params>
          <reporter-output>
          </reporter-output>
        </test-method> <!-- tearDown -->
      </class> <!-- test.java.tests.AmazonTests -->
    </test> <!-- Test -->
  </suite> <!-- Suite -->
</testng-results>
