<?xml version="1.0" encoding="UTF-8"?>
<testng-results ignored="12" total="13" passed="0" failed="1" skipped="0">
  <reporter-output>
  </reporter-output>
  <suite started-at="2025-10-20T20:28:45 IST" name="Suite" finished-at="2025-10-20T20:29:40 IST" duration-ms="54828">
    <groups>
    </groups>
    <test started-at="2025-10-20T20:28:45 IST" name="Test" finished-at="2025-10-20T20:29:40 IST" duration-ms="54828">
      <class name="main.java.amazonfilterapplicatione2e.logger.LoggerFolderSetup">
        <test-method is-config="true" signature="createLogFolderForRun()[pri:0, instance:main.java.amazonfilterapplicatione2e.logger.LoggerFolderSetup@223191a6]" started-at="2025-10-20T20:28:45 IST" name="createLogFolderForRun" finished-at="2025-10-20T20:28:45 IST" duration-ms="15" status="PASS">
          <reporter-output>
          </reporter-output>
        </test-method> <!-- createLogFolderForRun -->
      </class> <!-- main.java.amazonfilterapplicatione2e.logger.LoggerFolderSetup -->
      <class name="test.java.tests.AmazonTests">
        <test-method is-config="true" signature="setUp(java.lang.reflect.Method)[pri:0, instance:test.java.tests.AmazonTests@2d36e77e]" started-at="2025-10-20T20:28:45 IST" name="setUp" finished-at="2025-10-20T20:28:50 IST" duration-ms="4723" status="PASS">
          <params>
            <param index="0">
              <value>
                <![CDATA[public void test.java.tests.AmazonTests.verifyingStorageCapacityFilterFunctionality(java.lang.String) throws java.lang.InterruptedException]]>
              </value>
            </param>
          </params>
          <reporter-output>
          </reporter-output>
        </test-method> <!-- setUp -->
        <test-method signature="verifyingStorageCapacityFilterFunctionality(java.lang.String)[pri:5, instance:test.java.tests.AmazonTests@2d36e77e]" started-at="2025-10-20T20:28:50 IST" name="verifyingStorageCapacityFilterFunctionality" data-provider="Data" finished-at="2025-10-20T20:29:39 IST" duration-ms="49679" status="FAIL">
          <params>
            <param index="0">
              <value>
                <![CDATA[Mobile]]>
              </value>
            </param>
          </params>
          <exception class="java.lang.AssertionError">
            <message>
              <![CDATA[The following asserts failed:
 filter 'up to 3.9 gb' not found in product details.
-------------------------------------------------------------
 Title: micromax all-new x1i smart dual sim keypad phone | big 2.4" display |type c usb port | bright torch| wireless fm | auto call recording | blue |
 Key Features: brand micromax
operating system nucleus os
ram memory installed size 32 mb
cpu model snapdragon
memory storage capacity 32 mb
 About: about this item
6.1 cm(2.4")screen
type c usb port
1200 mah battery with power saving mode
strong torch light
digital camera
› see more product details
 Tech Details: product information
technical details
os nucleus os
product dimensions 14.9 x 7.2 x 1 cm; 200 g
batteries 1 lithium ion batteries required. (included)
item model number x1i smart - blue
wireless communication technologies cellular
connectivity technologies bluetooth
gps false
special features digital camera, strong torch light, type c usb port, vibration mode, wireless fm radio
other display features wireless
device interface - primary keypad
resolution 720p
other camera features rear
audio jack 3.5 mm
form factor bar
colour blue
battery power rating 1200
whats in the box one each of transceiver, battery, charger, user manual
manufacturer shenzhen huitengda electronics technology company limited
country of origin china
item weight 200 g
additional information
asin b0ctkqykxk
customer reviews 3.3
46 ratings
3.3 out of 5 stars
best sellers rank
#845 in electronics (see top 100 in electronics)
#10 in basic mobiles
date first available 30 january 2024
manufacturer shenzhen huitengda electronics technology company limited, shenzhen huitengda electronics technology company limited
packer shenzhen huitengda electronics technology company limited
importer micromax informatics ltd, phase 2, nariana, delhi
item dimensions lxwxh 14.9 x 7.2 x 1 centimeters
net quantity 1 count
generic name basic keypad phone
feedback
would you like to tell us about a lower price?
-------------------------------------------------------------]]>
            </message>
            <full-stacktrace>
              <![CDATA[java.lang.AssertionError: The following asserts failed:
 filter 'up to 3.9 gb' not found in product details.
-------------------------------------------------------------
 Title: micromax all-new x1i smart dual sim keypad phone | big 2.4" display |type c usb port | bright torch| wireless fm | auto call recording | blue |
 Key Features: brand micromax
operating system nucleus os
ram memory installed size 32 mb
cpu model snapdragon
memory storage capacity 32 mb
 About: about this item
6.1 cm(2.4")screen
type c usb port
1200 mah battery with power saving mode
strong torch light
digital camera
› see more product details
 Tech Details: product information
technical details
os nucleus os
product dimensions 14.9 x 7.2 x 1 cm; 200 g
batteries 1 lithium ion batteries required. (included)
item model number x1i smart - blue
wireless communication technologies cellular
connectivity technologies bluetooth
gps false
special features digital camera, strong torch light, type c usb port, vibration mode, wireless fm radio
other display features wireless
device interface - primary keypad
resolution 720p
other camera features rear
audio jack 3.5 mm
form factor bar
colour blue
battery power rating 1200
whats in the box one each of transceiver, battery, charger, user manual
manufacturer shenzhen huitengda electronics technology company limited
country of origin china
item weight 200 g
additional information
asin b0ctkqykxk
customer reviews 3.3
46 ratings
3.3 out of 5 stars
best sellers rank
#845 in electronics (see top 100 in electronics)
#10 in basic mobiles
date first available 30 january 2024
manufacturer shenzhen huitengda electronics technology company limited, shenzhen huitengda electronics technology company limited
packer shenzhen huitengda electronics technology company limited
importer micromax informatics ltd, phase 2, nariana, delhi
item dimensions lxwxh 14.9 x 7.2 x 1 centimeters
net quantity 1 count
generic name basic keypad phone
feedback
would you like to tell us about a lower price?
-------------------------------------------------------------
at org.testng.asserts.SoftAssert.assertAll(SoftAssert.java:47)
at org.testng.asserts.SoftAssert.assertAll(SoftAssert.java:31)
at test.java.tests.AmazonTests.verifyingStorageCapacityFilterFunctionality(AmazonTests.java:293)
at java.base/jdk.internal.reflect.DirectMethodHandleAccessor.invoke(DirectMethodHandleAccessor.java:103)
at java.base/java.lang.reflect.Method.invoke(Method.java:580)
at org.testng.internal.MethodInvocationHelper.invokeMethod(MethodInvocationHelper.java:133)
at org.testng.internal.TestInvoker.invokeMethod(TestInvoker.java:598)
at org.testng.internal.TestInvoker.invokeTestMethod(TestInvoker.java:173)
at org.testng.internal.MethodRunner.runInSequence(MethodRunner.java:46)
at org.testng.internal.TestInvoker$MethodInvocationAgent.invoke(TestInvoker.java:824)
at org.testng.internal.TestInvoker.invokeTestMethods(TestInvoker.java:146)
at org.testng.internal.TestMethodWorker.invokeTestMethods(TestMethodWorker.java:146)
at org.testng.internal.TestMethodWorker.run(TestMethodWorker.java:128)
at java.base/java.util.concurrent.ThreadPoolExecutor.runWorker(ThreadPoolExecutor.java:1144)
at java.base/java.util.concurrent.ThreadPoolExecutor$Worker.run(ThreadPoolExecutor.java:642)
at java.base/java.lang.Thread.run(Thread.java:1583)
]]>
            </full-stacktrace>
          </exception> <!-- java.lang.AssertionError -->
          <reporter-output>
          </reporter-output>
        </test-method> <!-- verifyingStorageCapacityFilterFunctionality -->
        <test-method is-config="true" signature="tearDown(org.testng.ITestResult)[pri:0, instance:test.java.tests.AmazonTests@2d36e77e]" started-at="2025-10-20T20:29:39 IST" name="tearDown" finished-at="2025-10-20T20:29:40 IST" duration-ms="391" status="PASS">
          <params>
            <param index="0">
              <value>
                <![CDATA[[TestResult name=verifyingStorageCapacityFilterFunctionality status=FAILURE method=AmazonTests.verifyingStorageCapacityFilterFunctionality(java.lang.String)[pri:5, instance:test.java.tests.AmazonTests@2d36e77e] output={null}]]]>
              </value>
            </param>
          </params>
          <reporter-output>
          </reporter-output>
        </test-method> <!-- tearDown -->
      </class> <!-- test.java.tests.AmazonTests -->
    </test> <!-- Test -->
  </suite> <!-- Suite -->
</testng-results>
