<?xml version="1.0" encoding="UTF-8"?>
<testng-results ignored="7" total="23" passed="8" failed="8" skipped="0">
  <reporter-output>
  </reporter-output>
  <suite started-at="2025-07-27T23:23:58 IST" name="Suite" finished-at="2025-07-27T23:25:39 IST" duration-ms="100910">
    <groups>
    </groups>
    <test started-at="2025-07-27T23:23:58 IST" name="Test" finished-at="2025-07-27T23:25:39 IST" duration-ms="100910">
      <class name="amazonfilterapplicatione2e.AmazonTests">
        <test-method is-config="true" signature="setUp(java.lang.reflect.Method)[pri:0, instance:amazonfilterapplicatione2e.AmazonTests@2fc6f97f]" started-at="2025-07-27T23:23:58 IST" name="setUp" finished-at="2025-07-27T23:24:02 IST" duration-ms="3984" status="PASS">
          <params>
            <param index="0">
              <value>
                <![CDATA[public void amazonfilterapplicatione2e.AmazonTests.verifyingGetItByTomorrowFilterFunctionality(java.lang.String) throws java.lang.InterruptedException]]>
              </value>
            </param>
          </params>
          <reporter-output>
          </reporter-output>
        </test-method> <!-- setUp -->
        <test-method is-config="true" signature="setUp(java.lang.reflect.Method)[pri:0, instance:amazonfilterapplicatione2e.AmazonTests@2fc6f97f]" started-at="2025-07-27T23:23:58 IST" name="setUp" finished-at="2025-07-27T23:24:02 IST" duration-ms="3844" status="PASS">
          <params>
            <param index="0">
              <value>
                <![CDATA[public void amazonfilterapplicatione2e.AmazonTests.verifyingGetItIn2DaysFilterFunctionality(java.lang.String) throws java.lang.InterruptedException]]>
              </value>
            </param>
          </params>
          <reporter-output>
          </reporter-output>
        </test-method> <!-- setUp -->
        <test-method signature="verifyingGetItIn2DaysFilterFunctionality(java.lang.String)[pri:2, instance:amazonfilterapplicatione2e.AmazonTests@2fc6f97f]" started-at="2025-07-27T23:24:02 IST" name="verifyingGetItIn2DaysFilterFunctionality" data-provider="Data" finished-at="2025-07-27T23:24:13 IST" duration-ms="10936" status="FAIL">
          <params>
            <param index="0">
              <value>
                <![CDATA[Mobile]]>
              </value>
            </param>
          </params>
          <exception class="java.lang.AssertionError">
            <message>
              <![CDATA[❌ Delivery date mismatch at index 9. Text: GOTEO Mobile Phone Waist Belt Pouch Leather Holster for Men Compatible with iPhone, Samsung Galaxy and up to 6.8" Mobile for Travel Outdoor Sports Hiking Cycling Office Business
4
₹495 (
₹49,500/100 g)
M.R.P:
₹999 (50% off)
Add to cart expected [true] but found [false]]]>
            </message>
            <full-stacktrace>
              <![CDATA[java.lang.AssertionError: ❌ Delivery date mismatch at index 9. Text: GOTEO Mobile Phone Waist Belt Pouch Leather Holster for Men Compatible with iPhone, Samsung Galaxy and up to 6.8" Mobile for Travel Outdoor Sports Hiking Cycling Office Business
4
₹495 (
₹49,500/100 g)
M.R.P:
₹999 (50% off)
Add to cart expected [true] but found [false]
at org.testng.Assert.fail(Assert.java:99)
at org.testng.Assert.failNotEquals(Assert.java:1037)
at org.testng.Assert.assertTrue(Assert.java:45)
at amazonfilterapplicatione2e.AmazonTests.verifyingGetItIn2DaysFilterFunctionality(AmazonTests.java:120)
at java.base/jdk.internal.reflect.DirectMethodHandleAccessor.invoke(DirectMethodHandleAccessor.java:104)
at java.base/java.lang.reflect.Method.invoke(Method.java:565)
at org.testng.internal.MethodInvocationHelper.invokeMethod(MethodInvocationHelper.java:133)
at org.testng.internal.TestInvoker.invokeMethod(TestInvoker.java:598)
at org.testng.internal.TestInvoker.invokeTestMethod(TestInvoker.java:173)
at org.testng.internal.MethodRunner.runInSequence(MethodRunner.java:46)
at org.testng.internal.TestInvoker$MethodInvocationAgent.invoke(TestInvoker.java:824)
at org.testng.internal.TestInvoker.invokeTestMethods(TestInvoker.java:146)
at org.testng.internal.TestMethodWorker.invokeTestMethods(TestMethodWorker.java:146)
at org.testng.internal.TestMethodWorker.run(TestMethodWorker.java:128)
at java.base/java.util.concurrent.ThreadPoolExecutor.runWorker(ThreadPoolExecutor.java:1095)
at java.base/java.util.concurrent.ThreadPoolExecutor$Worker.run(ThreadPoolExecutor.java:619)
at java.base/java.lang.Thread.run(Thread.java:1447)
]]>
            </full-stacktrace>
          </exception> <!-- java.lang.AssertionError -->
          <reporter-output>
          </reporter-output>
        </test-method> <!-- verifyingGetItIn2DaysFilterFunctionality -->
        <test-method signature="verifyingGetItByTomorrowFilterFunctionality(java.lang.String)[pri:1, instance:amazonfilterapplicatione2e.AmazonTests@2fc6f97f]" started-at="2025-07-27T23:24:02 IST" name="verifyingGetItByTomorrowFilterFunctionality" data-provider="Data" finished-at="2025-07-27T23:24:16 IST" duration-ms="14019" status="FAIL">
          <params>
            <param index="0">
              <value>
                <![CDATA[Mobile]]>
              </value>
            </param>
          </params>
          <exception class="java.lang.AssertionError">
            <message>
              <![CDATA[❌ Delivery date mismatch at index 9. Text: FKU F12 Screen Magnifier for Cell Phone with Bluetooth Speaker, Foldable Phone Stand Holder, Compatible with All Smartphones
15
₹1,881
M.R.P:
₹3,999 (53% off)
Save 3% with coupon
Add to cart
+1 other color/pattern expected [true] but found [false]]]>
            </message>
            <full-stacktrace>
              <![CDATA[java.lang.AssertionError: ❌ Delivery date mismatch at index 9. Text: FKU F12 Screen Magnifier for Cell Phone with Bluetooth Speaker, Foldable Phone Stand Holder, Compatible with All Smartphones
15
₹1,881
M.R.P:
₹3,999 (53% off)
Save 3% with coupon
Add to cart
+1 other color/pattern expected [true] but found [false]
at org.testng.Assert.fail(Assert.java:99)
at org.testng.Assert.failNotEquals(Assert.java:1037)
at org.testng.Assert.assertTrue(Assert.java:45)
at amazonfilterapplicatione2e.AmazonTests.verifyingGetItByTomorrowFilterFunctionality(AmazonTests.java:85)
at java.base/jdk.internal.reflect.DirectMethodHandleAccessor.invoke(DirectMethodHandleAccessor.java:104)
at java.base/java.lang.reflect.Method.invoke(Method.java:565)
at org.testng.internal.MethodInvocationHelper.invokeMethod(MethodInvocationHelper.java:133)
at org.testng.internal.TestInvoker.invokeMethod(TestInvoker.java:598)
at org.testng.internal.TestInvoker.invokeTestMethod(TestInvoker.java:173)
at org.testng.internal.MethodRunner.runInSequence(MethodRunner.java:46)
at org.testng.internal.TestInvoker$MethodInvocationAgent.invoke(TestInvoker.java:824)
at org.testng.internal.TestInvoker.invokeTestMethods(TestInvoker.java:146)
at org.testng.internal.TestMethodWorker.invokeTestMethods(TestMethodWorker.java:146)
at org.testng.internal.TestMethodWorker.run(TestMethodWorker.java:128)
at java.base/java.util.concurrent.ThreadPoolExecutor.runWorker(ThreadPoolExecutor.java:1095)
at java.base/java.util.concurrent.ThreadPoolExecutor$Worker.run(ThreadPoolExecutor.java:619)
at java.base/java.lang.Thread.run(Thread.java:1447)
]]>
            </full-stacktrace>
          </exception> <!-- java.lang.AssertionError -->
          <reporter-output>
          </reporter-output>
        </test-method> <!-- verifyingGetItByTomorrowFilterFunctionality -->
        <test-method is-config="true" signature="tearDown(org.testng.ITestResult)[pri:0, instance:amazonfilterapplicatione2e.AmazonTests@2fc6f97f]" started-at="2025-07-27T23:24:13 IST" name="tearDown" finished-at="2025-07-27T23:24:13 IST" duration-ms="436" status="PASS">
          <params>
            <param index="0">
              <value>
                <![CDATA[[TestResult name=verifyingGetItIn2DaysFilterFunctionality status=FAILURE method=AmazonTests.verifyingGetItIn2DaysFilterFunctionality(java.lang.String)[pri:2, instance:amazonfilterapplicatione2e.AmazonTests@2fc6f97f] output={null}]]]>
              </value>
            </param>
          </params>
          <reporter-output>
          </reporter-output>
        </test-method> <!-- tearDown -->
        <test-method is-config="true" signature="setUp(java.lang.reflect.Method)[pri:0, instance:amazonfilterapplicatione2e.AmazonTests@2fc6f97f]" started-at="2025-07-27T23:24:13 IST" name="setUp" finished-at="2025-07-27T23:24:15 IST" duration-ms="2328" status="PASS">
          <params>
            <param index="0">
              <value>
                <![CDATA[public void amazonfilterapplicatione2e.AmazonTests.verifyingGetItIn2DaysFilterFunctionality(java.lang.String) throws java.lang.InterruptedException]]>
              </value>
            </param>
          </params>
          <reporter-output>
          </reporter-output>
        </test-method> <!-- setUp -->
        <test-method signature="verifyingGetItIn2DaysFilterFunctionality(java.lang.String)[pri:2, instance:amazonfilterapplicatione2e.AmazonTests@2fc6f97f]" started-at="2025-07-27T23:24:15 IST" name="verifyingGetItIn2DaysFilterFunctionality" data-provider="Data" finished-at="2025-07-27T23:24:25 IST" duration-ms="9515" status="FAIL">
          <params>
            <param index="0">
              <value>
                <![CDATA[Tv]]>
              </value>
            </param>
          </params>
          <exception class="java.lang.AssertionError">
            <message>
              <![CDATA[❌ Delivery date mismatch at index 0. Text: WoodMarwar Solid Sheesham Wood Entertainment Tv Unit for Living Room | Free Standing Media Console Movable Tv Cabinet Sideboard | Tv Table Side Board with 4 Door Cabinet & 1 Flap Door Storage | Walnut
16
₹23,499
M.R.P:
₹57,598 (59% off)
No Cost EMI available on select cards.
FREE delivery 9 - 11 Aug
Add to cart
+5 expected [true] but found [false]]]>
            </message>
            <full-stacktrace>
              <![CDATA[java.lang.AssertionError: ❌ Delivery date mismatch at index 0. Text: WoodMarwar Solid Sheesham Wood Entertainment Tv Unit for Living Room | Free Standing Media Console Movable Tv Cabinet Sideboard | Tv Table Side Board with 4 Door Cabinet & 1 Flap Door Storage | Walnut
16
₹23,499
M.R.P:
₹57,598 (59% off)
No Cost EMI available on select cards.
FREE delivery 9 - 11 Aug
Add to cart
+5 expected [true] but found [false]
at org.testng.Assert.fail(Assert.java:99)
at org.testng.Assert.failNotEquals(Assert.java:1037)
at org.testng.Assert.assertTrue(Assert.java:45)
at amazonfilterapplicatione2e.AmazonTests.verifyingGetItIn2DaysFilterFunctionality(AmazonTests.java:120)
at java.base/jdk.internal.reflect.DirectMethodHandleAccessor.invoke(DirectMethodHandleAccessor.java:104)
at java.base/java.lang.reflect.Method.invoke(Method.java:565)
at org.testng.internal.MethodInvocationHelper.invokeMethod(MethodInvocationHelper.java:133)
at org.testng.internal.TestInvoker.invokeMethod(TestInvoker.java:598)
at org.testng.internal.TestInvoker.invokeTestMethod(TestInvoker.java:173)
at org.testng.internal.MethodRunner.runInSequence(MethodRunner.java:46)
at org.testng.internal.TestInvoker$MethodInvocationAgent.invoke(TestInvoker.java:824)
at org.testng.internal.TestInvoker.invokeTestMethods(TestInvoker.java:146)
at org.testng.internal.TestMethodWorker.invokeTestMethods(TestMethodWorker.java:146)
at org.testng.internal.TestMethodWorker.run(TestMethodWorker.java:128)
at java.base/java.util.concurrent.ThreadPoolExecutor.runWorker(ThreadPoolExecutor.java:1095)
at java.base/java.util.concurrent.ThreadPoolExecutor$Worker.run(ThreadPoolExecutor.java:619)
at java.base/java.lang.Thread.run(Thread.java:1447)
]]>
            </full-stacktrace>
          </exception> <!-- java.lang.AssertionError -->
          <reporter-output>
          </reporter-output>
        </test-method> <!-- verifyingGetItIn2DaysFilterFunctionality -->
        <test-method is-config="true" signature="tearDown(org.testng.ITestResult)[pri:0, instance:amazonfilterapplicatione2e.AmazonTests@2fc6f97f]" started-at="2025-07-27T23:24:16 IST" name="tearDown" finished-at="2025-07-27T23:24:16 IST" duration-ms="227" status="PASS">
          <params>
            <param index="0">
              <value>
                <![CDATA[[TestResult name=verifyingGetItByTomorrowFilterFunctionality status=FAILURE method=AmazonTests.verifyingGetItByTomorrowFilterFunctionality(java.lang.String)[pri:1, instance:amazonfilterapplicatione2e.AmazonTests@2fc6f97f] output={null}]]]>
              </value>
            </param>
          </params>
          <reporter-output>
          </reporter-output>
        </test-method> <!-- tearDown -->
        <test-method is-config="true" signature="setUp(java.lang.reflect.Method)[pri:0, instance:amazonfilterapplicatione2e.AmazonTests@2fc6f97f]" started-at="2025-07-27T23:24:16 IST" name="setUp" finished-at="2025-07-27T23:24:17 IST" duration-ms="1382" status="PASS">
          <params>
            <param index="0">
              <value>
                <![CDATA[public void amazonfilterapplicatione2e.AmazonTests.verifyingGetItByTomorrowFilterFunctionality(java.lang.String) throws java.lang.InterruptedException]]>
              </value>
            </param>
          </params>
          <reporter-output>
          </reporter-output>
        </test-method> <!-- setUp -->
        <test-method signature="verifyingGetItByTomorrowFilterFunctionality(java.lang.String)[pri:1, instance:amazonfilterapplicatione2e.AmazonTests@2fc6f97f]" started-at="2025-07-27T23:24:17 IST" name="verifyingGetItByTomorrowFilterFunctionality" data-provider="Data" finished-at="2025-07-27T23:24:30 IST" duration-ms="12614" status="FAIL">
          <params>
            <param index="0">
              <value>
                <![CDATA[Tv]]>
              </value>
            </param>
          </params>
          <exception class="java.lang.AssertionError">
            <message>
              <![CDATA[❌ Delivery date mismatch at index 0. Text: WoodMarwar Solid Sheesham Wood Entertainment Tv Unit for Living Room | Free Standing Media Console Movable Tv Cabinet Sideboard | Tv Table Side Board with 4 Door Cabinet & 1 Flap Door Storage | Walnut
16
₹23,499
M.R.P:
₹57,598 (59% off)
No Cost EMI available on select cards.
FREE delivery 9 - 11 Aug
Add to cart
+5 expected [true] but found [false]]]>
            </message>
            <full-stacktrace>
              <![CDATA[java.lang.AssertionError: ❌ Delivery date mismatch at index 0. Text: WoodMarwar Solid Sheesham Wood Entertainment Tv Unit for Living Room | Free Standing Media Console Movable Tv Cabinet Sideboard | Tv Table Side Board with 4 Door Cabinet & 1 Flap Door Storage | Walnut
16
₹23,499
M.R.P:
₹57,598 (59% off)
No Cost EMI available on select cards.
FREE delivery 9 - 11 Aug
Add to cart
+5 expected [true] but found [false]
at org.testng.Assert.fail(Assert.java:99)
at org.testng.Assert.failNotEquals(Assert.java:1037)
at org.testng.Assert.assertTrue(Assert.java:45)
at amazonfilterapplicatione2e.AmazonTests.verifyingGetItByTomorrowFilterFunctionality(AmazonTests.java:85)
at java.base/jdk.internal.reflect.DirectMethodHandleAccessor.invoke(DirectMethodHandleAccessor.java:104)
at java.base/java.lang.reflect.Method.invoke(Method.java:565)
at org.testng.internal.MethodInvocationHelper.invokeMethod(MethodInvocationHelper.java:133)
at org.testng.internal.TestInvoker.invokeMethod(TestInvoker.java:598)
at org.testng.internal.TestInvoker.invokeTestMethod(TestInvoker.java:173)
at org.testng.internal.MethodRunner.runInSequence(MethodRunner.java:46)
at org.testng.internal.TestInvoker$MethodInvocationAgent.invoke(TestInvoker.java:824)
at org.testng.internal.TestInvoker.invokeTestMethods(TestInvoker.java:146)
at org.testng.internal.TestMethodWorker.invokeTestMethods(TestMethodWorker.java:146)
at org.testng.internal.TestMethodWorker.run(TestMethodWorker.java:128)
at java.base/java.util.concurrent.ThreadPoolExecutor.runWorker(ThreadPoolExecutor.java:1095)
at java.base/java.util.concurrent.ThreadPoolExecutor$Worker.run(ThreadPoolExecutor.java:619)
at java.base/java.lang.Thread.run(Thread.java:1447)
]]>
            </full-stacktrace>
          </exception> <!-- java.lang.AssertionError -->
          <reporter-output>
          </reporter-output>
        </test-method> <!-- verifyingGetItByTomorrowFilterFunctionality -->
        <test-method is-config="true" signature="tearDown(org.testng.ITestResult)[pri:0, instance:amazonfilterapplicatione2e.AmazonTests@2fc6f97f]" started-at="2025-07-27T23:24:25 IST" name="tearDown" finished-at="2025-07-27T23:24:25 IST" duration-ms="237" status="PASS">
          <params>
            <param index="0">
              <value>
                <![CDATA[[TestResult name=verifyingGetItIn2DaysFilterFunctionality status=FAILURE method=AmazonTests.verifyingGetItIn2DaysFilterFunctionality(java.lang.String)[pri:2, instance:amazonfilterapplicatione2e.AmazonTests@2fc6f97f] output={null}]]]>
              </value>
            </param>
          </params>
          <reporter-output>
          </reporter-output>
        </test-method> <!-- tearDown -->
        <test-method is-config="true" signature="setUp(java.lang.reflect.Method)[pri:0, instance:amazonfilterapplicatione2e.AmazonTests@2fc6f97f]" started-at="2025-07-27T23:24:25 IST" name="setUp" finished-at="2025-07-27T23:24:26 IST" duration-ms="1226" status="PASS">
          <params>
            <param index="0">
              <value>
                <![CDATA[public void amazonfilterapplicatione2e.AmazonTests.verifyingGetItIn2DaysFilterFunctionality(java.lang.String) throws java.lang.InterruptedException]]>
              </value>
            </param>
          </params>
          <reporter-output>
          </reporter-output>
        </test-method> <!-- setUp -->
        <test-method signature="verifyingGetItIn2DaysFilterFunctionality(java.lang.String)[pri:2, instance:amazonfilterapplicatione2e.AmazonTests@2fc6f97f]" started-at="2025-07-27T23:24:26 IST" name="verifyingGetItIn2DaysFilterFunctionality" data-provider="Data" finished-at="2025-07-27T23:24:35 IST" duration-ms="8681" status="FAIL">
          <params>
            <param index="0">
              <value>
                <![CDATA[Charger]]>
              </value>
            </param>
          </params>
          <exception class="java.lang.AssertionError">
            <message>
              <![CDATA[❌ Delivery date mismatch at index 1. Text: YCWZZH Replacement USB-C Fast Charger Charging Cable Wire for Bose SoundLink Flex, Bose Soundlink Mini II Special Edition, Bose Portable Smart Portable Speakers Power Charger Cord (5FT Black)
3
₹580
M.R.P:
₹1,299 (55% off)
Add to cart expected [true] but found [false]]]>
            </message>
            <full-stacktrace>
              <![CDATA[java.lang.AssertionError: ❌ Delivery date mismatch at index 1. Text: YCWZZH Replacement USB-C Fast Charger Charging Cable Wire for Bose SoundLink Flex, Bose Soundlink Mini II Special Edition, Bose Portable Smart Portable Speakers Power Charger Cord (5FT Black)
3
₹580
M.R.P:
₹1,299 (55% off)
Add to cart expected [true] but found [false]
at org.testng.Assert.fail(Assert.java:99)
at org.testng.Assert.failNotEquals(Assert.java:1037)
at org.testng.Assert.assertTrue(Assert.java:45)
at amazonfilterapplicatione2e.AmazonTests.verifyingGetItIn2DaysFilterFunctionality(AmazonTests.java:120)
at java.base/jdk.internal.reflect.DirectMethodHandleAccessor.invoke(DirectMethodHandleAccessor.java:104)
at java.base/java.lang.reflect.Method.invoke(Method.java:565)
at org.testng.internal.MethodInvocationHelper.invokeMethod(MethodInvocationHelper.java:133)
at org.testng.internal.TestInvoker.invokeMethod(TestInvoker.java:598)
at org.testng.internal.TestInvoker.invokeTestMethod(TestInvoker.java:173)
at org.testng.internal.MethodRunner.runInSequence(MethodRunner.java:46)
at org.testng.internal.TestInvoker$MethodInvocationAgent.invoke(TestInvoker.java:824)
at org.testng.internal.TestInvoker.invokeTestMethods(TestInvoker.java:146)
at org.testng.internal.TestMethodWorker.invokeTestMethods(TestMethodWorker.java:146)
at org.testng.internal.TestMethodWorker.run(TestMethodWorker.java:128)
at java.base/java.util.concurrent.ThreadPoolExecutor.runWorker(ThreadPoolExecutor.java:1095)
at java.base/java.util.concurrent.ThreadPoolExecutor$Worker.run(ThreadPoolExecutor.java:619)
at java.base/java.lang.Thread.run(Thread.java:1447)
]]>
            </full-stacktrace>
          </exception> <!-- java.lang.AssertionError -->
          <reporter-output>
          </reporter-output>
        </test-method> <!-- verifyingGetItIn2DaysFilterFunctionality -->
        <test-method is-config="true" signature="tearDown(org.testng.ITestResult)[pri:0, instance:amazonfilterapplicatione2e.AmazonTests@2fc6f97f]" started-at="2025-07-27T23:24:30 IST" name="tearDown" finished-at="2025-07-27T23:24:30 IST" duration-ms="280" status="PASS">
          <params>
            <param index="0">
              <value>
                <![CDATA[[TestResult name=verifyingGetItByTomorrowFilterFunctionality status=FAILURE method=AmazonTests.verifyingGetItByTomorrowFilterFunctionality(java.lang.String)[pri:1, instance:amazonfilterapplicatione2e.AmazonTests@2fc6f97f] output={null}]]]>
              </value>
            </param>
          </params>
          <reporter-output>
          </reporter-output>
        </test-method> <!-- tearDown -->
        <test-method is-config="true" signature="setUp(java.lang.reflect.Method)[pri:0, instance:amazonfilterapplicatione2e.AmazonTests@2fc6f97f]" started-at="2025-07-27T23:24:30 IST" name="setUp" finished-at="2025-07-27T23:24:32 IST" duration-ms="1722" status="PASS">
          <params>
            <param index="0">
              <value>
                <![CDATA[public void amazonfilterapplicatione2e.AmazonTests.verifyingGetItByTomorrowFilterFunctionality(java.lang.String) throws java.lang.InterruptedException]]>
              </value>
            </param>
          </params>
          <reporter-output>
          </reporter-output>
        </test-method> <!-- setUp -->
        <test-method signature="verifyingGetItByTomorrowFilterFunctionality(java.lang.String)[pri:1, instance:amazonfilterapplicatione2e.AmazonTests@2fc6f97f]" started-at="2025-07-27T23:24:32 IST" name="verifyingGetItByTomorrowFilterFunctionality" data-provider="Data" finished-at="2025-07-27T23:24:45 IST" duration-ms="13129" status="FAIL">
          <params>
            <param index="0">
              <value>
                <![CDATA[Charger]]>
              </value>
            </param>
          </params>
          <exception class="java.lang.AssertionError">
            <message>
              <![CDATA[❌ Delivery date mismatch at index 12. Text: URAYCO Wooden Digital Alarm Clock with Fast Wireless Charger, Dual USB Charging Ports, DST, Dimmable, Snooze, RGB Large Number Display LED Clock for Bedrooms, Living Room, Desk, Table, Bedside(Brown)
176
₹6,503
M.R.P:
₹9,503 (32% off)
FREE delivery 12 - 13 Aug
Add to cart expected [true] but found [false]]]>
            </message>
            <full-stacktrace>
              <![CDATA[java.lang.AssertionError: ❌ Delivery date mismatch at index 12. Text: URAYCO Wooden Digital Alarm Clock with Fast Wireless Charger, Dual USB Charging Ports, DST, Dimmable, Snooze, RGB Large Number Display LED Clock for Bedrooms, Living Room, Desk, Table, Bedside(Brown)
176
₹6,503
M.R.P:
₹9,503 (32% off)
FREE delivery 12 - 13 Aug
Add to cart expected [true] but found [false]
at org.testng.Assert.fail(Assert.java:99)
at org.testng.Assert.failNotEquals(Assert.java:1037)
at org.testng.Assert.assertTrue(Assert.java:45)
at amazonfilterapplicatione2e.AmazonTests.verifyingGetItByTomorrowFilterFunctionality(AmazonTests.java:85)
at java.base/jdk.internal.reflect.DirectMethodHandleAccessor.invoke(DirectMethodHandleAccessor.java:104)
at java.base/java.lang.reflect.Method.invoke(Method.java:565)
at org.testng.internal.MethodInvocationHelper.invokeMethod(MethodInvocationHelper.java:133)
at org.testng.internal.TestInvoker.invokeMethod(TestInvoker.java:598)
at org.testng.internal.TestInvoker.invokeTestMethod(TestInvoker.java:173)
at org.testng.internal.MethodRunner.runInSequence(MethodRunner.java:46)
at org.testng.internal.TestInvoker$MethodInvocationAgent.invoke(TestInvoker.java:824)
at org.testng.internal.TestInvoker.invokeTestMethods(TestInvoker.java:146)
at org.testng.internal.TestMethodWorker.invokeTestMethods(TestMethodWorker.java:146)
at org.testng.internal.TestMethodWorker.run(TestMethodWorker.java:128)
at java.base/java.util.concurrent.ThreadPoolExecutor.runWorker(ThreadPoolExecutor.java:1095)
at java.base/java.util.concurrent.ThreadPoolExecutor$Worker.run(ThreadPoolExecutor.java:619)
at java.base/java.lang.Thread.run(Thread.java:1447)
]]>
            </full-stacktrace>
          </exception> <!-- java.lang.AssertionError -->
          <reporter-output>
          </reporter-output>
        </test-method> <!-- verifyingGetItByTomorrowFilterFunctionality -->
        <test-method is-config="true" signature="tearDown(org.testng.ITestResult)[pri:0, instance:amazonfilterapplicatione2e.AmazonTests@2fc6f97f]" started-at="2025-07-27T23:24:35 IST" name="tearDown" finished-at="2025-07-27T23:24:36 IST" duration-ms="811" status="PASS">
          <params>
            <param index="0">
              <value>
                <![CDATA[[TestResult name=verifyingGetItIn2DaysFilterFunctionality status=FAILURE method=AmazonTests.verifyingGetItIn2DaysFilterFunctionality(java.lang.String)[pri:2, instance:amazonfilterapplicatione2e.AmazonTests@2fc6f97f] output={null}]]]>
              </value>
            </param>
          </params>
          <reporter-output>
          </reporter-output>
        </test-method> <!-- tearDown -->
        <test-method is-config="true" signature="setUp(java.lang.reflect.Method)[pri:0, instance:amazonfilterapplicatione2e.AmazonTests@2fc6f97f]" started-at="2025-07-27T23:24:36 IST" name="setUp" finished-at="2025-07-27T23:24:37 IST" duration-ms="1419" status="PASS">
          <params>
            <param index="0">
              <value>
                <![CDATA[public void amazonfilterapplicatione2e.AmazonTests.verifyingGetItIn2DaysFilterFunctionality(java.lang.String) throws java.lang.InterruptedException]]>
              </value>
            </param>
          </params>
          <reporter-output>
          </reporter-output>
        </test-method> <!-- setUp -->
        <test-method signature="verifyingGetItIn2DaysFilterFunctionality(java.lang.String)[pri:2, instance:amazonfilterapplicatione2e.AmazonTests@2fc6f97f]" started-at="2025-07-27T23:24:37 IST" name="verifyingGetItIn2DaysFilterFunctionality" data-provider="Data" finished-at="2025-07-27T23:24:42 IST" duration-ms="4659" status="PASS">
          <params>
            <param index="0">
              <value>
                <![CDATA[AC]]>
              </value>
            </param>
          </params>
          <reporter-output>
          </reporter-output>
        </test-method> <!-- verifyingGetItIn2DaysFilterFunctionality -->
        <test-method is-config="true" signature="tearDown(org.testng.ITestResult)[pri:0, instance:amazonfilterapplicatione2e.AmazonTests@2fc6f97f]" started-at="2025-07-27T23:24:42 IST" name="tearDown" finished-at="2025-07-27T23:24:42 IST" duration-ms="233" status="PASS">
          <params>
            <param index="0">
              <value>
                <![CDATA[[TestResult name=verifyingGetItIn2DaysFilterFunctionality status=SUCCESS method=AmazonTests.verifyingGetItIn2DaysFilterFunctionality(java.lang.String)[pri:2, instance:amazonfilterapplicatione2e.AmazonTests@2fc6f97f] output={null}]]]>
              </value>
            </param>
          </params>
          <reporter-output>
          </reporter-output>
        </test-method> <!-- tearDown -->
        <test-method is-config="true" signature="setUp(java.lang.reflect.Method)[pri:0, instance:amazonfilterapplicatione2e.AmazonTests@2fc6f97f]" started-at="2025-07-27T23:24:42 IST" name="setUp" finished-at="2025-07-27T23:24:43 IST" duration-ms="1145" status="PASS">
          <params>
            <param index="0">
              <value>
                <![CDATA[public void amazonfilterapplicatione2e.AmazonTests.verifyingGetItIn2DaysFilterFunctionality(java.lang.String) throws java.lang.InterruptedException]]>
              </value>
            </param>
          </params>
          <reporter-output>
          </reporter-output>
        </test-method> <!-- setUp -->
        <test-method signature="verifyingGetItIn2DaysFilterFunctionality(java.lang.String)[pri:2, instance:amazonfilterapplicatione2e.AmazonTests@2fc6f97f]" started-at="2025-07-27T23:24:43 IST" name="verifyingGetItIn2DaysFilterFunctionality" data-provider="Data" finished-at="2025-07-27T23:24:52 IST" duration-ms="8478" status="FAIL">
          <params>
            <param index="0">
              <value>
                <![CDATA[Fridge]]>
              </value>
            </param>
          </params>
          <exception class="java.lang.AssertionError">
            <message>
              <![CDATA[❌ Delivery date mismatch at index 0. Text: Western Deep Freezer WHF D350H225GA with 4 year comprehensive warranty
4
₹23,175
M.R.P:
₹36,599 (37% off)
No Cost EMI available on select cards.
Delivery 1 - 5 Aug
Only 2 left in stock.
Add to cart expected [true] but found [false]]]>
            </message>
            <full-stacktrace>
              <![CDATA[java.lang.AssertionError: ❌ Delivery date mismatch at index 0. Text: Western Deep Freezer WHF D350H225GA with 4 year comprehensive warranty
4
₹23,175
M.R.P:
₹36,599 (37% off)
No Cost EMI available on select cards.
Delivery 1 - 5 Aug
Only 2 left in stock.
Add to cart expected [true] but found [false]
at org.testng.Assert.fail(Assert.java:99)
at org.testng.Assert.failNotEquals(Assert.java:1037)
at org.testng.Assert.assertTrue(Assert.java:45)
at amazonfilterapplicatione2e.AmazonTests.verifyingGetItIn2DaysFilterFunctionality(AmazonTests.java:120)
at java.base/jdk.internal.reflect.DirectMethodHandleAccessor.invoke(DirectMethodHandleAccessor.java:104)
at java.base/java.lang.reflect.Method.invoke(Method.java:565)
at org.testng.internal.MethodInvocationHelper.invokeMethod(MethodInvocationHelper.java:133)
at org.testng.internal.TestInvoker.invokeMethod(TestInvoker.java:598)
at org.testng.internal.TestInvoker.invokeTestMethod(TestInvoker.java:173)
at org.testng.internal.MethodRunner.runInSequence(MethodRunner.java:46)
at org.testng.internal.TestInvoker$MethodInvocationAgent.invoke(TestInvoker.java:824)
at org.testng.internal.TestInvoker.invokeTestMethods(TestInvoker.java:146)
at org.testng.internal.TestMethodWorker.invokeTestMethods(TestMethodWorker.java:146)
at org.testng.internal.TestMethodWorker.run(TestMethodWorker.java:128)
at java.base/java.util.concurrent.ThreadPoolExecutor.runWorker(ThreadPoolExecutor.java:1095)
at java.base/java.util.concurrent.ThreadPoolExecutor$Worker.run(ThreadPoolExecutor.java:619)
at java.base/java.lang.Thread.run(Thread.java:1447)
]]>
            </full-stacktrace>
          </exception> <!-- java.lang.AssertionError -->
          <reporter-output>
          </reporter-output>
        </test-method> <!-- verifyingGetItIn2DaysFilterFunctionality -->
        <test-method is-config="true" signature="tearDown(org.testng.ITestResult)[pri:0, instance:amazonfilterapplicatione2e.AmazonTests@2fc6f97f]" started-at="2025-07-27T23:24:45 IST" name="tearDown" finished-at="2025-07-27T23:24:46 IST" duration-ms="1283" status="PASS">
          <params>
            <param index="0">
              <value>
                <![CDATA[[TestResult name=verifyingGetItByTomorrowFilterFunctionality status=FAILURE method=AmazonTests.verifyingGetItByTomorrowFilterFunctionality(java.lang.String)[pri:1, instance:amazonfilterapplicatione2e.AmazonTests@2fc6f97f] output={null}]]]>
              </value>
            </param>
          </params>
          <reporter-output>
          </reporter-output>
        </test-method> <!-- tearDown -->
        <test-method is-config="true" signature="setUp(java.lang.reflect.Method)[pri:0, instance:amazonfilterapplicatione2e.AmazonTests@2fc6f97f]" started-at="2025-07-27T23:24:46 IST" name="setUp" finished-at="2025-07-27T23:24:48 IST" duration-ms="1693" status="PASS">
          <params>
            <param index="0">
              <value>
                <![CDATA[public void amazonfilterapplicatione2e.AmazonTests.verifyingGetItByTomorrowFilterFunctionality(java.lang.String) throws java.lang.InterruptedException]]>
              </value>
            </param>
          </params>
          <reporter-output>
          </reporter-output>
        </test-method> <!-- setUp -->
        <test-method signature="verifyingGetItByTomorrowFilterFunctionality(java.lang.String)[pri:1, instance:amazonfilterapplicatione2e.AmazonTests@2fc6f97f]" started-at="2025-07-27T23:24:48 IST" name="verifyingGetItByTomorrowFilterFunctionality" data-provider="Data" finished-at="2025-07-27T23:24:57 IST" duration-ms="8503" status="PASS">
          <params>
            <param index="0">
              <value>
                <![CDATA[AC]]>
              </value>
            </param>
          </params>
          <reporter-output>
          </reporter-output>
        </test-method> <!-- verifyingGetItByTomorrowFilterFunctionality -->
        <test-method is-config="true" signature="tearDown(org.testng.ITestResult)[pri:0, instance:amazonfilterapplicatione2e.AmazonTests@2fc6f97f]" started-at="2025-07-27T23:24:52 IST" name="tearDown" finished-at="2025-07-27T23:24:52 IST" duration-ms="240" status="PASS">
          <params>
            <param index="0">
              <value>
                <![CDATA[[TestResult name=verifyingGetItIn2DaysFilterFunctionality status=FAILURE method=AmazonTests.verifyingGetItIn2DaysFilterFunctionality(java.lang.String)[pri:2, instance:amazonfilterapplicatione2e.AmazonTests@2fc6f97f] output={null}]]]>
              </value>
            </param>
          </params>
          <reporter-output>
          </reporter-output>
        </test-method> <!-- tearDown -->
        <test-method is-config="true" signature="setUp(java.lang.reflect.Method)[pri:0, instance:amazonfilterapplicatione2e.AmazonTests@2fc6f97f]" started-at="2025-07-27T23:24:52 IST" name="setUp" finished-at="2025-07-27T23:24:54 IST" duration-ms="1584" status="PASS">
          <params>
            <param index="0">
              <value>
                <![CDATA[public void amazonfilterapplicatione2e.AmazonTests.verifyingGetItByTodayFilterFunctionality(java.lang.String) throws java.lang.InterruptedException]]>
              </value>
            </param>
          </params>
          <reporter-output>
          </reporter-output>
        </test-method> <!-- setUp -->
        <test-method signature="verifyingGetItByTodayFilterFunctionality(java.lang.String)[pri:3, instance:amazonfilterapplicatione2e.AmazonTests@2fc6f97f]" started-at="2025-07-27T23:24:54 IST" name="verifyingGetItByTodayFilterFunctionality" data-provider="Data" finished-at="2025-07-27T23:25:02 IST" duration-ms="8121" status="PASS">
          <params>
            <param index="0">
              <value>
                <![CDATA[Mobile]]>
              </value>
            </param>
          </params>
          <reporter-output>
          </reporter-output>
        </test-method> <!-- verifyingGetItByTodayFilterFunctionality -->
        <test-method is-config="true" signature="tearDown(org.testng.ITestResult)[pri:0, instance:amazonfilterapplicatione2e.AmazonTests@2fc6f97f]" started-at="2025-07-27T23:24:57 IST" name="tearDown" finished-at="2025-07-27T23:24:57 IST" duration-ms="413" status="PASS">
          <params>
            <param index="0">
              <value>
                <![CDATA[[TestResult name=verifyingGetItByTomorrowFilterFunctionality status=SUCCESS method=AmazonTests.verifyingGetItByTomorrowFilterFunctionality(java.lang.String)[pri:1, instance:amazonfilterapplicatione2e.AmazonTests@2fc6f97f] output={null}]]]>
              </value>
            </param>
          </params>
          <reporter-output>
          </reporter-output>
        </test-method> <!-- tearDown -->
        <test-method is-config="true" signature="setUp(java.lang.reflect.Method)[pri:0, instance:amazonfilterapplicatione2e.AmazonTests@2fc6f97f]" started-at="2025-07-27T23:24:57 IST" name="setUp" finished-at="2025-07-27T23:24:59 IST" duration-ms="1560" status="PASS">
          <params>
            <param index="0">
              <value>
                <![CDATA[public void amazonfilterapplicatione2e.AmazonTests.verifyingGetItByTomorrowFilterFunctionality(java.lang.String) throws java.lang.InterruptedException]]>
              </value>
            </param>
          </params>
          <reporter-output>
          </reporter-output>
        </test-method> <!-- setUp -->
        <test-method signature="verifyingGetItByTomorrowFilterFunctionality(java.lang.String)[pri:1, instance:amazonfilterapplicatione2e.AmazonTests@2fc6f97f]" started-at="2025-07-27T23:24:59 IST" name="verifyingGetItByTomorrowFilterFunctionality" data-provider="Data" finished-at="2025-07-27T23:25:07 IST" duration-ms="8087" status="PASS">
          <params>
            <param index="0">
              <value>
                <![CDATA[Fridge]]>
              </value>
            </param>
          </params>
          <reporter-output>
          </reporter-output>
        </test-method> <!-- verifyingGetItByTomorrowFilterFunctionality -->
        <test-method is-config="true" signature="tearDown(org.testng.ITestResult)[pri:0, instance:amazonfilterapplicatione2e.AmazonTests@2fc6f97f]" started-at="2025-07-27T23:25:02 IST" name="tearDown" finished-at="2025-07-27T23:25:02 IST" duration-ms="776" status="PASS">
          <params>
            <param index="0">
              <value>
                <![CDATA[[TestResult name=verifyingGetItByTodayFilterFunctionality status=SUCCESS method=AmazonTests.verifyingGetItByTodayFilterFunctionality(java.lang.String)[pri:3, instance:amazonfilterapplicatione2e.AmazonTests@2fc6f97f] output={null}]]]>
              </value>
            </param>
          </params>
          <reporter-output>
          </reporter-output>
        </test-method> <!-- tearDown -->
        <test-method is-config="true" signature="setUp(java.lang.reflect.Method)[pri:0, instance:amazonfilterapplicatione2e.AmazonTests@2fc6f97f]" started-at="2025-07-27T23:25:02 IST" name="setUp" finished-at="2025-07-27T23:25:04 IST" duration-ms="1155" status="PASS">
          <params>
            <param index="0">
              <value>
                <![CDATA[public void amazonfilterapplicatione2e.AmazonTests.verifyingGetItByTodayFilterFunctionality(java.lang.String) throws java.lang.InterruptedException]]>
              </value>
            </param>
          </params>
          <reporter-output>
          </reporter-output>
        </test-method> <!-- setUp -->
        <test-method signature="verifyingGetItByTodayFilterFunctionality(java.lang.String)[pri:3, instance:amazonfilterapplicatione2e.AmazonTests@2fc6f97f]" started-at="2025-07-27T23:25:04 IST" name="verifyingGetItByTodayFilterFunctionality" data-provider="Data" finished-at="2025-07-27T23:25:11 IST" duration-ms="7601" status="PASS">
          <params>
            <param index="0">
              <value>
                <![CDATA[Tv]]>
              </value>
            </param>
          </params>
          <reporter-output>
          </reporter-output>
        </test-method> <!-- verifyingGetItByTodayFilterFunctionality -->
        <test-method is-config="true" signature="tearDown(org.testng.ITestResult)[pri:0, instance:amazonfilterapplicatione2e.AmazonTests@2fc6f97f]" started-at="2025-07-27T23:25:07 IST" name="tearDown" finished-at="2025-07-27T23:25:07 IST" duration-ms="364" status="PASS">
          <params>
            <param index="0">
              <value>
                <![CDATA[[TestResult name=verifyingGetItByTomorrowFilterFunctionality status=SUCCESS method=AmazonTests.verifyingGetItByTomorrowFilterFunctionality(java.lang.String)[pri:1, instance:amazonfilterapplicatione2e.AmazonTests@2fc6f97f] output={null}]]]>
              </value>
            </param>
          </params>
          <reporter-output>
          </reporter-output>
        </test-method> <!-- tearDown -->
        <test-method signature="verifyingTheBrandsFilterFunctionality(java.lang.String)[pri:4, instance:amazonfilterapplicatione2e.AmazonTests@2fc6f97f]" started-at="2025-07-27T23:25:07 IST" name="verifyingTheBrandsFilterFunctionality" finished-at="2025-07-27T23:25:07 IST" duration-ms="0" status="FAIL">
          <exception class="org.testng.TestNGException">
            <message>
              <![CDATA[
Cannot inject @Test annotated Method [verifyingTheBrandsFilterFunctionality] with [class java.lang.String].
For more information on native dependency injection please refer to https://testng.org/doc/documentation-main.html#native-dependency-injection]]>
            </message>
            <full-stacktrace>
              <![CDATA[org.testng.TestNGException: 
Cannot inject @Test annotated Method [verifyingTheBrandsFilterFunctionality] with [class java.lang.String].
For more information on native dependency injection please refer to https://testng.org/doc/documentation-main.html#native-dependency-injection
at org.testng.internal.Parameters.checkParameterTypes(Parameters.java:439)
at org.testng.internal.Parameters.createParametersForMethod(Parameters.java:353)
at org.testng.internal.Parameters.createParameters(Parameters.java:708)
at org.testng.internal.Parameters.handleParameters(Parameters.java:884)
at org.testng.internal.Parameters.handleParameters(Parameters.java:740)
at org.testng.internal.ParameterHandler.handleParameters(ParameterHandler.java:59)
at org.testng.internal.ParameterHandler.createParameters(ParameterHandler.java:38)
at org.testng.internal.TestInvoker$MethodInvocationAgent.invoke(TestInvoker.java:791)
at org.testng.internal.TestInvoker.invokeTestMethods(TestInvoker.java:146)
at org.testng.internal.TestMethodWorker.invokeTestMethods(TestMethodWorker.java:146)
at org.testng.internal.TestMethodWorker.run(TestMethodWorker.java:128)
at java.base/java.util.concurrent.ThreadPoolExecutor.runWorker(ThreadPoolExecutor.java:1095)
at java.base/java.util.concurrent.ThreadPoolExecutor$Worker.run(ThreadPoolExecutor.java:619)
at java.base/java.lang.Thread.run(Thread.java:1447)
]]>
            </full-stacktrace>
          </exception> <!-- org.testng.TestNGException -->
          <reporter-output>
          </reporter-output>
        </test-method> <!-- verifyingTheBrandsFilterFunctionality -->
        <test-method is-config="true" signature="tearDown(org.testng.ITestResult)[pri:0, instance:amazonfilterapplicatione2e.AmazonTests@2fc6f97f]" started-at="2025-07-27T23:25:11 IST" name="tearDown" finished-at="2025-07-27T23:25:11 IST" duration-ms="253" status="PASS">
          <params>
            <param index="0">
              <value>
                <![CDATA[[TestResult name=verifyingGetItByTodayFilterFunctionality status=SUCCESS method=AmazonTests.verifyingGetItByTodayFilterFunctionality(java.lang.String)[pri:3, instance:amazonfilterapplicatione2e.AmazonTests@2fc6f97f] output={null}]]]>
              </value>
            </param>
          </params>
          <reporter-output>
          </reporter-output>
        </test-method> <!-- tearDown -->
        <test-method is-config="true" signature="setUp(java.lang.reflect.Method)[pri:0, instance:amazonfilterapplicatione2e.AmazonTests@2fc6f97f]" started-at="2025-07-27T23:25:11 IST" name="setUp" finished-at="2025-07-27T23:25:13 IST" duration-ms="1072" status="PASS">
          <params>
            <param index="0">
              <value>
                <![CDATA[public void amazonfilterapplicatione2e.AmazonTests.verifyingGetItByTodayFilterFunctionality(java.lang.String) throws java.lang.InterruptedException]]>
              </value>
            </param>
          </params>
          <reporter-output>
          </reporter-output>
        </test-method> <!-- setUp -->
        <test-method signature="verifyingGetItByTodayFilterFunctionality(java.lang.String)[pri:3, instance:amazonfilterapplicatione2e.AmazonTests@2fc6f97f]" started-at="2025-07-27T23:25:13 IST" name="verifyingGetItByTodayFilterFunctionality" data-provider="Data" finished-at="2025-07-27T23:25:20 IST" duration-ms="7212" status="PASS">
          <params>
            <param index="0">
              <value>
                <![CDATA[Charger]]>
              </value>
            </param>
          </params>
          <reporter-output>
          </reporter-output>
        </test-method> <!-- verifyingGetItByTodayFilterFunctionality -->
        <test-method is-config="true" signature="tearDown(org.testng.ITestResult)[pri:0, instance:amazonfilterapplicatione2e.AmazonTests@2fc6f97f]" started-at="2025-07-27T23:25:20 IST" name="tearDown" finished-at="2025-07-27T23:25:20 IST" duration-ms="228" status="PASS">
          <params>
            <param index="0">
              <value>
                <![CDATA[[TestResult name=verifyingGetItByTodayFilterFunctionality status=SUCCESS method=AmazonTests.verifyingGetItByTodayFilterFunctionality(java.lang.String)[pri:3, instance:amazonfilterapplicatione2e.AmazonTests@2fc6f97f] output={null}]]]>
              </value>
            </param>
          </params>
          <reporter-output>
          </reporter-output>
        </test-method> <!-- tearDown -->
        <test-method is-config="true" signature="setUp(java.lang.reflect.Method)[pri:0, instance:amazonfilterapplicatione2e.AmazonTests@2fc6f97f]" started-at="2025-07-27T23:25:20 IST" name="setUp" finished-at="2025-07-27T23:25:21 IST" duration-ms="1232" status="PASS">
          <params>
            <param index="0">
              <value>
                <![CDATA[public void amazonfilterapplicatione2e.AmazonTests.verifyingGetItByTodayFilterFunctionality(java.lang.String) throws java.lang.InterruptedException]]>
              </value>
            </param>
          </params>
          <reporter-output>
          </reporter-output>
        </test-method> <!-- setUp -->
        <test-method signature="verifyingGetItByTodayFilterFunctionality(java.lang.String)[pri:3, instance:amazonfilterapplicatione2e.AmazonTests@2fc6f97f]" started-at="2025-07-27T23:25:21 IST" name="verifyingGetItByTodayFilterFunctionality" data-provider="Data" finished-at="2025-07-27T23:25:29 IST" duration-ms="7404" status="PASS">
          <params>
            <param index="0">
              <value>
                <![CDATA[AC]]>
              </value>
            </param>
          </params>
          <reporter-output>
          </reporter-output>
        </test-method> <!-- verifyingGetItByTodayFilterFunctionality -->
        <test-method is-config="true" signature="tearDown(org.testng.ITestResult)[pri:0, instance:amazonfilterapplicatione2e.AmazonTests@2fc6f97f]" started-at="2025-07-27T23:25:29 IST" name="tearDown" finished-at="2025-07-27T23:25:29 IST" duration-ms="268" status="PASS">
          <params>
            <param index="0">
              <value>
                <![CDATA[[TestResult name=verifyingGetItByTodayFilterFunctionality status=SUCCESS method=AmazonTests.verifyingGetItByTodayFilterFunctionality(java.lang.String)[pri:3, instance:amazonfilterapplicatione2e.AmazonTests@2fc6f97f] output={null}]]]>
              </value>
            </param>
          </params>
          <reporter-output>
          </reporter-output>
        </test-method> <!-- tearDown -->
        <test-method is-config="true" signature="setUp(java.lang.reflect.Method)[pri:0, instance:amazonfilterapplicatione2e.AmazonTests@2fc6f97f]" started-at="2025-07-27T23:25:29 IST" name="setUp" finished-at="2025-07-27T23:25:30 IST" duration-ms="1032" status="PASS">
          <params>
            <param index="0">
              <value>
                <![CDATA[public void amazonfilterapplicatione2e.AmazonTests.verifyingGetItByTodayFilterFunctionality(java.lang.String) throws java.lang.InterruptedException]]>
              </value>
            </param>
          </params>
          <reporter-output>
          </reporter-output>
        </test-method> <!-- setUp -->
        <test-method signature="verifyingGetItByTodayFilterFunctionality(java.lang.String)[pri:3, instance:amazonfilterapplicatione2e.AmazonTests@2fc6f97f]" started-at="2025-07-27T23:25:30 IST" name="verifyingGetItByTodayFilterFunctionality" data-provider="Data" finished-at="2025-07-27T23:25:38 IST" duration-ms="8440" status="PASS">
          <params>
            <param index="0">
              <value>
                <![CDATA[Fridge]]>
              </value>
            </param>
          </params>
          <reporter-output>
          </reporter-output>
        </test-method> <!-- verifyingGetItByTodayFilterFunctionality -->
        <test-method is-config="true" signature="tearDown(org.testng.ITestResult)[pri:0, instance:amazonfilterapplicatione2e.AmazonTests@2fc6f97f]" started-at="2025-07-27T23:25:38 IST" name="tearDown" finished-at="2025-07-27T23:25:39 IST" duration-ms="267" status="PASS">
          <params>
            <param index="0">
              <value>
                <![CDATA[[TestResult name=verifyingGetItByTodayFilterFunctionality status=SUCCESS method=AmazonTests.verifyingGetItByTodayFilterFunctionality(java.lang.String)[pri:3, instance:amazonfilterapplicatione2e.AmazonTests@2fc6f97f] output={null}]]]>
              </value>
            </param>
          </params>
          <reporter-output>
          </reporter-output>
        </test-method> <!-- tearDown -->
      </class> <!-- amazonfilterapplicatione2e.AmazonTests -->
    </test> <!-- Test -->
  </suite> <!-- Suite -->
</testng-results>
