<?xml version="1.0" encoding="UTF-8"?>
<!-- Generated by org.testng.reporters.JUnitXMLReporter -->
<testsuite ignored="12" hostname="sagar" failures="3" tests="3" name="Default test" time="427.855" errors="0" timestamp="2025-12-13T20:05:33 IST">
  <testcase classname="test.java.tests.AmazonTests" name="verifyingDiscountFilterFunctionality" time="156.79">
    <failure type="java.lang.AssertionError" message="The following asserts failed:
	 filter &amp;apos;10% off or more&amp;apos; not found in product details.
-------------------------------------------------------------
 Title: apple iphone 15 (128 gb) - green
 Key Features: brand apple
operating system ios
memory storage capacity 128 gb
screen size 6.1 inches
resolution 2556 x 1179
 About: about this item
dynamic island comes to iphone 15 — dynamic island bubbles up alerts and live activities — so you don’t miss them while you’re doing something else. you can see who’s calling, track your next ride, check your flight status, and so much more.
innovative design — iphone 15 features a durable color-infused glass and aluminum design. it’s splash, water, and dust resistant. the ceramic shield front is tougher than any smartphone glass. and the 6.1&amp;quot; super retina xdr display is up to 2x brighter in the sun compared to iphone 14.
48mp main camera with 2x telephoto — the 48mp main camera shoots in super-high resolution. so it’s easier than ever to take standout photos with amazing detail. the 2x optical-quality telephoto lets you frame the perfect close-up.
next-generation portraits — capture portraits with dramatically more detail and color. just tap to shift the focus between subjects — even after you take the shot.
powerhouse a16 bionic chip — the superfast chip powers advanced features like computational photography, fluid dynamic island transitions, and voice isolation for phone calls. and a16 bionic is incredibly efficient to help deliver great all-day battery life.
› see more product details
 Tech Details: apple iphone 15 mobile phone information
technical details
os ios
ram 6 gb
product dimensions 0.78 x 7.16 x 14.76 cm; 171 g
batteries 1 lithium ion batteries required. (included)
item model number mtp53hn/a
wireless communication technologies bluetooth, wi-fi
connectivity technologies wi‑fi 6 (802.11ax) with 2x2 mimo;bluetooth 5.3
gps true
special features camera, usb
other display features wireless
resolution 2556 x 1179
other camera features front
audio jack usb type c
form factor bar
colour green
battery power rating 0.02 kilovolts
whats in the box iphone 15 1n, usb-c charge cable
manufacturer apple
country of origin china
item weight 171 g
additional information
asin b0chx6nqmd
customer reviews 4.5
(9,201)
4.5 out of 5 stars
best sellers rank
#234 in electronics (see top 100 in electronics)
#27 in smartphones
date first available 15 september 2023
manufacturer &amp;quot;apple inc, one apple park way, cupertino, ca 95014, usa. or apple india private limited 13th floor, prestige minsk square, municipal no. 6, cubbon road, bengaluru, karnataka - 560001, india&amp;quot;, apple
packer not applicable for apple (always)
importer (if applicable) apple india private limited no.24, 19th floor, concorde tower c, ub city, vittal mallya road, bangalore - 560 001
item dimensions lxwxh 8 x 72 x 148 millimeters
net quantity 2 count
generic name iphone 15
feedback
would you like to tell us about a lower price?
-------------------------------------------------------------,
	 filter &amp;apos;10% off or more&amp;apos; not found in product details.
-------------------------------------------------------------
 Title: iphone 16e 128 gb: built for apple intelligence, a18 chip, supersized battery life, 48mp fusion. camera, 15.40 cm (6.1″) super retina xdr display; black
 Key Features: brand apple
operating system ios
memory storage capacity 128 gb
screen size 6.1 inches
resolution 2532 x 1170
 About: about this item
built for apple intelligence — personal, private, powerful. write, express yourself and get things done effortlessly.
a18 chip. fast into the future — a18 chip empowers apple intelligence, gaming and ios updates for years to come.
supersized battery life — text, browse and binge movies and shows with up to 26 hours of video playback — the best battery life in a 6.1″ iphone.
cameras — the 2-in-1 camera system has a 48mp fusion camera for super-high-resolution photos and a 2x optical-quality telephoto. take incredible selfies with the 12mp front camera.
durable design. brilliant display — stunning 15.40 cm (6.1″) super retina xdr display. ceramic shield front, tougher than any smartphone glass.
durable design. brilliant display — stunning 15.40 cm (6.1″) super retina xdr display. ceramic shield front, tougher than any smartphone glass.
action button — get quick, customisable access to your favourite apps and features, or use visual intelligence to learn about your surroundings.
show more
 Tech Details: product information
technical details
manufacturer apple
country of origin china
item model number b0dxqh1dbs10
product dimensions 0.78 x 7.15 x 14.67 cm; 167 g
asin b0dxqh1dbs
additional information
manufacturer apple, apple inc, one apple park way, cupertino, ca 95014, usa. or apple india private limited no.24, 19th floor, concorde tower c, ub city, vittal mallya road, bangalore - 560 072
packer not applicable for apple (always)
importer (if applicable) apple india private limited 13th floor, prestige minsk square, municipal no. 6, cubbon road, bengaluru, karnataka - 560001, india
item weight 167 g
item dimensions lxwxh 8 x 71 x 147 millimeters
net quantity 1 count
included components usb-c charge cable, iphone 16e
generic name iphone 16e
-------------------------------------------------------------,
	 filter &amp;apos;25% off or more&amp;apos; not found in product details.
-------------------------------------------------------------
 Title: apple iphone 15 (128 gb) - green
 Key Features: brand apple
operating system ios
memory storage capacity 128 gb
screen size 6.1 inches
resolution 2556 x 1179
 About: about this item
dynamic island comes to iphone 15 — dynamic island bubbles up alerts and live activities — so you don’t miss them while you’re doing something else. you can see who’s calling, track your next ride, check your flight status, and so much more.
innovative design — iphone 15 features a durable color-infused glass and aluminum design. it’s splash, water, and dust resistant. the ceramic shield front is tougher than any smartphone glass. and the 6.1&amp;quot; super retina xdr display is up to 2x brighter in the sun compared to iphone 14.
48mp main camera with 2x telephoto — the 48mp main camera shoots in super-high resolution. so it’s easier than ever to take standout photos with amazing detail. the 2x optical-quality telephoto lets you frame the perfect close-up.
next-generation portraits — capture portraits with dramatically more detail and color. just tap to shift the focus between subjects — even after you take the shot.
powerhouse a16 bionic chip — the superfast chip powers advanced features like computational photography, fluid dynamic island transitions, and voice isolation for phone calls. and a16 bionic is incredibly efficient to help deliver great all-day battery life.
› see more product details
 Tech Details: apple iphone 15 mobile phone information
technical details
os ios
ram 6 gb
product dimensions 0.78 x 7.16 x 14.76 cm; 171 g
batteries 1 lithium ion batteries required. (included)
item model number mtp53hn/a
wireless communication technologies bluetooth, wi-fi
connectivity technologies wi‑fi 6 (802.11ax) with 2x2 mimo;bluetooth 5.3
gps true
special features camera, usb
other display features wireless
resolution 2556 x 1179
other camera features front
audio jack usb type c
form factor bar
colour green
battery power rating 0.02 kilovolts
whats in the box iphone 15 1n, usb-c charge cable
manufacturer apple
country of origin china
item weight 171 g
additional information
asin b0chx6nqmd
customer reviews 4.5
(9,206)
4.5 out of 5 stars
best sellers rank
#234 in electronics (see top 100 in electronics)
#27 in smartphones
date first available 15 september 2023
manufacturer &amp;quot;apple inc, one apple park way, cupertino, ca 95014, usa. or apple india private limited 13th floor, prestige minsk square, municipal no. 6, cubbon road, bengaluru, karnataka - 560001, india&amp;quot;, apple
packer not applicable for apple (always)
importer (if applicable) apple india private limited no.24, 19th floor, concorde tower c, ub city, vittal mallya road, bangalore - 560 001
item dimensions lxwxh 8 x 72 x 148 millimeters
net quantity 2 count
generic name iphone 15
feedback
would you like to tell us about a lower price?
-------------------------------------------------------------,
	 filter &amp;apos;25% off or more&amp;apos; not found in product details.
-------------------------------------------------------------
 Title: samsung galaxy m06 5g (sage green, 6gb ram, 128 gb storage) | mediatek dimensity 6300 | antutu score 422k+ | 12 5g bands| 25w fast charging | 4 gen of os upgrades | without charger
 Key Features: brand samsung
operating system android 15.0
ram memory installed size 6 gb
cpu model others
cpu speed 2.4 ghz
 About: about this item
monster processor - segment leading mediatek dimensity 6300, antutu score 422k+, latest android 15 operating system having one ui 7.0 platform, 2.4ghz, 2ghz clock speed with octa-core processor, upto 6 gb of ram
monster 5g experience - complete 5g experience with 12 5g bands (among the highest in the segment), all network support, faster download and upload speed
monster design, camera and display - refreshing design with new linear camera deco, slimmer with just 8.0 mm thickness, 50mp (f1.8) main wide angle camera + 2mp depth camera, 8mp (f2.0) selfie camera | video maximum resolution of fhd (1920 x 1080) at 30fps
monster security and os upgrades - knox security with segment leading 4 generations of android os upgrades and 4 years of security updates to keep your phone updated with all latest software developments. come with android 14 operating system having one ui 6 platform.
monster battery - get a massive 5000mah lithium-ion battery (non-removable) with segment leading fast charging 25w support. get more power in less time.
› see more product details
 Tech Details: samsung galaxy m06 5g mobile phone information
technical details
os android 15.0
product dimensions 0.8 x 7.74 x 16.74 cm; 191 g
item model number sm-m066b
connectivity technologies bluetooth, usb, wi-fi
gps true
special features built-in gps, dual sim, expandable memory, mobile hotspot capability, stereo speakers
other display features wireless
device interface - primary touchscreen
resolution 720 x 1600
other camera features front, rear
audio jack 3.5 mm
form factor bar
colour sage green
battery power rating 5000 milliamp hours
whats in the box data cable (c to c), quick start guide, sim ejection pin, smartphone
manufacturer samsung
country of origin india
item weight 191 g
additional information
asin b0dx655v11
customer reviews 4.0
(5,269)
4.0 out of 5 stars
best sellers rank
#23 in electronics (see top 100 in electronics)
#4 in smartphones
date first available 7 march 2025
manufacturer dixon technologies (india) ltd., plot no. 6, sector-90, noida, gautam buddha nagar, u.p. india-201305, samsung
packer samsung india electronics pvt. ltd. having its registered office at: 6th floor, dlf centre, sansad marg, new delhi-110001
importer samsung india electronics pvt. ltd. having its registered office at: 6th floor, dlf centre, sansad marg, new delhi-110001
item dimensions lxwxh 8 x 77 x 167 millimeters
net quantity 1 count
generic name smartphone
feedback
would you like to tell us about a lower price?
-------------------------------------------------------------,
	 filter &amp;apos;35% off or more&amp;apos; not found in product details.
-------------------------------------------------------------
 Title: samsung galaxy m06 5g (sage green, 4gb ram, 128 gb storage) | mediatek dimensity 6300 | antutu score 422k+ | 12 5g bands| 25w fast charging | 4 gen of os upgrades | without charger
 Key Features: brand samsung
operating system android 15.0
ram memory installed size 4 gb
cpu model others
cpu speed 2.4 ghz
 About: about this item
monster processor - segment leading mediatek dimensity 6300, antutu score 422k+, latest android 15 operating system having one ui 7.0 platform, 2.4ghz, 2ghz clock speed with octa-core processor, upto 6 gb of ram
monster 5g experience - complete 5g experience with 12 5g bands (among the highest in the segment), all network support, faster download and upload speed
monster design, camera and display - refreshing design with new linear camera deco, slimmer with just 8.0 mm thickness, 50mp (f1.8) main wide angle camera + 2mp depth camera, 8mp (f2.0) selfie camera | video maximum resolution of fhd (1920 x 1080) at 30fps
monster security and os upgrades - knox security with segment leading 4 generations of android os upgrades and 4 years of security updates to keep your phone updated with all latest software developments. come with android 14 operating system having one ui 6 platform.
monster battery - get a massive 5000mah lithium-ion battery (non-removable) with segment leading fast charging 25w support. get more power in less time.
› see more product details
 Tech Details: samsung galaxy m06 5g mobile phone information
technical details
os android 15.0
product dimensions 0.8 x 7.74 x 16.74 cm; 191 g
item model number sm-m066b
connectivity technologies bluetooth, usb, wi-fi
gps true
special features built-in gps, dual sim, expandable memory, mobile hotspot capability, stereo speakers
other display features wireless
device interface - primary touchscreen
resolution 720 x 1600
other camera features front, rear
audio jack 3.5 mm
form factor bar
colour sage green
battery power rating 5000 milliamp hours
whats in the box data cable (c to c), quick start guide, sim ejection pin, smartphone
manufacturer samsung
country of origin india
item weight 191 g
additional information
asin b0dx6p3rx9
customer reviews 4.0
(5,269)
4.0 out of 5 stars
best sellers rank
#23 in electronics (see top 100 in electronics)
#4 in smartphones
date first available 7 march 2025
manufacturer dixon technologies (india) ltd., plot no. 6, sector-90, noida, gautam buddha nagar, u.p. india-201305, samsung
packer samsung india electronics pvt. ltd. having its registered office at: 6th floor, dlf centre, sansad marg, new delhi-110001
importer samsung india electronics pvt. ltd. having its registered office at: 6th floor, dlf centre, sansad marg, new delhi-110001
item dimensions lxwxh 8 x 77 x 167 millimeters
net quantity 1 count
generic name smartphone
feedback
would you like to tell us about a lower price?
-------------------------------------------------------------,
	 filter &amp;apos;35% off or more&amp;apos; not found in product details.
-------------------------------------------------------------
 Title: redmi 13 5g prime edition, hawaiian blue, 8gb+128gb | india debut sd 4 gen 2 ae | 108mp pro grade camera | 6.79in largest display in segment
 Key Features: brand redmi
operating system android 14
ram memory installed size 8 gb
cpu model snapdragon
cpu speed 2.3 ghz
 About: about this item
display: large 17.24cm fhd+ 120hz adaptivesync display with corning gorilla glass 3 protection tüv rheinland low blue light, tüv flicker-free, tüv circadian friendly, wet finger touch display
processor: qualcomm snapdragon 4 gen2 accelerated edition octa-core processor for high performance ; up to 2.3ghz; android 14 with xiaomi hyperos, upto 12gb ram including 6gb virtual ram
camera: 108mp f/1.75 dual camera with 3x in-sensor zoom, classic film filters, portrait, night mode,hdr, 108mp mode, time-lapse, google lens, macro video | 13mp selfie camera
battery: 5030 mah large battery with 33w fast charger in-box and type-c connectivity
side fingerprint sensor, 3.5mm jack, ir blaster, ip53
› see more product details
 Tech Details: product information
technical details
os android 14
ram 8 gb
product dimensions 16.9 x 7.6 x 0.8 cm; 205 g
batteries 1 12v batteries required. (included)
item model number redmi 13 5g prime edition
wireless communication technologies bluetooth, wi-fi
connectivity technologies bluetooth, infrared, usb, wi-fi
gps true
special features camera, dual camera, fingerprint scanner, front camera, gorilla glass
other display features wireless
device interface - primary touchscreen
resolution 1080p
audio jack 3.5 mm
form factor bar
colour hawaiian blue
battery power rating 5030
phone talk time 36 hours
whats in the box usb cable
manufacturer redmi
country of origin india
item weight 205 g
additional information
asin b0d78x544x
customer reviews 4.1
(4,434)
4.1 out of 5 stars
best sellers rank
#28 in electronics (see top 100 in electronics)
#6 in smartphones
date first available 9 july 2024
manufacturer byd india private limited, developed plot no.oz-7,sipcot oragadam, sriperumbudur (tk) kancheepuram district 602105 tamil nadu., redmi
packer byd india private limited, developed plot no.oz-7,sipcot oragadam, sriperumbudur (tk) kancheepuram district 602105 tamil nadu.
importer xiaomi technology india private limited, building orchid. block e, embassy tech village, marathahalli outer ring road, devarabisanahalli, bengaluru 560103
item dimensions lxwxh 16.9 x 7.6 x 0.8 centimeters
net quantity 205 count
generic name smartphone
feedback
would you like to tell us about a lower price?
-------------------------------------------------------------">
      <![CDATA[java.lang.AssertionError: The following asserts failed:
 filter '10% off or more' not found in product details.
-------------------------------------------------------------
 Title: apple iphone 15 (128 gb) - green
 Key Features: brand apple
operating system ios
memory storage capacity 128 gb
screen size 6.1 inches
resolution 2556 x 1179
 About: about this item
dynamic island comes to iphone 15 — dynamic island bubbles up alerts and live activities — so you don’t miss them while you’re doing something else. you can see who’s calling, track your next ride, check your flight status, and so much more.
innovative design — iphone 15 features a durable color-infused glass and aluminum design. it’s splash, water, and dust resistant. the ceramic shield front is tougher than any smartphone glass. and the 6.1" super retina xdr display is up to 2x brighter in the sun compared to iphone 14.
48mp main camera with 2x telephoto — the 48mp main camera shoots in super-high resolution. so it’s easier than ever to take standout photos with amazing detail. the 2x optical-quality telephoto lets you frame the perfect close-up.
next-generation portraits — capture portraits with dramatically more detail and color. just tap to shift the focus between subjects — even after you take the shot.
powerhouse a16 bionic chip — the superfast chip powers advanced features like computational photography, fluid dynamic island transitions, and voice isolation for phone calls. and a16 bionic is incredibly efficient to help deliver great all-day battery life.
› see more product details
 Tech Details: apple iphone 15 mobile phone information
technical details
os ios
ram 6 gb
product dimensions 0.78 x 7.16 x 14.76 cm; 171 g
batteries 1 lithium ion batteries required. (included)
item model number mtp53hn/a
wireless communication technologies bluetooth, wi-fi
connectivity technologies wi‑fi 6 (802.11ax) with 2x2 mimo;bluetooth 5.3
gps true
special features camera, usb
other display features wireless
resolution 2556 x 1179
other camera features front
audio jack usb type c
form factor bar
colour green
battery power rating 0.02 kilovolts
whats in the box iphone 15 1n, usb-c charge cable
manufacturer apple
country of origin china
item weight 171 g
additional information
asin b0chx6nqmd
customer reviews 4.5
(9,201)
4.5 out of 5 stars
best sellers rank
#234 in electronics (see top 100 in electronics)
#27 in smartphones
date first available 15 september 2023
manufacturer "apple inc, one apple park way, cupertino, ca 95014, usa. or apple india private limited 13th floor, prestige minsk square, municipal no. 6, cubbon road, bengaluru, karnataka - 560001, india", apple
packer not applicable for apple (always)
importer (if applicable) apple india private limited no.24, 19th floor, concorde tower c, ub city, vittal mallya road, bangalore - 560 001
item dimensions lxwxh 8 x 72 x 148 millimeters
net quantity 2 count
generic name iphone 15
feedback
would you like to tell us about a lower price?
-------------------------------------------------------------,
 filter '10% off or more' not found in product details.
-------------------------------------------------------------
 Title: iphone 16e 128 gb: built for apple intelligence, a18 chip, supersized battery life, 48mp fusion. camera, 15.40 cm (6.1″) super retina xdr display; black
 Key Features: brand apple
operating system ios
memory storage capacity 128 gb
screen size 6.1 inches
resolution 2532 x 1170
 About: about this item
built for apple intelligence — personal, private, powerful. write, express yourself and get things done effortlessly.
a18 chip. fast into the future — a18 chip empowers apple intelligence, gaming and ios updates for years to come.
supersized battery life — text, browse and binge movies and shows with up to 26 hours of video playback — the best battery life in a 6.1″ iphone.
cameras — the 2-in-1 camera system has a 48mp fusion camera for super-high-resolution photos and a 2x optical-quality telephoto. take incredible selfies with the 12mp front camera.
durable design. brilliant display — stunning 15.40 cm (6.1″) super retina xdr display. ceramic shield front, tougher than any smartphone glass.
durable design. brilliant display — stunning 15.40 cm (6.1″) super retina xdr display. ceramic shield front, tougher than any smartphone glass.
action button — get quick, customisable access to your favourite apps and features, or use visual intelligence to learn about your surroundings.
show more
 Tech Details: product information
technical details
manufacturer apple
country of origin china
item model number b0dxqh1dbs10
product dimensions 0.78 x 7.15 x 14.67 cm; 167 g
asin b0dxqh1dbs
additional information
manufacturer apple, apple inc, one apple park way, cupertino, ca 95014, usa. or apple india private limited no.24, 19th floor, concorde tower c, ub city, vittal mallya road, bangalore - 560 072
packer not applicable for apple (always)
importer (if applicable) apple india private limited 13th floor, prestige minsk square, municipal no. 6, cubbon road, bengaluru, karnataka - 560001, india
item weight 167 g
item dimensions lxwxh 8 x 71 x 147 millimeters
net quantity 1 count
included components usb-c charge cable, iphone 16e
generic name iphone 16e
-------------------------------------------------------------,
 filter '25% off or more' not found in product details.
-------------------------------------------------------------
 Title: apple iphone 15 (128 gb) - green
 Key Features: brand apple
operating system ios
memory storage capacity 128 gb
screen size 6.1 inches
resolution 2556 x 1179
 About: about this item
dynamic island comes to iphone 15 — dynamic island bubbles up alerts and live activities — so you don’t miss them while you’re doing something else. you can see who’s calling, track your next ride, check your flight status, and so much more.
innovative design — iphone 15 features a durable color-infused glass and aluminum design. it’s splash, water, and dust resistant. the ceramic shield front is tougher than any smartphone glass. and the 6.1" super retina xdr display is up to 2x brighter in the sun compared to iphone 14.
48mp main camera with 2x telephoto — the 48mp main camera shoots in super-high resolution. so it’s easier than ever to take standout photos with amazing detail. the 2x optical-quality telephoto lets you frame the perfect close-up.
next-generation portraits — capture portraits with dramatically more detail and color. just tap to shift the focus between subjects — even after you take the shot.
powerhouse a16 bionic chip — the superfast chip powers advanced features like computational photography, fluid dynamic island transitions, and voice isolation for phone calls. and a16 bionic is incredibly efficient to help deliver great all-day battery life.
› see more product details
 Tech Details: apple iphone 15 mobile phone information
technical details
os ios
ram 6 gb
product dimensions 0.78 x 7.16 x 14.76 cm; 171 g
batteries 1 lithium ion batteries required. (included)
item model number mtp53hn/a
wireless communication technologies bluetooth, wi-fi
connectivity technologies wi‑fi 6 (802.11ax) with 2x2 mimo;bluetooth 5.3
gps true
special features camera, usb
other display features wireless
resolution 2556 x 1179
other camera features front
audio jack usb type c
form factor bar
colour green
battery power rating 0.02 kilovolts
whats in the box iphone 15 1n, usb-c charge cable
manufacturer apple
country of origin china
item weight 171 g
additional information
asin b0chx6nqmd
customer reviews 4.5
(9,206)
4.5 out of 5 stars
best sellers rank
#234 in electronics (see top 100 in electronics)
#27 in smartphones
date first available 15 september 2023
manufacturer "apple inc, one apple park way, cupertino, ca 95014, usa. or apple india private limited 13th floor, prestige minsk square, municipal no. 6, cubbon road, bengaluru, karnataka - 560001, india", apple
packer not applicable for apple (always)
importer (if applicable) apple india private limited no.24, 19th floor, concorde tower c, ub city, vittal mallya road, bangalore - 560 001
item dimensions lxwxh 8 x 72 x 148 millimeters
net quantity 2 count
generic name iphone 15
feedback
would you like to tell us about a lower price?
-------------------------------------------------------------,
 filter '25% off or more' not found in product details.
-------------------------------------------------------------
 Title: samsung galaxy m06 5g (sage green, 6gb ram, 128 gb storage) | mediatek dimensity 6300 | antutu score 422k+ | 12 5g bands| 25w fast charging | 4 gen of os upgrades | without charger
 Key Features: brand samsung
operating system android 15.0
ram memory installed size 6 gb
cpu model others
cpu speed 2.4 ghz
 About: about this item
monster processor - segment leading mediatek dimensity 6300, antutu score 422k+, latest android 15 operating system having one ui 7.0 platform, 2.4ghz, 2ghz clock speed with octa-core processor, upto 6 gb of ram
monster 5g experience - complete 5g experience with 12 5g bands (among the highest in the segment), all network support, faster download and upload speed
monster design, camera and display - refreshing design with new linear camera deco, slimmer with just 8.0 mm thickness, 50mp (f1.8) main wide angle camera + 2mp depth camera, 8mp (f2.0) selfie camera | video maximum resolution of fhd (1920 x 1080) at 30fps
monster security and os upgrades - knox security with segment leading 4 generations of android os upgrades and 4 years of security updates to keep your phone updated with all latest software developments. come with android 14 operating system having one ui 6 platform.
monster battery - get a massive 5000mah lithium-ion battery (non-removable) with segment leading fast charging 25w support. get more power in less time.
› see more product details
 Tech Details: samsung galaxy m06 5g mobile phone information
technical details
os android 15.0
product dimensions 0.8 x 7.74 x 16.74 cm; 191 g
item model number sm-m066b
connectivity technologies bluetooth, usb, wi-fi
gps true
special features built-in gps, dual sim, expandable memory, mobile hotspot capability, stereo speakers
other display features wireless
device interface - primary touchscreen
resolution 720 x 1600
other camera features front, rear
audio jack 3.5 mm
form factor bar
colour sage green
battery power rating 5000 milliamp hours
whats in the box data cable (c to c), quick start guide, sim ejection pin, smartphone
manufacturer samsung
country of origin india
item weight 191 g
additional information
asin b0dx655v11
customer reviews 4.0
(5,269)
4.0 out of 5 stars
best sellers rank
#23 in electronics (see top 100 in electronics)
#4 in smartphones
date first available 7 march 2025
manufacturer dixon technologies (india) ltd., plot no. 6, sector-90, noida, gautam buddha nagar, u.p. india-201305, samsung
packer samsung india electronics pvt. ltd. having its registered office at: 6th floor, dlf centre, sansad marg, new delhi-110001
importer samsung india electronics pvt. ltd. having its registered office at: 6th floor, dlf centre, sansad marg, new delhi-110001
item dimensions lxwxh 8 x 77 x 167 millimeters
net quantity 1 count
generic name smartphone
feedback
would you like to tell us about a lower price?
-------------------------------------------------------------,
 filter '35% off or more' not found in product details.
-------------------------------------------------------------
 Title: samsung galaxy m06 5g (sage green, 4gb ram, 128 gb storage) | mediatek dimensity 6300 | antutu score 422k+ | 12 5g bands| 25w fast charging | 4 gen of os upgrades | without charger
 Key Features: brand samsung
operating system android 15.0
ram memory installed size 4 gb
cpu model others
cpu speed 2.4 ghz
 About: about this item
monster processor - segment leading mediatek dimensity 6300, antutu score 422k+, latest android 15 operating system having one ui 7.0 platform, 2.4ghz, 2ghz clock speed with octa-core processor, upto 6 gb of ram
monster 5g experience - complete 5g experience with 12 5g bands (among the highest in the segment), all network support, faster download and upload speed
monster design, camera and display - refreshing design with new linear camera deco, slimmer with just 8.0 mm thickness, 50mp (f1.8) main wide angle camera + 2mp depth camera, 8mp (f2.0) selfie camera | video maximum resolution of fhd (1920 x 1080) at 30fps
monster security and os upgrades - knox security with segment leading 4 generations of android os upgrades and 4 years of security updates to keep your phone updated with all latest software developments. come with android 14 operating system having one ui 6 platform.
monster battery - get a massive 5000mah lithium-ion battery (non-removable) with segment leading fast charging 25w support. get more power in less time.
› see more product details
 Tech Details: samsung galaxy m06 5g mobile phone information
technical details
os android 15.0
product dimensions 0.8 x 7.74 x 16.74 cm; 191 g
item model number sm-m066b
connectivity technologies bluetooth, usb, wi-fi
gps true
special features built-in gps, dual sim, expandable memory, mobile hotspot capability, stereo speakers
other display features wireless
device interface - primary touchscreen
resolution 720 x 1600
other camera features front, rear
audio jack 3.5 mm
form factor bar
colour sage green
battery power rating 5000 milliamp hours
whats in the box data cable (c to c), quick start guide, sim ejection pin, smartphone
manufacturer samsung
country of origin india
item weight 191 g
additional information
asin b0dx6p3rx9
customer reviews 4.0
(5,269)
4.0 out of 5 stars
best sellers rank
#23 in electronics (see top 100 in electronics)
#4 in smartphones
date first available 7 march 2025
manufacturer dixon technologies (india) ltd., plot no. 6, sector-90, noida, gautam buddha nagar, u.p. india-201305, samsung
packer samsung india electronics pvt. ltd. having its registered office at: 6th floor, dlf centre, sansad marg, new delhi-110001
importer samsung india electronics pvt. ltd. having its registered office at: 6th floor, dlf centre, sansad marg, new delhi-110001
item dimensions lxwxh 8 x 77 x 167 millimeters
net quantity 1 count
generic name smartphone
feedback
would you like to tell us about a lower price?
-------------------------------------------------------------,
 filter '35% off or more' not found in product details.
-------------------------------------------------------------
 Title: redmi 13 5g prime edition, hawaiian blue, 8gb+128gb | india debut sd 4 gen 2 ae | 108mp pro grade camera | 6.79in largest display in segment
 Key Features: brand redmi
operating system android 14
ram memory installed size 8 gb
cpu model snapdragon
cpu speed 2.3 ghz
 About: about this item
display: large 17.24cm fhd+ 120hz adaptivesync display with corning gorilla glass 3 protection tüv rheinland low blue light, tüv flicker-free, tüv circadian friendly, wet finger touch display
processor: qualcomm snapdragon 4 gen2 accelerated edition octa-core processor for high performance ; up to 2.3ghz; android 14 with xiaomi hyperos, upto 12gb ram including 6gb virtual ram
camera: 108mp f/1.75 dual camera with 3x in-sensor zoom, classic film filters, portrait, night mode,hdr, 108mp mode, time-lapse, google lens, macro video | 13mp selfie camera
battery: 5030 mah large battery with 33w fast charger in-box and type-c connectivity
side fingerprint sensor, 3.5mm jack, ir blaster, ip53
› see more product details
 Tech Details: product information
technical details
os android 14
ram 8 gb
product dimensions 16.9 x 7.6 x 0.8 cm; 205 g
batteries 1 12v batteries required. (included)
item model number redmi 13 5g prime edition
wireless communication technologies bluetooth, wi-fi
connectivity technologies bluetooth, infrared, usb, wi-fi
gps true
special features camera, dual camera, fingerprint scanner, front camera, gorilla glass
other display features wireless
device interface - primary touchscreen
resolution 1080p
audio jack 3.5 mm
form factor bar
colour hawaiian blue
battery power rating 5030
phone talk time 36 hours
whats in the box usb cable
manufacturer redmi
country of origin india
item weight 205 g
additional information
asin b0d78x544x
customer reviews 4.1
(4,434)
4.1 out of 5 stars
best sellers rank
#28 in electronics (see top 100 in electronics)
#6 in smartphones
date first available 9 july 2024
manufacturer byd india private limited, developed plot no.oz-7,sipcot oragadam, sriperumbudur (tk) kancheepuram district 602105 tamil nadu., redmi
packer byd india private limited, developed plot no.oz-7,sipcot oragadam, sriperumbudur (tk) kancheepuram district 602105 tamil nadu.
importer xiaomi technology india private limited, building orchid. block e, embassy tech village, marathahalli outer ring road, devarabisanahalli, bengaluru 560103
item dimensions lxwxh 16.9 x 7.6 x 0.8 centimeters
net quantity 205 count
generic name smartphone
feedback
would you like to tell us about a lower price?
-------------------------------------------------------------
at org.testng.asserts.SoftAssert.assertAll(SoftAssert.java:47)
at org.testng.asserts.SoftAssert.assertAll(SoftAssert.java:31)
at test.java.tests.AmazonTests.verifyingDiscountFilterFunctionality(AmazonTests.java:978)
at java.base/jdk.internal.reflect.DirectMethodHandleAccessor.invoke(DirectMethodHandleAccessor.java:103)
at java.base/java.lang.reflect.Method.invoke(Method.java:580)
at org.testng.internal.MethodInvocationHelper.invokeMethod(MethodInvocationHelper.java:133)
at org.testng.internal.TestInvoker.invokeMethod(TestInvoker.java:598)
at org.testng.internal.TestInvoker.invokeTestMethod(TestInvoker.java:173)
at org.testng.internal.MethodRunner.runInSequence(MethodRunner.java:46)
at org.testng.internal.TestInvoker$MethodInvocationAgent.invoke(TestInvoker.java:824)
at org.testng.internal.TestInvoker.invokeTestMethods(TestInvoker.java:146)
at org.testng.internal.TestMethodWorker.invokeTestMethods(TestMethodWorker.java:146)
at org.testng.internal.TestMethodWorker.run(TestMethodWorker.java:128)
at java.base/java.util.ArrayList.forEach(ArrayList.java:1596)
at org.testng.TestRunner.privateRun(TestRunner.java:794)
at org.testng.TestRunner.run(TestRunner.java:596)
at org.testng.SuiteRunner.runTest(SuiteRunner.java:377)
at org.testng.SuiteRunner.runSequentially(SuiteRunner.java:371)
at org.testng.SuiteRunner.privateRun(SuiteRunner.java:332)
at org.testng.SuiteRunner.run(SuiteRunner.java:276)
at org.testng.SuiteRunnerWorker.runSuite(SuiteRunnerWorker.java:53)
at org.testng.SuiteRunnerWorker.run(SuiteRunnerWorker.java:96)
at org.testng.TestNG.runSuitesSequentially(TestNG.java:1212)
at org.testng.TestNG.runSuitesLocally(TestNG.java:1134)
at org.testng.TestNG.runSuites(TestNG.java:1063)
at org.testng.TestNG.run(TestNG.java:1031)
at org.testng.remote.AbstractRemoteTestNG.run(AbstractRemoteTestNG.java:115)
at org.testng.remote.RemoteTestNG.initAndRun(RemoteTestNG.java:293)
at org.testng.remote.RemoteTestNG.main(RemoteTestNG.java:91)
]]>
    </failure>
  </testcase> <!-- verifyingDiscountFilterFunctionality -->
  <testcase classname="test.java.tests.AmazonTests" name="verifyingDiscountFilterFunctionality" time="135.515">
    <failure type="java.lang.AssertionError" message="The following asserts failed:
	 filter &amp;apos;10% off or more&amp;apos; not found in product details.
-------------------------------------------------------------
 Title: dell 15, intel core i3 13th gen - 1305u, 16 gb:ddr4 ram, 512gb, fhd 15.6&amp;quot;/39.6 cm narrow border display, windows 11, office h&amp;amp;s 2024, carbon grey, intel uhd graphics, 1.66 kg thin &amp;amp; light laptop
 Key Features: brand dell
model name vostro 3530
screen size 15 inches
colour carbon grey
hard disk size 512 gb
cpu model core i3
ram memory installed size 16 gb
 About: about this item
processor: 13th gen intel core i3-1305u, 10mb up to 4.50ghz, 10 core
ram: 16 gb: 2 x 8 gb, ddr4, 2666 mt/s | storage: 512gb ssd
display: 15.6&amp;quot; fhd wva ag 120hz 250 nits narrow border intel | graphics: intel uhd graphics
keyboard: standard keyboard
ports: 1 usb 2.0 port, 1 headset jack, 1 hdmi 1.4 port*, 1 flip-down rj-45 port 10/100/1000 mbps, 1 sd 3.0 card slot, 1 usb 3.2 gen 1 port, usb 3.2 gen 1 type-c (data only)
software: pre-loaded windows 11 home with lifetime validity | ms office home and student 2024 with lifetime validity| mcafee multi device security 12-month subscription
› see more product details
 Tech Details: product information
technical details
brand dell
manufacturer dell, dell international services india private limited
series vostro 3530
colour carbon grey
form factor laptop
standing screen display size 15 inches
screen resolution 1920 x 1080 pixels
package dimensions 46 x 35.4 x 7 cm; 1.66 kg
batteries 1 12v batteries required. (included)
item model number i3-1305u
processor brand intel
processor type core i3
processor speed 4.5 ghz
processor count 1
memory technology ddr4
computer memory type ddr4 sdram
maximum memory supported 16 gb
hard drive size 512 gb
hard disk description ssd
graphics coprocessor intel uhd graphics
graphics chipset brand intel
graphics card description integrated
graphics ram type shared
graphics card interface pci express
connectivity type bluetooth
wireless type bluetooth
number of usb 2.0 ports 1
number of usb 3.0 ports 2
number of hdmi ports 1
operating system windows 11 home
are batteries included yes
lithium battery energy content 41 watt hours
number of lithium ion cells 3
included components documents, laptop, power cable
manufacturer dell
country of origin china
item weight 1 kg 660 g
additional information
asin b0fg2rj9nc
customer reviews 3.8
(203)
3.8 out of 5 stars
best sellers rank
#1,661 in computers &amp;amp; accessories (see top 100 in computers &amp;amp; accessories)
#31 in traditional laptops
date first available 30 june 2025
packer dell international services india private limited
importer dell international services india private limited
net quantity 1 count
generic name laptop
feedback
would you like to tell us about a lower price?
-------------------------------------------------------------,
	 filter &amp;apos;10% off or more&amp;apos; not found in product details.
-------------------------------------------------------------
 Title: dell 15 intel core i5 13th gen - 1334u, 16gb ddr4 ram, 512gb ssd, fhd 15.6&amp;quot;/39.62 cm, windows 11, mso&amp;apos;24, grey, 1.66kg, 120hz 250 nits display, 15 month mcafee, thin &amp;amp; light laptop
 Key Features: brand dell
model name vostro 3530
screen size 15.6 inches
colour silver
hard disk size 512 gb
cpu model core i5
ram memory installed size 16 gb
 About: about this item
processor: 13th generation intel core i5-1334u (up to 4.60ghz, 10 cores, 12mb cache)
ram: 16 gb: 2 x 8 gb, ddr4, 2666 mt/s &amp;amp; storage: 512gb ssd
display: 15.6&amp;quot; fhd wva ag 120hz 250 nits narrow border
standard keyboard
software: pre-loaded windows 11 home with lifetime validity | ms office home and student 2024 with lifetime validity| mcafee multi device security 15-month subscription
ports: 1 usb 3.2 gen 1 type-a port + 1 usb 3.2 gen 1 type-c data only, 1 usb 2.0 port, 1 headset jack, 1 hdmi 1.4 port*, 1 m.2 2230/2280 slot for solid-state drive, 1 sd 3.0 card slot
wi-fi &amp;amp; bluetooth: realtek wi-fi 5 rtl8821ce, 1x1, 802.11ac, mu-mimo, bluetooth wireless card
› see more product details
 Tech Details: product information
technical details
brand dell
manufacturer dell india pvt ltd, dell india pvt ltd
series vostro 3530
colour silver
form factor standard laptop
item height 45.9 centimeters
item width 35.4 centimeters
standing screen display size 15.6 inches
screen resolution 1920 x 1080 pixels
resolution 1920 x 1080 pixels
product dimensions 7.2 x 35.4 x 45.9 cm; 1.62 kg
batteries 1 lithium ion batteries required. (included)
item model number vostro 3530
processor brand intel
processor type core i5
processor speed 4.6 ghz
processor count 1
memory technology ddr4
computer memory type ddr4 sdram
maximum memory supported 16 gb
hard drive size 512 gb
hard disk description ssd
hard drive interface usb
audio details speakers
graphics coprocessor intel uhd graphics
graphics chipset brand intel
graphics card description integrated
graphics ram type shared
graphics card interface integrated
connectivity type wi-fi
wireless type 802.11ac
number of usb 2.0 ports 1
number of usb 3.0 ports 2
number of hdmi ports 1
operating system windows 11 home
average battery life (in hours) 7 hours
are batteries included yes
lithium battery energy content 41 watt hours
number of lithium ion cells 3
included components laptop, battery, ac adapter, user guide, manuals
manufacturer dell india pvt ltd
country of origin china
item weight 1 kg 620 g
additional information
asin b0d2y1bldt
customer reviews 3.7
(462)
3.7 out of 5 stars
best sellers rank
#2,325 in computers &amp;amp; accessories (see top 100 in computers &amp;amp; accessories)
#52 in traditional laptops
date first available 29 april 2024
packer dell india pvt ltd
importer dell india pvt ltd
item dimensions lxwxh 7.2 x 35.4 x 45.9 centimeters
net quantity 1 count
generic name laptop
feedback
would you like to tell us about a lower price?
-------------------------------------------------------------,
	 filter &amp;apos;25% off or more&amp;apos; not found in product details.
-------------------------------------------------------------
 Title: dell 15, 13th generation intel core i5-1334u processor, 16gb ram, 1tb ssd, fhd 15.6&amp;quot;/39.62 cm display, windows 11, mso&amp;apos;24, silver, 1.62kg, backlit keyboard, 15 month mcafee, thin &amp;amp; light laptop
 Key Features: brand dell
model name inspiron
screen size 15.6 inches
colour silver
hard disk size 1 tb
cpu model core i5
ram memory installed size 16 gb
 About: about this item
portable powerhouse: weighing up to 162 kg with a slim profile, this laptop is perfect for students and professionals on-the-go,
enhanced productivity: with 16gb of ddr4 ram and a 1tb m2 pcie nvme ssd, you can multitask with ease and store all your files efficiently,
powerful processing: powered by the 13th gen intel core i5-1334u processor, this laptop delivers strong performance for everyday computing tasks,
vibrant display: the 15.6-inch full hd display with 120hz refresh rate and ips technology offers smooth visuals for work and entertainment,
backlit keyboard: includes a backlit english international keyboard with numeric keypad for comfortable typing in any lighting condition
› see more product details
 Tech Details: product information
technical details
brand dell
manufacturer dell india pvt ltd, dell india pvt. ltd.
series inspiron
colour silver
form factor clamshell
standing screen display size 15.6 inches
screen resolution 1920 x 1080 pixels
resolution 1920 x 1080 pixels
package dimensions 46.1 x 35.5 x 6.9 cm; 1.62 kg
batteries 1 lithium ion batteries required. (included)
item model number inspiron 3530
processor brand intel
processor type core i5
processor speed 4.6 ghz
processor count 1
memory technology ddr4
computer memory type ddr4 sdram
maximum memory supported 16 gb
hard drive size 1 tb
hard disk description ssd
hard drive interface usb
graphics coprocessor intel iris xe graphics
graphics chipset brand intel
graphics card description integrated
graphics ram type ddr4 sdram
graphics card interface integrated
connectivity type wi-fi
wireless type bluetooth
number of usb 2.0 ports 1
number of usb 3.0 ports 2
number of hdmi ports 1
optical drive type no optical device
operating system windows 11 home
are batteries included yes
lithium battery energy content 41 watt hours
number of lithium ion cells 3
included components laptop | power cable |user manual
manufacturer dell india pvt ltd
country of origin china
item weight 1 kg 620 g
additional information
asin b0dsfqztvw
customer reviews 3.9
(1,143)
3.9 out of 5 stars
best sellers rank
#1,402 in computers &amp;amp; accessories (see top 100 in computers &amp;amp; accessories)
#24 in traditional laptops
date first available 7 january 2025
packer dell india pvt. ltd.
importer dell india pvt. ltd.
net quantity 1 count
generic name laptop
feedback
would you like to tell us about a lower price?
-------------------------------------------------------------,
	 filter &amp;apos;25% off or more&amp;apos; not found in product details.
-------------------------------------------------------------
 Title: dell 15, intel core i3 13th gen - 1305u, 16 gb:ddr4 ram, 512gb, fhd 15.6&amp;quot;/39.6 cm narrow border display, windows 11, office h&amp;amp;s 2024, carbon grey, intel uhd graphics, 1.66 kg thin &amp;amp; light laptop
 Key Features: brand dell
model name vostro 3530
screen size 15 inches
colour carbon grey
hard disk size 512 gb
cpu model core i3
ram memory installed size 16 gb
 About: about this item
processor: 13th gen intel core i3-1305u, 10mb up to 4.50ghz, 10 core
ram: 16 gb: 2 x 8 gb, ddr4, 2666 mt/s | storage: 512gb ssd
display: 15.6&amp;quot; fhd wva ag 120hz 250 nits narrow border intel | graphics: intel uhd graphics
keyboard: standard keyboard
ports: 1 usb 2.0 port, 1 headset jack, 1 hdmi 1.4 port*, 1 flip-down rj-45 port 10/100/1000 mbps, 1 sd 3.0 card slot, 1 usb 3.2 gen 1 port, usb 3.2 gen 1 type-c (data only)
software: pre-loaded windows 11 home with lifetime validity | ms office home and student 2024 with lifetime validity| mcafee multi device security 12-month subscription
› see more product details
 Tech Details: product information
technical details
brand dell
manufacturer dell, dell international services india private limited
series vostro 3530
colour carbon grey
form factor laptop
standing screen display size 15 inches
screen resolution 1920 x 1080 pixels
package dimensions 46 x 35.4 x 7 cm; 1.66 kg
batteries 1 12v batteries required. (included)
item model number i3-1305u
processor brand intel
processor type core i3
processor speed 4.5 ghz
processor count 1
memory technology ddr4
computer memory type ddr4 sdram
maximum memory supported 16 gb
hard drive size 512 gb
hard disk description ssd
graphics coprocessor intel uhd graphics
graphics chipset brand intel
graphics card description integrated
graphics ram type shared
graphics card interface pci express
connectivity type bluetooth
wireless type bluetooth
number of usb 2.0 ports 1
number of usb 3.0 ports 2
number of hdmi ports 1
operating system windows 11 home
are batteries included yes
lithium battery energy content 41 watt hours
number of lithium ion cells 3
included components documents, laptop, power cable
manufacturer dell
country of origin china
item weight 1 kg 660 g
additional information
asin b0fg2rj9nc
customer reviews 3.8
(203)
3.8 out of 5 stars
best sellers rank
#1,661 in computers &amp;amp; accessories (see top 100 in computers &amp;amp; accessories)
#31 in traditional laptops
date first available 30 june 2025
packer dell international services india private limited
importer dell international services india private limited
net quantity 1 count
generic name laptop
feedback
would you like to tell us about a lower price?
-------------------------------------------------------------,
	 filter &amp;apos;35% off or more&amp;apos; not found in product details.
-------------------------------------------------------------
 Title: dell 15, intel core i3 13th gen - 1305u, 16 gb:ddr4 ram, 512gb, fhd 15.6&amp;quot;/39.6 cm narrow border display, windows 11, office h&amp;amp;s 2024, carbon grey, intel uhd graphics, 1.66 kg thin &amp;amp; light laptop
 Key Features: brand dell
model name vostro 3530
screen size 15 inches
colour carbon grey
hard disk size 512 gb
cpu model core i3
ram memory installed size 16 gb
 About: about this item
processor: 13th gen intel core i3-1305u, 10mb up to 4.50ghz, 10 core
ram: 16 gb: 2 x 8 gb, ddr4, 2666 mt/s | storage: 512gb ssd
display: 15.6&amp;quot; fhd wva ag 120hz 250 nits narrow border intel | graphics: intel uhd graphics
keyboard: standard keyboard
ports: 1 usb 2.0 port, 1 headset jack, 1 hdmi 1.4 port*, 1 flip-down rj-45 port 10/100/1000 mbps, 1 sd 3.0 card slot, 1 usb 3.2 gen 1 port, usb 3.2 gen 1 type-c (data only)
software: pre-loaded windows 11 home with lifetime validity | ms office home and student 2024 with lifetime validity| mcafee multi device security 12-month subscription
› see more product details
 Tech Details: product information
technical details
brand dell
manufacturer dell, dell international services india private limited
series vostro 3530
colour carbon grey
form factor laptop
standing screen display size 15 inches
screen resolution 1920 x 1080 pixels
package dimensions 46 x 35.4 x 7 cm; 1.66 kg
batteries 1 12v batteries required. (included)
item model number i3-1305u
processor brand intel
processor type core i3
processor speed 4.5 ghz
processor count 1
memory technology ddr4
computer memory type ddr4 sdram
maximum memory supported 16 gb
hard drive size 512 gb
hard disk description ssd
graphics coprocessor intel uhd graphics
graphics chipset brand intel
graphics card description integrated
graphics ram type shared
graphics card interface pci express
connectivity type bluetooth
wireless type bluetooth
number of usb 2.0 ports 1
number of usb 3.0 ports 2
number of hdmi ports 1
operating system windows 11 home
are batteries included yes
lithium battery energy content 41 watt hours
number of lithium ion cells 3
included components documents, laptop, power cable
manufacturer dell
country of origin china
item weight 1 kg 660 g
additional information
asin b0fg2rj9nc
customer reviews 3.8
(203)
3.8 out of 5 stars
best sellers rank
#1,661 in computers &amp;amp; accessories (see top 100 in computers &amp;amp; accessories)
#31 in traditional laptops
date first available 30 june 2025
packer dell international services india private limited
importer dell international services india private limited
net quantity 1 count
generic name laptop
feedback
would you like to tell us about a lower price?
-------------------------------------------------------------,
	 filter &amp;apos;35% off or more&amp;apos; not found in product details.
-------------------------------------------------------------
 Title: lenovo v15 intel core i3 13th gen (16gb ram/512gb ssd/windows 11 home/office 2024/iron grey) 15.6&amp;quot; fhd (1920x1080) antiglare 250 nits thin &amp;amp; light laptop/1y onsite/1.65 kg, 83cca08kin
 Key Features: brand lenovo
model name lenovo v15
screen size 15.6 inches
colour iron grey
hard disk size 512 gb
cpu model core i3
ram memory installed size 16 gb
 About: about this item
processor: 13th gen intel core i3-1315u processor | 6 cores | 8 threads | speed upto 4.5 ghz | 10mb cache | memory: 16gb ddr4 ram 3200 mhz, dual-channel capable upgradable up to 16gb | storage: 512gb ssd m.2 upgradable up to 1tb
operating system: preloaded windows 11 home sl with lifetime validity | pre-installed software: microsoft office home 2024
display: 15.6&amp;quot; screen with (1920x1080) fhd antiglare, 250nits display | graphics: intel uhd graphics comes with directx 12.1 enables amazing graphics| monitor supports: supports up to 3 independent displays
ports: 1x usb 2.0 | 1x usb 3.2 gen 1 | 1x usb-c 3.2 gen 1 (support data transfer, power delivery (20v only) and displayport 1.2) | 1x hdmi 1.4b | 1x ethernet rj-45 (lan port) | 1x headphone/microphone combo jack (3.5mm) | 1x power connector
keyboard: 6-row, spill-resistant, multimedia fn keys, smb service hot key, numeric keypad, key travel 1.3mm | touchpad: buttonless mylar surface multi-touch touchpad, supports precision touchpad
› see more product details
 Tech Details: product information
technical details
brand lenovo
manufacturer lenovo, lenovo india pvt ltd, rsno 19/1a,2a edayar palayam village, cuddalore main road, thavalakuppam.pondicherry-605007
series lenovo v15
colour iron grey
form factor clamshell
standing screen display size 15.6 inches
screen resolution 1920 x 1080 pixels
resolution 1920 x 1080 pixels
package dimensions 48.79 x 30.8 x 7.4 cm; 1.65 kg
batteries 1 aaa batteries required. (included)
item model number i3-1315u
processor brand intel
processor type core i3
processor speed 1.2 ghz
processor count 1
memory technology ddr4
computer memory type ddr4 sdram
maximum memory supported 16 gb
hard drive size 512 gb
hard disk description ssd
audio details headphones, speakers
speaker description stereo speakers
graphics chipset brand intel
graphics card description integrated
graphics ram type shared
graphics card interface integrated
connectivity type bluetooth, wi-fi
wireless type 802.11ax
number of usb 2.0 ports 1
number of hdmi ports 1
number of ethernet ports 1
optical drive type no optical drive
operating system windows 11 home
average battery life (in hours) 38 hours
are batteries included yes
lithium battery energy content 38 watt hours
number of lithium ion cells 2
included components laptop, user manual, adapter
manufacturer lenovo
country of origin india
item weight 1 kg 650 g
additional information
asin b0fns215rc
customer reviews 4.0
(53)
4.0 out of 5 stars
best sellers rank
#706 in computers &amp;amp; accessories (see top 100 in computers &amp;amp; accessories)
#7 in traditional laptops
date first available 26 august 2025
packer lenovo india pvt ltd, rsno 19/1a,2a edayar palayam village, cuddalore main road, thavalakuppam.pondicherry-605007
importer lenovo india pvt ltd, rbd icon, 2nd floor, doddenekundi, marathaalli outer ring road, bangalore, india 560037
net quantity 1 case
generic name laptop
feedback
would you like to tell us about a lower price?
-------------------------------------------------------------">
      <![CDATA[java.lang.AssertionError: The following asserts failed:
 filter '10% off or more' not found in product details.
-------------------------------------------------------------
 Title: dell 15, intel core i3 13th gen - 1305u, 16 gb:ddr4 ram, 512gb, fhd 15.6"/39.6 cm narrow border display, windows 11, office h&s 2024, carbon grey, intel uhd graphics, 1.66 kg thin & light laptop
 Key Features: brand dell
model name vostro 3530
screen size 15 inches
colour carbon grey
hard disk size 512 gb
cpu model core i3
ram memory installed size 16 gb
 About: about this item
processor: 13th gen intel core i3-1305u, 10mb up to 4.50ghz, 10 core
ram: 16 gb: 2 x 8 gb, ddr4, 2666 mt/s | storage: 512gb ssd
display: 15.6" fhd wva ag 120hz 250 nits narrow border intel | graphics: intel uhd graphics
keyboard: standard keyboard
ports: 1 usb 2.0 port, 1 headset jack, 1 hdmi 1.4 port*, 1 flip-down rj-45 port 10/100/1000 mbps, 1 sd 3.0 card slot, 1 usb 3.2 gen 1 port, usb 3.2 gen 1 type-c (data only)
software: pre-loaded windows 11 home with lifetime validity | ms office home and student 2024 with lifetime validity| mcafee multi device security 12-month subscription
› see more product details
 Tech Details: product information
technical details
brand dell
manufacturer dell, dell international services india private limited
series vostro 3530
colour carbon grey
form factor laptop
standing screen display size 15 inches
screen resolution 1920 x 1080 pixels
package dimensions 46 x 35.4 x 7 cm; 1.66 kg
batteries 1 12v batteries required. (included)
item model number i3-1305u
processor brand intel
processor type core i3
processor speed 4.5 ghz
processor count 1
memory technology ddr4
computer memory type ddr4 sdram
maximum memory supported 16 gb
hard drive size 512 gb
hard disk description ssd
graphics coprocessor intel uhd graphics
graphics chipset brand intel
graphics card description integrated
graphics ram type shared
graphics card interface pci express
connectivity type bluetooth
wireless type bluetooth
number of usb 2.0 ports 1
number of usb 3.0 ports 2
number of hdmi ports 1
operating system windows 11 home
are batteries included yes
lithium battery energy content 41 watt hours
number of lithium ion cells 3
included components documents, laptop, power cable
manufacturer dell
country of origin china
item weight 1 kg 660 g
additional information
asin b0fg2rj9nc
customer reviews 3.8
(203)
3.8 out of 5 stars
best sellers rank
#1,661 in computers & accessories (see top 100 in computers & accessories)
#31 in traditional laptops
date first available 30 june 2025
packer dell international services india private limited
importer dell international services india private limited
net quantity 1 count
generic name laptop
feedback
would you like to tell us about a lower price?
-------------------------------------------------------------,
 filter '10% off or more' not found in product details.
-------------------------------------------------------------
 Title: dell 15 intel core i5 13th gen - 1334u, 16gb ddr4 ram, 512gb ssd, fhd 15.6"/39.62 cm, windows 11, mso'24, grey, 1.66kg, 120hz 250 nits display, 15 month mcafee, thin & light laptop
 Key Features: brand dell
model name vostro 3530
screen size 15.6 inches
colour silver
hard disk size 512 gb
cpu model core i5
ram memory installed size 16 gb
 About: about this item
processor: 13th generation intel core i5-1334u (up to 4.60ghz, 10 cores, 12mb cache)
ram: 16 gb: 2 x 8 gb, ddr4, 2666 mt/s & storage: 512gb ssd
display: 15.6" fhd wva ag 120hz 250 nits narrow border
standard keyboard
software: pre-loaded windows 11 home with lifetime validity | ms office home and student 2024 with lifetime validity| mcafee multi device security 15-month subscription
ports: 1 usb 3.2 gen 1 type-a port + 1 usb 3.2 gen 1 type-c data only, 1 usb 2.0 port, 1 headset jack, 1 hdmi 1.4 port*, 1 m.2 2230/2280 slot for solid-state drive, 1 sd 3.0 card slot
wi-fi & bluetooth: realtek wi-fi 5 rtl8821ce, 1x1, 802.11ac, mu-mimo, bluetooth wireless card
› see more product details
 Tech Details: product information
technical details
brand dell
manufacturer dell india pvt ltd, dell india pvt ltd
series vostro 3530
colour silver
form factor standard laptop
item height 45.9 centimeters
item width 35.4 centimeters
standing screen display size 15.6 inches
screen resolution 1920 x 1080 pixels
resolution 1920 x 1080 pixels
product dimensions 7.2 x 35.4 x 45.9 cm; 1.62 kg
batteries 1 lithium ion batteries required. (included)
item model number vostro 3530
processor brand intel
processor type core i5
processor speed 4.6 ghz
processor count 1
memory technology ddr4
computer memory type ddr4 sdram
maximum memory supported 16 gb
hard drive size 512 gb
hard disk description ssd
hard drive interface usb
audio details speakers
graphics coprocessor intel uhd graphics
graphics chipset brand intel
graphics card description integrated
graphics ram type shared
graphics card interface integrated
connectivity type wi-fi
wireless type 802.11ac
number of usb 2.0 ports 1
number of usb 3.0 ports 2
number of hdmi ports 1
operating system windows 11 home
average battery life (in hours) 7 hours
are batteries included yes
lithium battery energy content 41 watt hours
number of lithium ion cells 3
included components laptop, battery, ac adapter, user guide, manuals
manufacturer dell india pvt ltd
country of origin china
item weight 1 kg 620 g
additional information
asin b0d2y1bldt
customer reviews 3.7
(462)
3.7 out of 5 stars
best sellers rank
#2,325 in computers & accessories (see top 100 in computers & accessories)
#52 in traditional laptops
date first available 29 april 2024
packer dell india pvt ltd
importer dell india pvt ltd
item dimensions lxwxh 7.2 x 35.4 x 45.9 centimeters
net quantity 1 count
generic name laptop
feedback
would you like to tell us about a lower price?
-------------------------------------------------------------,
 filter '25% off or more' not found in product details.
-------------------------------------------------------------
 Title: dell 15, 13th generation intel core i5-1334u processor, 16gb ram, 1tb ssd, fhd 15.6"/39.62 cm display, windows 11, mso'24, silver, 1.62kg, backlit keyboard, 15 month mcafee, thin & light laptop
 Key Features: brand dell
model name inspiron
screen size 15.6 inches
colour silver
hard disk size 1 tb
cpu model core i5
ram memory installed size 16 gb
 About: about this item
portable powerhouse: weighing up to 162 kg with a slim profile, this laptop is perfect for students and professionals on-the-go,
enhanced productivity: with 16gb of ddr4 ram and a 1tb m2 pcie nvme ssd, you can multitask with ease and store all your files efficiently,
powerful processing: powered by the 13th gen intel core i5-1334u processor, this laptop delivers strong performance for everyday computing tasks,
vibrant display: the 15.6-inch full hd display with 120hz refresh rate and ips technology offers smooth visuals for work and entertainment,
backlit keyboard: includes a backlit english international keyboard with numeric keypad for comfortable typing in any lighting condition
› see more product details
 Tech Details: product information
technical details
brand dell
manufacturer dell india pvt ltd, dell india pvt. ltd.
series inspiron
colour silver
form factor clamshell
standing screen display size 15.6 inches
screen resolution 1920 x 1080 pixels
resolution 1920 x 1080 pixels
package dimensions 46.1 x 35.5 x 6.9 cm; 1.62 kg
batteries 1 lithium ion batteries required. (included)
item model number inspiron 3530
processor brand intel
processor type core i5
processor speed 4.6 ghz
processor count 1
memory technology ddr4
computer memory type ddr4 sdram
maximum memory supported 16 gb
hard drive size 1 tb
hard disk description ssd
hard drive interface usb
graphics coprocessor intel iris xe graphics
graphics chipset brand intel
graphics card description integrated
graphics ram type ddr4 sdram
graphics card interface integrated
connectivity type wi-fi
wireless type bluetooth
number of usb 2.0 ports 1
number of usb 3.0 ports 2
number of hdmi ports 1
optical drive type no optical device
operating system windows 11 home
are batteries included yes
lithium battery energy content 41 watt hours
number of lithium ion cells 3
included components laptop | power cable |user manual
manufacturer dell india pvt ltd
country of origin china
item weight 1 kg 620 g
additional information
asin b0dsfqztvw
customer reviews 3.9
(1,143)
3.9 out of 5 stars
best sellers rank
#1,402 in computers & accessories (see top 100 in computers & accessories)
#24 in traditional laptops
date first available 7 january 2025
packer dell india pvt. ltd.
importer dell india pvt. ltd.
net quantity 1 count
generic name laptop
feedback
would you like to tell us about a lower price?
-------------------------------------------------------------,
 filter '25% off or more' not found in product details.
-------------------------------------------------------------
 Title: dell 15, intel core i3 13th gen - 1305u, 16 gb:ddr4 ram, 512gb, fhd 15.6"/39.6 cm narrow border display, windows 11, office h&s 2024, carbon grey, intel uhd graphics, 1.66 kg thin & light laptop
 Key Features: brand dell
model name vostro 3530
screen size 15 inches
colour carbon grey
hard disk size 512 gb
cpu model core i3
ram memory installed size 16 gb
 About: about this item
processor: 13th gen intel core i3-1305u, 10mb up to 4.50ghz, 10 core
ram: 16 gb: 2 x 8 gb, ddr4, 2666 mt/s | storage: 512gb ssd
display: 15.6" fhd wva ag 120hz 250 nits narrow border intel | graphics: intel uhd graphics
keyboard: standard keyboard
ports: 1 usb 2.0 port, 1 headset jack, 1 hdmi 1.4 port*, 1 flip-down rj-45 port 10/100/1000 mbps, 1 sd 3.0 card slot, 1 usb 3.2 gen 1 port, usb 3.2 gen 1 type-c (data only)
software: pre-loaded windows 11 home with lifetime validity | ms office home and student 2024 with lifetime validity| mcafee multi device security 12-month subscription
› see more product details
 Tech Details: product information
technical details
brand dell
manufacturer dell, dell international services india private limited
series vostro 3530
colour carbon grey
form factor laptop
standing screen display size 15 inches
screen resolution 1920 x 1080 pixels
package dimensions 46 x 35.4 x 7 cm; 1.66 kg
batteries 1 12v batteries required. (included)
item model number i3-1305u
processor brand intel
processor type core i3
processor speed 4.5 ghz
processor count 1
memory technology ddr4
computer memory type ddr4 sdram
maximum memory supported 16 gb
hard drive size 512 gb
hard disk description ssd
graphics coprocessor intel uhd graphics
graphics chipset brand intel
graphics card description integrated
graphics ram type shared
graphics card interface pci express
connectivity type bluetooth
wireless type bluetooth
number of usb 2.0 ports 1
number of usb 3.0 ports 2
number of hdmi ports 1
operating system windows 11 home
are batteries included yes
lithium battery energy content 41 watt hours
number of lithium ion cells 3
included components documents, laptop, power cable
manufacturer dell
country of origin china
item weight 1 kg 660 g
additional information
asin b0fg2rj9nc
customer reviews 3.8
(203)
3.8 out of 5 stars
best sellers rank
#1,661 in computers & accessories (see top 100 in computers & accessories)
#31 in traditional laptops
date first available 30 june 2025
packer dell international services india private limited
importer dell international services india private limited
net quantity 1 count
generic name laptop
feedback
would you like to tell us about a lower price?
-------------------------------------------------------------,
 filter '35% off or more' not found in product details.
-------------------------------------------------------------
 Title: dell 15, intel core i3 13th gen - 1305u, 16 gb:ddr4 ram, 512gb, fhd 15.6"/39.6 cm narrow border display, windows 11, office h&s 2024, carbon grey, intel uhd graphics, 1.66 kg thin & light laptop
 Key Features: brand dell
model name vostro 3530
screen size 15 inches
colour carbon grey
hard disk size 512 gb
cpu model core i3
ram memory installed size 16 gb
 About: about this item
processor: 13th gen intel core i3-1305u, 10mb up to 4.50ghz, 10 core
ram: 16 gb: 2 x 8 gb, ddr4, 2666 mt/s | storage: 512gb ssd
display: 15.6" fhd wva ag 120hz 250 nits narrow border intel | graphics: intel uhd graphics
keyboard: standard keyboard
ports: 1 usb 2.0 port, 1 headset jack, 1 hdmi 1.4 port*, 1 flip-down rj-45 port 10/100/1000 mbps, 1 sd 3.0 card slot, 1 usb 3.2 gen 1 port, usb 3.2 gen 1 type-c (data only)
software: pre-loaded windows 11 home with lifetime validity | ms office home and student 2024 with lifetime validity| mcafee multi device security 12-month subscription
› see more product details
 Tech Details: product information
technical details
brand dell
manufacturer dell, dell international services india private limited
series vostro 3530
colour carbon grey
form factor laptop
standing screen display size 15 inches
screen resolution 1920 x 1080 pixels
package dimensions 46 x 35.4 x 7 cm; 1.66 kg
batteries 1 12v batteries required. (included)
item model number i3-1305u
processor brand intel
processor type core i3
processor speed 4.5 ghz
processor count 1
memory technology ddr4
computer memory type ddr4 sdram
maximum memory supported 16 gb
hard drive size 512 gb
hard disk description ssd
graphics coprocessor intel uhd graphics
graphics chipset brand intel
graphics card description integrated
graphics ram type shared
graphics card interface pci express
connectivity type bluetooth
wireless type bluetooth
number of usb 2.0 ports 1
number of usb 3.0 ports 2
number of hdmi ports 1
operating system windows 11 home
are batteries included yes
lithium battery energy content 41 watt hours
number of lithium ion cells 3
included components documents, laptop, power cable
manufacturer dell
country of origin china
item weight 1 kg 660 g
additional information
asin b0fg2rj9nc
customer reviews 3.8
(203)
3.8 out of 5 stars
best sellers rank
#1,661 in computers & accessories (see top 100 in computers & accessories)
#31 in traditional laptops
date first available 30 june 2025
packer dell international services india private limited
importer dell international services india private limited
net quantity 1 count
generic name laptop
feedback
would you like to tell us about a lower price?
-------------------------------------------------------------,
 filter '35% off or more' not found in product details.
-------------------------------------------------------------
 Title: lenovo v15 intel core i3 13th gen (16gb ram/512gb ssd/windows 11 home/office 2024/iron grey) 15.6" fhd (1920x1080) antiglare 250 nits thin & light laptop/1y onsite/1.65 kg, 83cca08kin
 Key Features: brand lenovo
model name lenovo v15
screen size 15.6 inches
colour iron grey
hard disk size 512 gb
cpu model core i3
ram memory installed size 16 gb
 About: about this item
processor: 13th gen intel core i3-1315u processor | 6 cores | 8 threads | speed upto 4.5 ghz | 10mb cache | memory: 16gb ddr4 ram 3200 mhz, dual-channel capable upgradable up to 16gb | storage: 512gb ssd m.2 upgradable up to 1tb
operating system: preloaded windows 11 home sl with lifetime validity | pre-installed software: microsoft office home 2024
display: 15.6" screen with (1920x1080) fhd antiglare, 250nits display | graphics: intel uhd graphics comes with directx 12.1 enables amazing graphics| monitor supports: supports up to 3 independent displays
ports: 1x usb 2.0 | 1x usb 3.2 gen 1 | 1x usb-c 3.2 gen 1 (support data transfer, power delivery (20v only) and displayport 1.2) | 1x hdmi 1.4b | 1x ethernet rj-45 (lan port) | 1x headphone/microphone combo jack (3.5mm) | 1x power connector
keyboard: 6-row, spill-resistant, multimedia fn keys, smb service hot key, numeric keypad, key travel 1.3mm | touchpad: buttonless mylar surface multi-touch touchpad, supports precision touchpad
› see more product details
 Tech Details: product information
technical details
brand lenovo
manufacturer lenovo, lenovo india pvt ltd, rsno 19/1a,2a edayar palayam village, cuddalore main road, thavalakuppam.pondicherry-605007
series lenovo v15
colour iron grey
form factor clamshell
standing screen display size 15.6 inches
screen resolution 1920 x 1080 pixels
resolution 1920 x 1080 pixels
package dimensions 48.79 x 30.8 x 7.4 cm; 1.65 kg
batteries 1 aaa batteries required. (included)
item model number i3-1315u
processor brand intel
processor type core i3
processor speed 1.2 ghz
processor count 1
memory technology ddr4
computer memory type ddr4 sdram
maximum memory supported 16 gb
hard drive size 512 gb
hard disk description ssd
audio details headphones, speakers
speaker description stereo speakers
graphics chipset brand intel
graphics card description integrated
graphics ram type shared
graphics card interface integrated
connectivity type bluetooth, wi-fi
wireless type 802.11ax
number of usb 2.0 ports 1
number of hdmi ports 1
number of ethernet ports 1
optical drive type no optical drive
operating system windows 11 home
average battery life (in hours) 38 hours
are batteries included yes
lithium battery energy content 38 watt hours
number of lithium ion cells 2
included components laptop, user manual, adapter
manufacturer lenovo
country of origin india
item weight 1 kg 650 g
additional information
asin b0fns215rc
customer reviews 4.0
(53)
4.0 out of 5 stars
best sellers rank
#706 in computers & accessories (see top 100 in computers & accessories)
#7 in traditional laptops
date first available 26 august 2025
packer lenovo india pvt ltd, rsno 19/1a,2a edayar palayam village, cuddalore main road, thavalakuppam.pondicherry-605007
importer lenovo india pvt ltd, rbd icon, 2nd floor, doddenekundi, marathaalli outer ring road, bangalore, india 560037
net quantity 1 case
generic name laptop
feedback
would you like to tell us about a lower price?
-------------------------------------------------------------
at org.testng.asserts.SoftAssert.assertAll(SoftAssert.java:47)
at org.testng.asserts.SoftAssert.assertAll(SoftAssert.java:31)
at test.java.tests.AmazonTests.verifyingDiscountFilterFunctionality(AmazonTests.java:978)
at java.base/jdk.internal.reflect.DirectMethodHandleAccessor.invoke(DirectMethodHandleAccessor.java:103)
at java.base/java.lang.reflect.Method.invoke(Method.java:580)
at org.testng.internal.MethodInvocationHelper.invokeMethod(MethodInvocationHelper.java:133)
at org.testng.internal.TestInvoker.invokeMethod(TestInvoker.java:598)
at org.testng.internal.TestInvoker.invokeTestMethod(TestInvoker.java:173)
at org.testng.internal.MethodRunner.runInSequence(MethodRunner.java:46)
at org.testng.internal.TestInvoker$MethodInvocationAgent.invoke(TestInvoker.java:824)
at org.testng.internal.TestInvoker.invokeTestMethods(TestInvoker.java:146)
at org.testng.internal.TestMethodWorker.invokeTestMethods(TestMethodWorker.java:146)
at org.testng.internal.TestMethodWorker.run(TestMethodWorker.java:128)
at java.base/java.util.ArrayList.forEach(ArrayList.java:1596)
at org.testng.TestRunner.privateRun(TestRunner.java:794)
at org.testng.TestRunner.run(TestRunner.java:596)
at org.testng.SuiteRunner.runTest(SuiteRunner.java:377)
at org.testng.SuiteRunner.runSequentially(SuiteRunner.java:371)
at org.testng.SuiteRunner.privateRun(SuiteRunner.java:332)
at org.testng.SuiteRunner.run(SuiteRunner.java:276)
at org.testng.SuiteRunnerWorker.runSuite(SuiteRunnerWorker.java:53)
at org.testng.SuiteRunnerWorker.run(SuiteRunnerWorker.java:96)
at org.testng.TestNG.runSuitesSequentially(TestNG.java:1212)
at org.testng.TestNG.runSuitesLocally(TestNG.java:1134)
at org.testng.TestNG.runSuites(TestNG.java:1063)
at org.testng.TestNG.run(TestNG.java:1031)
at org.testng.remote.AbstractRemoteTestNG.run(AbstractRemoteTestNG.java:115)
at org.testng.remote.RemoteTestNG.initAndRun(RemoteTestNG.java:293)
at org.testng.remote.RemoteTestNG.main(RemoteTestNG.java:91)
]]>
    </failure>
  </testcase> <!-- verifyingDiscountFilterFunctionality -->
  <testcase classname="test.java.tests.AmazonTests" name="verifyingDiscountFilterFunctionality" time="129.628">
    <failure type="java.lang.AssertionError" message="The following asserts failed:
	 filter &amp;apos;10% off or more&amp;apos; not found in product details.
-------------------------------------------------------------
 Title: sandisk ultra dual drive go type-c 256gb, otg, upto 400mb/s,usb3.2_gen_1 pendrive, navagio bay, 5y warranty (sdddc3-256g-i46npd)
 Key Features: brand sandisk
memory storage capacity 256 gb
hardware interface usb 3.2 gen 1
special feature dual usb connector
read speed 400 megabytes per second
 About: about this item
the 2-in-1 pendrive for mobile with a reversible usb type-c and a traditional type-a connector
seamlessly move content between your usb type-c smartphone, tablets and macs and usb type-a computers
high-performance usb 3.2 gen 1 drive with 400mb/s read speeds lets you quickly move your files to your computer
free up space on your usb type-c smartphone so you can take more photos
automatically back up photos using the sandisk memory zone app and comes with a 5 year limited warranty backed by sandisk
› see more product details
 Tech Details: product information
technical details
connectivity technology usb
colour navagio bay
model name ultra dual drive go
product dimensions 8d x 12w x 8h millimeters
flash memory type usb
manufacturer sandisk semiconductor (shanghai) co. ltd, western digital uk ltd, 20f no. 918, unit b,c,d middle huai hai zhong road shanghai 200020 prc
upc 619659210663
item model number sdddc3-256g-i46npd
manufacturer sandisk semiconductor (shanghai) co. ltd
country of origin china
item weight 4 g
additional information
asin b0dnfpqnh3
customer reviews 4.2
(2,804)
4.2 out of 5 stars
best sellers rank
#11 in computers &amp;amp; accessories (see top 100 in computers &amp;amp; accessories)
#2 in pen drives
date first available 18 november 2024
packer 20f no. 918, unit b,c,d middle huai hai zhong road shanghai 200020 prc
importer rashi peripherals pvt ltd.,rashi complex a bldg, survey 186, dongaripada, poman, vasai-e,thane, maharashtra-401208
net quantity 1 count
generic name pen drive
feedback
would you like to tell us about a lower price?
-------------------------------------------------------------,
	 filter &amp;apos;10% off or more&amp;apos; not found in product details.
-------------------------------------------------------------
 Title: evm enstore 64gb metal usb 2.0 flash drive - high read speeds up to 15mb/s &amp;amp; write speeds up to 8mb/s - durable metal casing - ideal for data transfer &amp;amp; storage - (evmpd/64gb)
 Key Features: brand evm
memory storage capacity 64 gb
hardware interface usb 2.0
special feature shockproof
write speed 8 mb per second
 About: about this item
capacity 64gb part number evmpd/ 64gb
performance read (max.): up to 15mb/s performance write (max.): up to 8mb/s
interface usb 2.0 compatibilty usb 2.0
operating temperature 0*c to 65*c storage temperture -40*c to 85*c
warranty 10 years warranty
› see more product details
 Tech Details: product information
technical details
read speed 15 megabytes per second
connectivity technology usb
colour metallic black
model name evmpd/64gb
flash memory type compactflash
manufacturer evm, evm
hardware connectivity technology usb type a
upc 746935610517
model evmpd/64gb
product dimensions 1.7 x 0.8 x 0.1 cm; 30 g
item model number evmpd/64gb
flash memory type compactflash
compatible devices computer, desktop, laptop
special features shockproof
number of items 1
batteries included no
batteries required no
material metal
manufacturer evm
country of origin taiwan
item weight 30 g
additional information
asin b0c2ks1wls
customer reviews 4.1
(2,544)
4.1 out of 5 stars
best sellers rank
#601 in electronics (see top 100 in electronics)
#10 in pen drives
date first available 15 april 2023
packer amrani infonet 102,1st floor, 391, diamond plaza building, dr. d. b. marg, lamington road, mumbai-400004 india
importer evm
item dimensions lxwxh 17 x 8 x 1 millimeters
net quantity 1 count
generic name enstore drive
feedback
would you like to tell us about a lower price?
-------------------------------------------------------------,
	 filter &amp;apos;25% off or more&amp;apos; not found in product details.
-------------------------------------------------------------
 Title: evm enstore 64gb metal usb 2.0 flash drive - high read speeds up to 15mb/s &amp;amp; write speeds up to 8mb/s - durable metal casing - ideal for data transfer &amp;amp; storage - (evmpd/64gb)
 Key Features: brand evm
memory storage capacity 64 gb
hardware interface usb 2.0
special feature shockproof
write speed 8 mb per second
 About: about this item
capacity 64gb part number evmpd/ 64gb
[...]
 Tech Details: product information
technical details
read speed 15 megabytes per second
connectivity technology usb
colour metallic black
model name evmpd/64gb
flash memory type compactflash
manufacturer evm, evm
hardware connectivity technology usb type a
upc 746935610517
model evmpd/64gb
product dimensions 1.7 x 0.8 x 0.1 cm; 30 g
item model number evmpd/64gb
flash memory type compactflash
compatible devices computer, desktop, laptop
special features shockproof
number of items 1
batteries included no
batteries required no
material metal
manufacturer evm
country of origin taiwan
item weight 30 g
additional information
asin b0c2ks1wls
customer reviews 4.1
(2,544)
4.1 out of 5 stars
best sellers rank
#601 in electronics (see top 100 in electronics)
#10 in pen drives
date first available 15 april 2023
packer amrani infonet 102,1st floor, 391, diamond plaza building, dr. d. b. marg, lamington road, mumbai-400004 india
importer evm
item dimensions lxwxh 17 x 8 x 1 millimeters
net quantity 1 count
generic name enstore drive
feedback
would you like to tell us about a lower price?
-------------------------------------------------------------,
	 filter &amp;apos;35% off or more&amp;apos; not found in product details.
-------------------------------------------------------------
 Title: amazon basics 512gb dual flash drive | ultra-fast 400+ mbps read/write speed | type c and usb 3.0 compatibility (metal)
 Key Features: brand amazon basics
memory storage capacity 512 gb
hardware interface usb 3.0
special feature lightweight
write speed 400
 About: about this item
massive storage capacity: extensive space to accommodate large volumes of data, including 4k videos, high-resolution photos, and extensive music libraries.
dual interface compatibility: versatile connectivity for a wide range of devices, including smartphones, tablets, laptops, and desktop computers.
high-speed data transfer: achieves read/write speeds of 400+ mbps, enabling rapid file transfers and efficient data management.
simple plug-and-play functionality: use it immediately with a straightforward setup for hassle-free file transfers.
durable and portable design: compact and sturdy construction designed for durability and easy portability.
versatile data management: ideal for managing extensive document collections, multimedia files, and other data-intensive tasks.
› see more product details
 Tech Details: product information
technical details
read speed 400 megabytes per second
connectivity technology usb
colour silver grey - 512 gb - 400 mbps
flash memory type usb
manufacturer b-80, okhla industrial area, phase-2, new delhi- 110020, urdistree pvt ltd
hardware connectivity technology usb 3.0 micro a, usb 3.0 micro b, usb type c
item height 0.1 centimeters
item width 1.2 centimeters
product dimensions 4.4 x 1.2 x 0.1 cm; 12 g
manufacturer urdistree pvt ltd
country of origin india
item weight 12 g
additional information
asin b0d92fc4fv
customer reviews 4.0
(12,481)
4.0 out of 5 stars
best sellers rank
#1,384 in computers &amp;amp; accessories (see top 100 in computers &amp;amp; accessories)
#32 in pen drives
date first available 28 august 2024
packer urdistree pvt ltd, b-80, okhla industrial area, phase-2, new delhi- 110020
importer appario retail private limited
item dimensions lxwxh 44 x 12 x 1 millimeters
net quantity 1 count
generic name pendrive
feedback
would you like to tell us about a lower price?
-------------------------------------------------------------">
      <![CDATA[java.lang.AssertionError: The following asserts failed:
 filter '10% off or more' not found in product details.
-------------------------------------------------------------
 Title: sandisk ultra dual drive go type-c 256gb, otg, upto 400mb/s,usb3.2_gen_1 pendrive, navagio bay, 5y warranty (sdddc3-256g-i46npd)
 Key Features: brand sandisk
memory storage capacity 256 gb
hardware interface usb 3.2 gen 1
special feature dual usb connector
read speed 400 megabytes per second
 About: about this item
the 2-in-1 pendrive for mobile with a reversible usb type-c and a traditional type-a connector
seamlessly move content between your usb type-c smartphone, tablets and macs and usb type-a computers
high-performance usb 3.2 gen 1 drive with 400mb/s read speeds lets you quickly move your files to your computer
free up space on your usb type-c smartphone so you can take more photos
automatically back up photos using the sandisk memory zone app and comes with a 5 year limited warranty backed by sandisk
› see more product details
 Tech Details: product information
technical details
connectivity technology usb
colour navagio bay
model name ultra dual drive go
product dimensions 8d x 12w x 8h millimeters
flash memory type usb
manufacturer sandisk semiconductor (shanghai) co. ltd, western digital uk ltd, 20f no. 918, unit b,c,d middle huai hai zhong road shanghai 200020 prc
upc 619659210663
item model number sdddc3-256g-i46npd
manufacturer sandisk semiconductor (shanghai) co. ltd
country of origin china
item weight 4 g
additional information
asin b0dnfpqnh3
customer reviews 4.2
(2,804)
4.2 out of 5 stars
best sellers rank
#11 in computers & accessories (see top 100 in computers & accessories)
#2 in pen drives
date first available 18 november 2024
packer 20f no. 918, unit b,c,d middle huai hai zhong road shanghai 200020 prc
importer rashi peripherals pvt ltd.,rashi complex a bldg, survey 186, dongaripada, poman, vasai-e,thane, maharashtra-401208
net quantity 1 count
generic name pen drive
feedback
would you like to tell us about a lower price?
-------------------------------------------------------------,
 filter '10% off or more' not found in product details.
-------------------------------------------------------------
 Title: evm enstore 64gb metal usb 2.0 flash drive - high read speeds up to 15mb/s & write speeds up to 8mb/s - durable metal casing - ideal for data transfer & storage - (evmpd/64gb)
 Key Features: brand evm
memory storage capacity 64 gb
hardware interface usb 2.0
special feature shockproof
write speed 8 mb per second
 About: about this item
capacity 64gb part number evmpd/ 64gb
performance read (max.): up to 15mb/s performance write (max.): up to 8mb/s
interface usb 2.0 compatibilty usb 2.0
operating temperature 0*c to 65*c storage temperture -40*c to 85*c
warranty 10 years warranty
› see more product details
 Tech Details: product information
technical details
read speed 15 megabytes per second
connectivity technology usb
colour metallic black
model name evmpd/64gb
flash memory type compactflash
manufacturer evm, evm
hardware connectivity technology usb type a
upc 746935610517
model evmpd/64gb
product dimensions 1.7 x 0.8 x 0.1 cm; 30 g
item model number evmpd/64gb
flash memory type compactflash
compatible devices computer, desktop, laptop
special features shockproof
number of items 1
batteries included no
batteries required no
material metal
manufacturer evm
country of origin taiwan
item weight 30 g
additional information
asin b0c2ks1wls
customer reviews 4.1
(2,544)
4.1 out of 5 stars
best sellers rank
#601 in electronics (see top 100 in electronics)
#10 in pen drives
date first available 15 april 2023
packer amrani infonet 102,1st floor, 391, diamond plaza building, dr. d. b. marg, lamington road, mumbai-400004 india
importer evm
item dimensions lxwxh 17 x 8 x 1 millimeters
net quantity 1 count
generic name enstore drive
feedback
would you like to tell us about a lower price?
-------------------------------------------------------------,
 filter '25% off or more' not found in product details.
-------------------------------------------------------------
 Title: evm enstore 64gb metal usb 2.0 flash drive - high read speeds up to 15mb/s & write speeds up to 8mb/s - durable metal casing - ideal for data transfer & storage - (evmpd/64gb)
 Key Features: brand evm
memory storage capacity 64 gb
hardware interface usb 2.0
special feature shockproof
write speed 8 mb per second
 About: about this item
capacity 64gb part number evmpd/ 64gb
performance read (max.): up to 15mb/s performance write (max.): up to 8mb/s
interface usb 2.0 compatibilty usb 2.0
operating temperature 0*c to 65*c storage temperture -40*c to 85*c
warranty 10 years warranty
› see more product details
 Tech Details: product information
technical details
read speed 15 megabytes per second
connectivity technology usb
colour metallic black
model name evmpd/64gb
flash memory type compactflash
manufacturer evm, evm
hardware connectivity technology usb type a
upc 746935610517
model evmpd/64gb
product dimensions 1.7 x 0.8 x 0.1 cm; 30 g
item model number evmpd/64gb
flash memory type compactflash
compatible devices computer, desktop, laptop
special features shockproof
number of items 1
batteries included no
batteries required no
material metal
manufacturer evm
country of origin taiwan
item weight 30 g
additional information
asin b0c2ks1wls
customer reviews 4.1
(2,544)
4.1 out of 5 stars
best sellers rank
#601 in electronics (see top 100 in electronics)
#10 in pen drives
date first available 15 april 2023
packer amrani infonet 102,1st floor, 391, diamond plaza building, dr. d. b. marg, lamington road, mumbai-400004 india
importer evm
item dimensions lxwxh 17 x 8 x 1 millimeters
net quantity 1 count
generic name enstore drive
feedback
would you like to tell us about a lower price?
-------------------------------------------------------------,
 filter '25% off or more' not found in product details.
-------------------------------------------------------------
 Title: amazon basics 128 gb flash drive | usb 2.0 e series | temperature, shock and vibration resistant | plastic body finish
 Key Features: brand amazon basics
memory storage capacity 128 gb
hardware interface usb 2.0
special feature lightweight
read speed 20 megabytes per second
 About: about this item
plug and play: ready to use as soon as the drive gets connected
compatible: works on windows 2000/xp, vista, 7, 8, 10 and mac operating systems 10.3 and above
sleek design: sports a lightweight frame with a key hole
resistant: sports a temperature, shock and vibration proof frame
flash memory: mounts and unmounts easily without worrying about drive getting corrupted
warranty protected: comes with a 5-year limited warranty against product defects
made in india: proudly made in india using excellent high-quality materials
› see more product details
 Tech Details: product information
technical details
connectivity technology usb
colour black
flash memory type usb
manufacturer sahasra electronics private limited, sahasra electronics private limited, 129-g, nsez, noida 201305, uttar pradesh
hardware connectivity technology usb 2.0 type-a
item height 6 millimeters
item width 17 millimeters
product dimensions 4 x 1.7 x 0.6 cm; 3 g
are batteries included no
manufacturer sahasra electronics private limited
country of origin india
item weight 3 g
additional information
asin b0cgd2wjf3
customer reviews 3.2
(438)
3.2 out of 5 stars
best sellers rank
#771 in computers & accessories (see top 100 in computers & accessories)
#21 in pen drives
date first available 25 may 2025
packer sahasra electronics private limited, 129-g, nsez, noida 201305
item dimensions lxwxh 40 x 17 x 6 millimeters
net quantity 1 count
generic name usb
feedback
would you like to tell us about a lower price?
-------------------------------------------------------------,
 filter '35% off or more' not found in product details.
-------------------------------------------------------------
 Title: evm enstore 64gb metal usb 2.0 flash drive - high read speeds up to 15mb/s & write speeds up to 8mb/s - durable metal casing - ideal for data transfer & storage - (evmpd/64gb)
 Key Features: brand evm
memory storage capacity 64 gb
hardware interface usb 2.0
special feature shockproof
write speed 8 mb per second
 About: about this item
capacity 64gb part number evmpd/ 64gb
performance read (max.): up to 15mb/s performance write (max.): up to 8mb/s
interface usb 2.0 compatibilty usb 2.0
operating temperature 0*c to 65*c storage temperture -40*c to 85*c
warranty 10 years warranty
› see more product details
 Tech Details: product information
technical details
read speed 15 megabytes per second
connectivity technology usb
colour metallic black
model name evmpd/64gb
flash memory type compactflash
manufacturer evm, evm
hardware connectivity technology usb type a
upc 746935610517
model evmpd/64gb
product dimensions 1.7 x 0.8 x 0.1 cm; 30 g
item model number evmpd/64gb
flash memory type compactflash
compatible devices computer, desktop, laptop
special features shockproof
number of items 1
batteries included no
batteries required no
material metal
manufacturer evm
country of origin taiwan
item weight 30 g
additional information
asin b0c2ks1wls
customer reviews 4.1
(2,544)
4.1 out of 5 stars
best sellers rank
#601 in electronics (see top 100 in electronics)
#10 in pen drives
date first available 15 april 2023
packer amrani infonet 102,1st floor, 391, diamond plaza building, dr. d. b. marg, lamington road, mumbai-400004 india
importer evm
item dimensions lxwxh 17 x 8 x 1 millimeters
net quantity 1 count
generic name enstore drive
feedback
would you like to tell us about a lower price?
-------------------------------------------------------------,
 filter '35% off or more' not found in product details.
-------------------------------------------------------------
 Title: amazon basics 512gb dual flash drive | ultra-fast 400+ mbps read/write speed | type c and usb 3.0 compatibility (metal)
 Key Features: brand amazon basics
memory storage capacity 512 gb
hardware interface usb 3.0
special feature lightweight
write speed 400
 About: about this item
massive storage capacity: extensive space to accommodate large volumes of data, including 4k videos, high-resolution photos, and extensive music libraries.
dual interface compatibility: versatile connectivity for a wide range of devices, including smartphones, tablets, laptops, and desktop computers.
high-speed data transfer: achieves read/write speeds of 400+ mbps, enabling rapid file transfers and efficient data management.
simple plug-and-play functionality: use it immediately with a straightforward setup for hassle-free file transfers.
durable and portable design: compact and sturdy construction designed for durability and easy portability.
versatile data management: ideal for managing extensive document collections, multimedia files, and other data-intensive tasks.
› see more product details
 Tech Details: product information
technical details
read speed 400 megabytes per second
connectivity technology usb
colour silver grey - 512 gb - 400 mbps
flash memory type usb
manufacturer b-80, okhla industrial area, phase-2, new delhi- 110020, urdistree pvt ltd
hardware connectivity technology usb 3.0 micro a, usb 3.0 micro b, usb type c
item height 0.1 centimeters
item width 1.2 centimeters
product dimensions 4.4 x 1.2 x 0.1 cm; 12 g
manufacturer urdistree pvt ltd
country of origin india
item weight 12 g
additional information
asin b0d92fc4fv
customer reviews 4.0
(12,481)
4.0 out of 5 stars
best sellers rank
#1,384 in computers & accessories (see top 100 in computers & accessories)
#32 in pen drives
date first available 28 august 2024
packer urdistree pvt ltd, b-80, okhla industrial area, phase-2, new delhi- 110020
importer appario retail private limited
item dimensions lxwxh 44 x 12 x 1 millimeters
net quantity 1 count
generic name pendrive
feedback
would you like to tell us about a lower price?
-------------------------------------------------------------
at org.testng.asserts.SoftAssert.assertAll(SoftAssert.java:47)
at org.testng.asserts.SoftAssert.assertAll(SoftAssert.java:31)
at test.java.tests.AmazonTests.verifyingDiscountFilterFunctionality(AmazonTests.java:978)
at java.base/jdk.internal.reflect.DirectMethodHandleAccessor.invoke(DirectMethodHandleAccessor.java:103)
at java.base/java.lang.reflect.Method.invoke(Method.java:580)
at org.testng.internal.MethodInvocationHelper.invokeMethod(MethodInvocationHelper.java:133)
at org.testng.internal.TestInvoker.invokeMethod(TestInvoker.java:598)
at org.testng.internal.TestInvoker.invokeTestMethod(TestInvoker.java:173)
at org.testng.internal.MethodRunner.runInSequence(MethodRunner.java:46)
at org.testng.internal.TestInvoker$MethodInvocationAgent.invoke(TestInvoker.java:824)
at org.testng.internal.TestInvoker.invokeTestMethods(TestInvoker.java:146)
at org.testng.internal.TestMethodWorker.invokeTestMethods(TestMethodWorker.java:146)
at org.testng.internal.TestMethodWorker.run(TestMethodWorker.java:128)
at java.base/java.util.ArrayList.forEach(ArrayList.java:1596)
at org.testng.TestRunner.privateRun(TestRunner.java:794)
at org.testng.TestRunner.run(TestRunner.java:596)
at org.testng.SuiteRunner.runTest(SuiteRunner.java:377)
at org.testng.SuiteRunner.runSequentially(SuiteRunner.java:371)
at org.testng.SuiteRunner.privateRun(SuiteRunner.java:332)
at org.testng.SuiteRunner.run(SuiteRunner.java:276)
at org.testng.SuiteRunnerWorker.runSuite(SuiteRunnerWorker.java:53)
at org.testng.SuiteRunnerWorker.run(SuiteRunnerWorker.java:96)
at org.testng.TestNG.runSuitesSequentially(TestNG.java:1212)
at org.testng.TestNG.runSuitesLocally(TestNG.java:1134)
at org.testng.TestNG.runSuites(TestNG.java:1063)
at org.testng.TestNG.run(TestNG.java:1031)
at org.testng.remote.AbstractRemoteTestNG.run(AbstractRemoteTestNG.java:115)
at org.testng.remote.RemoteTestNG.initAndRun(RemoteTestNG.java:293)
at org.testng.remote.RemoteTestNG.main(RemoteTestNG.java:91)
]]>
    </failure>
  </testcase> <!-- verifyingDiscountFilterFunctionality -->
  <testcase classname="test.java.tests.AmazonTests" name="verifyingProcessorSpeedFilterFunctionality" time="0.0">
    <ignored/>
  </testcase> <!-- verifyingProcessorSpeedFilterFunctionality -->
  <testcase classname="test.java.tests.AmazonTests" name="verifyingGetItIn2DaysFilterFunctionality" time="0.0">
    <ignored/>
  </testcase> <!-- verifyingGetItIn2DaysFilterFunctionality -->
  <testcase classname="test.java.tests.AmazonTests" name="verifyingGetItByTomorrowFilterFunctionality" time="0.0">
    <ignored/>
  </testcase> <!-- verifyingGetItByTomorrowFilterFunctionality -->
  <testcase classname="test.java.tests.AmazonTests" name="verifyingOperatingSystemVersionFilterFunctionality" time="0.0">
    <ignored/>
  </testcase> <!-- verifyingOperatingSystemVersionFilterFunctionality -->
  <testcase classname="test.java.tests.AmazonTests" name="verifyingStorageCapacityFilterFunctionality" time="0.0">
    <ignored/>
  </testcase> <!-- verifyingStorageCapacityFilterFunctionality -->
  <testcase classname="test.java.tests.AmazonTests" name="verifyingDisplaySizeFilterFunctionality" time="0.0">
    <ignored/>
  </testcase> <!-- verifyingDisplaySizeFilterFunctionality -->
  <testcase classname="test.java.tests.AmazonTests" name="verifyingGetItByTodayFilterFunctionality" time="0.0">
    <ignored/>
  </testcase> <!-- verifyingGetItByTodayFilterFunctionality -->
  <testcase classname="test.java.tests.AmazonTests" name="verifyingTheBrandsFilterFunctionality" time="0.0">
    <ignored/>
  </testcase> <!-- verifyingTheBrandsFilterFunctionality -->
  <testcase classname="test.java.tests.AmazonTests" name="verifyingMobilePhonePrimaryCameraResolutionFilterFunctionality" time="0.0">
    <ignored/>
  </testcase> <!-- verifyingMobilePhonePrimaryCameraResolutionFilterFunctionality -->
  <testcase classname="test.java.tests.AmazonTests" name="verifyingPriceSilderFunctionality" time="0.0">
    <ignored/>
  </testcase> <!-- verifyingPriceSilderFunctionality -->
  <testcase classname="test.java.tests.AmazonTests" name="verifyingDisplayTypeFilterFunctionality" time="0.0">
    <ignored/>
  </testcase> <!-- verifyingDisplayTypeFilterFunctionality -->
  <testcase classname="test.java.tests.AmazonTests" name="verifyingBatteryCapacityFilterFunctionality" time="0.0">
    <ignored/>
  </testcase> <!-- verifyingBatteryCapacityFilterFunctionality -->
</testsuite> <!-- Default test -->
