<?xml version="1.0" encoding="UTF-8"?>
<testsuite xmlns:xsi="http://www.w3.org/2001/XMLSchema-instance" xsi:noNamespaceSchemaLocation="https://maven.apache.org/surefire/maven-surefire-plugin/xsd/surefire-test-report-3.0.xsd" version="3.0" name="TestSuite" time="112.019" tests="16" errors="0" skipped="0" failures="5">
  <properties>
    <property name="java.specification.version" value="24"/>
    <property name="sun.cpu.isalist" value="amd64"/>
    <property name="sun.jnu.encoding" value="Cp1252"/>
    <property name="java.class.path" value="C:\Users\91855\eclipse-workspace\Intro\target\test-classes;C:\Users\91855\eclipse-workspace\Intro\target\classes;C:\Users\91855\.m2\repository\org\seleniumhq\selenium\selenium-java\4.27.0\selenium-java-4.27.0.jar;C:\Users\91855\.m2\repository\org\seleniumhq\selenium\selenium-api\4.27.0\selenium-api-4.27.0.jar;C:\Users\91855\.m2\repository\org\jspecify\jspecify\1.0.0\jspecify-1.0.0.jar;C:\Users\91855\.m2\repository\org\seleniumhq\selenium\selenium-chrome-driver\4.27.0\selenium-chrome-driver-4.27.0.jar;C:\Users\91855\.m2\repository\com\google\auto\service\auto-service-annotations\1.1.1\auto-service-annotations-1.1.1.jar;C:\Users\91855\.m2\repository\org\seleniumhq\selenium\selenium-chromium-driver\4.27.0\selenium-chromium-driver-4.27.0.jar;C:\Users\91855\.m2\repository\org\seleniumhq\selenium\selenium-json\4.27.0\selenium-json-4.27.0.jar;C:\Users\91855\.m2\repository\org\seleniumhq\selenium\selenium-manager\4.27.0\selenium-manager-4.27.0.jar;C:\Users\91855\.m2\repository\org\seleniumhq\selenium\selenium-devtools-v129\4.27.0\selenium-devtools-v129-4.27.0.jar;C:\Users\91855\.m2\repository\org\seleniumhq\selenium\selenium-devtools-v130\4.27.0\selenium-devtools-v130-4.27.0.jar;C:\Users\91855\.m2\repository\org\seleniumhq\selenium\selenium-devtools-v131\4.27.0\selenium-devtools-v131-4.27.0.jar;C:\Users\91855\.m2\repository\org\seleniumhq\selenium\selenium-devtools-v85\4.27.0\selenium-devtools-v85-4.27.0.jar;C:\Users\91855\.m2\repository\org\seleniumhq\selenium\selenium-edge-driver\4.27.0\selenium-edge-driver-4.27.0.jar;C:\Users\91855\.m2\repository\org\seleniumhq\selenium\selenium-firefox-driver\4.27.0\selenium-firefox-driver-4.27.0.jar;C:\Users\91855\.m2\repository\org\seleniumhq\selenium\selenium-http\4.27.0\selenium-http-4.27.0.jar;C:\Users\91855\.m2\repository\org\seleniumhq\selenium\selenium-ie-driver\4.27.0\selenium-ie-driver-4.27.0.jar;C:\Users\91855\.m2\repository\org\seleniumhq\selenium\selenium-remote-driver\4.27.0\selenium-remote-driver-4.27.0.jar;C:\Users\91855\.m2\repository\io\opentelemetry\semconv\opentelemetry-semconv\1.25.0-alpha\opentelemetry-semconv-1.25.0-alpha.jar;C:\Users\91855\.m2\repository\io\opentelemetry\opentelemetry-api\1.44.1\opentelemetry-api-1.44.1.jar;C:\Users\91855\.m2\repository\io\opentelemetry\opentelemetry-context\1.44.1\opentelemetry-context-1.44.1.jar;C:\Users\91855\.m2\repository\io\opentelemetry\opentelemetry-exporter-logging\1.44.1\opentelemetry-exporter-logging-1.44.1.jar;C:\Users\91855\.m2\repository\io\opentelemetry\opentelemetry-sdk-common\1.44.1\opentelemetry-sdk-common-1.44.1.jar;C:\Users\91855\.m2\repository\io\opentelemetry\opentelemetry-sdk-extension-autoconfigure-spi\1.44.1\opentelemetry-sdk-extension-autoconfigure-spi-1.44.1.jar;C:\Users\91855\.m2\repository\io\opentelemetry\opentelemetry-sdk-extension-autoconfigure\1.44.1\opentelemetry-sdk-extension-autoconfigure-1.44.1.jar;C:\Users\91855\.m2\repository\io\opentelemetry\opentelemetry-api-incubator\1.44.1-alpha\opentelemetry-api-incubator-1.44.1-alpha.jar;C:\Users\91855\.m2\repository\io\opentelemetry\opentelemetry-sdk-trace\1.44.1\opentelemetry-sdk-trace-1.44.1.jar;C:\Users\91855\.m2\repository\io\opentelemetry\opentelemetry-sdk\1.44.1\opentelemetry-sdk-1.44.1.jar;C:\Users\91855\.m2\repository\io\opentelemetry\opentelemetry-sdk-metrics\1.44.1\opentelemetry-sdk-metrics-1.44.1.jar;C:\Users\91855\.m2\repository\io\opentelemetry\opentelemetry-sdk-logs\1.44.1\opentelemetry-sdk-logs-1.44.1.jar;C:\Users\91855\.m2\repository\net\bytebuddy\byte-buddy\1.15.10\byte-buddy-1.15.10.jar;C:\Users\91855\.m2\repository\org\seleniumhq\selenium\selenium-os\4.27.0\selenium-os-4.27.0.jar;C:\Users\91855\.m2\repository\org\apache\commons\commons-exec\1.4.0\commons-exec-1.4.0.jar;C:\Users\91855\.m2\repository\org\seleniumhq\selenium\selenium-safari-driver\4.27.0\selenium-safari-driver-4.27.0.jar;C:\Users\91855\.m2\repository\org\seleniumhq\selenium\selenium-support\4.27.0\selenium-support-4.27.0.jar;C:\Users\91855\.m2\repository\com\aventstack\extentreports\5.1.2\extentreports-5.1.2.jar;C:\Users\91855\.m2\repository\io\reactivex\rxjava3\rxjava\3.1.6\rxjava-3.1.6.jar;C:\Users\91855\.m2\repository\org\reactivestreams\reactive-streams\1.0.4\reactive-streams-1.0.4.jar;C:\Users\91855\.m2\repository\org\freemarker\freemarker\2.3.32\freemarker-2.3.32.jar;C:\Users\91855\.m2\repository\org\projectlombok\lombok\1.18.26\lombok-1.18.26.jar;C:\Users\91855\.m2\repository\com\google\code\gson\gson\2.10.1\gson-2.10.1.jar;C:\Users\91855\.m2\repository\org\apache\logging\log4j\log4j-core\2.20.0\log4j-core-2.20.0.jar;C:\Users\91855\.m2\repository\org\apache\logging\log4j\log4j-api\2.20.0\log4j-api-2.20.0.jar;C:\Users\91855\.m2\repository\io\github\bonigarcia\webdrivermanager\6.1.0\webdrivermanager-6.1.0.jar;C:\Users\91855\.m2\repository\org\slf4j\slf4j-api\2.0.17\slf4j-api-2.0.17.jar;C:\Users\91855\.m2\repository\com\github\docker-java\docker-java\3.5.0\docker-java-3.5.0.jar;C:\Users\91855\.m2\repository\com\github\docker-java\docker-java-core\3.5.0\docker-java-core-3.5.0.jar;C:\Users\91855\.m2\repository\com\github\docker-java\docker-java-api\3.5.0\docker-java-api-3.5.0.jar;C:\Users\91855\.m2\repository\org\slf4j\jcl-over-slf4j\1.7.30\jcl-over-slf4j-1.7.30.jar;C:\Users\91855\.m2\repository\com\github\docker-java\docker-java-transport-httpclient5\3.5.0\docker-java-transport-httpclient5-3.5.0.jar;C:\Users\91855\.m2\repository\com\github\docker-java\docker-java-transport\3.5.0\docker-java-transport-3.5.0.jar;C:\Users\91855\.m2\repository\net\java\dev\jna\jna\5.17.0\jna-5.17.0.jar;C:\Users\91855\.m2\repository\org\brotli\dec\0.1.2\dec-0.1.2.jar;C:\Users\91855\.m2\repository\org\apache\commons\commons-lang3\3.17.0\commons-lang3-3.17.0.jar;C:\Users\91855\.m2\repository\org\apache\commons\commons-compress\1.27.1\commons-compress-1.27.1.jar;C:\Users\91855\.m2\repository\commons-codec\commons-codec\1.17.1\commons-codec-1.17.1.jar;C:\Users\91855\.m2\repository\org\apache\httpcomponents\client5\httpclient5\5.4.3\httpclient5-5.4.3.jar;C:\Users\91855\.m2\repository\org\apache\httpcomponents\core5\httpcore5\5.3.4\httpcore5-5.3.4.jar;C:\Users\91855\.m2\repository\org\apache\httpcomponents\core5\httpcore5-h2\5.3.4\httpcore5-h2-5.3.4.jar;C:\Users\91855\.m2\repository\net\java\dev\jna\jna-platform\5.13.0\jna-platform-5.13.0.jar;C:\Users\91855\.m2\repository\dev\failsafe\failsafe\3.3.2\failsafe-3.3.2.jar;C:\Users\91855\.m2\repository\org\testng\testng\7.10.2\testng-7.10.2.jar;C:\Users\91855\.m2\repository\com\beust\jcommander\1.82\jcommander-1.82.jar;C:\Users\91855\.m2\repository\org\webjars\jquery\3.7.1\jquery-3.7.1.jar;C:\Users\91855\.m2\repository\com\google\guava\guava\31.1-jre\guava-31.1-jre.jar;C:\Users\91855\.m2\repository\com\google\guava\failureaccess\1.0.1\failureaccess-1.0.1.jar;C:\Users\91855\.m2\repository\com\google\guava\listenablefuture\9999.0-empty-to-avoid-conflict-with-guava\listenablefuture-9999.0-empty-to-avoid-conflict-with-guava.jar;C:\Users\91855\.m2\repository\com\google\code\findbugs\jsr305\3.0.2\jsr305-3.0.2.jar;C:\Users\91855\.m2\repository\org\checkerframework\checker-qual\3.12.0\checker-qual-3.12.0.jar;C:\Users\91855\.m2\repository\com\google\errorprone\error_prone_annotations\2.11.0\error_prone_annotations-2.11.0.jar;C:\Users\91855\.m2\repository\com\google\j2objc\j2objc-annotations\1.3\j2objc-annotations-1.3.jar;C:\Users\91855\.m2\repository\commons-io\commons-io\2.18.0\commons-io-2.18.0.jar;C:\Users\91855\.m2\repository\com\fasterxml\jackson\core\jackson-databind\2.10.0\jackson-databind-2.10.0.jar;C:\Users\91855\.m2\repository\com\fasterxml\jackson\core\jackson-annotations\2.10.0\jackson-annotations-2.10.0.jar;C:\Users\91855\.m2\repository\com\fasterxml\jackson\core\jackson-core\2.10.0\jackson-core-2.10.0.jar;"/>
    <property name="java.vm.vendor" value="Oracle Corporation"/>
    <property name="sun.arch.data.model" value="64"/>
    <property name="user.variant" value=""/>
    <property name="java.vendor.url" value="https://java.oracle.com/"/>
    <property name="user.timezone" value="Asia/Calcutta"/>
    <property name="os.name" value="Windows 11"/>
    <property name="java.vm.specification.version" value="24"/>
    <property name="sun.java.launcher" value="SUN_STANDARD"/>
    <property name="user.country" value="US"/>
    <property name="sun.boot.library.path" value="C:\Program Files\Java\jdk-24\bin"/>
    <property name="sun.java.command" value="C:\Users\91855\AppData\Local\Temp\surefire12937107801064451175\surefirebooter9037065701664136233.jar C:\Users\91855\AppData\Local\Temp\surefire12937107801064451175 2025-07-28T21-41-00_899-jvmRun1 surefire320365524357432743tmp surefire_09879328343659946625tmp"/>
    <property name="jdk.debug" value="release"/>
    <property name="surefire.test.class.path" value="C:\Users\91855\eclipse-workspace\Intro\target\test-classes;C:\Users\91855\eclipse-workspace\Intro\target\classes;C:\Users\91855\.m2\repository\org\seleniumhq\selenium\selenium-java\4.27.0\selenium-java-4.27.0.jar;C:\Users\91855\.m2\repository\org\seleniumhq\selenium\selenium-api\4.27.0\selenium-api-4.27.0.jar;C:\Users\91855\.m2\repository\org\jspecify\jspecify\1.0.0\jspecify-1.0.0.jar;C:\Users\91855\.m2\repository\org\seleniumhq\selenium\selenium-chrome-driver\4.27.0\selenium-chrome-driver-4.27.0.jar;C:\Users\91855\.m2\repository\com\google\auto\service\auto-service-annotations\1.1.1\auto-service-annotations-1.1.1.jar;C:\Users\91855\.m2\repository\org\seleniumhq\selenium\selenium-chromium-driver\4.27.0\selenium-chromium-driver-4.27.0.jar;C:\Users\91855\.m2\repository\org\seleniumhq\selenium\selenium-json\4.27.0\selenium-json-4.27.0.jar;C:\Users\91855\.m2\repository\org\seleniumhq\selenium\selenium-manager\4.27.0\selenium-manager-4.27.0.jar;C:\Users\91855\.m2\repository\org\seleniumhq\selenium\selenium-devtools-v129\4.27.0\selenium-devtools-v129-4.27.0.jar;C:\Users\91855\.m2\repository\org\seleniumhq\selenium\selenium-devtools-v130\4.27.0\selenium-devtools-v130-4.27.0.jar;C:\Users\91855\.m2\repository\org\seleniumhq\selenium\selenium-devtools-v131\4.27.0\selenium-devtools-v131-4.27.0.jar;C:\Users\91855\.m2\repository\org\seleniumhq\selenium\selenium-devtools-v85\4.27.0\selenium-devtools-v85-4.27.0.jar;C:\Users\91855\.m2\repository\org\seleniumhq\selenium\selenium-edge-driver\4.27.0\selenium-edge-driver-4.27.0.jar;C:\Users\91855\.m2\repository\org\seleniumhq\selenium\selenium-firefox-driver\4.27.0\selenium-firefox-driver-4.27.0.jar;C:\Users\91855\.m2\repository\org\seleniumhq\selenium\selenium-http\4.27.0\selenium-http-4.27.0.jar;C:\Users\91855\.m2\repository\org\seleniumhq\selenium\selenium-ie-driver\4.27.0\selenium-ie-driver-4.27.0.jar;C:\Users\91855\.m2\repository\org\seleniumhq\selenium\selenium-remote-driver\4.27.0\selenium-remote-driver-4.27.0.jar;C:\Users\91855\.m2\repository\io\opentelemetry\semconv\opentelemetry-semconv\1.25.0-alpha\opentelemetry-semconv-1.25.0-alpha.jar;C:\Users\91855\.m2\repository\io\opentelemetry\opentelemetry-api\1.44.1\opentelemetry-api-1.44.1.jar;C:\Users\91855\.m2\repository\io\opentelemetry\opentelemetry-context\1.44.1\opentelemetry-context-1.44.1.jar;C:\Users\91855\.m2\repository\io\opentelemetry\opentelemetry-exporter-logging\1.44.1\opentelemetry-exporter-logging-1.44.1.jar;C:\Users\91855\.m2\repository\io\opentelemetry\opentelemetry-sdk-common\1.44.1\opentelemetry-sdk-common-1.44.1.jar;C:\Users\91855\.m2\repository\io\opentelemetry\opentelemetry-sdk-extension-autoconfigure-spi\1.44.1\opentelemetry-sdk-extension-autoconfigure-spi-1.44.1.jar;C:\Users\91855\.m2\repository\io\opentelemetry\opentelemetry-sdk-extension-autoconfigure\1.44.1\opentelemetry-sdk-extension-autoconfigure-1.44.1.jar;C:\Users\91855\.m2\repository\io\opentelemetry\opentelemetry-api-incubator\1.44.1-alpha\opentelemetry-api-incubator-1.44.1-alpha.jar;C:\Users\91855\.m2\repository\io\opentelemetry\opentelemetry-sdk-trace\1.44.1\opentelemetry-sdk-trace-1.44.1.jar;C:\Users\91855\.m2\repository\io\opentelemetry\opentelemetry-sdk\1.44.1\opentelemetry-sdk-1.44.1.jar;C:\Users\91855\.m2\repository\io\opentelemetry\opentelemetry-sdk-metrics\1.44.1\opentelemetry-sdk-metrics-1.44.1.jar;C:\Users\91855\.m2\repository\io\opentelemetry\opentelemetry-sdk-logs\1.44.1\opentelemetry-sdk-logs-1.44.1.jar;C:\Users\91855\.m2\repository\net\bytebuddy\byte-buddy\1.15.10\byte-buddy-1.15.10.jar;C:\Users\91855\.m2\repository\org\seleniumhq\selenium\selenium-os\4.27.0\selenium-os-4.27.0.jar;C:\Users\91855\.m2\repository\org\apache\commons\commons-exec\1.4.0\commons-exec-1.4.0.jar;C:\Users\91855\.m2\repository\org\seleniumhq\selenium\selenium-safari-driver\4.27.0\selenium-safari-driver-4.27.0.jar;C:\Users\91855\.m2\repository\org\seleniumhq\selenium\selenium-support\4.27.0\selenium-support-4.27.0.jar;C:\Users\91855\.m2\repository\com\aventstack\extentreports\5.1.2\extentreports-5.1.2.jar;C:\Users\91855\.m2\repository\io\reactivex\rxjava3\rxjava\3.1.6\rxjava-3.1.6.jar;C:\Users\91855\.m2\repository\org\reactivestreams\reactive-streams\1.0.4\reactive-streams-1.0.4.jar;C:\Users\91855\.m2\repository\org\freemarker\freemarker\2.3.32\freemarker-2.3.32.jar;C:\Users\91855\.m2\repository\org\projectlombok\lombok\1.18.26\lombok-1.18.26.jar;C:\Users\91855\.m2\repository\com\google\code\gson\gson\2.10.1\gson-2.10.1.jar;C:\Users\91855\.m2\repository\org\apache\logging\log4j\log4j-core\2.20.0\log4j-core-2.20.0.jar;C:\Users\91855\.m2\repository\org\apache\logging\log4j\log4j-api\2.20.0\log4j-api-2.20.0.jar;C:\Users\91855\.m2\repository\io\github\bonigarcia\webdrivermanager\6.1.0\webdrivermanager-6.1.0.jar;C:\Users\91855\.m2\repository\org\slf4j\slf4j-api\2.0.17\slf4j-api-2.0.17.jar;C:\Users\91855\.m2\repository\com\github\docker-java\docker-java\3.5.0\docker-java-3.5.0.jar;C:\Users\91855\.m2\repository\com\github\docker-java\docker-java-core\3.5.0\docker-java-core-3.5.0.jar;C:\Users\91855\.m2\repository\com\github\docker-java\docker-java-api\3.5.0\docker-java-api-3.5.0.jar;C:\Users\91855\.m2\repository\org\slf4j\jcl-over-slf4j\1.7.30\jcl-over-slf4j-1.7.30.jar;C:\Users\91855\.m2\repository\com\github\docker-java\docker-java-transport-httpclient5\3.5.0\docker-java-transport-httpclient5-3.5.0.jar;C:\Users\91855\.m2\repository\com\github\docker-java\docker-java-transport\3.5.0\docker-java-transport-3.5.0.jar;C:\Users\91855\.m2\repository\net\java\dev\jna\jna\5.17.0\jna-5.17.0.jar;C:\Users\91855\.m2\repository\org\brotli\dec\0.1.2\dec-0.1.2.jar;C:\Users\91855\.m2\repository\org\apache\commons\commons-lang3\3.17.0\commons-lang3-3.17.0.jar;C:\Users\91855\.m2\repository\org\apache\commons\commons-compress\1.27.1\commons-compress-1.27.1.jar;C:\Users\91855\.m2\repository\commons-codec\commons-codec\1.17.1\commons-codec-1.17.1.jar;C:\Users\91855\.m2\repository\org\apache\httpcomponents\client5\httpclient5\5.4.3\httpclient5-5.4.3.jar;C:\Users\91855\.m2\repository\org\apache\httpcomponents\core5\httpcore5\5.3.4\httpcore5-5.3.4.jar;C:\Users\91855\.m2\repository\org\apache\httpcomponents\core5\httpcore5-h2\5.3.4\httpcore5-h2-5.3.4.jar;C:\Users\91855\.m2\repository\net\java\dev\jna\jna-platform\5.13.0\jna-platform-5.13.0.jar;C:\Users\91855\.m2\repository\dev\failsafe\failsafe\3.3.2\failsafe-3.3.2.jar;C:\Users\91855\.m2\repository\org\testng\testng\7.10.2\testng-7.10.2.jar;C:\Users\91855\.m2\repository\com\beust\jcommander\1.82\jcommander-1.82.jar;C:\Users\91855\.m2\repository\org\webjars\jquery\3.7.1\jquery-3.7.1.jar;C:\Users\91855\.m2\repository\com\google\guava\guava\31.1-jre\guava-31.1-jre.jar;C:\Users\91855\.m2\repository\com\google\guava\failureaccess\1.0.1\failureaccess-1.0.1.jar;C:\Users\91855\.m2\repository\com\google\guava\listenablefuture\9999.0-empty-to-avoid-conflict-with-guava\listenablefuture-9999.0-empty-to-avoid-conflict-with-guava.jar;C:\Users\91855\.m2\repository\com\google\code\findbugs\jsr305\3.0.2\jsr305-3.0.2.jar;C:\Users\91855\.m2\repository\org\checkerframework\checker-qual\3.12.0\checker-qual-3.12.0.jar;C:\Users\91855\.m2\repository\com\google\errorprone\error_prone_annotations\2.11.0\error_prone_annotations-2.11.0.jar;C:\Users\91855\.m2\repository\com\google\j2objc\j2objc-annotations\1.3\j2objc-annotations-1.3.jar;C:\Users\91855\.m2\repository\commons-io\commons-io\2.18.0\commons-io-2.18.0.jar;C:\Users\91855\.m2\repository\com\fasterxml\jackson\core\jackson-databind\2.10.0\jackson-databind-2.10.0.jar;C:\Users\91855\.m2\repository\com\fasterxml\jackson\core\jackson-annotations\2.10.0\jackson-annotations-2.10.0.jar;C:\Users\91855\.m2\repository\com\fasterxml\jackson\core\jackson-core\2.10.0\jackson-core-2.10.0.jar;"/>
    <property name="sun.cpu.endian" value="little"/>
    <property name="user.home" value="C:\Users\91855"/>
    <property name="user.language" value="en"/>
    <property name="java.specification.vendor" value="Oracle Corporation"/>
    <property name="java.version.date" value="2025-07-15"/>
    <property name="java.home" value="C:\Program Files\Java\jdk-24"/>
    <property name="file.separator" value="\"/>
    <property name="basedir" value="C:\Users\91855\eclipse-workspace\Intro"/>
    <property name="java.vm.compressedOopsMode" value="32-bit"/>
    <property name="line.separator" value="&#10;"/>
    <property name="java.vm.specification.vendor" value="Oracle Corporation"/>
    <property name="java.specification.name" value="Java Platform API Specification"/>
    <property name="surefire.real.class.path" value="C:\Users\91855\AppData\Local\Temp\surefire12937107801064451175\surefirebooter9037065701664136233.jar"/>
    <property name="user.script" value=""/>
    <property name="sun.management.compiler" value="HotSpot 64-Bit Tiered Compilers"/>
    <property name="java.runtime.version" value="24.0.2+12-54"/>
    <property name="user.name" value="91855"/>
    <property name="stdout.encoding" value="Cp1252"/>
    <property name="path.separator" value=";"/>
    <property name="os.version" value="10.0"/>
    <property name="java.runtime.name" value="Java(TM) SE Runtime Environment"/>
    <property name="file.encoding" value="UTF-8"/>
    <property name="java.vm.name" value="Java HotSpot(TM) 64-Bit Server VM"/>
    <property name="localRepository" value="C:\Users\91855\.m2\repository"/>
    <property name="java.vendor.url.bug" value="https://bugreport.java.com/bugreport/"/>
    <property name="java.io.tmpdir" value="C:\Users\91855\AppData\Local\Temp\"/>
    <property name="java.version" value="24.0.2"/>
    <property name="user.dir" value="C:\Users\91855\eclipse-workspace\Intro"/>
    <property name="os.arch" value="amd64"/>
    <property name="java.vm.specification.name" value="Java Virtual Machine Specification"/>
    <property name="sun.os.patch.level" value=""/>
    <property name="native.encoding" value="Cp1252"/>
    <property name="java.library.path" value="C:\Program Files\Java\jdk-24\bin;C:\WINDOWS\Sun\Java\bin;C:\WINDOWS\system32;C:\WINDOWS;C:\Program Files\Common Files\Oracle\Java\javapath;C:\Program Files\Java\jdk-22\bin;C:\WINDOWS\system32;C:\WINDOWS;C:\WINDOWS\System32\Wbem;C:\WINDOWS\System32\WindowsPowerShell\v1.0\;C:\WINDOWS\System32\OpenSSH\;C:\Program Files\MySQL\MySQL Server 8.0\bin;C:\Program Files\Java\jdk-18.0.2.1\bin;C:\Program Files\Java\jdk-21\bin;C:\Program Files\Git\cmd;C:\Program Files\nodejs\;C:\Program Files\Apache\Maven\maven-mvnd-1.0.2-windows-amd64\bin;C:\Program Files\apache-maven-3.9.11\bin;C:\Program Files\Java\jdk-24\bin;C:\Users\91855\AppData\Local\Microsoft\WindowsApps;C:\Users\91855\AppData\Local\Programs\Microsoft VS Code\bin;C:\Users\91855\AppData\Local\GitHubDesktop\bin;C:\Users\91855\AppData\Roaming\npm;."/>
    <property name="java.vm.info" value="mixed mode, sharing"/>
    <property name="stderr.encoding" value="Cp1252"/>
    <property name="java.vendor" value="Oracle Corporation"/>
    <property name="java.vm.version" value="24.0.2+12-54"/>
    <property name="sun.io.unicode.encoding" value="UnicodeLittle"/>
    <property name="java.class.version" value="68.0"/>
  </properties>
  <testcase name="verifyingGetItIn2DaysFilterFunctionality[Mobile](1)" classname="amazonfilterapplicatione2e.AmazonTests" time="10.292">
    <system-out><![CDATA[ðŸ§ª logFileName: verifyingGetItByTomorrowFilterFunctionality
ðŸ§ª logFileName: verifyingGetItIn2DaysFilterFunctionality
2025-07-28 09:41:05.000 PM [TestNG-test-Test-1] INFO  [verifyingGetItByTomorrowFilterFunctionality] ðŸ”¹ Starting test method: verifyingGetItByTomorrowFilterFunctionality
2025-07-28 09:41:05.000 PM [TestNG-test-Test-2] INFO  [verifyingGetItIn2DaysFilterFunctionality] ðŸ”¹ Starting test method: verifyingGetItIn2DaysFilterFunctionality
2025-07-28 09:41:14.309 PM [TestNG-test-Test-1] INFO  [verifyingGetItByTomorrowFilterFunctionality] [verifyingGetItByTomorrowFilterFunctionality] Opening amazon Landing page
2025-07-28 09:41:15.422 PM [TestNG-test-Test-2] INFO  [verifyingGetItIn2DaysFilterFunctionality] [verifyingGetItIn2DaysFilterFunctionality] Opening amazon Landing page
2025-07-28 09:41:16.301 PM [TestNG-test-Test-1] INFO  [verifyingGetItByTomorrowFilterFunctionality] [verifyingGetItByTomorrowFilterFunctionality] Giving input within the search bar
2025-07-28 09:41:16.521 PM [TestNG-test-Test-2] INFO  [verifyingGetItIn2DaysFilterFunctionality] [verifyingGetItIn2DaysFilterFunctionality] Giving input within the search bar
2025-07-28 09:41:18.935 PM [TestNG-test-Test-2] INFO  [verifyingGetItIn2DaysFilterFunctionality] [verifyingGetItIn2DaysFilterFunctionality] Clicking on the submit button beside the search bar
2025-07-28 09:41:19.207 PM [TestNG-test-Test-2] INFO  [verifyingGetItIn2DaysFilterFunctionality] [verifyingGetItIn2DaysFilterFunctionality] Checking if element within view port via isElementInViewport method
2025-07-28 09:41:19.263 PM [TestNG-test-Test-2] INFO  [verifyingGetItIn2DaysFilterFunctionality] [verifyingGetItIn2DaysFilterFunctionality] Within printFilterNamesOnly method
Found the elements: By.xpath: //span[@class='a-size-base a-color-base' and text()='Get It in 2 Days']
Get It in 2 Days   size of the list is  1
2025-07-28 09:41:19.389 PM [TestNG-test-Test-2] INFO  [verifyingGetItIn2DaysFilterFunctionality] [verifyingGetItIn2DaysFilterFunctionality] Within validateDeliveryFilterOptionsWithResult method
2025-07-28 09:41:19.392 PM [TestNG-test-Test-2] INFO  [verifyingGetItIn2DaysFilterFunctionality] [verifyingGetItIn2DaysFilterFunctionality] Within safeClick method
2025-07-28 09:41:19.624 PM [TestNG-test-Test-2] INFO  [verifyingGetItIn2DaysFilterFunctionality] [verifyingGetItIn2DaysFilterFunctionality] Clicked the  [[ChromeDriver: chrome on windows (2dd0323ab25ac22e2034aef127ca80f3)] -> xpath: //span[@class='a-size-base a-color-base' and text()='Get It in 2 Days']]   using safeClick
Clicked using safeClick
2025-07-28 09:41:19.626 PM [TestNG-test-Test-2] INFO  [verifyingGetItIn2DaysFilterFunctionality] [verifyingGetItIn2DaysFilterFunctionality] Clicked on By.xpath: //span[@class='a-size-base a-color-base' and text()='Get It in 2 Days']
2025-07-28 09:41:19.905 PM [TestNG-test-Test-1] INFO  [verifyingGetItByTomorrowFilterFunctionality] [verifyingGetItByTomorrowFilterFunctionality] Clicking on the submit button beside the search bar
2025-07-28 09:41:20.092 PM [TestNG-test-Test-1] INFO  [verifyingGetItByTomorrowFilterFunctionality] [verifyingGetItByTomorrowFilterFunctionality] Checking if element visible on UI via isElementVisibleOnUI Method
Checking if the filter and options visible on UI via isElementVisibleOnUI
2025-07-28 09:41:21.626 PM [TestNG-test-Test-2] INFO  [verifyingGetItIn2DaysFilterFunctionality] [verifyingGetItIn2DaysFilterFunctionality] Within safeFindElements 
2025-07-28 09:41:21.662 PM [TestNG-test-Test-2] INFO  [verifyingGetItIn2DaysFilterFunctionality] [verifyingGetItIn2DaysFilterFunctionality] Returning the  [[[ChromeDriver: chrome on windows (2dd0323ab25ac22e2034aef127ca80f3)] -> xpath: //div[@class='a-section a-spacing-small a-spacing-top-small']], [[ChromeDriver: chrome on windows (2dd0323ab25ac22e2034aef127ca80f3)] -> xpath: //div[@class='a-section a-spacing-small a-spacing-top-small']], [[ChromeDriver: chrome on windows (2dd0323ab25ac22e2034aef127ca80f3)] -> xpath: //div[@class='a-section a-spacing-small a-spacing-top-small']], [[ChromeDriver: chrome on windows (2dd0323ab25ac22e2034aef127ca80f3)] -> xpath: //div[@class='a-section a-spacing-small a-spacing-top-small']], [[ChromeDriver: chrome on windows (2dd0323ab25ac22e2034aef127ca80f3)] -> xpath: //div[@class='a-section a-spacing-small a-spacing-top-small']], [[ChromeDriver: chrome on windows (2dd0323ab25ac22e2034aef127ca80f3)] -> xpath: //div[@class='a-section a-spacing-small a-spacing-top-small']], [[ChromeDriver: chrome on windows (2dd0323ab25ac22e2034aef127ca80f3)] -> xpath: //div[@class='a-section a-spacing-small a-spacing-top-small']], [[ChromeDriver: chrome on windows (2dd0323ab25ac22e2034aef127ca80f3)] -> xpath: //div[@class='a-section a-spacing-small a-spacing-top-small']], [[ChromeDriver: chrome on windows (2dd0323ab25ac22e2034aef127ca80f3)] -> xpath: //div[@class='a-section a-spacing-small a-spacing-top-small']], [[ChromeDriver: chrome on windows (2dd0323ab25ac22e2034aef127ca80f3)] -> xpath: //div[@class='a-section a-spacing-small a-spacing-top-small']], [[ChromeDriver: chrome on windows (2dd0323ab25ac22e2034aef127ca80f3)] -> xpath: //div[@class='a-section a-spacing-small a-spacing-top-small']], [[ChromeDriver: chrome on windows (2dd0323ab25ac22e2034aef127ca80f3)] -> xpath: //div[@class='a-section a-spacing-small a-spacing-top-small']], [[ChromeDriver: chrome on windows (2dd0323ab25ac22e2034aef127ca80f3)] -> xpath: //div[@class='a-section a-spacing-small a-spacing-top-small']], [[ChromeDriver: chrome on windows (2dd0323ab25ac22e2034aef127ca80f3)] -> xpath: //div[@class='a-section a-spacing-small a-spacing-top-small']], [[ChromeDriver: chrome on windows (2dd0323ab25ac22e2034aef127ca80f3)] -> xpath: //div[@class='a-section a-spacing-small a-spacing-top-small']], [[ChromeDriver: chrome on windows (2dd0323ab25ac22e2034aef127ca80f3)] -> xpath: //div[@class='a-section a-spacing-small a-spacing-top-small']]] from the safeFindElements method
Found the elements: By.xpath: //div[@class='a-section a-spacing-small a-spacing-top-small']
2025-07-28 09:41:21.683 PM [TestNG-test-Test-2] INFO  [verifyingGetItIn2DaysFilterFunctionality] [verifyingGetItIn2DaysFilterFunctionality] Created hashset with required data to assert with Within validateDeliveryFilterOptions method
2025-07-28 09:41:21.684 PM [TestNG-test-Test-2] INFO  [verifyingGetItIn2DaysFilterFunctionality] [verifyingGetItIn2DaysFilterFunctionality] this is the set  [Jul, Today, Tue, 28, 29, Mon, Tomorrow]
2025-07-28 09:41:21.684 PM [TestNG-test-Test-2] INFO  [verifyingGetItIn2DaysFilterFunctionality] [verifyingGetItIn2DaysFilterFunctionality] Within deliveryElements loop iterating over the products  Within validateDeliveryFilterOptions method
2025-07-28 09:41:21.706 PM [TestNG-test-Test-2] INFO  [verifyingGetItIn2DaysFilterFunctionality] [verifyingGetItIn2DaysFilterFunctionality] Checking if the allowedDateParts have the assert text   Within validateDeliveryFilterOptions method
Found the The text from delivery element --> OneAssist 1 Year Extended Warranty Plan for Mobile Between INR 10001-15000 (E-Mail Delivery Only)
547
â‚¹499
M.R.P:
â‚¹999 (50% off)
Save extra with No Cost EMI
FREE delivery Tomorrow, 29 Jul
Add to cart | List size: 16 | Index: 0
------------------------------------------------------
2025-07-28 09:41:21.708 PM [TestNG-test-Test-2] INFO  [verifyingGetItIn2DaysFilterFunctionality] [verifyingGetItIn2DaysFilterFunctionality] Within deliveryElements loop iterating over the products  Within validateDeliveryFilterOptions method
2025-07-28 09:41:21.725 PM [TestNG-test-Test-2] INFO  [verifyingGetItIn2DaysFilterFunctionality] [verifyingGetItIn2DaysFilterFunctionality] Checking if the allowedDateParts have the assert text   Within validateDeliveryFilterOptions method
Found the The text from delivery element --> OneAssist 1 Year Extended Warranty Plan for Mobile Between INR 20001-25000 (E-Mail Delivery Only)
194
â‚¹849
M.R.P:
â‚¹1,699 (50% off)
Save extra with No Cost EMI
FREE delivery Tomorrow, 29 Jul
Add to cart | List size: 16 | Index: 1
------------------------------------------------------
2025-07-28 09:41:21.725 PM [TestNG-test-Test-2] INFO  [verifyingGetItIn2DaysFilterFunctionality] [verifyingGetItIn2DaysFilterFunctionality] Within deliveryElements loop iterating over the products  Within validateDeliveryFilterOptions method
2025-07-28 09:41:21.744 PM [TestNG-test-Test-2] INFO  [verifyingGetItIn2DaysFilterFunctionality] [verifyingGetItIn2DaysFilterFunctionality] Checking if the allowedDateParts have the assert text   Within validateDeliveryFilterOptions method
Found the The text from delivery element --> OneAssist 1 Year Extended Warranty Plan for Mobile Between INR 15001-20000 (E-Mail Delivery Only)
416
â‚¹649
M.R.P:
â‚¹1,299 (50% off)
Save extra with No Cost EMI
FREE delivery Tomorrow, 29 Jul
Add to cart | List size: 16 | Index: 2
------------------------------------------------------
2025-07-28 09:41:21.744 PM [TestNG-test-Test-2] INFO  [verifyingGetItIn2DaysFilterFunctionality] [verifyingGetItIn2DaysFilterFunctionality] Within deliveryElements loop iterating over the products  Within validateDeliveryFilterOptions method
2025-07-28 09:41:21.761 PM [TestNG-test-Test-2] INFO  [verifyingGetItIn2DaysFilterFunctionality] [verifyingGetItIn2DaysFilterFunctionality] Checking if the allowedDateParts have the assert text   Within validateDeliveryFilterOptions method
Found the The text from delivery element --> OneAssist 1 Year Extended Warranty Plan for Mobile Between INR 25001-30000 (E-Mail Delivery Only)
139
â‚¹1,099
M.R.P:
â‚¹2,199 (50% off)
Save extra with No Cost EMI
FREE delivery Tomorrow, 29 Jul
Add to cart | List size: 16 | Index: 3
------------------------------------------------------
2025-07-28 09:41:21.761 PM [TestNG-test-Test-2] INFO  [verifyingGetItIn2DaysFilterFunctionality] [verifyingGetItIn2DaysFilterFunctionality] Within deliveryElements loop iterating over the products  Within validateDeliveryFilterOptions method
2025-07-28 09:41:21.785 PM [TestNG-test-Test-2] INFO  [verifyingGetItIn2DaysFilterFunctionality] [verifyingGetItIn2DaysFilterFunctionality] Checking if the allowedDateParts have the assert text   Within validateDeliveryFilterOptions method
Found the The text from delivery element --> OneAssist 1 Year Extended Warranty Plan for Mobile Between INR 30001-35000 (E-Mail Delivery Only)
92
â‚¹1,249
M.R.P:
â‚¹2,499 (50% off)
Save extra with No Cost EMI
FREE delivery Tomorrow, 29 Jul
Add to cart | List size: 16 | Index: 4
------------------------------------------------------
2025-07-28 09:41:21.786 PM [TestNG-test-Test-2] INFO  [verifyingGetItIn2DaysFilterFunctionality] [verifyingGetItIn2DaysFilterFunctionality] Within deliveryElements loop iterating over the products  Within validateDeliveryFilterOptions method
2025-07-28 09:41:21.804 PM [TestNG-test-Test-2] INFO  [verifyingGetItIn2DaysFilterFunctionality] [verifyingGetItIn2DaysFilterFunctionality] Checking if the allowedDateParts have the assert text   Within validateDeliveryFilterOptions method
Found the The text from delivery element --> Acko 1-Year Total Damage Protection Plan for Phones Between INR 10,001-15,000 (Email Delivery)
16,910
â‚¹799
M.R.P:
â‚¹1,599 (50% off)
Save extra with No Cost EMI
FREE delivery Tomorrow, 29 Jul
Add to cart | List size: 16 | Index: 5
------------------------------------------------------
2025-07-28 09:41:21.804 PM [TestNG-test-Test-2] INFO  [verifyingGetItIn2DaysFilterFunctionality] [verifyingGetItIn2DaysFilterFunctionality] Within deliveryElements loop iterating over the products  Within validateDeliveryFilterOptions method
2025-07-28 09:41:21.823 PM [TestNG-test-Test-2] INFO  [verifyingGetItIn2DaysFilterFunctionality] [verifyingGetItIn2DaysFilterFunctionality] Checking if the allowedDateParts have the assert text   Within validateDeliveryFilterOptions method
Found the The text from delivery element --> OneAssist 1 Year Extended Warranty Plan for Mobile Between INR 7501-10000 (E-Mail Delivery Only)
185
â‚¹349
M.R.P:
â‚¹699 (50% off)
Save extra with No Cost EMI
FREE delivery Tomorrow, 29 Jul
Add to cart | List size: 16 | Index: 6
------------------------------------------------------
2025-07-28 09:41:21.823 PM [TestNG-test-Test-2] INFO  [verifyingGetItIn2DaysFilterFunctionality] [verifyingGetItIn2DaysFilterFunctionality] Within deliveryElements loop iterating over the products  Within validateDeliveryFilterOptions method
2025-07-28 09:41:21.840 PM [TestNG-test-Test-2] INFO  [verifyingGetItIn2DaysFilterFunctionality] [verifyingGetItIn2DaysFilterFunctionality] Checking if the allowedDateParts have the assert text   Within validateDeliveryFilterOptions method
Found the The text from delivery element --> OneAssist 1 Year Extended Warranty Plan for Mobile Between INR 35001-50000 (E-Mail Delivery Only)
114
â‚¹1,549
M.R.P:
â‚¹3,099 (50% off)
Save extra with No Cost EMI
FREE delivery Tomorrow, 29 Jul
Add to cart | List size: 16 | Index: 7
------------------------------------------------------
2025-07-28 09:41:21.841 PM [TestNG-test-Test-2] INFO  [verifyingGetItIn2DaysFilterFunctionality] [verifyingGetItIn2DaysFilterFunctionality] Within deliveryElements loop iterating over the products  Within validateDeliveryFilterOptions method
2025-07-28 09:41:21.858 PM [TestNG-test-Test-2] INFO  [verifyingGetItIn2DaysFilterFunctionality] [verifyingGetItIn2DaysFilterFunctionality] Checking if the allowedDateParts have the assert text   Within validateDeliveryFilterOptions method
Found the The text from delivery element --> OneAssist 1 Year Extended Warranty Plan for Mobile Between INR 50001-70000 (E-Mail Delivery Only)
47
â‚¹2,199
M.R.P:
â‚¹4,399 (50% off)
Save extra with No Cost EMI
FREE delivery Tomorrow, 29 Jul
Add to cart | List size: 16 | Index: 8
------------------------------------------------------
2025-07-28 09:41:21.859 PM [TestNG-test-Test-2] INFO  [verifyingGetItIn2DaysFilterFunctionality] [verifyingGetItIn2DaysFilterFunctionality] Within deliveryElements loop iterating over the products  Within validateDeliveryFilterOptions method
2025-07-28 09:41:21.875 PM [TestNG-test-Test-2] INFO  [verifyingGetItIn2DaysFilterFunctionality] [verifyingGetItIn2DaysFilterFunctionality] Checking if the allowedDateParts have the assert text   Within validateDeliveryFilterOptions method
Found the The text from delivery element --> Acko 1-Year Total Damage Protection Plan for Phones Between INR 15,001-20,000 (Email Delivery)
13,608
â‚¹1,199
M.R.P:
â‚¹2,300 (48% off)
Save extra with No Cost EMI
FREE delivery Tomorrow, 29 Jul
Add to cart | List size: 16 | Index: 9
------------------------------------------------------
2025-07-28 09:41:21.876 PM [TestNG-test-Test-2] INFO  [verifyingGetItIn2DaysFilterFunctionality] [verifyingGetItIn2DaysFilterFunctionality] Within deliveryElements loop iterating over the products  Within validateDeliveryFilterOptions method
2025-07-28 09:41:21.893 PM [TestNG-test-Test-2] INFO  [verifyingGetItIn2DaysFilterFunctionality] [verifyingGetItIn2DaysFilterFunctionality] Checking if the allowedDateParts have the assert text   Within validateDeliveryFilterOptions method
Found the The text from delivery element --> FKU Cell Phone Floor Stand Double-Section Holder Stand with 1.96/5.25 ft Height & 5.73lb Stable Base, Compatible â‰¤ 6.5â€˜â€™ Cell Phone for Live Streaming, Filming, Meeting
15
â‚¹2,619
M.R.P:
â‚¹6,999 (63% off)
Save 3% with coupon
FREE delivery Mon, 4 Aug
Add to cart | List size: 16 | Index: 10
------------------------------------------------------
2025-07-28 09:41:21.893 PM [TestNG-test-Test-2] INFO  [verifyingGetItIn2DaysFilterFunctionality] [verifyingGetItIn2DaysFilterFunctionality] Within deliveryElements loop iterating over the products  Within validateDeliveryFilterOptions method
2025-07-28 09:41:21.911 PM [TestNG-test-Test-2] INFO  [verifyingGetItIn2DaysFilterFunctionality] [verifyingGetItIn2DaysFilterFunctionality] Checking if the allowedDateParts have the assert text   Within validateDeliveryFilterOptions method
Found the The text from delivery element --> FKU F12 Screen Magnifier for Cell Phone with Bluetooth Speaker, Foldable Phone Stand Holder, Compatible with All Smartphones
15
â‚¹1,881
M.R.P:
â‚¹3,999 (53% off)
Save 3% with coupon
FREE delivery Mon, 4 Aug
Add to cart
+1 other color/pattern | List size: 16 | Index: 11
------------------------------------------------------
2025-07-28 09:41:21.912 PM [TestNG-test-Test-2] INFO  [verifyingGetItIn2DaysFilterFunctionality] [verifyingGetItIn2DaysFilterFunctionality] Within deliveryElements loop iterating over the products  Within validateDeliveryFilterOptions method
2025-07-28 09:41:21.931 PM [TestNG-test-Test-2] INFO  [verifyingGetItIn2DaysFilterFunctionality] [verifyingGetItIn2DaysFilterFunctionality] Checking if the allowedDateParts have the assert text   Within validateDeliveryFilterOptions method
Found the The text from delivery element --> Samsung Care+ Accidental & Liquid Damage Protection Plan for 1 Year - Super Premium Range Smartphones (Email Delivery No Physical Kit)
77
â‚¹7,999
Save extra with No Cost EMI
FREE delivery Tomorrow, 29 Jul
Add to cart | List size: 16 | Index: 12
------------------------------------------------------
2025-07-28 09:41:21.933 PM [TestNG-test-Test-2] INFO  [verifyingGetItIn2DaysFilterFunctionality] [verifyingGetItIn2DaysFilterFunctionality] Within deliveryElements loop iterating over the products  Within validateDeliveryFilterOptions method
2025-07-28 09:41:21.950 PM [TestNG-test-Test-2] INFO  [verifyingGetItIn2DaysFilterFunctionality] [verifyingGetItIn2DaysFilterFunctionality] Checking if the allowedDateParts have the assert text   Within validateDeliveryFilterOptions method
Found the The text from delivery element --> Acko 1-year Total Damage Protection Plan for Phones between INR 20,001-25,000
3,054
â‚¹1,499
M.R.P:
â‚¹2,900 (48% off)
Save extra with No Cost EMI
FREE delivery Tomorrow, 29 Jul
Add to cart | List size: 16 | Index: 13
------------------------------------------------------
2025-07-28 09:41:21.950 PM [TestNG-test-Test-2] INFO  [verifyingGetItIn2DaysFilterFunctionality] [verifyingGetItIn2DaysFilterFunctionality] Within deliveryElements loop iterating over the products  Within validateDeliveryFilterOptions method
2025-07-28 09:41:21.968 PM [TestNG-test-Test-2] INFO  [verifyingGetItIn2DaysFilterFunctionality] [verifyingGetItIn2DaysFilterFunctionality] Checking if the allowedDateParts have the assert text   Within validateDeliveryFilterOptions method
Found the The text from delivery element --> OneAssist 6 Months Extended Warranty Plan for Mobile Between INR 35001-50000(E-Mail Delivery Only)
8
â‚¹599
M.R.P:
â‚¹1,198 (50% off)
Save extra with No Cost EMI
FREE delivery Tomorrow, 29 Jul
Add to cart | List size: 16 | Index: 14
------------------------------------------------------
2025-07-28 09:41:21.968 PM [TestNG-test-Test-2] INFO  [verifyingGetItIn2DaysFilterFunctionality] [verifyingGetItIn2DaysFilterFunctionality] Within deliveryElements loop iterating over the products  Within validateDeliveryFilterOptions method
2025-07-28 09:41:21.985 PM [TestNG-test-Test-2] INFO  [verifyingGetItIn2DaysFilterFunctionality] [verifyingGetItIn2DaysFilterFunctionality] Checking if the allowedDateParts have the assert text   Within validateDeliveryFilterOptions method
Found the The text from delivery element --> OneAssist 1 Year Extended Warranty Plan for Mobile Between INR 70001-100000 (E-Mail Delivery Only)
6
â‚¹3,199
M.R.P:
â‚¹6,398 (50% off)
FREE delivery Tomorrow, 29 Jul
Add to cart | List size: 16 | Index: 15
------------------------------------------------------
2025-07-28 09:41:21.985 PM [TestNG-test-Test-2] INFO  [verifyingGetItIn2DaysFilterFunctionality] [verifyingGetItIn2DaysFilterFunctionality] Returning the list with boolean values   Within validateDeliveryFilterOptions method
2025-07-28 09:41:21.985 PM [TestNG-test-Test-2] INFO  [verifyingGetItIn2DaysFilterFunctionality] [verifyingGetItIn2DaysFilterFunctionality] Asserting delivery filter: isValid=true, index=-1, text=All the things are valid no errors
true  Text from function =>All the things are valid no errors index no is -1
]]></system-out>
    <system-err><![CDATA[SLF4J(W): No SLF4J providers were found.
SLF4J(W): Defaulting to no-operation (NOP) logger implementation
SLF4J(W): See https://www.slf4j.org/codes.html#noProviders for further details.
Jul 28, 2025 9:41:11 PM org.openqa.selenium.devtools.CdpVersionFinder findNearestMatch
WARNING: Unable to find CDP implementation matching 138
Jul 28, 2025 9:41:11 PM org.openqa.selenium.chromium.ChromiumDriver lambda$new$5
WARNING: Unable to find version of CDP to use for 138.0.7204.169. You may need to include a dependency on a specific version of the CDP using something similar to `org.seleniumhq.selenium:selenium-devtools-v86:4.27.0` where the version ("v86") matches the version of the chromium-based browser you're using and the version number of the artifact is the same as Selenium's.
Jul 28, 2025 9:41:11 PM org.openqa.selenium.devtools.CdpVersionFinder findNearestMatch
WARNING: Unable to find CDP implementation matching 138
Jul 28, 2025 9:41:11 PM org.openqa.selenium.chromium.ChromiumDriver lambda$new$5
WARNING: Unable to find version of CDP to use for 138.0.7204.169. You may need to include a dependency on a specific version of the CDP using something similar to `org.seleniumhq.selenium:selenium-devtools-v86:4.27.0` where the version ("v86") matches the version of the chromium-based browser you're using and the version number of the artifact is the same as Selenium's.
]]></system-err>
  </testcase>
  <testcase name="verifyingGetItByTomorrowFilterFunctionality[Mobile](1)" classname="amazonfilterapplicatione2e.AmazonTests" time="2.938">
    <system-out><![CDATA[2025-07-28 09:41:21.995 PM [TestNG-test-Test-2] INFO  [verifyingGetItIn2DaysFilterFunctionality] âœ… Finished test method: verifyingGetItIn2DaysFilterFunctionality
ðŸ§ª logFileName: verifyingGetItIn2DaysFilterFunctionality
2025-07-28 09:41:22.231 PM [TestNG-test-Test-2] INFO  [verifyingGetItIn2DaysFilterFunctionality] ðŸ”¹ Starting test method: verifyingGetItIn2DaysFilterFunctionality
2025-07-28 09:41:23.235 PM [TestNG-test-Test-1] INFO  [verifyingGetItByTomorrowFilterFunctionality] [verifyingGetItByTomorrowFilterFunctionality] Within printFilterNamesOnly method
Found the elements: By.xpath: //span[@class='a-size-base a-color-base' and text()='Get It by Tomorrow']
Get It by Tomorrow   size of the list is  1
2025-07-28 09:41:23.619 PM [TestNG-test-Test-1] INFO  [verifyingGetItByTomorrowFilterFunctionality] [verifyingGetItByTomorrowFilterFunctionality] Within validateDeliveryFilterOptionsWithResult method
2025-07-28 09:41:23.619 PM [TestNG-test-Test-1] INFO  [verifyingGetItByTomorrowFilterFunctionality] [verifyingGetItByTomorrowFilterFunctionality] Within safeClick method
2025-07-28 09:41:23.979 PM [TestNG-test-Test-1] INFO  [verifyingGetItByTomorrowFilterFunctionality] [verifyingGetItByTomorrowFilterFunctionality] Clicked the  [[ChromeDriver: chrome on windows (c2d16e12b948a178d4448ad808627de0)] -> xpath: //span[@class='a-size-base a-color-base' and text()='Get It by Tomorrow']]   using safeClick
Clicked using safeClick
2025-07-28 09:41:23.980 PM [TestNG-test-Test-1] INFO  [verifyingGetItByTomorrowFilterFunctionality] [verifyingGetItByTomorrowFilterFunctionality] Clicked on By.xpath: //span[@class='a-size-base a-color-base' and text()='Get It by Tomorrow']
2025-07-28 09:41:25.076 PM [TestNG-test-Test-2] INFO  [verifyingGetItIn2DaysFilterFunctionality] [verifyingGetItIn2DaysFilterFunctionality] Opening amazon Landing page
2025-07-28 09:41:25.982 PM [TestNG-test-Test-1] INFO  [verifyingGetItByTomorrowFilterFunctionality] [verifyingGetItByTomorrowFilterFunctionality] Within safeFindElements 
2025-07-28 09:41:25.998 PM [TestNG-test-Test-1] INFO  [verifyingGetItByTomorrowFilterFunctionality] [verifyingGetItByTomorrowFilterFunctionality] Returning the  [[[ChromeDriver: chrome on windows (c2d16e12b948a178d4448ad808627de0)] -> xpath: //div[@class='a-section a-spacing-small a-spacing-top-small']], [[ChromeDriver: chrome on windows (c2d16e12b948a178d4448ad808627de0)] -> xpath: //div[@class='a-section a-spacing-small a-spacing-top-small']], [[ChromeDriver: chrome on windows (c2d16e12b948a178d4448ad808627de0)] -> xpath: //div[@class='a-section a-spacing-small a-spacing-top-small']], [[ChromeDriver: chrome on windows (c2d16e12b948a178d4448ad808627de0)] -> xpath: //div[@class='a-section a-spacing-small a-spacing-top-small']], [[ChromeDriver: chrome on windows (c2d16e12b948a178d4448ad808627de0)] -> xpath: //div[@class='a-section a-spacing-small a-spacing-top-small']], [[ChromeDriver: chrome on windows (c2d16e12b948a178d4448ad808627de0)] -> xpath: //div[@class='a-section a-spacing-small a-spacing-top-small']], [[ChromeDriver: chrome on windows (c2d16e12b948a178d4448ad808627de0)] -> xpath: //div[@class='a-section a-spacing-small a-spacing-top-small']], [[ChromeDriver: chrome on windows (c2d16e12b948a178d4448ad808627de0)] -> xpath: //div[@class='a-section a-spacing-small a-spacing-top-small']], [[ChromeDriver: chrome on windows (c2d16e12b948a178d4448ad808627de0)] -> xpath: //div[@class='a-section a-spacing-small a-spacing-top-small']], [[ChromeDriver: chrome on windows (c2d16e12b948a178d4448ad808627de0)] -> xpath: //div[@class='a-section a-spacing-small a-spacing-top-small']], [[ChromeDriver: chrome on windows (c2d16e12b948a178d4448ad808627de0)] -> xpath: //div[@class='a-section a-spacing-small a-spacing-top-small']], [[ChromeDriver: chrome on windows (c2d16e12b948a178d4448ad808627de0)] -> xpath: //div[@class='a-section a-spacing-small a-spacing-top-small']], [[ChromeDriver: chrome on windows (c2d16e12b948a178d4448ad808627de0)] -> xpath: //div[@class='a-section a-spacing-small a-spacing-top-small']], [[ChromeDriver: chrome on windows (c2d16e12b948a178d4448ad808627de0)] -> xpath: //div[@class='a-section a-spacing-small a-spacing-top-small']], [[ChromeDriver: chrome on windows (c2d16e12b948a178d4448ad808627de0)] -> xpath: //div[@class='a-section a-spacing-small a-spacing-top-small']], [[ChromeDriver: chrome on windows (c2d16e12b948a178d4448ad808627de0)] -> xpath: //div[@class='a-section a-spacing-small a-spacing-top-small']]] from the safeFindElements method
Found the elements: By.xpath: //div[@class='a-section a-spacing-small a-spacing-top-small']
2025-07-28 09:41:25.999 PM [TestNG-test-Test-1] INFO  [verifyingGetItByTomorrowFilterFunctionality] [verifyingGetItByTomorrowFilterFunctionality] Created hashset with required data to assert with Within validateDeliveryFilterOptions method
2025-07-28 09:41:25.999 PM [TestNG-test-Test-1] INFO  [verifyingGetItByTomorrowFilterFunctionality] [verifyingGetItByTomorrowFilterFunctionality] this is the set  [Jul, Today, Tue, 28, 29, Mon, Tomorrow]
2025-07-28 09:41:25.999 PM [TestNG-test-Test-1] INFO  [verifyingGetItByTomorrowFilterFunctionality] [verifyingGetItByTomorrowFilterFunctionality] Within deliveryElements loop iterating over the products  Within validateDeliveryFilterOptions method
2025-07-28 09:41:26.027 PM [TestNG-test-Test-1] INFO  [verifyingGetItByTomorrowFilterFunctionality] [verifyingGetItByTomorrowFilterFunctionality] Checking if the allowedDateParts have the assert text   Within validateDeliveryFilterOptions method
Found the The text from delivery element --> OneAssist 1 Year Extended Warranty Plan for Mobile Between INR 10001-15000 (E-Mail Delivery Only)
547
â‚¹499
M.R.P:
â‚¹999 (50% off)
Save extra with No Cost EMI
FREE delivery Tomorrow, 29 Jul
Add to cart | List size: 16 | Index: 0
------------------------------------------------------
2025-07-28 09:41:26.027 PM [TestNG-test-Test-1] INFO  [verifyingGetItByTomorrowFilterFunctionality] [verifyingGetItByTomorrowFilterFunctionality] Within deliveryElements loop iterating over the products  Within validateDeliveryFilterOptions method
2025-07-28 09:41:26.046 PM [TestNG-test-Test-1] INFO  [verifyingGetItByTomorrowFilterFunctionality] [verifyingGetItByTomorrowFilterFunctionality] Checking if the allowedDateParts have the assert text   Within validateDeliveryFilterOptions method
Found the The text from delivery element --> OneAssist 1 Year Extended Warranty Plan for Mobile Between INR 20001-25000 (E-Mail Delivery Only)
194
â‚¹849
M.R.P:
â‚¹1,699 (50% off)
Save extra with No Cost EMI
FREE delivery Tomorrow, 29 Jul
Add to cart | List size: 16 | Index: 1
------------------------------------------------------
2025-07-28 09:41:26.046 PM [TestNG-test-Test-1] INFO  [verifyingGetItByTomorrowFilterFunctionality] [verifyingGetItByTomorrowFilterFunctionality] Within deliveryElements loop iterating over the products  Within validateDeliveryFilterOptions method
2025-07-28 09:41:26.068 PM [TestNG-test-Test-1] INFO  [verifyingGetItByTomorrowFilterFunctionality] [verifyingGetItByTomorrowFilterFunctionality] Checking if the allowedDateParts have the assert text   Within validateDeliveryFilterOptions method
Found the The text from delivery element --> OneAssist 1 Year Extended Warranty Plan for Mobile Between INR 15001-20000 (E-Mail Delivery Only)
416
â‚¹649
M.R.P:
â‚¹1,299 (50% off)
Save extra with No Cost EMI
FREE delivery Tomorrow, 29 Jul
Add to cart | List size: 16 | Index: 2
------------------------------------------------------
2025-07-28 09:41:26.068 PM [TestNG-test-Test-1] INFO  [verifyingGetItByTomorrowFilterFunctionality] [verifyingGetItByTomorrowFilterFunctionality] Within deliveryElements loop iterating over the products  Within validateDeliveryFilterOptions method
2025-07-28 09:41:26.092 PM [TestNG-test-Test-1] INFO  [verifyingGetItByTomorrowFilterFunctionality] [verifyingGetItByTomorrowFilterFunctionality] Checking if the allowedDateParts have the assert text   Within validateDeliveryFilterOptions method
Found the The text from delivery element --> OneAssist 1 Year Extended Warranty Plan for Mobile Between INR 25001-30000 (E-Mail Delivery Only)
139
â‚¹1,099
M.R.P:
â‚¹2,199 (50% off)
Save extra with No Cost EMI
FREE delivery Tomorrow, 29 Jul
Add to cart | List size: 16 | Index: 3
------------------------------------------------------
2025-07-28 09:41:26.092 PM [TestNG-test-Test-1] INFO  [verifyingGetItByTomorrowFilterFunctionality] [verifyingGetItByTomorrowFilterFunctionality] Within deliveryElements loop iterating over the products  Within validateDeliveryFilterOptions method
2025-07-28 09:41:26.118 PM [TestNG-test-Test-1] INFO  [verifyingGetItByTomorrowFilterFunctionality] [verifyingGetItByTomorrowFilterFunctionality] Checking if the allowedDateParts have the assert text   Within validateDeliveryFilterOptions method
Found the The text from delivery element --> OneAssist 1 Year Extended Warranty Plan for Mobile Between INR 30001-35000 (E-Mail Delivery Only)
92
â‚¹1,249
M.R.P:
â‚¹2,499 (50% off)
Save extra with No Cost EMI
FREE delivery Tomorrow, 29 Jul
Add to cart | List size: 16 | Index: 4
------------------------------------------------------
2025-07-28 09:41:26.118 PM [TestNG-test-Test-1] INFO  [verifyingGetItByTomorrowFilterFunctionality] [verifyingGetItByTomorrowFilterFunctionality] Within deliveryElements loop iterating over the products  Within validateDeliveryFilterOptions method
2025-07-28 09:41:26.150 PM [TestNG-test-Test-1] INFO  [verifyingGetItByTomorrowFilterFunctionality] [verifyingGetItByTomorrowFilterFunctionality] Checking if the allowedDateParts have the assert text   Within validateDeliveryFilterOptions method
Found the The text from delivery element --> Acko 1-Year Total Damage Protection Plan for Phones Between INR 10,001-15,000 (Email Delivery)
16,910
â‚¹799
M.R.P:
â‚¹1,599 (50% off)
Save extra with No Cost EMI
FREE delivery Tomorrow, 29 Jul
Add to cart | List size: 16 | Index: 5
------------------------------------------------------
2025-07-28 09:41:26.150 PM [TestNG-test-Test-1] INFO  [verifyingGetItByTomorrowFilterFunctionality] [verifyingGetItByTomorrowFilterFunctionality] Within deliveryElements loop iterating over the products  Within validateDeliveryFilterOptions method
2025-07-28 09:41:26.190 PM [TestNG-test-Test-1] INFO  [verifyingGetItByTomorrowFilterFunctionality] [verifyingGetItByTomorrowFilterFunctionality] Checking if the allowedDateParts have the assert text   Within validateDeliveryFilterOptions method
Found the The text from delivery element --> OneAssist 1 Year Extended Warranty Plan for Mobile Between INR 7501-10000 (E-Mail Delivery Only)
185
â‚¹349
M.R.P:
â‚¹699 (50% off)
Save extra with No Cost EMI
FREE delivery Tomorrow, 29 Jul
Add to cart | List size: 16 | Index: 6
------------------------------------------------------
2025-07-28 09:41:26.191 PM [TestNG-test-Test-1] INFO  [verifyingGetItByTomorrowFilterFunctionality] [verifyingGetItByTomorrowFilterFunctionality] Within deliveryElements loop iterating over the products  Within validateDeliveryFilterOptions method
2025-07-28 09:41:26.228 PM [TestNG-test-Test-1] INFO  [verifyingGetItByTomorrowFilterFunctionality] [verifyingGetItByTomorrowFilterFunctionality] Checking if the allowedDateParts have the assert text   Within validateDeliveryFilterOptions method
Found the The text from delivery element --> OneAssist 1 Year Extended Warranty Plan for Mobile Between INR 35001-50000 (E-Mail Delivery Only)
114
â‚¹1,549
M.R.P:
â‚¹3,099 (50% off)
Save extra with No Cost EMI
FREE delivery Tomorrow, 29 Jul
Add to cart | List size: 16 | Index: 7
------------------------------------------------------
2025-07-28 09:41:26.229 PM [TestNG-test-Test-1] INFO  [verifyingGetItByTomorrowFilterFunctionality] [verifyingGetItByTomorrowFilterFunctionality] Within deliveryElements loop iterating over the products  Within validateDeliveryFilterOptions method
2025-07-28 09:41:26.279 PM [TestNG-test-Test-1] INFO  [verifyingGetItByTomorrowFilterFunctionality] [verifyingGetItByTomorrowFilterFunctionality] Checking if the allowedDateParts have the assert text   Within validateDeliveryFilterOptions method
Found the The text from delivery element --> OneAssist 1 Year Extended Warranty Plan for Mobile Between INR 50001-70000 (E-Mail Delivery Only)
47
â‚¹2,199
M.R.P:
â‚¹4,399 (50% off)
Save extra with No Cost EMI
FREE delivery Tomorrow, 29 Jul
Add to cart | List size: 16 | Index: 8
------------------------------------------------------
2025-07-28 09:41:26.280 PM [TestNG-test-Test-1] INFO  [verifyingGetItByTomorrowFilterFunctionality] [verifyingGetItByTomorrowFilterFunctionality] Within deliveryElements loop iterating over the products  Within validateDeliveryFilterOptions method
2025-07-28 09:41:26.314 PM [TestNG-test-Test-1] INFO  [verifyingGetItByTomorrowFilterFunctionality] [verifyingGetItByTomorrowFilterFunctionality] Checking if the allowedDateParts have the assert text   Within validateDeliveryFilterOptions method
Found the The text from delivery element --> Acko 1-Year Total Damage Protection Plan for Phones Between INR 15,001-20,000 (Email Delivery)
13,608
â‚¹1,199
M.R.P:
â‚¹2,300 (48% off)
Save extra with No Cost EMI
FREE delivery Tomorrow, 29 Jul
Add to cart | List size: 16 | Index: 9
------------------------------------------------------
2025-07-28 09:41:26.315 PM [TestNG-test-Test-1] INFO  [verifyingGetItByTomorrowFilterFunctionality] [verifyingGetItByTomorrowFilterFunctionality] Within deliveryElements loop iterating over the products  Within validateDeliveryFilterOptions method
2025-07-28 09:41:26.369 PM [TestNG-test-Test-1] INFO  [verifyingGetItByTomorrowFilterFunctionality] [verifyingGetItByTomorrowFilterFunctionality] Checking if the allowedDateParts have the assert text   Within validateDeliveryFilterOptions method
Found the The text from delivery element --> FKU Cell Phone Floor Stand Double-Section Holder Stand with 1.96/5.25 ft Height & 5.73lb Stable Base, Compatible â‰¤ 6.5â€˜â€™ Cell Phone for Live Streaming, Filming, Meeting
15
â‚¹2,619
M.R.P:
â‚¹6,999 (63% off)
Save 3% with coupon
FREE delivery Mon, 4 Aug
Add to cart | List size: 16 | Index: 10
------------------------------------------------------
2025-07-28 09:41:26.369 PM [TestNG-test-Test-1] INFO  [verifyingGetItByTomorrowFilterFunctionality] [verifyingGetItByTomorrowFilterFunctionality] Within deliveryElements loop iterating over the products  Within validateDeliveryFilterOptions method
2025-07-28 09:41:26.414 PM [TestNG-test-Test-1] INFO  [verifyingGetItByTomorrowFilterFunctionality] [verifyingGetItByTomorrowFilterFunctionality] Checking if the allowedDateParts have the assert text   Within validateDeliveryFilterOptions method
Found the The text from delivery element --> Samsung Care+ Accidental & Liquid Damage Protection Plan for 1 Year - Super Premium Range Smartphones (Email Delivery No Physical Kit)
77
â‚¹7,999
Save extra with No Cost EMI
FREE delivery Tomorrow, 29 Jul
Add to cart | List size: 16 | Index: 11
------------------------------------------------------
2025-07-28 09:41:26.415 PM [TestNG-test-Test-1] INFO  [verifyingGetItByTomorrowFilterFunctionality] [verifyingGetItByTomorrowFilterFunctionality] Within deliveryElements loop iterating over the products  Within validateDeliveryFilterOptions method
2025-07-28 09:41:26.453 PM [TestNG-test-Test-1] INFO  [verifyingGetItByTomorrowFilterFunctionality] [verifyingGetItByTomorrowFilterFunctionality] Checking if the allowedDateParts have the assert text   Within validateDeliveryFilterOptions method
Found the The text from delivery element --> FKU F12 Screen Magnifier for Cell Phone with Bluetooth Speaker, Foldable Phone Stand Holder, Compatible with All Smartphones
15
â‚¹1,881
M.R.P:
â‚¹3,999 (53% off)
Save 3% with coupon
FREE delivery Mon, 4 Aug
Add to cart
+1 other color/pattern | List size: 16 | Index: 12
------------------------------------------------------
2025-07-28 09:41:26.453 PM [TestNG-test-Test-1] INFO  [verifyingGetItByTomorrowFilterFunctionality] [verifyingGetItByTomorrowFilterFunctionality] Within deliveryElements loop iterating over the products  Within validateDeliveryFilterOptions method
2025-07-28 09:41:26.482 PM [TestNG-test-Test-1] INFO  [verifyingGetItByTomorrowFilterFunctionality] [verifyingGetItByTomorrowFilterFunctionality] Checking if the allowedDateParts have the assert text   Within validateDeliveryFilterOptions method
Found the The text from delivery element --> Acko 1-year Total Damage Protection Plan for Phones between INR 20,001-25,000
3,054
â‚¹1,499
M.R.P:
â‚¹2,900 (48% off)
Save extra with No Cost EMI
FREE delivery Tomorrow, 29 Jul
Add to cart | List size: 16 | Index: 13
------------------------------------------------------
2025-07-28 09:41:26.482 PM [TestNG-test-Test-1] INFO  [verifyingGetItByTomorrowFilterFunctionality] [verifyingGetItByTomorrowFilterFunctionality] Within deliveryElements loop iterating over the products  Within validateDeliveryFilterOptions method
2025-07-28 09:41:26.518 PM [TestNG-test-Test-1] INFO  [verifyingGetItByTomorrowFilterFunctionality] [verifyingGetItByTomorrowFilterFunctionality] Checking if the allowedDateParts have the assert text   Within validateDeliveryFilterOptions method
Found the The text from delivery element --> OneAssist 6 Months Extended Warranty Plan for Mobile Between INR 35001-50000(E-Mail Delivery Only)
8
â‚¹599
M.R.P:
â‚¹1,198 (50% off)
Save extra with No Cost EMI
FREE delivery Tomorrow, 29 Jul
Add to cart | List size: 16 | Index: 14
------------------------------------------------------
2025-07-28 09:41:26.518 PM [TestNG-test-Test-1] INFO  [verifyingGetItByTomorrowFilterFunctionality] [verifyingGetItByTomorrowFilterFunctionality] Within deliveryElements loop iterating over the products  Within validateDeliveryFilterOptions method
2025-07-28 09:41:26.547 PM [TestNG-test-Test-1] INFO  [verifyingGetItByTomorrowFilterFunctionality] [verifyingGetItByTomorrowFilterFunctionality] Checking if the allowedDateParts have the assert text   Within validateDeliveryFilterOptions method
Found the The text from delivery element --> OneAssist 1 Year Extended Warranty Plan for Mobile Between INR 70001-100000 (E-Mail Delivery Only)
6
â‚¹3,199
M.R.P:
â‚¹6,398 (50% off)
FREE delivery Tomorrow, 29 Jul
Add to cart | List size: 16 | Index: 15
------------------------------------------------------
2025-07-28 09:41:26.547 PM [TestNG-test-Test-1] INFO  [verifyingGetItByTomorrowFilterFunctionality] [verifyingGetItByTomorrowFilterFunctionality] Returning the list with boolean values   Within validateDeliveryFilterOptions method
2025-07-28 09:41:26.547 PM [TestNG-test-Test-1] INFO  [verifyingGetItByTomorrowFilterFunctionality] [verifyingGetItByTomorrowFilterFunctionality] Asserting delivery filter: isValid=true, index=-1, text=All the things are valid no errors
true  Text from function =>All the things are valid no errors index no is -1
]]></system-out>
    <system-err><![CDATA[Jul 28, 2025 9:41:23 PM org.openqa.selenium.devtools.CdpVersionFinder findNearestMatch
WARNING: Unable to find CDP implementation matching 138
Jul 28, 2025 9:41:23 PM org.openqa.selenium.chromium.ChromiumDriver lambda$new$5
WARNING: Unable to find version of CDP to use for 138.0.7204.169. You may need to include a dependency on a specific version of the CDP using something similar to `org.seleniumhq.selenium:selenium-devtools-v86:4.27.0` where the version ("v86") matches the version of the chromium-based browser you're using and the version number of the artifact is the same as Selenium's.
]]></system-err>
  </testcase>
  <testcase name="verifyingGetItIn2DaysFilterFunctionality[Tv](2)" classname="amazonfilterapplicatione2e.AmazonTests" time="3.846">
    <failure message="âŒ Delivery date mismatch at index 0. Text: WoodMarwar Solid Sheesham Wood Entertainment Tv Unit for Living Room | Free Standing Media Console Movable Tv Cabinet Sideboard | Tv Table Side Board with 4 Door Cabinet &amp; 1 Flap Door Storage | Walnut&#10;16&#10;See options&#10;No featured offers available&#10;â‚¹23,499(1 new offer)&#10;+5 expected [true] but found [false]" type="java.lang.AssertionError"><![CDATA[java.lang.AssertionError: 
âŒ Delivery date mismatch at index 0. Text: WoodMarwar Solid Sheesham Wood Entertainment Tv Unit for Living Room | Free Standing Media Console Movable Tv Cabinet Sideboard | Tv Table Side Board with 4 Door Cabinet & 1 Flap Door Storage | Walnut
16
See options
No featured offers available
â‚¹23,499(1 new offer)
+5 expected [true] but found [false]
	at amazonfilterapplicatione2e.AmazonTests.verifyingGetItIn2DaysFilterFunctionality(AmazonTests.java:120)
]]></failure>
    <system-out><![CDATA[2025-07-28 09:41:26.555 PM [TestNG-test-Test-1] INFO  [verifyingGetItByTomorrowFilterFunctionality] âœ… Finished test method: verifyingGetItByTomorrowFilterFunctionality
ðŸ§ª logFileName: verifyingGetItByTomorrowFilterFunctionality
2025-07-28 09:41:27.114 PM [TestNG-test-Test-1] INFO  [verifyingGetItByTomorrowFilterFunctionality] ðŸ”¹ Starting test method: verifyingGetItByTomorrowFilterFunctionality
2025-07-28 09:41:27.385 PM [TestNG-test-Test-2] INFO  [verifyingGetItIn2DaysFilterFunctionality] [verifyingGetItIn2DaysFilterFunctionality] Giving input within the search bar
2025-07-28 09:41:29.944 PM [TestNG-test-Test-2] INFO  [verifyingGetItIn2DaysFilterFunctionality] [verifyingGetItIn2DaysFilterFunctionality] Clicking on the submit button beside the search bar
2025-07-28 09:41:30.061 PM [TestNG-test-Test-2] INFO  [verifyingGetItIn2DaysFilterFunctionality] [verifyingGetItIn2DaysFilterFunctionality] Checking if element within view port via isElementInViewport method
2025-07-28 09:41:30.114 PM [TestNG-test-Test-2] INFO  [verifyingGetItIn2DaysFilterFunctionality] [verifyingGetItIn2DaysFilterFunctionality] Within printFilterNamesOnly method
Found the elements: By.xpath: //span[@class='a-size-base a-color-base' and text()='Get It in 2 Days']
Get It in 2 Days   size of the list is  1
2025-07-28 09:41:30.148 PM [TestNG-test-Test-2] INFO  [verifyingGetItIn2DaysFilterFunctionality] [verifyingGetItIn2DaysFilterFunctionality] Within validateDeliveryFilterOptionsWithResult method
2025-07-28 09:41:30.149 PM [TestNG-test-Test-2] INFO  [verifyingGetItIn2DaysFilterFunctionality] [verifyingGetItIn2DaysFilterFunctionality] Within safeClick method
2025-07-28 09:41:30.494 PM [TestNG-test-Test-2] INFO  [verifyingGetItIn2DaysFilterFunctionality] [verifyingGetItIn2DaysFilterFunctionality] Clicked the  [[ChromeDriver: chrome on windows (ea4b9dc230c4ca10099058732568cded)] -> xpath: //span[@class='a-size-base a-color-base' and text()='Get It in 2 Days']]   using safeClick
Clicked using safeClick
2025-07-28 09:41:30.495 PM [TestNG-test-Test-2] INFO  [verifyingGetItIn2DaysFilterFunctionality] [verifyingGetItIn2DaysFilterFunctionality] Clicked on By.xpath: //span[@class='a-size-base a-color-base' and text()='Get It in 2 Days']
2025-07-28 09:41:31.968 PM [TestNG-test-Test-1] INFO  [verifyingGetItByTomorrowFilterFunctionality] [verifyingGetItByTomorrowFilterFunctionality] Opening amazon Landing page
2025-07-28 09:41:32.496 PM [TestNG-test-Test-2] INFO  [verifyingGetItIn2DaysFilterFunctionality] [verifyingGetItIn2DaysFilterFunctionality] Within safeFindElements 
2025-07-28 09:41:32.570 PM [TestNG-test-Test-2] INFO  [verifyingGetItIn2DaysFilterFunctionality] [verifyingGetItIn2DaysFilterFunctionality] Returning the  [[[ChromeDriver: chrome on windows (ea4b9dc230c4ca10099058732568cded)] -> xpath: //div[@class='a-section a-spacing-small a-spacing-top-small']], [[ChromeDriver: chrome on windows (ea4b9dc230c4ca10099058732568cded)] -> xpath: //div[@class='a-section a-spacing-small a-spacing-top-small']], [[ChromeDriver: chrome on windows (ea4b9dc230c4ca10099058732568cded)] -> xpath: //div[@class='a-section a-spacing-small a-spacing-top-small']], [[ChromeDriver: chrome on windows (ea4b9dc230c4ca10099058732568cded)] -> xpath: //div[@class='a-section a-spacing-small a-spacing-top-small']], [[ChromeDriver: chrome on windows (ea4b9dc230c4ca10099058732568cded)] -> xpath: //div[@class='a-section a-spacing-small a-spacing-top-small']], [[ChromeDriver: chrome on windows (ea4b9dc230c4ca10099058732568cded)] -> xpath: //div[@class='a-section a-spacing-small a-spacing-top-small']], [[ChromeDriver: chrome on windows (ea4b9dc230c4ca10099058732568cded)] -> xpath: //div[@class='a-section a-spacing-small a-spacing-top-small']], [[ChromeDriver: chrome on windows (ea4b9dc230c4ca10099058732568cded)] -> xpath: //div[@class='a-section a-spacing-small a-spacing-top-small']], [[ChromeDriver: chrome on windows (ea4b9dc230c4ca10099058732568cded)] -> xpath: //div[@class='a-section a-spacing-small a-spacing-top-small']], [[ChromeDriver: chrome on windows (ea4b9dc230c4ca10099058732568cded)] -> xpath: //div[@class='a-section a-spacing-small a-spacing-top-small']], [[ChromeDriver: chrome on windows (ea4b9dc230c4ca10099058732568cded)] -> xpath: //div[@class='a-section a-spacing-small a-spacing-top-small']], [[ChromeDriver: chrome on windows (ea4b9dc230c4ca10099058732568cded)] -> xpath: //div[@class='a-section a-spacing-small a-spacing-top-small']], [[ChromeDriver: chrome on windows (ea4b9dc230c4ca10099058732568cded)] -> xpath: //div[@class='a-section a-spacing-small a-spacing-top-small']], [[ChromeDriver: chrome on windows (ea4b9dc230c4ca10099058732568cded)] -> xpath: //div[@class='a-section a-spacing-small a-spacing-top-small']], [[ChromeDriver: chrome on windows (ea4b9dc230c4ca10099058732568cded)] -> xpath: //div[@class='a-section a-spacing-small a-spacing-top-small']], [[ChromeDriver: chrome on windows (ea4b9dc230c4ca10099058732568cded)] -> xpath: //div[@class='a-section a-spacing-small a-spacing-top-small']]] from the safeFindElements method
Found the elements: By.xpath: //div[@class='a-section a-spacing-small a-spacing-top-small']
2025-07-28 09:41:32.571 PM [TestNG-test-Test-2] INFO  [verifyingGetItIn2DaysFilterFunctionality] [verifyingGetItIn2DaysFilterFunctionality] Created hashset with required data to assert with Within validateDeliveryFilterOptions method
2025-07-28 09:41:32.571 PM [TestNG-test-Test-2] INFO  [verifyingGetItIn2DaysFilterFunctionality] [verifyingGetItIn2DaysFilterFunctionality] this is the set  [Jul, Today, Tue, 28, 29, Mon, Tomorrow]
2025-07-28 09:41:32.571 PM [TestNG-test-Test-2] INFO  [verifyingGetItIn2DaysFilterFunctionality] [verifyingGetItIn2DaysFilterFunctionality] Within deliveryElements loop iterating over the products  Within validateDeliveryFilterOptions method
------------------------------------------------------
2025-07-28 09:41:32.645 PM [TestNG-test-Test-2] INFO  [verifyingGetItIn2DaysFilterFunctionality] [verifyingGetItIn2DaysFilterFunctionality] Assert text not found wihtin AllowedDateParts
2025-07-28 09:41:32.645 PM [TestNG-test-Test-2] INFO  [verifyingGetItIn2DaysFilterFunctionality] [verifyingGetItIn2DaysFilterFunctionality] Asserting delivery filter: isValid=false, index=0, text=WoodMarwar Solid Sheesham Wood Entertainment Tv Unit for Living Room | Free Standing Media Console Movable Tv Cabinet Sideboard | Tv Table Side Board with 4 Door Cabinet & 1 Flap Door Storage | Walnut
16
See options
No featured offers available
â‚¹23,499(1 new offer)
+5
]]></system-out>
    <system-err><![CDATA[Jul 28, 2025 9:41:28 PM org.openqa.selenium.devtools.CdpVersionFinder findNearestMatch
WARNING: Unable to find CDP implementation matching 138
Jul 28, 2025 9:41:28 PM org.openqa.selenium.chromium.ChromiumDriver lambda$new$5
WARNING: Unable to find version of CDP to use for 138.0.7204.169. You may need to include a dependency on a specific version of the CDP using something similar to `org.seleniumhq.selenium:selenium-devtools-v86:4.27.0` where the version ("v86") matches the version of the chromium-based browser you're using and the version number of the artifact is the same as Selenium's.
]]></system-err>
  </testcase>
  <testcase name="verifyingGetItByTomorrowFilterFunctionality[Tv](2)" classname="amazonfilterapplicatione2e.AmazonTests" time="5.75">
    <failure message="âŒ Delivery date mismatch at index 0. Text: WoodMarwar Solid Sheesham Wood Entertainment Tv Unit for Living Room | Free Standing Media Console Movable Tv Cabinet Sideboard | Tv Table Side Board with 4 Door Cabinet &amp; 1 Flap Door Storage | Walnut&#10;16&#10;See options&#10;No featured offers available&#10;â‚¹23,499(1 new offer)&#10;+5 expected [true] but found [false]" type="java.lang.AssertionError"><![CDATA[java.lang.AssertionError: 
âŒ Delivery date mismatch at index 0. Text: WoodMarwar Solid Sheesham Wood Entertainment Tv Unit for Living Room | Free Standing Media Console Movable Tv Cabinet Sideboard | Tv Table Side Board with 4 Door Cabinet & 1 Flap Door Storage | Walnut
16
See options
No featured offers available
â‚¹23,499(1 new offer)
+5 expected [true] but found [false]
	at amazonfilterapplicatione2e.AmazonTests.verifyingGetItByTomorrowFilterFunctionality(AmazonTests.java:85)
]]></failure>
    <system-out><![CDATA[2025-07-28 09:41:32.676 PM [TestNG-test-Test-2] INFO  [verifyingGetItIn2DaysFilterFunctionality] âœ… Finished test method: verifyingGetItIn2DaysFilterFunctionality
2025-07-28 09:41:33.117 PM [TestNG-test-Test-1] INFO  [verifyingGetItByTomorrowFilterFunctionality] [verifyingGetItByTomorrowFilterFunctionality] Giving input within the search bar
ðŸ§ª logFileName: verifyingGetItIn2DaysFilterFunctionality
2025-07-28 09:41:34.173 PM [TestNG-test-Test-2] INFO  [verifyingGetItIn2DaysFilterFunctionality] ðŸ”¹ Starting test method: verifyingGetItIn2DaysFilterFunctionality
2025-07-28 09:41:35.887 PM [TestNG-test-Test-1] INFO  [verifyingGetItByTomorrowFilterFunctionality] [verifyingGetItByTomorrowFilterFunctionality] Clicking on the submit button beside the search bar
2025-07-28 09:41:36.129 PM [TestNG-test-Test-1] INFO  [verifyingGetItByTomorrowFilterFunctionality] [verifyingGetItByTomorrowFilterFunctionality] Checking if element visible on UI via isElementVisibleOnUI Method
Checking if the filter and options visible on UI via isElementVisibleOnUI
2025-07-28 09:41:38.994 PM [TestNG-test-Test-2] INFO  [verifyingGetItIn2DaysFilterFunctionality] [verifyingGetItIn2DaysFilterFunctionality] Opening amazon Landing page
2025-07-28 09:41:39.239 PM [TestNG-test-Test-1] INFO  [verifyingGetItByTomorrowFilterFunctionality] [verifyingGetItByTomorrowFilterFunctionality] Within printFilterNamesOnly method
Found the elements: By.xpath: //span[@class='a-size-base a-color-base' and text()='Get It by Tomorrow']
Get It by Tomorrow   size of the list is  1
2025-07-28 09:41:39.323 PM [TestNG-test-Test-1] INFO  [verifyingGetItByTomorrowFilterFunctionality] [verifyingGetItByTomorrowFilterFunctionality] Within validateDeliveryFilterOptionsWithResult method
2025-07-28 09:41:39.324 PM [TestNG-test-Test-1] INFO  [verifyingGetItByTomorrowFilterFunctionality] [verifyingGetItByTomorrowFilterFunctionality] Within safeClick method
2025-07-28 09:41:39.587 PM [TestNG-test-Test-2] INFO  [verifyingGetItIn2DaysFilterFunctionality] [verifyingGetItIn2DaysFilterFunctionality] Giving input within the search bar
2025-07-28 09:41:39.689 PM [TestNG-test-Test-1] INFO  [verifyingGetItByTomorrowFilterFunctionality] [verifyingGetItByTomorrowFilterFunctionality] Clicked the  [[ChromeDriver: chrome on windows (635f4c599f38b739aa829bbf51e3d32d)] -> xpath: //span[@class='a-size-base a-color-base' and text()='Get It by Tomorrow']]   using safeClick
Clicked using safeClick
2025-07-28 09:41:39.690 PM [TestNG-test-Test-1] INFO  [verifyingGetItByTomorrowFilterFunctionality] [verifyingGetItByTomorrowFilterFunctionality] Clicked on By.xpath: //span[@class='a-size-base a-color-base' and text()='Get It by Tomorrow']
2025-07-28 09:41:41.692 PM [TestNG-test-Test-1] INFO  [verifyingGetItByTomorrowFilterFunctionality] [verifyingGetItByTomorrowFilterFunctionality] Within safeFindElements 
2025-07-28 09:41:41.708 PM [TestNG-test-Test-1] INFO  [verifyingGetItByTomorrowFilterFunctionality] [verifyingGetItByTomorrowFilterFunctionality] Returning the  [[[ChromeDriver: chrome on windows (635f4c599f38b739aa829bbf51e3d32d)] -> xpath: //div[@class='a-section a-spacing-small a-spacing-top-small']], [[ChromeDriver: chrome on windows (635f4c599f38b739aa829bbf51e3d32d)] -> xpath: //div[@class='a-section a-spacing-small a-spacing-top-small']], [[ChromeDriver: chrome on windows (635f4c599f38b739aa829bbf51e3d32d)] -> xpath: //div[@class='a-section a-spacing-small a-spacing-top-small']], [[ChromeDriver: chrome on windows (635f4c599f38b739aa829bbf51e3d32d)] -> xpath: //div[@class='a-section a-spacing-small a-spacing-top-small']], [[ChromeDriver: chrome on windows (635f4c599f38b739aa829bbf51e3d32d)] -> xpath: //div[@class='a-section a-spacing-small a-spacing-top-small']], [[ChromeDriver: chrome on windows (635f4c599f38b739aa829bbf51e3d32d)] -> xpath: //div[@class='a-section a-spacing-small a-spacing-top-small']], [[ChromeDriver: chrome on windows (635f4c599f38b739aa829bbf51e3d32d)] -> xpath: //div[@class='a-section a-spacing-small a-spacing-top-small']], [[ChromeDriver: chrome on windows (635f4c599f38b739aa829bbf51e3d32d)] -> xpath: //div[@class='a-section a-spacing-small a-spacing-top-small']], [[ChromeDriver: chrome on windows (635f4c599f38b739aa829bbf51e3d32d)] -> xpath: //div[@class='a-section a-spacing-small a-spacing-top-small']], [[ChromeDriver: chrome on windows (635f4c599f38b739aa829bbf51e3d32d)] -> xpath: //div[@class='a-section a-spacing-small a-spacing-top-small']], [[ChromeDriver: chrome on windows (635f4c599f38b739aa829bbf51e3d32d)] -> xpath: //div[@class='a-section a-spacing-small a-spacing-top-small']], [[ChromeDriver: chrome on windows (635f4c599f38b739aa829bbf51e3d32d)] -> xpath: //div[@class='a-section a-spacing-small a-spacing-top-small']], [[ChromeDriver: chrome on windows (635f4c599f38b739aa829bbf51e3d32d)] -> xpath: //div[@class='a-section a-spacing-small a-spacing-top-small']], [[ChromeDriver: chrome on windows (635f4c599f38b739aa829bbf51e3d32d)] -> xpath: //div[@class='a-section a-spacing-small a-spacing-top-small']], [[ChromeDriver: chrome on windows (635f4c599f38b739aa829bbf51e3d32d)] -> xpath: //div[@class='a-section a-spacing-small a-spacing-top-small']], [[ChromeDriver: chrome on windows (635f4c599f38b739aa829bbf51e3d32d)] -> xpath: //div[@class='a-section a-spacing-small a-spacing-top-small']]] from the safeFindElements method
Found the elements: By.xpath: //div[@class='a-section a-spacing-small a-spacing-top-small']
2025-07-28 09:41:41.708 PM [TestNG-test-Test-1] INFO  [verifyingGetItByTomorrowFilterFunctionality] [verifyingGetItByTomorrowFilterFunctionality] Created hashset with required data to assert with Within validateDeliveryFilterOptions method
2025-07-28 09:41:41.708 PM [TestNG-test-Test-1] INFO  [verifyingGetItByTomorrowFilterFunctionality] [verifyingGetItByTomorrowFilterFunctionality] this is the set  [Jul, Today, Tue, 28, 29, Mon, Tomorrow]
2025-07-28 09:41:41.710 PM [TestNG-test-Test-1] INFO  [verifyingGetItByTomorrowFilterFunctionality] [verifyingGetItByTomorrowFilterFunctionality] Within deliveryElements loop iterating over the products  Within validateDeliveryFilterOptions method
------------------------------------------------------
2025-07-28 09:41:41.732 PM [TestNG-test-Test-1] INFO  [verifyingGetItByTomorrowFilterFunctionality] [verifyingGetItByTomorrowFilterFunctionality] Assert text not found wihtin AllowedDateParts
2025-07-28 09:41:41.733 PM [TestNG-test-Test-1] INFO  [verifyingGetItByTomorrowFilterFunctionality] [verifyingGetItByTomorrowFilterFunctionality] Asserting delivery filter: isValid=false, index=0, text=WoodMarwar Solid Sheesham Wood Entertainment Tv Unit for Living Room | Free Standing Media Console Movable Tv Cabinet Sideboard | Tv Table Side Board with 4 Door Cabinet & 1 Flap Door Storage | Walnut
16
See options
No featured offers available
â‚¹23,499(1 new offer)
+5
]]></system-out>
    <system-err><![CDATA[Jul 28, 2025 9:41:35 PM org.openqa.selenium.devtools.CdpVersionFinder findNearestMatch
WARNING: Unable to find CDP implementation matching 138
Jul 28, 2025 9:41:35 PM org.openqa.selenium.chromium.ChromiumDriver lambda$new$5
WARNING: Unable to find version of CDP to use for 138.0.7204.169. You may need to include a dependency on a specific version of the CDP using something similar to `org.seleniumhq.selenium:selenium-devtools-v86:4.27.0` where the version ("v86") matches the version of the chromium-based browser you're using and the version number of the artifact is the same as Selenium's.
]]></system-err>
  </testcase>
  <testcase name="verifyingGetItIn2DaysFilterFunctionality[Charger](3)" classname="amazonfilterapplicatione2e.AmazonTests" time="1.435">
    <system-out><![CDATA[2025-07-28 09:41:41.740 PM [TestNG-test-Test-1] INFO  [verifyingGetItByTomorrowFilterFunctionality] âœ… Finished test method: verifyingGetItByTomorrowFilterFunctionality
2025-07-28 09:41:41.941 PM [TestNG-test-Test-2] INFO  [verifyingGetItIn2DaysFilterFunctionality] [verifyingGetItIn2DaysFilterFunctionality] Clicking on the submit button beside the search bar
ðŸ§ª logFileName: verifyingGetItByTomorrowFilterFunctionality
2025-07-28 09:41:42.128 PM [TestNG-test-Test-1] INFO  [verifyingGetItByTomorrowFilterFunctionality] ðŸ”¹ Starting test method: verifyingGetItByTomorrowFilterFunctionality
2025-07-28 09:41:42.153 PM [TestNG-test-Test-2] INFO  [verifyingGetItIn2DaysFilterFunctionality] [verifyingGetItIn2DaysFilterFunctionality] Checking if element within view port via isElementInViewport method
2025-07-28 09:41:42.202 PM [TestNG-test-Test-2] INFO  [verifyingGetItIn2DaysFilterFunctionality] [verifyingGetItIn2DaysFilterFunctionality] Within printFilterNamesOnly method
Found the elements: By.xpath: //span[@class='a-size-base a-color-base' and text()='Get It in 2 Days']
Get It in 2 Days   size of the list is  1
2025-07-28 09:41:42.249 PM [TestNG-test-Test-2] INFO  [verifyingGetItIn2DaysFilterFunctionality] [verifyingGetItIn2DaysFilterFunctionality] Within validateDeliveryFilterOptionsWithResult method
2025-07-28 09:41:42.250 PM [TestNG-test-Test-2] INFO  [verifyingGetItIn2DaysFilterFunctionality] [verifyingGetItIn2DaysFilterFunctionality] Within safeClick method
2025-07-28 09:41:42.474 PM [TestNG-test-Test-2] INFO  [verifyingGetItIn2DaysFilterFunctionality] [verifyingGetItIn2DaysFilterFunctionality] Clicked the  [[ChromeDriver: chrome on windows (fd959b3929f69b9e3cc8079f0a4296ca)] -> xpath: //span[@class='a-size-base a-color-base' and text()='Get It in 2 Days']]   using safeClick
Clicked using safeClick
2025-07-28 09:41:42.474 PM [TestNG-test-Test-2] INFO  [verifyingGetItIn2DaysFilterFunctionality] [verifyingGetItIn2DaysFilterFunctionality] Clicked on By.xpath: //span[@class='a-size-base a-color-base' and text()='Get It in 2 Days']
2025-07-28 09:41:44.476 PM [TestNG-test-Test-2] INFO  [verifyingGetItIn2DaysFilterFunctionality] [verifyingGetItIn2DaysFilterFunctionality] Within safeFindElements 
2025-07-28 09:41:44.520 PM [TestNG-test-Test-2] INFO  [verifyingGetItIn2DaysFilterFunctionality] [verifyingGetItIn2DaysFilterFunctionality] Returning the  [[[ChromeDriver: chrome on windows (fd959b3929f69b9e3cc8079f0a4296ca)] -> xpath: //div[@class='a-section a-spacing-small a-spacing-top-small']], [[ChromeDriver: chrome on windows (fd959b3929f69b9e3cc8079f0a4296ca)] -> xpath: //div[@class='a-section a-spacing-small a-spacing-top-small']], [[ChromeDriver: chrome on windows (fd959b3929f69b9e3cc8079f0a4296ca)] -> xpath: //div[@class='a-section a-spacing-small a-spacing-top-small']], [[ChromeDriver: chrome on windows (fd959b3929f69b9e3cc8079f0a4296ca)] -> xpath: //div[@class='a-section a-spacing-small a-spacing-top-small']], [[ChromeDriver: chrome on windows (fd959b3929f69b9e3cc8079f0a4296ca)] -> xpath: //div[@class='a-section a-spacing-small a-spacing-top-small']], [[ChromeDriver: chrome on windows (fd959b3929f69b9e3cc8079f0a4296ca)] -> xpath: //div[@class='a-section a-spacing-small a-spacing-top-small']], [[ChromeDriver: chrome on windows (fd959b3929f69b9e3cc8079f0a4296ca)] -> xpath: //div[@class='a-section a-spacing-small a-spacing-top-small']], [[ChromeDriver: chrome on windows (fd959b3929f69b9e3cc8079f0a4296ca)] -> xpath: //div[@class='a-section a-spacing-small a-spacing-top-small']], [[ChromeDriver: chrome on windows (fd959b3929f69b9e3cc8079f0a4296ca)] -> xpath: //div[@class='a-section a-spacing-small a-spacing-top-small']], [[ChromeDriver: chrome on windows (fd959b3929f69b9e3cc8079f0a4296ca)] -> xpath: //div[@class='a-section a-spacing-small a-spacing-top-small']], [[ChromeDriver: chrome on windows (fd959b3929f69b9e3cc8079f0a4296ca)] -> xpath: //div[@class='a-section a-spacing-small a-spacing-top-small']], [[ChromeDriver: chrome on windows (fd959b3929f69b9e3cc8079f0a4296ca)] -> xpath: //div[@class='a-section a-spacing-small a-spacing-top-small']], [[ChromeDriver: chrome on windows (fd959b3929f69b9e3cc8079f0a4296ca)] -> xpath: //div[@class='a-section a-spacing-small a-spacing-top-small']], [[ChromeDriver: chrome on windows (fd959b3929f69b9e3cc8079f0a4296ca)] -> xpath: //div[@class='a-section a-spacing-small a-spacing-top-small']], [[ChromeDriver: chrome on windows (fd959b3929f69b9e3cc8079f0a4296ca)] -> xpath: //div[@class='a-section a-spacing-small a-spacing-top-small']], [[ChromeDriver: chrome on windows (fd959b3929f69b9e3cc8079f0a4296ca)] -> xpath: //div[@class='a-section a-spacing-small a-spacing-top-small']]] from the safeFindElements method
Found the elements: By.xpath: //div[@class='a-section a-spacing-small a-spacing-top-small']
2025-07-28 09:41:44.522 PM [TestNG-test-Test-2] INFO  [verifyingGetItIn2DaysFilterFunctionality] [verifyingGetItIn2DaysFilterFunctionality] Created hashset with required data to assert with Within validateDeliveryFilterOptions method
2025-07-28 09:41:44.522 PM [TestNG-test-Test-2] INFO  [verifyingGetItIn2DaysFilterFunctionality] [verifyingGetItIn2DaysFilterFunctionality] this is the set  [Jul, Today, Tue, 28, 29, Mon, Tomorrow]
2025-07-28 09:41:44.522 PM [TestNG-test-Test-2] INFO  [verifyingGetItIn2DaysFilterFunctionality] [verifyingGetItIn2DaysFilterFunctionality] Within deliveryElements loop iterating over the products  Within validateDeliveryFilterOptions method
2025-07-28 09:41:44.543 PM [TestNG-test-Test-2] INFO  [verifyingGetItIn2DaysFilterFunctionality] [verifyingGetItIn2DaysFilterFunctionality] Checking if the allowedDateParts have the assert text   Within validateDeliveryFilterOptions method
Found the The text from delivery element --> YCWZZH Replacement USB-C Fast Charger Charging Cable Wire for Bose SoundLink Flex, Bose Soundlink Mini II Special Edition, Bose Portable Smart Portable Speakers Power Charger Cord (5FT Black)
3
â‚¹580
M.R.P:
â‚¹1,299 (55% off)
FREE delivery Thu, 31 Jul
Add to cart | List size: 16 | Index: 0
------------------------------------------------------
2025-07-28 09:41:44.543 PM [TestNG-test-Test-2] INFO  [verifyingGetItIn2DaysFilterFunctionality] [verifyingGetItIn2DaysFilterFunctionality] Within deliveryElements loop iterating over the products  Within validateDeliveryFilterOptions method
2025-07-28 09:41:44.563 PM [TestNG-test-Test-2] INFO  [verifyingGetItIn2DaysFilterFunctionality] [verifyingGetItIn2DaysFilterFunctionality] Checking if the allowedDateParts have the assert text   Within validateDeliveryFilterOptions method
Found the The text from delivery element --> Eye4Spy 1080P USB Charger Hidden Spy Camera â€“ Motion Detection, Loop Recording, No Wi-Fi, SD Card Storage - Support Up to 256GB Card â€“ Home & Office Security Surveillance Camera (E4SPY-USB01)
3
100+ bought in past month
â‚¹1,250
M.R.P:
â‚¹4,500 (72% off)
FREE delivery Fri, 1 Aug
Or fastest delivery Thu, 31 Jul
Add to cart | List size: 16 | Index: 1
------------------------------------------------------
2025-07-28 09:41:44.563 PM [TestNG-test-Test-2] INFO  [verifyingGetItIn2DaysFilterFunctionality] [verifyingGetItIn2DaysFilterFunctionality] Within deliveryElements loop iterating over the products  Within validateDeliveryFilterOptions method
2025-07-28 09:41:44.586 PM [TestNG-test-Test-2] INFO  [verifyingGetItIn2DaysFilterFunctionality] [verifyingGetItIn2DaysFilterFunctionality] Checking if the allowedDateParts have the assert text   Within validateDeliveryFilterOptions method
Found the The text from delivery element --> MICROUSB with Compatible Sony BC-TRN Battery Charger for NP-BN1, NP-BX1, NP-BN, NP-FG1/BG1, NP-FD1/BD1/FT1, NP-FR1, NP-BK1 Battery (Pack of 1)
2
â‚¹999
M.R.P:
â‚¹1,499 (33% off)
FREE delivery Thu, 31 Jul
Add to cart | List size: 16 | Index: 2
------------------------------------------------------
2025-07-28 09:41:44.587 PM [TestNG-test-Test-2] INFO  [verifyingGetItIn2DaysFilterFunctionality] [verifyingGetItIn2DaysFilterFunctionality] Within deliveryElements loop iterating over the products  Within validateDeliveryFilterOptions method
2025-07-28 09:41:44.610 PM [TestNG-test-Test-2] INFO  [verifyingGetItIn2DaysFilterFunctionality] [verifyingGetItIn2DaysFilterFunctionality] Checking if the allowedDateParts have the assert text   Within validateDeliveryFilterOptions method
Found the The text from delivery element --> Microusb Compatible with FB-DC-NP-FVFH dbl Dual Slot Charger (Pack of 1)
â‚¹1,359 (
â‚¹1,35,900/100 g)
M.R.P:
â‚¹1,859 (27% off)
FREE delivery Thu, 31 Jul
Add to cart | List size: 16 | Index: 3
------------------------------------------------------
2025-07-28 09:41:44.611 PM [TestNG-test-Test-2] INFO  [verifyingGetItIn2DaysFilterFunctionality] [verifyingGetItIn2DaysFilterFunctionality] Within deliveryElements loop iterating over the products  Within validateDeliveryFilterOptions method
2025-07-28 09:41:44.631 PM [TestNG-test-Test-2] INFO  [verifyingGetItIn2DaysFilterFunctionality] [verifyingGetItIn2DaysFilterFunctionality] Checking if the allowedDateParts have the assert text   Within validateDeliveryFilterOptions method
Found the The text from delivery element --> MICROUSB Compatible with MAXICOM M770 3.7V 26650, 18650, 14500, 16340 Charger Lithium Battery (Pack of 1)
1
â‚¹289 (
â‚¹28,900/100 g)
M.R.P:
â‚¹789 (63% off)
FREE delivery Thu, 31 Jul
Add to cart | List size: 16 | Index: 4
------------------------------------------------------
2025-07-28 09:41:44.631 PM [TestNG-test-Test-2] INFO  [verifyingGetItIn2DaysFilterFunctionality] [verifyingGetItIn2DaysFilterFunctionality] Within deliveryElements loop iterating over the products  Within validateDeliveryFilterOptions method
2025-07-28 09:41:44.649 PM [TestNG-test-Test-2] INFO  [verifyingGetItIn2DaysFilterFunctionality] [verifyingGetItIn2DaysFilterFunctionality] Checking if the allowedDateParts have the assert text   Within validateDeliveryFilterOptions method
Found the The text from delivery element --> FKU 5 Multi Ports 31W Voltage Digital Display Car Phone Charger PD3.0 + QC3.0 Fast Charge Type-C Car Charging Adapter with 5FT Cable USB Charger for Smart Phone
3
â‚¹900
M.R.P:
â‚¹2,999 (70% off)
Save 3% with coupon
FREE delivery Mon, 4 Aug
Add to cart | List size: 16 | Index: 5
------------------------------------------------------
2025-07-28 09:41:44.649 PM [TestNG-test-Test-2] INFO  [verifyingGetItIn2DaysFilterFunctionality] [verifyingGetItIn2DaysFilterFunctionality] Within deliveryElements loop iterating over the products  Within validateDeliveryFilterOptions method
2025-07-28 09:41:44.674 PM [TestNG-test-Test-2] INFO  [verifyingGetItIn2DaysFilterFunctionality] [verifyingGetItIn2DaysFilterFunctionality] Checking if the allowedDateParts have the assert text   Within validateDeliveryFilterOptions method
Found the The text from delivery element --> IFITech IFIADPTCAM Hidden Spy Camera Charger â€“ 1080P HD USB Adapter Camera, No WiFi, SD Card Recording Only â€“ Mini Surveillance Camera for Home, Office, Shop â€“ Plug & Play Security Camera [2025 Model]
284
50+ bought in past month
â‚¹1,325
M.R.P:
â‚¹4,500 (71% off)
FREE delivery Fri, 1 Aug
Or fastest delivery Thu, 31 Jul
Add to cart | List size: 16 | Index: 6
------------------------------------------------------
2025-07-28 09:41:44.675 PM [TestNG-test-Test-2] INFO  [verifyingGetItIn2DaysFilterFunctionality] [verifyingGetItIn2DaysFilterFunctionality] Within deliveryElements loop iterating over the products  Within validateDeliveryFilterOptions method
2025-07-28 09:41:44.693 PM [TestNG-test-Test-2] INFO  [verifyingGetItIn2DaysFilterFunctionality] [verifyingGetItIn2DaysFilterFunctionality] Checking if the allowedDateParts have the assert text   Within validateDeliveryFilterOptions method
Found the The text from delivery element --> FKU 10 Ports USB Charger Station with 4 Ports USB-C Charging Hub, Desktop 50W Multi Port Charging Compatible with iPhone 12/13/14/15/16/Samsung S22/S23/S24/Tablet/Watch/Headphones
4
â‚¹999
M.R.P:
â‚¹2,499 (60% off)
FREE delivery Mon, 4 Aug
Add to cart | List size: 16 | Index: 7
------------------------------------------------------
2025-07-28 09:41:44.693 PM [TestNG-test-Test-2] INFO  [verifyingGetItIn2DaysFilterFunctionality] [verifyingGetItIn2DaysFilterFunctionality] Within deliveryElements loop iterating over the products  Within validateDeliveryFilterOptions method
2025-07-28 09:41:44.709 PM [TestNG-test-Test-2] INFO  [verifyingGetItIn2DaysFilterFunctionality] [verifyingGetItIn2DaysFilterFunctionality] Checking if the allowedDateParts have the assert text   Within validateDeliveryFilterOptions method
Found the The text from delivery element --> FKU Braided 1-to-3 Type-C Fast Charging Adapter Cable 60W PD QC Digital Audio AUX Converter 3A Function Box for Earphone Data (3 in 1 USB C to 3.5mm Headphone Charger Adapter)
â‚¹789
M.R.P:
â‚¹1,500 (47% off)
Save 3% with coupon
FREE delivery Mon, 4 Aug
Add to cart | List size: 16 | Index: 8
------------------------------------------------------
2025-07-28 09:41:44.710 PM [TestNG-test-Test-2] INFO  [verifyingGetItIn2DaysFilterFunctionality] [verifyingGetItIn2DaysFilterFunctionality] Within deliveryElements loop iterating over the products  Within validateDeliveryFilterOptions method
2025-07-28 09:41:44.728 PM [TestNG-test-Test-2] INFO  [verifyingGetItIn2DaysFilterFunctionality] [verifyingGetItIn2DaysFilterFunctionality] Checking if the allowedDateParts have the assert text   Within validateDeliveryFilterOptions method
Found the The text from delivery element --> IFITech IFIADPTCAM Hidden Spy Camera Charger â€“ 1080P HD USB Adapter Camera, No WiFi, SD Card Recording Only â€“ Mini Surveillance Camera for Home, Office, Shop â€“ Plug & Play Security Cameraâ€“[2025 Model]
1
â‚¹1,299
M.R.P:
â‚¹4,500 (71% off)
FREE delivery Fri, 1 Aug
Or fastest delivery Thu, 31 Jul
Add to cart | List size: 16 | Index: 9
------------------------------------------------------
2025-07-28 09:41:44.729 PM [TestNG-test-Test-2] INFO  [verifyingGetItIn2DaysFilterFunctionality] [verifyingGetItIn2DaysFilterFunctionality] Within deliveryElements loop iterating over the products  Within validateDeliveryFilterOptions method
2025-07-28 09:41:44.753 PM [TestNG-test-Test-2] INFO  [verifyingGetItIn2DaysFilterFunctionality] [verifyingGetItIn2DaysFilterFunctionality] Checking if the allowedDateParts have the assert text   Within validateDeliveryFilterOptions method
Found the The text from delivery element --> IFITech 50cm Super Speed USB 3.0 Type A Cable - Male to Male USB Cord Short Cable for Hard Drive Enclosures, Laptop Cooling Pad, DVD Players, USB Charger Spy Camera- Black
13
â‚¹199
M.R.P:
â‚¹550 (64% off)
FREE delivery Fri, 1 Aug
Or fastest delivery Thu, 31 Jul
Add to cart | List size: 16 | Index: 10
------------------------------------------------------
2025-07-28 09:41:44.753 PM [TestNG-test-Test-2] INFO  [verifyingGetItIn2DaysFilterFunctionality] [verifyingGetItIn2DaysFilterFunctionality] Within deliveryElements loop iterating over the products  Within validateDeliveryFilterOptions method
2025-07-28 09:41:44.770 PM [TestNG-test-Test-2] INFO  [verifyingGetItIn2DaysFilterFunctionality] [verifyingGetItIn2DaysFilterFunctionality] Checking if the allowedDateParts have the assert text   Within validateDeliveryFilterOptions method
Found the The text from delivery element --> 125W Fast Charger Station,for Apple Watch 7-in-1 USB C Wall Charging Station Wireless Multiport Desk Charger Type C Block Hub Power Adapter Power for iPhone15/14/13/12/11,iPad/Pro,Galaxy S23 Ultra,S23
121
â‚¹2,499
M.R.P:
â‚¹4,999 (50% off)
FREE delivery Thu, 31 Jul
Only 1 left in stock.
Add to cart | List size: 16 | Index: 11
------------------------------------------------------
2025-07-28 09:41:44.771 PM [TestNG-test-Test-2] INFO  [verifyingGetItIn2DaysFilterFunctionality] [verifyingGetItIn2DaysFilterFunctionality] Within deliveryElements loop iterating over the products  Within validateDeliveryFilterOptions method
2025-07-28 09:41:44.787 PM [TestNG-test-Test-2] INFO  [verifyingGetItIn2DaysFilterFunctionality] [verifyingGetItIn2DaysFilterFunctionality] Checking if the allowedDateParts have the assert text   Within validateDeliveryFilterOptions method
Found the The text from delivery element --> XPR3SS 130W 3 Port Car Charger & 2 Meter Length 240W with EMK Chip Type-C PD Cable Combo PD3.0 PPS 100W QC 30W Type-C Fast Charging Laptop Mobile Cell Phone Car Charger Compatible with iPhone Android
3
â‚¹2,149
M.R.P:
â‚¹8,999 (76% off)
FREE delivery Thu, 31 Jul
Add to cart | List size: 16 | Index: 12
------------------------------------------------------
2025-07-28 09:41:44.788 PM [TestNG-test-Test-2] INFO  [verifyingGetItIn2DaysFilterFunctionality] [verifyingGetItIn2DaysFilterFunctionality] Within deliveryElements loop iterating over the products  Within validateDeliveryFilterOptions method
2025-07-28 09:41:44.816 PM [TestNG-test-Test-2] INFO  [verifyingGetItIn2DaysFilterFunctionality] [verifyingGetItIn2DaysFilterFunctionality] Checking if the allowedDateParts have the assert text   Within validateDeliveryFilterOptions method
Found the The text from delivery element --> FKU 30 Port, 200W USB Charging Station, Home Desktop USB Fast Charger, Multiple USB Desktop Chargers, Suitable for Hotels, Shops, Schools, Shopping Mall and Travel-Black (30 USB Port)
â‚¹3,999
M.R.P:
â‚¹6,999 (43% off)
FREE delivery Mon, 4 Aug
Add to cart | List size: 16 | Index: 13
------------------------------------------------------
2025-07-28 09:41:44.817 PM [TestNG-test-Test-2] INFO  [verifyingGetItIn2DaysFilterFunctionality] [verifyingGetItIn2DaysFilterFunctionality] Within deliveryElements loop iterating over the products  Within validateDeliveryFilterOptions method
2025-07-28 09:41:44.845 PM [TestNG-test-Test-2] INFO  [verifyingGetItIn2DaysFilterFunctionality] [verifyingGetItIn2DaysFilterFunctionality] Checking if the allowedDateParts have the assert text   Within validateDeliveryFilterOptions method
Found the The text from delivery element --> IFITech USB Charger Hidden Camera WiFi â€“ 1080P HD Spy Camera with Live View, Motion Detection, Remote Access, Loop Recording â€“ Indoor Security Cam for Home, Office & Kids (IFIADPTCAMWiFi-V2)
353
50+ bought in past month
â‚¹2,850
M.R.P:
â‚¹4,500 (37% off)
FREE delivery Fri, 1 Aug
Or fastest delivery Thu, 31 Jul
Add to cart
More Buying Choices
â‚¹2,847(3 new offers) | List size: 16 | Index: 14
------------------------------------------------------
2025-07-28 09:41:44.845 PM [TestNG-test-Test-2] INFO  [verifyingGetItIn2DaysFilterFunctionality] [verifyingGetItIn2DaysFilterFunctionality] Within deliveryElements loop iterating over the products  Within validateDeliveryFilterOptions method
2025-07-28 09:41:44.877 PM [TestNG-test-Test-2] INFO  [verifyingGetItIn2DaysFilterFunctionality] [verifyingGetItIn2DaysFilterFunctionality] Checking if the allowedDateParts have the assert text   Within validateDeliveryFilterOptions method
Found the The text from delivery element --> FKU 2024 (3 Meter) USB C to Lightning Charger Cable 10ft Apple MFI Certified Type C Power Delivery PD Fast Charging Cord for iPhone 11 12 13 14 10 Mini Pro Max,SE,i11,i12,i13 Phone,Airpods
16
â‚¹899
M.R.P:
â‚¹2,199 (59% off)
Save 3% with coupon
FREE delivery Mon, 4 Aug
Add to cart | List size: 16 | Index: 15
------------------------------------------------------
2025-07-28 09:41:44.877 PM [TestNG-test-Test-2] INFO  [verifyingGetItIn2DaysFilterFunctionality] [verifyingGetItIn2DaysFilterFunctionality] Returning the list with boolean values   Within validateDeliveryFilterOptions method
2025-07-28 09:41:44.877 PM [TestNG-test-Test-2] INFO  [verifyingGetItIn2DaysFilterFunctionality] [verifyingGetItIn2DaysFilterFunctionality] Asserting delivery filter: isValid=true, index=-1, text=All the things are valid no errors
true  Text from function =>All the things are valid no errors index no is -1
]]></system-out>
    <system-err><![CDATA[Jul 28, 2025 9:41:43 PM org.openqa.selenium.devtools.CdpVersionFinder findNearestMatch
WARNING: Unable to find CDP implementation matching 138
Jul 28, 2025 9:41:43 PM org.openqa.selenium.chromium.ChromiumDriver lambda$new$5
WARNING: Unable to find version of CDP to use for 138.0.7204.169. You may need to include a dependency on a specific version of the CDP using something similar to `org.seleniumhq.selenium:selenium-devtools-v86:4.27.0` where the version ("v86") matches the version of the chromium-based browser you're using and the version number of the artifact is the same as Selenium's.
]]></system-err>
  </testcase>
  <testcase name="verifyingGetItIn2DaysFilterFunctionality[AC](4)" classname="amazonfilterapplicatione2e.AmazonTests" time="6.463">
    <system-out><![CDATA[2025-07-28 09:41:44.878 PM [TestNG-test-Test-2] INFO  [verifyingGetItIn2DaysFilterFunctionality] âœ… Finished test method: verifyingGetItIn2DaysFilterFunctionality
ðŸ§ª logFileName: verifyingGetItIn2DaysFilterFunctionality
2025-07-28 09:41:45.274 PM [TestNG-test-Test-2] INFO  [verifyingGetItIn2DaysFilterFunctionality] ðŸ”¹ Starting test method: verifyingGetItIn2DaysFilterFunctionality
2025-07-28 09:41:46.826 PM [TestNG-test-Test-1] INFO  [verifyingGetItByTomorrowFilterFunctionality] [verifyingGetItByTomorrowFilterFunctionality] Opening amazon Landing page
2025-07-28 09:41:47.184 PM [TestNG-test-Test-1] INFO  [verifyingGetItByTomorrowFilterFunctionality] [verifyingGetItByTomorrowFilterFunctionality] Giving input within the search bar
2025-07-28 09:41:49.473 PM [TestNG-test-Test-1] INFO  [verifyingGetItByTomorrowFilterFunctionality] [verifyingGetItByTomorrowFilterFunctionality] Clicking on the submit button beside the search bar
2025-07-28 09:41:49.951 PM [TestNG-test-Test-1] INFO  [verifyingGetItByTomorrowFilterFunctionality] [verifyingGetItByTomorrowFilterFunctionality] Checking if element visible on UI via isElementVisibleOnUI Method
Checking if the filter and options visible on UI via isElementVisibleOnUI
2025-07-28 09:41:49.992 PM [TestNG-test-Test-2] INFO  [verifyingGetItIn2DaysFilterFunctionality] [verifyingGetItIn2DaysFilterFunctionality] Opening amazon Landing page
2025-07-28 09:41:50.669 PM [TestNG-test-Test-2] INFO  [verifyingGetItIn2DaysFilterFunctionality] [verifyingGetItIn2DaysFilterFunctionality] Giving input within the search bar
2025-07-28 09:41:53.005 PM [TestNG-test-Test-1] INFO  [verifyingGetItByTomorrowFilterFunctionality] [verifyingGetItByTomorrowFilterFunctionality] Within printFilterNamesOnly method
Found the elements: By.xpath: //span[@class='a-size-base a-color-base' and text()='Get It by Tomorrow']
Get It by Tomorrow   size of the list is  1
2025-07-28 09:41:53.028 PM [TestNG-test-Test-1] INFO  [verifyingGetItByTomorrowFilterFunctionality] [verifyingGetItByTomorrowFilterFunctionality] Within validateDeliveryFilterOptionsWithResult method
2025-07-28 09:41:53.028 PM [TestNG-test-Test-1] INFO  [verifyingGetItByTomorrowFilterFunctionality] [verifyingGetItByTomorrowFilterFunctionality] Within safeClick method
2025-07-28 09:41:53.194 PM [TestNG-test-Test-1] INFO  [verifyingGetItByTomorrowFilterFunctionality] [verifyingGetItByTomorrowFilterFunctionality] Clicked the  [[ChromeDriver: chrome on windows (88ce0531d4dc78cef4d311aefbc281b8)] -> xpath: //span[@class='a-size-base a-color-base' and text()='Get It by Tomorrow']]   using safeClick
Clicked using safeClick
2025-07-28 09:41:53.195 PM [TestNG-test-Test-1] INFO  [verifyingGetItByTomorrowFilterFunctionality] [verifyingGetItByTomorrowFilterFunctionality] Clicked on By.xpath: //span[@class='a-size-base a-color-base' and text()='Get It by Tomorrow']
2025-07-28 09:41:53.392 PM [TestNG-test-Test-2] INFO  [verifyingGetItIn2DaysFilterFunctionality] [verifyingGetItIn2DaysFilterFunctionality] Clicking on the submit button beside the search bar
2025-07-28 09:41:53.482 PM [TestNG-test-Test-2] INFO  [verifyingGetItIn2DaysFilterFunctionality] [verifyingGetItIn2DaysFilterFunctionality] Checking if element within view port via isElementInViewport method
Filter option 'Get It in 2 Days' does not exist. Skipping the test.
2025-07-28 09:41:53.504 PM [TestNG-test-Test-2] WARN  [verifyingGetItIn2DaysFilterFunctionality] [verifyingGetItIn2DaysFilterFunctionality] âš  Filter option 'Get It in 2 Days' does not exist. Skipping the test.
]]></system-out>
    <system-err><![CDATA[Jul 28, 2025 9:41:47 PM org.openqa.selenium.devtools.CdpVersionFinder findNearestMatch
WARNING: Unable to find CDP implementation matching 138
Jul 28, 2025 9:41:47 PM org.openqa.selenium.chromium.ChromiumDriver lambda$new$5
WARNING: Unable to find version of CDP to use for 138.0.7204.169. You may need to include a dependency on a specific version of the CDP using something similar to `org.seleniumhq.selenium:selenium-devtools-v86:4.27.0` where the version ("v86") matches the version of the chromium-based browser you're using and the version number of the artifact is the same as Selenium's.
]]></system-err>
  </testcase>
  <testcase name="verifyingGetItByTomorrowFilterFunctionality[Charger](3)" classname="amazonfilterapplicatione2e.AmazonTests" time="0.436">
    <failure message="âŒ Delivery date mismatch at index 11. Text: CHOUYONL Foldable Alarm Clock Wireless Charger with Atmosphere Lights, Week Display, Dual Alarms, 4 Level Brightness, 6 Speed Volume,8 Music Rightones, Foldable Design, Easily Carry&#10;62&#10;â‚¹7,112&#10;M.R.P:&#10;â‚¹10,112 (30% off)&#10;FREE delivery 13 - 14 Aug&#10;Add to cart expected [true] but found [false]" type="java.lang.AssertionError"><![CDATA[java.lang.AssertionError: 
âŒ Delivery date mismatch at index 11. Text: CHOUYONL Foldable Alarm Clock Wireless Charger with Atmosphere Lights, Week Display, Dual Alarms, 4 Level Brightness, 6 Speed Volume,8 Music Rightones, Foldable Design, Easily Carry
62
â‚¹7,112
M.R.P:
â‚¹10,112 (30% off)
FREE delivery 13 - 14 Aug
Add to cart expected [true] but found [false]
	at amazonfilterapplicatione2e.AmazonTests.verifyingGetItByTomorrowFilterFunctionality(AmazonTests.java:85)
]]></failure>
    <system-out><![CDATA[2025-07-28 09:41:53.505 PM [TestNG-test-Test-2] INFO  [verifyingGetItIn2DaysFilterFunctionality] âœ… Finished test method: verifyingGetItIn2DaysFilterFunctionality
ðŸ§ª logFileName: verifyingGetItIn2DaysFilterFunctionality
2025-07-28 09:41:53.721 PM [TestNG-test-Test-2] INFO  [verifyingGetItIn2DaysFilterFunctionality] ðŸ”¹ Starting test method: verifyingGetItIn2DaysFilterFunctionality
2025-07-28 09:41:55.198 PM [TestNG-test-Test-1] INFO  [verifyingGetItByTomorrowFilterFunctionality] [verifyingGetItByTomorrowFilterFunctionality] Within safeFindElements 
2025-07-28 09:41:55.249 PM [TestNG-test-Test-1] INFO  [verifyingGetItByTomorrowFilterFunctionality] [verifyingGetItByTomorrowFilterFunctionality] Returning the  [[[ChromeDriver: chrome on windows (88ce0531d4dc78cef4d311aefbc281b8)] -> xpath: //div[@class='a-section a-spacing-small a-spacing-top-small']], [[ChromeDriver: chrome on windows (88ce0531d4dc78cef4d311aefbc281b8)] -> xpath: //div[@class='a-section a-spacing-small a-spacing-top-small']], [[ChromeDriver: chrome on windows (88ce0531d4dc78cef4d311aefbc281b8)] -> xpath: //div[@class='a-section a-spacing-small a-spacing-top-small']], [[ChromeDriver: chrome on windows (88ce0531d4dc78cef4d311aefbc281b8)] -> xpath: //div[@class='a-section a-spacing-small a-spacing-top-small']], [[ChromeDriver: chrome on windows (88ce0531d4dc78cef4d311aefbc281b8)] -> xpath: //div[@class='a-section a-spacing-small a-spacing-top-small']], [[ChromeDriver: chrome on windows (88ce0531d4dc78cef4d311aefbc281b8)] -> xpath: //div[@class='a-section a-spacing-small a-spacing-top-small']], [[ChromeDriver: chrome on windows (88ce0531d4dc78cef4d311aefbc281b8)] -> xpath: //div[@class='a-section a-spacing-small a-spacing-top-small']], [[ChromeDriver: chrome on windows (88ce0531d4dc78cef4d311aefbc281b8)] -> xpath: //div[@class='a-section a-spacing-small a-spacing-top-small']], [[ChromeDriver: chrome on windows (88ce0531d4dc78cef4d311aefbc281b8)] -> xpath: //div[@class='a-section a-spacing-small a-spacing-top-small']], [[ChromeDriver: chrome on windows (88ce0531d4dc78cef4d311aefbc281b8)] -> xpath: //div[@class='a-section a-spacing-small a-spacing-top-small']], [[ChromeDriver: chrome on windows (88ce0531d4dc78cef4d311aefbc281b8)] -> xpath: //div[@class='a-section a-spacing-small a-spacing-top-small']], [[ChromeDriver: chrome on windows (88ce0531d4dc78cef4d311aefbc281b8)] -> xpath: //div[@class='a-section a-spacing-small a-spacing-top-small']], [[ChromeDriver: chrome on windows (88ce0531d4dc78cef4d311aefbc281b8)] -> xpath: //div[@class='a-section a-spacing-small a-spacing-top-small']], [[ChromeDriver: chrome on windows (88ce0531d4dc78cef4d311aefbc281b8)] -> xpath: //div[@class='a-section a-spacing-small a-spacing-top-small']], [[ChromeDriver: chrome on windows (88ce0531d4dc78cef4d311aefbc281b8)] -> xpath: //div[@class='a-section a-spacing-small a-spacing-top-small']], [[ChromeDriver: chrome on windows (88ce0531d4dc78cef4d311aefbc281b8)] -> xpath: //div[@class='a-section a-spacing-small a-spacing-top-small']]] from the safeFindElements method
Found the elements: By.xpath: //div[@class='a-section a-spacing-small a-spacing-top-small']
2025-07-28 09:41:55.250 PM [TestNG-test-Test-1] INFO  [verifyingGetItByTomorrowFilterFunctionality] [verifyingGetItByTomorrowFilterFunctionality] Created hashset with required data to assert with Within validateDeliveryFilterOptions method
2025-07-28 09:41:55.250 PM [TestNG-test-Test-1] INFO  [verifyingGetItByTomorrowFilterFunctionality] [verifyingGetItByTomorrowFilterFunctionality] this is the set  [Jul, Today, Tue, 28, 29, Mon, Tomorrow]
2025-07-28 09:41:55.250 PM [TestNG-test-Test-1] INFO  [verifyingGetItByTomorrowFilterFunctionality] [verifyingGetItByTomorrowFilterFunctionality] Within deliveryElements loop iterating over the products  Within validateDeliveryFilterOptions method
2025-07-28 09:41:55.278 PM [TestNG-test-Test-1] INFO  [verifyingGetItByTomorrowFilterFunctionality] [verifyingGetItByTomorrowFilterFunctionality] Checking if the allowedDateParts have the assert text   Within validateDeliveryFilterOptions method
Found the The text from delivery element --> FKU 5 Multi Ports 31W Voltage Digital Display Car Phone Charger PD3.0 + QC3.0 Fast Charge Type-C Car Charging Adapter with 5FT Cable USB Charger for Smart Phone
3
â‚¹900
M.R.P:
â‚¹2,999 (70% off)
Save 3% with coupon
FREE delivery Mon, 4 Aug
Add to cart | List size: 16 | Index: 0
------------------------------------------------------
2025-07-28 09:41:55.279 PM [TestNG-test-Test-1] INFO  [verifyingGetItByTomorrowFilterFunctionality] [verifyingGetItByTomorrowFilterFunctionality] Within deliveryElements loop iterating over the products  Within validateDeliveryFilterOptions method
2025-07-28 09:41:55.309 PM [TestNG-test-Test-1] INFO  [verifyingGetItByTomorrowFilterFunctionality] [verifyingGetItByTomorrowFilterFunctionality] Checking if the allowedDateParts have the assert text   Within validateDeliveryFilterOptions method
Found the The text from delivery element --> FKU 10 Ports USB Charger Station with 4 Ports USB-C Charging Hub, Desktop 50W Multi Port Charging Compatible with iPhone 12/13/14/15/16/Samsung S22/S23/S24/Tablet/Watch/Headphones
4
â‚¹999
M.R.P:
â‚¹2,499 (60% off)
Up to 5% back with Amazon Pay ICI...
FREE delivery Mon, 4 Aug
Add to cart | List size: 16 | Index: 1
------------------------------------------------------
2025-07-28 09:41:55.309 PM [TestNG-test-Test-1] INFO  [verifyingGetItByTomorrowFilterFunctionality] [verifyingGetItByTomorrowFilterFunctionality] Within deliveryElements loop iterating over the products  Within validateDeliveryFilterOptions method
2025-07-28 09:41:55.337 PM [TestNG-test-Test-1] INFO  [verifyingGetItByTomorrowFilterFunctionality] [verifyingGetItByTomorrowFilterFunctionality] Checking if the allowedDateParts have the assert text   Within validateDeliveryFilterOptions method
Found the The text from delivery element --> FKU Braided 1-to-3 Type-C Fast Charging Adapter Cable 60W PD QC Digital Audio AUX Converter 3A Function Box for Earphone Data (3 in 1 USB C to 3.5mm Headphone Charger Adapter)
â‚¹789
M.R.P:
â‚¹1,500 (47% off)
Save 3% with coupon
FREE delivery Mon, 4 Aug
Add to cart | List size: 16 | Index: 2
------------------------------------------------------
2025-07-28 09:41:55.337 PM [TestNG-test-Test-1] INFO  [verifyingGetItByTomorrowFilterFunctionality] [verifyingGetItByTomorrowFilterFunctionality] Within deliveryElements loop iterating over the products  Within validateDeliveryFilterOptions method
2025-07-28 09:41:55.364 PM [TestNG-test-Test-1] INFO  [verifyingGetItByTomorrowFilterFunctionality] [verifyingGetItByTomorrowFilterFunctionality] Checking if the allowedDateParts have the assert text   Within validateDeliveryFilterOptions method
Found the The text from delivery element --> FKU USB C to 3.5mm Headphone and Charger Adapter, 3 in 1 USB C to Aux Audio Adapter & 60W Fast Charging Dongle for iPhone 16 15 Samsung Galaxy S24 S23
â‚¹789
M.R.P:
â‚¹1,299 (39% off)
Save 3% with coupon
FREE delivery Mon, 4 Aug
Add to cart | List size: 16 | Index: 3
------------------------------------------------------
2025-07-28 09:41:55.364 PM [TestNG-test-Test-1] INFO  [verifyingGetItByTomorrowFilterFunctionality] [verifyingGetItByTomorrowFilterFunctionality] Within deliveryElements loop iterating over the products  Within validateDeliveryFilterOptions method
2025-07-28 09:41:55.384 PM [TestNG-test-Test-1] INFO  [verifyingGetItByTomorrowFilterFunctionality] [verifyingGetItByTomorrowFilterFunctionality] Checking if the allowedDateParts have the assert text   Within validateDeliveryFilterOptions method
Found the The text from delivery element --> FKU 30 Port, 200W USB Charging Station, Home Desktop USB Fast Charger, Multiple USB Desktop Chargers, Suitable for Hotels, Shops, Schools, Shopping Mall and Travel-Black (30 USB Port)
â‚¹3,999
M.R.P:
â‚¹6,999 (43% off)
FREE delivery Mon, 4 Aug
Add to cart | List size: 16 | Index: 4
------------------------------------------------------
2025-07-28 09:41:55.384 PM [TestNG-test-Test-1] INFO  [verifyingGetItByTomorrowFilterFunctionality] [verifyingGetItByTomorrowFilterFunctionality] Within deliveryElements loop iterating over the products  Within validateDeliveryFilterOptions method
2025-07-28 09:41:55.425 PM [TestNG-test-Test-1] INFO  [verifyingGetItByTomorrowFilterFunctionality] [verifyingGetItByTomorrowFilterFunctionality] Checking if the allowedDateParts have the assert text   Within validateDeliveryFilterOptions method
Found the The text from delivery element --> FKU 2024 (3 Meter) USB C to Lightning Charger Cable 10ft Apple MFI Certified Type C Power Delivery PD Fast Charging Cord for iPhone 11 12 13 14 10 Mini Pro Max,SE,i11,i12,i13 Phone,Airpods
16
â‚¹899
M.R.P:
â‚¹2,199 (59% off)
Save 3% with coupon
FREE delivery Mon, 4 Aug
Add to cart | List size: 16 | Index: 5
------------------------------------------------------
2025-07-28 09:41:55.425 PM [TestNG-test-Test-1] INFO  [verifyingGetItByTomorrowFilterFunctionality] [verifyingGetItByTomorrowFilterFunctionality] Within deliveryElements loop iterating over the products  Within validateDeliveryFilterOptions method
2025-07-28 09:41:55.445 PM [TestNG-test-Test-1] INFO  [verifyingGetItByTomorrowFilterFunctionality] [verifyingGetItByTomorrowFilterFunctionality] Checking if the allowedDateParts have the assert text   Within validateDeliveryFilterOptions method
Found the The text from delivery element --> FKU Set of 2 50W 10A USB Charger Block with 10-Port (6 USB-A Port & 4 USB-C Port), Multiport USB Power Strip USB Charging Station
â‚¹1,899
M.R.P:
â‚¹3,999 (53% off)
FREE delivery Mon, 4 Aug
Add to cart | List size: 16 | Index: 6
------------------------------------------------------
2025-07-28 09:41:55.446 PM [TestNG-test-Test-1] INFO  [verifyingGetItByTomorrowFilterFunctionality] [verifyingGetItByTomorrowFilterFunctionality] Within deliveryElements loop iterating over the products  Within validateDeliveryFilterOptions method
2025-07-28 09:41:55.464 PM [TestNG-test-Test-1] INFO  [verifyingGetItByTomorrowFilterFunctionality] [verifyingGetItByTomorrowFilterFunctionality] Checking if the allowedDateParts have the assert text   Within validateDeliveryFilterOptions method
Found the The text from delivery element --> FKU 3 Way Extension Lead with 4 USB Slots, 65W GaN Power Strip Type USB C Fast PD Charger Block, 3250W Extension Cable 2m, Socket Plug Adapter with 2 USB C 2 USB A Ports (SC3416)
2
â‚¹2,199
M.R.P:
â‚¹4,999 (56% off)
FREE delivery Mon, 4 Aug
Add to cart | List size: 16 | Index: 7
------------------------------------------------------
2025-07-28 09:41:55.465 PM [TestNG-test-Test-1] INFO  [verifyingGetItByTomorrowFilterFunctionality] [verifyingGetItByTomorrowFilterFunctionality] Within deliveryElements loop iterating over the products  Within validateDeliveryFilterOptions method
2025-07-28 09:41:55.483 PM [TestNG-test-Test-1] INFO  [verifyingGetItByTomorrowFilterFunctionality] [verifyingGetItByTomorrowFilterFunctionality] Checking if the allowedDateParts have the assert text   Within validateDeliveryFilterOptions method
Found the The text from delivery element --> FKU 100W 3-in-1 USB-C to iOS+USB-C+Micro USB Multi Charging with 65W Type C Adapter SYC Fast Data Transfer Cable in Black
â‚¹1,500
M.R.P:
â‚¹3,333 (55% off)
FREE delivery Mon, 4 Aug
Add to cart | List size: 16 | Index: 8
------------------------------------------------------
2025-07-28 09:41:55.484 PM [TestNG-test-Test-1] INFO  [verifyingGetItByTomorrowFilterFunctionality] [verifyingGetItByTomorrowFilterFunctionality] Within deliveryElements loop iterating over the products  Within validateDeliveryFilterOptions method
2025-07-28 09:41:55.506 PM [TestNG-test-Test-1] INFO  [verifyingGetItByTomorrowFilterFunctionality] [verifyingGetItByTomorrowFilterFunctionality] Checking if the allowedDateParts have the assert text   Within validateDeliveryFilterOptions method
Found the The text from delivery element --> LDNIO SC3416 Universal Socket with 3 AC Outlets;Single Switch Control Extension with 4 USB (02 x PD 3.0 65W; 2 x QC 3.0 60W) for Mobile Phone to Charge,Fast Charging; 3250W Power Strip with 2M Cord
3
â‚¹2,070
M.R.P:
â‚¹5,999 (65% off)
Save 3% with coupon
FREE delivery Mon, 4 Aug
Add to cart
More Buying Choices
â‚¹1,795(3 new offers) | List size: 16 | Index: 9
------------------------------------------------------
2025-07-28 09:41:55.506 PM [TestNG-test-Test-1] INFO  [verifyingGetItByTomorrowFilterFunctionality] [verifyingGetItByTomorrowFilterFunctionality] Within deliveryElements loop iterating over the products  Within validateDeliveryFilterOptions method
2025-07-28 09:41:55.525 PM [TestNG-test-Test-1] INFO  [verifyingGetItByTomorrowFilterFunctionality] [verifyingGetItByTomorrowFilterFunctionality] Checking if the allowedDateParts have the assert text   Within validateDeliveryFilterOptions method
Found the The text from delivery element --> FKU USB C to Lightning Charger Cable 0.3MTR Apple MFI Certified Type C Power Delivery PD Fast Charging Cord with (1PC) 12OW IOS Lighting (Female) to USB Type C (Male) USB Adapter
1
â‚¹899 (
â‚¹8.99/count)
M.R.P:
â‚¹2,999 (70% off)
FREE delivery Mon, 4 Aug
Add to cart | List size: 16 | Index: 10
------------------------------------------------------
2025-07-28 09:41:55.525 PM [TestNG-test-Test-1] INFO  [verifyingGetItByTomorrowFilterFunctionality] [verifyingGetItByTomorrowFilterFunctionality] Within deliveryElements loop iterating over the products  Within validateDeliveryFilterOptions method
------------------------------------------------------
2025-07-28 09:41:55.543 PM [TestNG-test-Test-1] INFO  [verifyingGetItByTomorrowFilterFunctionality] [verifyingGetItByTomorrowFilterFunctionality] Assert text not found wihtin AllowedDateParts
2025-07-28 09:41:55.543 PM [TestNG-test-Test-1] INFO  [verifyingGetItByTomorrowFilterFunctionality] [verifyingGetItByTomorrowFilterFunctionality] Asserting delivery filter: isValid=false, index=11, text=CHOUYONL Foldable Alarm Clock Wireless Charger with Atmosphere Lights, Week Display, Dual Alarms, 4 Level Brightness, 6 Speed Volume,8 Music Rightones, Foldable Design, Easily Carry
62
â‚¹7,112
M.R.P:
â‚¹10,112 (30% off)
FREE delivery 13 - 14 Aug
Add to cart
]]></system-out>
    <system-err><![CDATA[Jul 28, 2025 9:41:55 PM org.openqa.selenium.devtools.CdpVersionFinder findNearestMatch
WARNING: Unable to find CDP implementation matching 138
Jul 28, 2025 9:41:55 PM org.openqa.selenium.chromium.ChromiumDriver lambda$new$5
WARNING: Unable to find version of CDP to use for 138.0.7204.169. You may need to include a dependency on a specific version of the CDP using something similar to `org.seleniumhq.selenium:selenium-devtools-v86:4.27.0` where the version ("v86") matches the version of the chromium-based browser you're using and the version number of the artifact is the same as Selenium's.
]]></system-err>
  </testcase>
  <testcase name="verifyingGetItIn2DaysFilterFunctionality[Fridge](5)" classname="amazonfilterapplicatione2e.AmazonTests" time="7.246">
    <failure message="âŒ Delivery date mismatch at index 5. Text: HuBDIC Multipurpose Deodorizer â”‚Air Ionizer with Negative Ion to Remove Odors in Refrigerator, Shoe Closet, Bathroom, Wardrobe, Car, and Pet Litters â”‚ Portable Air Purifier and Cleaner (Pink)&#10;19&#10;â‚¹4,821 (&#10;â‚¹4,82,100/100 g)&#10;M.R.P:&#10;â‚¹7,821 (38% off)&#10;FREE delivery 13 - 14 Aug&#10;Add to cart expected [true] but found [false]" type="java.lang.AssertionError"><![CDATA[java.lang.AssertionError: 
âŒ Delivery date mismatch at index 5. Text: HuBDIC Multipurpose Deodorizer â”‚Air Ionizer with Negative Ion to Remove Odors in Refrigerator, Shoe Closet, Bathroom, Wardrobe, Car, and Pet Litters â”‚ Portable Air Purifier and Cleaner (Pink)
19
â‚¹4,821 (
â‚¹4,82,100/100 g)
M.R.P:
â‚¹7,821 (38% off)
FREE delivery 13 - 14 Aug
Add to cart expected [true] but found [false]
	at amazonfilterapplicatione2e.AmazonTests.verifyingGetItIn2DaysFilterFunctionality(AmazonTests.java:120)
]]></failure>
    <system-out><![CDATA[2025-07-28 09:41:55.545 PM [TestNG-test-Test-1] INFO  [verifyingGetItByTomorrowFilterFunctionality] âœ… Finished test method: verifyingGetItByTomorrowFilterFunctionality
ðŸ§ª logFileName: verifyingGetItByTomorrowFilterFunctionality
2025-07-28 09:41:55.749 PM [TestNG-test-Test-1] INFO  [verifyingGetItByTomorrowFilterFunctionality] ðŸ”¹ Starting test method: verifyingGetItByTomorrowFilterFunctionality
2025-07-28 09:41:58.023 PM [TestNG-test-Test-2] INFO  [verifyingGetItIn2DaysFilterFunctionality] [verifyingGetItIn2DaysFilterFunctionality] Opening amazon Landing page
2025-07-28 09:41:58.599 PM [TestNG-test-Test-2] INFO  [verifyingGetItIn2DaysFilterFunctionality] [verifyingGetItIn2DaysFilterFunctionality] Giving input within the search bar
2025-07-28 09:41:59.707 PM [TestNG-test-Test-1] INFO  [verifyingGetItByTomorrowFilterFunctionality] [verifyingGetItByTomorrowFilterFunctionality] Opening amazon Landing page
2025-07-28 09:42:01.116 PM [TestNG-test-Test-1] INFO  [verifyingGetItByTomorrowFilterFunctionality] [verifyingGetItByTomorrowFilterFunctionality] Giving input within the search bar
2025-07-28 09:42:01.453 PM [TestNG-test-Test-2] INFO  [verifyingGetItIn2DaysFilterFunctionality] [verifyingGetItIn2DaysFilterFunctionality] Clicking on the submit button beside the search bar
2025-07-28 09:42:01.616 PM [TestNG-test-Test-2] INFO  [verifyingGetItIn2DaysFilterFunctionality] [verifyingGetItIn2DaysFilterFunctionality] Checking if element within view port via isElementInViewport method
2025-07-28 09:42:01.673 PM [TestNG-test-Test-2] INFO  [verifyingGetItIn2DaysFilterFunctionality] [verifyingGetItIn2DaysFilterFunctionality] Within printFilterNamesOnly method
Found the elements: By.xpath: //span[@class='a-size-base a-color-base' and text()='Get It in 2 Days']
Get It in 2 Days   size of the list is  1
2025-07-28 09:42:01.736 PM [TestNG-test-Test-2] INFO  [verifyingGetItIn2DaysFilterFunctionality] [verifyingGetItIn2DaysFilterFunctionality] Within validateDeliveryFilterOptionsWithResult method
2025-07-28 09:42:01.736 PM [TestNG-test-Test-2] INFO  [verifyingGetItIn2DaysFilterFunctionality] [verifyingGetItIn2DaysFilterFunctionality] Within safeClick method
2025-07-28 09:42:01.973 PM [TestNG-test-Test-2] INFO  [verifyingGetItIn2DaysFilterFunctionality] [verifyingGetItIn2DaysFilterFunctionality] Clicked the  [[ChromeDriver: chrome on windows (3a71882e315525523f5425c3eba4c9e7)] -> xpath: //span[@class='a-size-base a-color-base' and text()='Get It in 2 Days']]   using safeClick
Clicked using safeClick
2025-07-28 09:42:01.973 PM [TestNG-test-Test-2] INFO  [verifyingGetItIn2DaysFilterFunctionality] [verifyingGetItIn2DaysFilterFunctionality] Clicked on By.xpath: //span[@class='a-size-base a-color-base' and text()='Get It in 2 Days']
2025-07-28 09:42:03.436 PM [TestNG-test-Test-1] INFO  [verifyingGetItByTomorrowFilterFunctionality] [verifyingGetItByTomorrowFilterFunctionality] Clicking on the submit button beside the search bar
2025-07-28 09:42:03.607 PM [TestNG-test-Test-1] INFO  [verifyingGetItByTomorrowFilterFunctionality] [verifyingGetItByTomorrowFilterFunctionality] Checking if element visible on UI via isElementVisibleOnUI Method
Checking if the filter and options visible on UI via isElementVisibleOnUI
2025-07-28 09:42:03.974 PM [TestNG-test-Test-2] INFO  [verifyingGetItIn2DaysFilterFunctionality] [verifyingGetItIn2DaysFilterFunctionality] Within safeFindElements 
2025-07-28 09:42:04.000 PM [TestNG-test-Test-2] INFO  [verifyingGetItIn2DaysFilterFunctionality] [verifyingGetItIn2DaysFilterFunctionality] Returning the  [[[ChromeDriver: chrome on windows (3a71882e315525523f5425c3eba4c9e7)] -> xpath: //div[@class='a-section a-spacing-small a-spacing-top-small']], [[ChromeDriver: chrome on windows (3a71882e315525523f5425c3eba4c9e7)] -> xpath: //div[@class='a-section a-spacing-small a-spacing-top-small']], [[ChromeDriver: chrome on windows (3a71882e315525523f5425c3eba4c9e7)] -> xpath: //div[@class='a-section a-spacing-small a-spacing-top-small']], [[ChromeDriver: chrome on windows (3a71882e315525523f5425c3eba4c9e7)] -> xpath: //div[@class='a-section a-spacing-small a-spacing-top-small']], [[ChromeDriver: chrome on windows (3a71882e315525523f5425c3eba4c9e7)] -> xpath: //div[@class='a-section a-spacing-small a-spacing-top-small']], [[ChromeDriver: chrome on windows (3a71882e315525523f5425c3eba4c9e7)] -> xpath: //div[@class='a-section a-spacing-small a-spacing-top-small']]] from the safeFindElements method
Found the elements: By.xpath: //div[@class='a-section a-spacing-small a-spacing-top-small']
2025-07-28 09:42:04.002 PM [TestNG-test-Test-2] INFO  [verifyingGetItIn2DaysFilterFunctionality] [verifyingGetItIn2DaysFilterFunctionality] Created hashset with required data to assert with Within validateDeliveryFilterOptions method
2025-07-28 09:42:04.002 PM [TestNG-test-Test-2] INFO  [verifyingGetItIn2DaysFilterFunctionality] [verifyingGetItIn2DaysFilterFunctionality] this is the set  [Jul, Today, Tue, 28, 29, Mon, Tomorrow]
2025-07-28 09:42:04.002 PM [TestNG-test-Test-2] INFO  [verifyingGetItIn2DaysFilterFunctionality] [verifyingGetItIn2DaysFilterFunctionality] Within deliveryElements loop iterating over the products  Within validateDeliveryFilterOptions method
2025-07-28 09:42:04.026 PM [TestNG-test-Test-2] INFO  [verifyingGetItIn2DaysFilterFunctionality] [verifyingGetItIn2DaysFilterFunctionality] Checking if the allowedDateParts have the assert text   Within validateDeliveryFilterOptions method
Found the The text from delivery element --> Western Duomi SRC 500-GL 5 Star Automatic Visi Cooler Glass Standard Single Door Commercial Refrigerator (500 L, Black)
55
â‚¹36,550
M.R.P:
â‚¹49,000 (25% off)
No Cost EMI available on select cards.
FREE delivery Tomorrow, 29 Jul
Only 1 left in stock.
Add to cart | List size: 6 | Index: 0
------------------------------------------------------
2025-07-28 09:42:04.026 PM [TestNG-test-Test-2] INFO  [verifyingGetItIn2DaysFilterFunctionality] [verifyingGetItIn2DaysFilterFunctionality] Within deliveryElements loop iterating over the products  Within validateDeliveryFilterOptions method
2025-07-28 09:42:04.045 PM [TestNG-test-Test-2] INFO  [verifyingGetItIn2DaysFilterFunctionality] [verifyingGetItIn2DaysFilterFunctionality] Checking if the allowedDateParts have the assert text   Within validateDeliveryFilterOptions method
Found the The text from delivery element --> Western SRC 500-GL Freezer
1
â‚¹38,500
M.R.P:
â‚¹54,327 (29% off)
No Cost EMI available on select cards.
FREE delivery Thu, 31 Jul
Add to cart | List size: 6 | Index: 1
------------------------------------------------------
2025-07-28 09:42:04.046 PM [TestNG-test-Test-2] INFO  [verifyingGetItIn2DaysFilterFunctionality] [verifyingGetItIn2DaysFilterFunctionality] Within deliveryElements loop iterating over the products  Within validateDeliveryFilterOptions method
2025-07-28 09:42:04.070 PM [TestNG-test-Test-2] INFO  [verifyingGetItIn2DaysFilterFunctionality] [verifyingGetItIn2DaysFilterFunctionality] Checking if the allowedDateParts have the assert text   Within validateDeliveryFilterOptions method
Found the The text from delivery element --> Western Deep Freezer WHF D350H225GA with 4 year comprehensive warranty
4
â‚¹21,700
M.R.P:
â‚¹39,000 (44% off)
No Cost EMI available on select cards.
FREE delivery Tomorrow, 29 Jul
Add to cart | List size: 6 | Index: 2
------------------------------------------------------
2025-07-28 09:42:04.070 PM [TestNG-test-Test-2] INFO  [verifyingGetItIn2DaysFilterFunctionality] [verifyingGetItIn2DaysFilterFunctionality] Within deliveryElements loop iterating over the products  Within validateDeliveryFilterOptions method
2025-07-28 09:42:04.089 PM [TestNG-test-Test-2] INFO  [verifyingGetItIn2DaysFilterFunctionality] [verifyingGetItIn2DaysFilterFunctionality] Checking if the allowedDateParts have the assert text   Within validateDeliveryFilterOptions method
Found the The text from delivery element --> WESTERN HARD TOP GLYCOL DEEP FREEZER NWHF525HE
2
â‚¹44,000
M.R.P:
â‚¹49,000 (10% off)
No Cost EMI available on select cards.
FREE delivery Tomorrow, 29 Jul
Add to cart | List size: 6 | Index: 3
------------------------------------------------------
2025-07-28 09:42:04.089 PM [TestNG-test-Test-2] INFO  [verifyingGetItIn2DaysFilterFunctionality] [verifyingGetItIn2DaysFilterFunctionality] Within deliveryElements loop iterating over the products  Within validateDeliveryFilterOptions method
2025-07-28 09:42:04.108 PM [TestNG-test-Test-2] INFO  [verifyingGetItIn2DaysFilterFunctionality] [verifyingGetItIn2DaysFilterFunctionality] Checking if the allowedDateParts have the assert text   Within validateDeliveryFilterOptions method
Found the The text from delivery element --> Western Deep Freezer NWHD825HHC
â‚¹44,000
M.R.P:
â‚¹49,000 (10% off)
No Cost EMI available on select cards.
FREE delivery Tomorrow, 29 Jul
Add to cart | List size: 6 | Index: 4
------------------------------------------------------
2025-07-28 09:42:04.108 PM [TestNG-test-Test-2] INFO  [verifyingGetItIn2DaysFilterFunctionality] [verifyingGetItIn2DaysFilterFunctionality] Within deliveryElements loop iterating over the products  Within validateDeliveryFilterOptions method
------------------------------------------------------
2025-07-28 09:42:04.126 PM [TestNG-test-Test-2] INFO  [verifyingGetItIn2DaysFilterFunctionality] [verifyingGetItIn2DaysFilterFunctionality] Assert text not found wihtin AllowedDateParts
2025-07-28 09:42:04.126 PM [TestNG-test-Test-2] INFO  [verifyingGetItIn2DaysFilterFunctionality] [verifyingGetItIn2DaysFilterFunctionality] Asserting delivery filter: isValid=false, index=5, text=HuBDIC Multipurpose Deodorizer â”‚Air Ionizer with Negative Ion to Remove Odors in Refrigerator, Shoe Closet, Bathroom, Wardrobe, Car, and Pet Litters â”‚ Portable Air Purifier and Cleaner (Pink)
19
â‚¹4,821 (
â‚¹4,82,100/100 g)
M.R.P:
â‚¹7,821 (38% off)
FREE delivery 13 - 14 Aug
Add to cart
]]></system-out>
    <system-err><![CDATA[Jul 28, 2025 9:41:56 PM org.openqa.selenium.devtools.CdpVersionFinder findNearestMatch
WARNING: Unable to find CDP implementation matching 138
Jul 28, 2025 9:41:56 PM org.openqa.selenium.chromium.ChromiumDriver lambda$new$5
WARNING: Unable to find version of CDP to use for 138.0.7204.169. You may need to include a dependency on a specific version of the CDP using something similar to `org.seleniumhq.selenium:selenium-devtools-v86:4.27.0` where the version ("v86") matches the version of the chromium-based browser you're using and the version number of the artifact is the same as Selenium's.
]]></system-err>
  </testcase>
  <testcase name="verifyingGetItByTomorrowFilterFunctionality[AC](4)" classname="amazonfilterapplicatione2e.AmazonTests" time="0.858">
    <system-out><![CDATA[2025-07-28 09:42:04.127 PM [TestNG-test-Test-2] INFO  [verifyingGetItIn2DaysFilterFunctionality] âœ… Finished test method: verifyingGetItIn2DaysFilterFunctionality
ðŸ§ª logFileName: verifyingGetItByTodayFilterFunctionality
2025-07-28 09:42:04.483 PM [TestNG-test-Test-2] INFO  [verifyingGetItByTodayFilterFunctionality] ðŸ”¹ Starting test method: verifyingGetItByTodayFilterFunctionality
Filter and Filter options not visible on Ui hence Returning from the function
Filter option 'Get It by Tomorrow' does not exist. Skipping the test.
2025-07-28 09:42:06.633 PM [TestNG-test-Test-1] WARN  [verifyingGetItByTomorrowFilterFunctionality] [verifyingGetItByTomorrowFilterFunctionality] âš  Filter option 'Get It by Tomorrow' does not exist. Skipping the test.
]]></system-out>
    <system-err><![CDATA[Jul 28, 2025 9:42:05 PM org.openqa.selenium.devtools.CdpVersionFinder findNearestMatch
WARNING: Unable to find CDP implementation matching 138
Jul 28, 2025 9:42:05 PM org.openqa.selenium.chromium.ChromiumDriver lambda$new$5
WARNING: Unable to find version of CDP to use for 138.0.7204.169. You may need to include a dependency on a specific version of the CDP using something similar to `org.seleniumhq.selenium:selenium-devtools-v86:4.27.0` where the version ("v86") matches the version of the chromium-based browser you're using and the version number of the artifact is the same as Selenium's.
]]></system-err>
  </testcase>
  <testcase name="verifyingGetItByTodayFilterFunctionality[Mobile](1)" classname="amazonfilterapplicatione2e.AmazonTests" time="7.407">
    <system-out><![CDATA[2025-07-28 09:42:06.634 PM [TestNG-test-Test-1] INFO  [verifyingGetItByTomorrowFilterFunctionality] âœ… Finished test method: verifyingGetItByTomorrowFilterFunctionality
ðŸ§ª logFileName: verifyingGetItByTomorrowFilterFunctionality
2025-07-28 09:42:06.844 PM [TestNG-test-Test-1] INFO  [verifyingGetItByTomorrowFilterFunctionality] ðŸ”¹ Starting test method: verifyingGetItByTomorrowFilterFunctionality
2025-07-28 09:42:09.554 PM [TestNG-test-Test-2] INFO  [verifyingGetItByTodayFilterFunctionality] [verifyingGetItByTodayFilterFunctionality] Opening amazon Landing page
2025-07-28 09:42:10.117 PM [TestNG-test-Test-2] INFO  [verifyingGetItByTodayFilterFunctionality] [verifyingGetItByTodayFilterFunctionality] Giving input within the search bar
2025-07-28 09:42:11.023 PM [TestNG-test-Test-1] INFO  [verifyingGetItByTomorrowFilterFunctionality] [verifyingGetItByTomorrowFilterFunctionality] Opening amazon Landing page
2025-07-28 09:42:12.436 PM [TestNG-test-Test-2] INFO  [verifyingGetItByTodayFilterFunctionality] [verifyingGetItByTodayFilterFunctionality] Clicking on the submit button beside the search bar
2025-07-28 09:42:12.507 PM [TestNG-test-Test-1] INFO  [verifyingGetItByTomorrowFilterFunctionality] [verifyingGetItByTomorrowFilterFunctionality] Giving input within the search bar
2025-07-28 09:42:12.618 PM [TestNG-test-Test-2] INFO  [verifyingGetItByTodayFilterFunctionality] [verifyingGetItByTodayFilterFunctionality] Checking if element visible on UI via isElementVisibleOnUI Method
Checking if the filter and options visible on UI via isElementVisibleOnUI
2025-07-28 09:42:14.675 PM [TestNG-test-Test-1] INFO  [verifyingGetItByTomorrowFilterFunctionality] [verifyingGetItByTomorrowFilterFunctionality] Clicking on the submit button beside the search bar
2025-07-28 09:42:14.859 PM [TestNG-test-Test-1] INFO  [verifyingGetItByTomorrowFilterFunctionality] [verifyingGetItByTomorrowFilterFunctionality] Checking if element visible on UI via isElementVisibleOnUI Method
Checking if the filter and options visible on UI via isElementVisibleOnUI
Filter and Filter options not visible on Ui hence Returning from the function
Filter option 'Get It Today' does not exist. Skipping the test.
2025-07-28 09:42:15.657 PM [TestNG-test-Test-2] WARN  [verifyingGetItByTodayFilterFunctionality] [verifyingGetItByTodayFilterFunctionality] âš  Filter option 'Get It Today' does not exist. Skipping the test.
]]></system-out>
    <system-err><![CDATA[Jul 28, 2025 9:42:08 PM org.openqa.selenium.devtools.CdpVersionFinder findNearestMatch
WARNING: Unable to find CDP implementation matching 138
Jul 28, 2025 9:42:08 PM org.openqa.selenium.chromium.ChromiumDriver lambda$new$5
WARNING: Unable to find version of CDP to use for 138.0.7204.169. You may need to include a dependency on a specific version of the CDP using something similar to `org.seleniumhq.selenium:selenium-devtools-v86:4.27.0` where the version ("v86") matches the version of the chromium-based browser you're using and the version number of the artifact is the same as Selenium's.
]]></system-err>
  </testcase>
  <testcase name="verifyingGetItByTomorrowFilterFunctionality[Fridge](5)" classname="amazonfilterapplicatione2e.AmazonTests" time="0.764">
    <system-out><![CDATA[2025-07-28 09:42:15.658 PM [TestNG-test-Test-2] INFO  [verifyingGetItByTodayFilterFunctionality] âœ… Finished test method: verifyingGetItByTodayFilterFunctionality
ðŸ§ª logFileName: verifyingGetItByTodayFilterFunctionality
2025-07-28 09:42:15.874 PM [TestNG-test-Test-2] INFO  [verifyingGetItByTodayFilterFunctionality] ðŸ”¹ Starting test method: verifyingGetItByTodayFilterFunctionality
Filter and Filter options not visible on Ui hence Returning from the function
Filter option 'Get It by Tomorrow' does not exist. Skipping the test.
2025-07-28 09:42:17.891 PM [TestNG-test-Test-1] WARN  [verifyingGetItByTomorrowFilterFunctionality] [verifyingGetItByTomorrowFilterFunctionality] âš  Filter option 'Get It by Tomorrow' does not exist. Skipping the test.
]]></system-out>
    <system-err><![CDATA[Jul 28, 2025 9:42:17 PM org.openqa.selenium.devtools.CdpVersionFinder findNearestMatch
WARNING: Unable to find CDP implementation matching 138
Jul 28, 2025 9:42:17 PM org.openqa.selenium.chromium.ChromiumDriver lambda$new$5
WARNING: Unable to find version of CDP to use for 138.0.7204.169. You may need to include a dependency on a specific version of the CDP using something similar to `org.seleniumhq.selenium:selenium-devtools-v86:4.27.0` where the version ("v86") matches the version of the chromium-based browser you're using and the version number of the artifact is the same as Selenium's.
]]></system-err>
  </testcase>
  <testcase name="verifyingTheBrandsFilterFunctionality" classname="amazonfilterapplicatione2e.AmazonTests" time="0.931">
    <failure message="&#10;Cannot inject @Test annotated Method [verifyingTheBrandsFilterFunctionality] with [class java.lang.String].&#10;For more information on native dependency injection please refer to https://testng.org/#_dependency_injection" type="org.testng.TestNGException"><![CDATA[org.testng.TestNGException: 

Cannot inject @Test annotated Method [verifyingTheBrandsFilterFunctionality] with [class java.lang.String].
For more information on native dependency injection please refer to https://testng.org/#_dependency_injection
]]></failure>
    <system-out><![CDATA[2025-07-28 09:42:17.892 PM [TestNG-test-Test-1] INFO  [verifyingGetItByTomorrowFilterFunctionality] âœ… Finished test method: verifyingGetItByTomorrowFilterFunctionality
]]></system-out>
  </testcase>
  <testcase name="verifyingGetItByTodayFilterFunctionality[Tv](2)" classname="amazonfilterapplicatione2e.AmazonTests" time="8.038">
    <system-out><![CDATA[2025-07-28 09:42:19.805 PM [TestNG-test-Test-2] INFO  [verifyingGetItByTodayFilterFunctionality] [verifyingGetItByTodayFilterFunctionality] Opening amazon Landing page
2025-07-28 09:42:20.094 PM [TestNG-test-Test-2] INFO  [verifyingGetItByTodayFilterFunctionality] [verifyingGetItByTodayFilterFunctionality] Giving input within the search bar
2025-07-28 09:42:22.030 PM [TestNG-test-Test-2] INFO  [verifyingGetItByTodayFilterFunctionality] [verifyingGetItByTodayFilterFunctionality] Clicking on the submit button beside the search bar
2025-07-28 09:42:22.140 PM [TestNG-test-Test-2] INFO  [verifyingGetItByTodayFilterFunctionality] [verifyingGetItByTodayFilterFunctionality] Checking if element visible on UI via isElementVisibleOnUI Method
Checking if the filter and options visible on UI via isElementVisibleOnUI
Filter and Filter options not visible on Ui hence Returning from the function
Filter option 'Get It Today' does not exist. Skipping the test.
2025-07-28 09:42:25.164 PM [TestNG-test-Test-2] WARN  [verifyingGetItByTodayFilterFunctionality] [verifyingGetItByTodayFilterFunctionality] âš  Filter option 'Get It Today' does not exist. Skipping the test.
]]></system-out>
  </testcase>
  <testcase name="verifyingGetItByTodayFilterFunctionality[Charger](3)" classname="amazonfilterapplicatione2e.AmazonTests" time="9.466">
    <system-out><![CDATA[2025-07-28 09:42:25.166 PM [TestNG-test-Test-2] INFO  [verifyingGetItByTodayFilterFunctionality] âœ… Finished test method: verifyingGetItByTodayFilterFunctionality
ðŸ§ª logFileName: verifyingGetItByTodayFilterFunctionality
2025-07-28 09:42:25.394 PM [TestNG-test-Test-2] INFO  [verifyingGetItByTodayFilterFunctionality] ðŸ”¹ Starting test method: verifyingGetItByTodayFilterFunctionality
2025-07-28 09:42:29.196 PM [TestNG-test-Test-2] INFO  [verifyingGetItByTodayFilterFunctionality] [verifyingGetItByTodayFilterFunctionality] Opening amazon Landing page
2025-07-28 09:42:29.733 PM [TestNG-test-Test-2] INFO  [verifyingGetItByTodayFilterFunctionality] [verifyingGetItByTodayFilterFunctionality] Giving input within the search bar
2025-07-28 09:42:32.853 PM [TestNG-test-Test-2] INFO  [verifyingGetItByTodayFilterFunctionality] [verifyingGetItByTodayFilterFunctionality] Clicking on the submit button beside the search bar
2025-07-28 09:42:32.969 PM [TestNG-test-Test-2] INFO  [verifyingGetItByTodayFilterFunctionality] [verifyingGetItByTodayFilterFunctionality] Checking if element visible on UI via isElementVisibleOnUI Method
Checking if the filter and options visible on UI via isElementVisibleOnUI
Filter and Filter options not visible on Ui hence Returning from the function
Filter option 'Get It Today' does not exist. Skipping the test.
2025-07-28 09:42:35.990 PM [TestNG-test-Test-2] WARN  [verifyingGetItByTodayFilterFunctionality] [verifyingGetItByTodayFilterFunctionality] âš  Filter option 'Get It Today' does not exist. Skipping the test.
]]></system-out>
    <system-err><![CDATA[Jul 28, 2025 9:42:26 PM org.openqa.selenium.devtools.CdpVersionFinder findNearestMatch
WARNING: Unable to find CDP implementation matching 138
Jul 28, 2025 9:42:26 PM org.openqa.selenium.chromium.ChromiumDriver lambda$new$5
WARNING: Unable to find version of CDP to use for 138.0.7204.169. You may need to include a dependency on a specific version of the CDP using something similar to `org.seleniumhq.selenium:selenium-devtools-v86:4.27.0` where the version ("v86") matches the version of the chromium-based browser you're using and the version number of the artifact is the same as Selenium's.
]]></system-err>
  </testcase>
  <testcase name="verifyingGetItByTodayFilterFunctionality[AC](4)" classname="amazonfilterapplicatione2e.AmazonTests" time="8.089">
    <system-out><![CDATA[2025-07-28 09:42:35.992 PM [TestNG-test-Test-2] INFO  [verifyingGetItByTodayFilterFunctionality] âœ… Finished test method: verifyingGetItByTodayFilterFunctionality
ðŸ§ª logFileName: verifyingGetItByTodayFilterFunctionality
2025-07-28 09:42:36.209 PM [TestNG-test-Test-2] INFO  [verifyingGetItByTodayFilterFunctionality] ðŸ”¹ Starting test method: verifyingGetItByTodayFilterFunctionality
2025-07-28 09:42:39.859 PM [TestNG-test-Test-2] INFO  [verifyingGetItByTodayFilterFunctionality] [verifyingGetItByTodayFilterFunctionality] Opening amazon Landing page
2025-07-28 09:42:40.468 PM [TestNG-test-Test-2] INFO  [verifyingGetItByTodayFilterFunctionality] [verifyingGetItByTodayFilterFunctionality] Giving input within the search bar
2025-07-28 09:42:42.322 PM [TestNG-test-Test-2] INFO  [verifyingGetItByTodayFilterFunctionality] [verifyingGetItByTodayFilterFunctionality] Clicking on the submit button beside the search bar
2025-07-28 09:42:42.405 PM [TestNG-test-Test-2] INFO  [verifyingGetItByTodayFilterFunctionality] [verifyingGetItByTodayFilterFunctionality] Checking if element visible on UI via isElementVisibleOnUI Method
Checking if the filter and options visible on UI via isElementVisibleOnUI
Filter and Filter options not visible on Ui hence Returning from the function
Filter option 'Get It Today' does not exist. Skipping the test.
2025-07-28 09:42:45.428 PM [TestNG-test-Test-2] WARN  [verifyingGetItByTodayFilterFunctionality] [verifyingGetItByTodayFilterFunctionality] âš  Filter option 'Get It Today' does not exist. Skipping the test.
]]></system-out>
    <system-err><![CDATA[Jul 28, 2025 9:42:37 PM org.openqa.selenium.devtools.CdpVersionFinder findNearestMatch
WARNING: Unable to find CDP implementation matching 138
Jul 28, 2025 9:42:37 PM org.openqa.selenium.chromium.ChromiumDriver lambda$new$5
WARNING: Unable to find version of CDP to use for 138.0.7204.169. You may need to include a dependency on a specific version of the CDP using something similar to `org.seleniumhq.selenium:selenium-devtools-v86:4.27.0` where the version ("v86") matches the version of the chromium-based browser you're using and the version number of the artifact is the same as Selenium's.
]]></system-err>
  </testcase>
  <testcase name="verifyingGetItByTodayFilterFunctionality[Fridge](5)" classname="amazonfilterapplicatione2e.AmazonTests" time="8.63">
    <system-out><![CDATA[2025-07-28 09:42:45.429 PM [TestNG-test-Test-2] INFO  [verifyingGetItByTodayFilterFunctionality] âœ… Finished test method: verifyingGetItByTodayFilterFunctionality
ðŸ§ª logFileName: verifyingGetItByTodayFilterFunctionality
2025-07-28 09:42:45.656 PM [TestNG-test-Test-2] INFO  [verifyingGetItByTodayFilterFunctionality] ðŸ”¹ Starting test method: verifyingGetItByTodayFilterFunctionality
2025-07-28 09:42:49.696 PM [TestNG-test-Test-2] INFO  [verifyingGetItByTodayFilterFunctionality] [verifyingGetItByTodayFilterFunctionality] Opening amazon Landing page
2025-07-28 09:42:50.131 PM [TestNG-test-Test-2] INFO  [verifyingGetItByTodayFilterFunctionality] [verifyingGetItByTodayFilterFunctionality] Giving input within the search bar
2025-07-28 09:42:52.283 PM [TestNG-test-Test-2] INFO  [verifyingGetItByTodayFilterFunctionality] [verifyingGetItByTodayFilterFunctionality] Clicking on the submit button beside the search bar
2025-07-28 09:42:52.397 PM [TestNG-test-Test-2] INFO  [verifyingGetItByTodayFilterFunctionality] [verifyingGetItByTodayFilterFunctionality] Checking if element visible on UI via isElementVisibleOnUI Method
Checking if the filter and options visible on UI via isElementVisibleOnUI
Filter and Filter options not visible on Ui hence Returning from the function
Filter option 'Get It Today' does not exist. Skipping the test.
2025-07-28 09:42:55.423 PM [TestNG-test-Test-2] WARN  [verifyingGetItByTodayFilterFunctionality] [verifyingGetItByTodayFilterFunctionality] âš  Filter option 'Get It Today' does not exist. Skipping the test.
]]></system-out>
    <system-err><![CDATA[Jul 28, 2025 9:42:46 PM org.openqa.selenium.devtools.CdpVersionFinder findNearestMatch
WARNING: Unable to find CDP implementation matching 138
Jul 28, 2025 9:42:46 PM org.openqa.selenium.chromium.ChromiumDriver lambda$new$5
WARNING: Unable to find version of CDP to use for 138.0.7204.169. You may need to include a dependency on a specific version of the CDP using something similar to `org.seleniumhq.selenium:selenium-devtools-v86:4.27.0` where the version ("v86") matches the version of the chromium-based browser you're using and the version number of the artifact is the same as Selenium's.
]]></system-err>
  </testcase>
</testsuite>