<?xml version="1.0" encoding="UTF-8"?>
<testng-results ignored="0" total="16" passed="11" failed="5" skipped="0">
  <reporter-output>
  </reporter-output>
  <suite started-at="2025-07-28T21:41:04 IST" name="Suite" finished-at="2025-07-28T21:42:55 IST" duration-ms="110723">
    <groups>
    </groups>
    <test started-at="2025-07-28T21:41:04 IST" name="Test" finished-at="2025-07-28T21:42:55 IST" duration-ms="110723">
      <class name="amazonfilterapplicatione2e.AmazonTests">
        <test-method is-config="true" signature="setUp(java.lang.reflect.Method)[pri:0, instance:amazonfilterapplicatione2e.AmazonTests@4982cc36]" started-at="2025-07-28T21:41:04 IST" name="setUp" finished-at="2025-07-28T21:41:11 IST" duration-ms="6074" status="PASS">
          <params>
            <param index="0">
              <value>
                <![CDATA[public void amazonfilterapplicatione2e.AmazonTests.verifyingGetItByTomorrowFilterFunctionality(java.lang.String) throws java.lang.InterruptedException]]>
              </value>
            </param>
          </params>
          <reporter-output>
          </reporter-output>
        </test-method> <!-- setUp -->
        <test-method is-config="true" signature="setUp(java.lang.reflect.Method)[pri:0, instance:amazonfilterapplicatione2e.AmazonTests@4982cc36]" started-at="2025-07-28T21:41:04 IST" name="setUp" finished-at="2025-07-28T21:41:11 IST" duration-ms="6774" status="PASS">
          <params>
            <param index="0">
              <value>
                <![CDATA[public void amazonfilterapplicatione2e.AmazonTests.verifyingGetItIn2DaysFilterFunctionality(java.lang.String) throws java.lang.InterruptedException]]>
              </value>
            </param>
          </params>
          <reporter-output>
          </reporter-output>
        </test-method> <!-- setUp -->
        <test-method signature="verifyingGetItByTomorrowFilterFunctionality(java.lang.String)[pri:1, instance:amazonfilterapplicatione2e.AmazonTests@4982cc36]" started-at="2025-07-28T21:41:11 IST" name="verifyingGetItByTomorrowFilterFunctionality" data-provider="Data" finished-at="2025-07-28T21:41:26 IST" duration-ms="15491" status="PASS">
          <params>
            <param index="0">
              <value>
                <![CDATA[Mobile]]>
              </value>
            </param>
          </params>
          <reporter-output>
          </reporter-output>
        </test-method> <!-- verifyingGetItByTomorrowFilterFunctionality -->
        <test-method signature="verifyingGetItIn2DaysFilterFunctionality(java.lang.String)[pri:2, instance:amazonfilterapplicatione2e.AmazonTests@4982cc36]" started-at="2025-07-28T21:41:11 IST" name="verifyingGetItIn2DaysFilterFunctionality" data-provider="Data" finished-at="2025-07-28T21:41:21 IST" duration-ms="10234" status="PASS">
          <params>
            <param index="0">
              <value>
                <![CDATA[Mobile]]>
              </value>
            </param>
          </params>
          <reporter-output>
          </reporter-output>
        </test-method> <!-- verifyingGetItIn2DaysFilterFunctionality -->
        <test-method is-config="true" signature="tearDown(org.testng.ITestResult)[pri:0, instance:amazonfilterapplicatione2e.AmazonTests@4982cc36]" started-at="2025-07-28T21:41:21 IST" name="tearDown" finished-at="2025-07-28T21:41:22 IST" duration-ms="235" status="PASS">
          <params>
            <param index="0">
              <value>
                <![CDATA[[TestResult name=verifyingGetItIn2DaysFilterFunctionality status=SUCCESS method=AmazonTests.verifyingGetItIn2DaysFilterFunctionality(java.lang.String)[pri:2, instance:amazonfilterapplicatione2e.AmazonTests@4982cc36] output={null}]]]>
              </value>
            </param>
          </params>
          <reporter-output>
          </reporter-output>
        </test-method> <!-- tearDown -->
        <test-method is-config="true" signature="setUp(java.lang.reflect.Method)[pri:0, instance:amazonfilterapplicatione2e.AmazonTests@4982cc36]" started-at="2025-07-28T21:41:22 IST" name="setUp" finished-at="2025-07-28T21:41:23 IST" duration-ms="1542" status="PASS">
          <params>
            <param index="0">
              <value>
                <![CDATA[public void amazonfilterapplicatione2e.AmazonTests.verifyingGetItIn2DaysFilterFunctionality(java.lang.String) throws java.lang.InterruptedException]]>
              </value>
            </param>
          </params>
          <reporter-output>
          </reporter-output>
        </test-method> <!-- setUp -->
        <test-method signature="verifyingGetItIn2DaysFilterFunctionality(java.lang.String)[pri:2, instance:amazonfilterapplicatione2e.AmazonTests@4982cc36]" started-at="2025-07-28T21:41:23 IST" name="verifyingGetItIn2DaysFilterFunctionality" data-provider="Data" finished-at="2025-07-28T21:41:32 IST" duration-ms="8880" status="FAIL">
          <params>
            <param index="0">
              <value>
                <![CDATA[Tv]]>
              </value>
            </param>
          </params>
          <exception class="java.lang.AssertionError">
            <message>
              <![CDATA[❌ Delivery date mismatch at index 0. Text: WoodMarwar Solid Sheesham Wood Entertainment Tv Unit for Living Room | Free Standing Media Console Movable Tv Cabinet Sideboard | Tv Table Side Board with 4 Door Cabinet & 1 Flap Door Storage | Walnut
16
See options
No featured offers available
₹23,499(1 new offer)
+5 expected [true] but found [false]]]>
            </message>
            <full-stacktrace>
              <![CDATA[java.lang.AssertionError: ❌ Delivery date mismatch at index 0. Text: WoodMarwar Solid Sheesham Wood Entertainment Tv Unit for Living Room | Free Standing Media Console Movable Tv Cabinet Sideboard | Tv Table Side Board with 4 Door Cabinet & 1 Flap Door Storage | Walnut
16
See options
No featured offers available
₹23,499(1 new offer)
+5 expected [true] but found [false]
at org.testng.Assert.fail(Assert.java:111)
at org.testng.Assert.failNotEquals(Assert.java:1578)
at org.testng.Assert.assertTrue(Assert.java:57)
at amazonfilterapplicatione2e.AmazonTests.verifyingGetItIn2DaysFilterFunctionality(AmazonTests.java:120)
at java.base/jdk.internal.reflect.DirectMethodHandleAccessor.invoke(DirectMethodHandleAccessor.java:104)
at java.base/java.lang.reflect.Method.invoke(Method.java:565)
at org.testng.internal.invokers.MethodInvocationHelper.invokeMethod(MethodInvocationHelper.java:141)
at org.testng.internal.invokers.TestInvoker.invokeMethod(TestInvoker.java:686)
at org.testng.internal.invokers.TestInvoker.invokeTestMethod(TestInvoker.java:230)
at org.testng.internal.invokers.MethodRunner.runInSequence(MethodRunner.java:63)
at org.testng.internal.invokers.TestInvoker$MethodInvocationAgent.invoke(TestInvoker.java:992)
at org.testng.internal.invokers.TestInvoker.invokeTestMethods(TestInvoker.java:203)
at org.testng.internal.invokers.TestMethodWorker.invokeTestMethods(TestMethodWorker.java:154)
at org.testng.internal.invokers.TestMethodWorker.run(TestMethodWorker.java:134)
at java.base/java.util.concurrent.Executors$RunnableAdapter.call(Executors.java:545)
at java.base/java.util.concurrent.FutureTask.run(FutureTask.java:328)
at org.testng.internal.thread.graph.TestNGFutureTask.run(TestNGFutureTask.java:22)
at java.base/java.util.concurrent.ThreadPoolExecutor.runWorker(ThreadPoolExecutor.java:1095)
at java.base/java.util.concurrent.ThreadPoolExecutor$Worker.run(ThreadPoolExecutor.java:619)
at java.base/java.lang.Thread.run(Thread.java:1447)
]]>
            </full-stacktrace>
          </exception> <!-- java.lang.AssertionError -->
          <reporter-output>
          </reporter-output>
        </test-method> <!-- verifyingGetItIn2DaysFilterFunctionality -->
        <test-method is-config="true" signature="tearDown(org.testng.ITestResult)[pri:0, instance:amazonfilterapplicatione2e.AmazonTests@4982cc36]" started-at="2025-07-28T21:41:26 IST" name="tearDown" finished-at="2025-07-28T21:41:27 IST" duration-ms="562" status="PASS">
          <params>
            <param index="0">
              <value>
                <![CDATA[[TestResult name=verifyingGetItByTomorrowFilterFunctionality status=SUCCESS method=AmazonTests.verifyingGetItByTomorrowFilterFunctionality(java.lang.String)[pri:1, instance:amazonfilterapplicatione2e.AmazonTests@4982cc36] output={null}]]]>
              </value>
            </param>
          </params>
          <reporter-output>
          </reporter-output>
        </test-method> <!-- tearDown -->
        <test-method is-config="true" signature="setUp(java.lang.reflect.Method)[pri:0, instance:amazonfilterapplicatione2e.AmazonTests@4982cc36]" started-at="2025-07-28T21:41:27 IST" name="setUp" finished-at="2025-07-28T21:41:28 IST" duration-ms="1715" status="PASS">
          <params>
            <param index="0">
              <value>
                <![CDATA[public void amazonfilterapplicatione2e.AmazonTests.verifyingGetItByTomorrowFilterFunctionality(java.lang.String) throws java.lang.InterruptedException]]>
              </value>
            </param>
          </params>
          <reporter-output>
          </reporter-output>
        </test-method> <!-- setUp -->
        <test-method signature="verifyingGetItByTomorrowFilterFunctionality(java.lang.String)[pri:1, instance:amazonfilterapplicatione2e.AmazonTests@4982cc36]" started-at="2025-07-28T21:41:28 IST" name="verifyingGetItByTomorrowFilterFunctionality" data-provider="Data" finished-at="2025-07-28T21:41:41 IST" duration-ms="12904" status="FAIL">
          <params>
            <param index="0">
              <value>
                <![CDATA[Tv]]>
              </value>
            </param>
          </params>
          <exception class="java.lang.AssertionError">
            <message>
              <![CDATA[❌ Delivery date mismatch at index 0. Text: WoodMarwar Solid Sheesham Wood Entertainment Tv Unit for Living Room | Free Standing Media Console Movable Tv Cabinet Sideboard | Tv Table Side Board with 4 Door Cabinet & 1 Flap Door Storage | Walnut
16
See options
No featured offers available
₹23,499(1 new offer)
+5 expected [true] but found [false]]]>
            </message>
            <full-stacktrace>
              <![CDATA[java.lang.AssertionError: ❌ Delivery date mismatch at index 0. Text: WoodMarwar Solid Sheesham Wood Entertainment Tv Unit for Living Room | Free Standing Media Console Movable Tv Cabinet Sideboard | Tv Table Side Board with 4 Door Cabinet & 1 Flap Door Storage | Walnut
16
See options
No featured offers available
₹23,499(1 new offer)
+5 expected [true] but found [false]
at org.testng.Assert.fail(Assert.java:111)
at org.testng.Assert.failNotEquals(Assert.java:1578)
at org.testng.Assert.assertTrue(Assert.java:57)
at amazonfilterapplicatione2e.AmazonTests.verifyingGetItByTomorrowFilterFunctionality(AmazonTests.java:85)
at java.base/jdk.internal.reflect.DirectMethodHandleAccessor.invoke(DirectMethodHandleAccessor.java:104)
at java.base/java.lang.reflect.Method.invoke(Method.java:565)
at org.testng.internal.invokers.MethodInvocationHelper.invokeMethod(MethodInvocationHelper.java:141)
at org.testng.internal.invokers.TestInvoker.invokeMethod(TestInvoker.java:686)
at org.testng.internal.invokers.TestInvoker.invokeTestMethod(TestInvoker.java:230)
at org.testng.internal.invokers.MethodRunner.runInSequence(MethodRunner.java:63)
at org.testng.internal.invokers.TestInvoker$MethodInvocationAgent.invoke(TestInvoker.java:992)
at org.testng.internal.invokers.TestInvoker.invokeTestMethods(TestInvoker.java:203)
at org.testng.internal.invokers.TestMethodWorker.invokeTestMethods(TestMethodWorker.java:154)
at org.testng.internal.invokers.TestMethodWorker.run(TestMethodWorker.java:134)
at java.base/java.util.concurrent.Executors$RunnableAdapter.call(Executors.java:545)
at java.base/java.util.concurrent.FutureTask.run(FutureTask.java:328)
at org.testng.internal.thread.graph.TestNGFutureTask.run(TestNGFutureTask.java:22)
at java.base/java.util.concurrent.ThreadPoolExecutor.runWorker(ThreadPoolExecutor.java:1095)
at java.base/java.util.concurrent.ThreadPoolExecutor$Worker.run(ThreadPoolExecutor.java:619)
at java.base/java.lang.Thread.run(Thread.java:1447)
]]>
            </full-stacktrace>
          </exception> <!-- java.lang.AssertionError -->
          <reporter-output>
          </reporter-output>
        </test-method> <!-- verifyingGetItByTomorrowFilterFunctionality -->
        <test-method is-config="true" signature="tearDown(org.testng.ITestResult)[pri:0, instance:amazonfilterapplicatione2e.AmazonTests@4982cc36]" started-at="2025-07-28T21:41:32 IST" name="tearDown" finished-at="2025-07-28T21:41:34 IST" duration-ms="1495" status="PASS">
          <params>
            <param index="0">
              <value>
                <![CDATA[[TestResult name=verifyingGetItIn2DaysFilterFunctionality status=FAILURE method=AmazonTests.verifyingGetItIn2DaysFilterFunctionality(java.lang.String)[pri:2, instance:amazonfilterapplicatione2e.AmazonTests@4982cc36] output={null}]]]>
              </value>
            </param>
          </params>
          <reporter-output>
          </reporter-output>
        </test-method> <!-- tearDown -->
        <test-method is-config="true" signature="setUp(java.lang.reflect.Method)[pri:0, instance:amazonfilterapplicatione2e.AmazonTests@4982cc36]" started-at="2025-07-28T21:41:34 IST" name="setUp" finished-at="2025-07-28T21:41:35 IST" duration-ms="1802" status="PASS">
          <params>
            <param index="0">
              <value>
                <![CDATA[public void amazonfilterapplicatione2e.AmazonTests.verifyingGetItIn2DaysFilterFunctionality(java.lang.String) throws java.lang.InterruptedException]]>
              </value>
            </param>
          </params>
          <reporter-output>
          </reporter-output>
        </test-method> <!-- setUp -->
        <test-method signature="verifyingGetItIn2DaysFilterFunctionality(java.lang.String)[pri:2, instance:amazonfilterapplicatione2e.AmazonTests@4982cc36]" started-at="2025-07-28T21:41:35 IST" name="verifyingGetItIn2DaysFilterFunctionality" data-provider="Data" finished-at="2025-07-28T21:41:44 IST" duration-ms="8903" status="PASS">
          <params>
            <param index="0">
              <value>
                <![CDATA[Charger]]>
              </value>
            </param>
          </params>
          <reporter-output>
          </reporter-output>
        </test-method> <!-- verifyingGetItIn2DaysFilterFunctionality -->
        <test-method is-config="true" signature="tearDown(org.testng.ITestResult)[pri:0, instance:amazonfilterapplicatione2e.AmazonTests@4982cc36]" started-at="2025-07-28T21:41:41 IST" name="tearDown" finished-at="2025-07-28T21:41:42 IST" duration-ms="388" status="PASS">
          <params>
            <param index="0">
              <value>
                <![CDATA[[TestResult name=verifyingGetItByTomorrowFilterFunctionality status=FAILURE method=AmazonTests.verifyingGetItByTomorrowFilterFunctionality(java.lang.String)[pri:1, instance:amazonfilterapplicatione2e.AmazonTests@4982cc36] output={null}]]]>
              </value>
            </param>
          </params>
          <reporter-output>
          </reporter-output>
        </test-method> <!-- tearDown -->
        <test-method is-config="true" signature="setUp(java.lang.reflect.Method)[pri:0, instance:amazonfilterapplicatione2e.AmazonTests@4982cc36]" started-at="2025-07-28T21:41:42 IST" name="setUp" finished-at="2025-07-28T21:41:43 IST" duration-ms="1382" status="PASS">
          <params>
            <param index="0">
              <value>
                <![CDATA[public void amazonfilterapplicatione2e.AmazonTests.verifyingGetItByTomorrowFilterFunctionality(java.lang.String) throws java.lang.InterruptedException]]>
              </value>
            </param>
          </params>
          <reporter-output>
          </reporter-output>
        </test-method> <!-- setUp -->
        <test-method signature="verifyingGetItByTomorrowFilterFunctionality(java.lang.String)[pri:1, instance:amazonfilterapplicatione2e.AmazonTests@4982cc36]" started-at="2025-07-28T21:41:43 IST" name="verifyingGetItByTomorrowFilterFunctionality" data-provider="Data" finished-at="2025-07-28T21:41:55 IST" duration-ms="12033" status="FAIL">
          <params>
            <param index="0">
              <value>
                <![CDATA[Charger]]>
              </value>
            </param>
          </params>
          <exception class="java.lang.AssertionError">
            <message>
              <![CDATA[❌ Delivery date mismatch at index 11. Text: CHOUYONL Foldable Alarm Clock Wireless Charger with Atmosphere Lights, Week Display, Dual Alarms, 4 Level Brightness, 6 Speed Volume,8 Music Rightones, Foldable Design, Easily Carry
62
₹7,112
M.R.P:
₹10,112 (30% off)
FREE delivery 13 - 14 Aug
Add to cart expected [true] but found [false]]]>
            </message>
            <full-stacktrace>
              <![CDATA[java.lang.AssertionError: ❌ Delivery date mismatch at index 11. Text: CHOUYONL Foldable Alarm Clock Wireless Charger with Atmosphere Lights, Week Display, Dual Alarms, 4 Level Brightness, 6 Speed Volume,8 Music Rightones, Foldable Design, Easily Carry
62
₹7,112
M.R.P:
₹10,112 (30% off)
FREE delivery 13 - 14 Aug
Add to cart expected [true] but found [false]
at org.testng.Assert.fail(Assert.java:111)
at org.testng.Assert.failNotEquals(Assert.java:1578)
at org.testng.Assert.assertTrue(Assert.java:57)
at amazonfilterapplicatione2e.AmazonTests.verifyingGetItByTomorrowFilterFunctionality(AmazonTests.java:85)
at java.base/jdk.internal.reflect.DirectMethodHandleAccessor.invoke(DirectMethodHandleAccessor.java:104)
at java.base/java.lang.reflect.Method.invoke(Method.java:565)
at org.testng.internal.invokers.MethodInvocationHelper.invokeMethod(MethodInvocationHelper.java:141)
at org.testng.internal.invokers.TestInvoker.invokeMethod(TestInvoker.java:686)
at org.testng.internal.invokers.TestInvoker.invokeTestMethod(TestInvoker.java:230)
at org.testng.internal.invokers.MethodRunner.runInSequence(MethodRunner.java:63)
at org.testng.internal.invokers.TestInvoker$MethodInvocationAgent.invoke(TestInvoker.java:992)
at org.testng.internal.invokers.TestInvoker.invokeTestMethods(TestInvoker.java:203)
at org.testng.internal.invokers.TestMethodWorker.invokeTestMethods(TestMethodWorker.java:154)
at org.testng.internal.invokers.TestMethodWorker.run(TestMethodWorker.java:134)
at java.base/java.util.concurrent.Executors$RunnableAdapter.call(Executors.java:545)
at java.base/java.util.concurrent.FutureTask.run(FutureTask.java:328)
at org.testng.internal.thread.graph.TestNGFutureTask.run(TestNGFutureTask.java:22)
at java.base/java.util.concurrent.ThreadPoolExecutor.runWorker(ThreadPoolExecutor.java:1095)
at java.base/java.util.concurrent.ThreadPoolExecutor$Worker.run(ThreadPoolExecutor.java:619)
at java.base/java.lang.Thread.run(Thread.java:1447)
]]>
            </full-stacktrace>
          </exception> <!-- java.lang.AssertionError -->
          <reporter-output>
          </reporter-output>
        </test-method> <!-- verifyingGetItByTomorrowFilterFunctionality -->
        <test-method is-config="true" signature="tearDown(org.testng.ITestResult)[pri:0, instance:amazonfilterapplicatione2e.AmazonTests@4982cc36]" started-at="2025-07-28T21:41:44 IST" name="tearDown" finished-at="2025-07-28T21:41:45 IST" duration-ms="395" status="PASS">
          <params>
            <param index="0">
              <value>
                <![CDATA[[TestResult name=verifyingGetItIn2DaysFilterFunctionality status=SUCCESS method=AmazonTests.verifyingGetItIn2DaysFilterFunctionality(java.lang.String)[pri:2, instance:amazonfilterapplicatione2e.AmazonTests@4982cc36] output={null}]]]>
              </value>
            </param>
          </params>
          <reporter-output>
          </reporter-output>
        </test-method> <!-- tearDown -->
        <test-method is-config="true" signature="setUp(java.lang.reflect.Method)[pri:0, instance:amazonfilterapplicatione2e.AmazonTests@4982cc36]" started-at="2025-07-28T21:41:45 IST" name="setUp" finished-at="2025-07-28T21:41:47 IST" duration-ms="1767" status="PASS">
          <params>
            <param index="0">
              <value>
                <![CDATA[public void amazonfilterapplicatione2e.AmazonTests.verifyingGetItIn2DaysFilterFunctionality(java.lang.String) throws java.lang.InterruptedException]]>
              </value>
            </param>
          </params>
          <reporter-output>
          </reporter-output>
        </test-method> <!-- setUp -->
        <test-method signature="verifyingGetItIn2DaysFilterFunctionality(java.lang.String)[pri:2, instance:amazonfilterapplicatione2e.AmazonTests@4982cc36]" started-at="2025-07-28T21:41:47 IST" name="verifyingGetItIn2DaysFilterFunctionality" data-provider="Data" finished-at="2025-07-28T21:41:53 IST" duration-ms="6463" status="PASS">
          <params>
            <param index="0">
              <value>
                <![CDATA[AC]]>
              </value>
            </param>
          </params>
          <reporter-output>
          </reporter-output>
        </test-method> <!-- verifyingGetItIn2DaysFilterFunctionality -->
        <test-method is-config="true" signature="tearDown(org.testng.ITestResult)[pri:0, instance:amazonfilterapplicatione2e.AmazonTests@4982cc36]" started-at="2025-07-28T21:41:53 IST" name="tearDown" finished-at="2025-07-28T21:41:53 IST" duration-ms="214" status="PASS">
          <params>
            <param index="0">
              <value>
                <![CDATA[[TestResult name=verifyingGetItIn2DaysFilterFunctionality status=SUCCESS method=AmazonTests.verifyingGetItIn2DaysFilterFunctionality(java.lang.String)[pri:2, instance:amazonfilterapplicatione2e.AmazonTests@4982cc36] output={null}]]]>
              </value>
            </param>
          </params>
          <reporter-output>
          </reporter-output>
        </test-method> <!-- tearDown -->
        <test-method is-config="true" signature="setUp(java.lang.reflect.Method)[pri:0, instance:amazonfilterapplicatione2e.AmazonTests@4982cc36]" started-at="2025-07-28T21:41:53 IST" name="setUp" finished-at="2025-07-28T21:41:55 IST" duration-ms="1383" status="PASS">
          <params>
            <param index="0">
              <value>
                <![CDATA[public void amazonfilterapplicatione2e.AmazonTests.verifyingGetItIn2DaysFilterFunctionality(java.lang.String) throws java.lang.InterruptedException]]>
              </value>
            </param>
          </params>
          <reporter-output>
          </reporter-output>
        </test-method> <!-- setUp -->
        <test-method signature="verifyingGetItIn2DaysFilterFunctionality(java.lang.String)[pri:2, instance:amazonfilterapplicatione2e.AmazonTests@4982cc36]" started-at="2025-07-28T21:41:55 IST" name="verifyingGetItIn2DaysFilterFunctionality" data-provider="Data" finished-at="2025-07-28T21:42:04 IST" duration-ms="9022" status="FAIL">
          <params>
            <param index="0">
              <value>
                <![CDATA[Fridge]]>
              </value>
            </param>
          </params>
          <exception class="java.lang.AssertionError">
            <message>
              <![CDATA[❌ Delivery date mismatch at index 5. Text: HuBDIC Multipurpose Deodorizer │Air Ionizer with Negative Ion to Remove Odors in Refrigerator, Shoe Closet, Bathroom, Wardrobe, Car, and Pet Litters │ Portable Air Purifier and Cleaner (Pink)
19
₹4,821 (
₹4,82,100/100 g)
M.R.P:
₹7,821 (38% off)
FREE delivery 13 - 14 Aug
Add to cart expected [true] but found [false]]]>
            </message>
            <full-stacktrace>
              <![CDATA[java.lang.AssertionError: ❌ Delivery date mismatch at index 5. Text: HuBDIC Multipurpose Deodorizer │Air Ionizer with Negative Ion to Remove Odors in Refrigerator, Shoe Closet, Bathroom, Wardrobe, Car, and Pet Litters │ Portable Air Purifier and Cleaner (Pink)
19
₹4,821 (
₹4,82,100/100 g)
M.R.P:
₹7,821 (38% off)
FREE delivery 13 - 14 Aug
Add to cart expected [true] but found [false]
at org.testng.Assert.fail(Assert.java:111)
at org.testng.Assert.failNotEquals(Assert.java:1578)
at org.testng.Assert.assertTrue(Assert.java:57)
at amazonfilterapplicatione2e.AmazonTests.verifyingGetItIn2DaysFilterFunctionality(AmazonTests.java:120)
at java.base/jdk.internal.reflect.DirectMethodHandleAccessor.invoke(DirectMethodHandleAccessor.java:104)
at java.base/java.lang.reflect.Method.invoke(Method.java:565)
at org.testng.internal.invokers.MethodInvocationHelper.invokeMethod(MethodInvocationHelper.java:141)
at org.testng.internal.invokers.TestInvoker.invokeMethod(TestInvoker.java:686)
at org.testng.internal.invokers.TestInvoker.invokeTestMethod(TestInvoker.java:230)
at org.testng.internal.invokers.MethodRunner.runInSequence(MethodRunner.java:63)
at org.testng.internal.invokers.TestInvoker$MethodInvocationAgent.invoke(TestInvoker.java:992)
at org.testng.internal.invokers.TestInvoker.invokeTestMethods(TestInvoker.java:203)
at org.testng.internal.invokers.TestMethodWorker.invokeTestMethods(TestMethodWorker.java:154)
at org.testng.internal.invokers.TestMethodWorker.run(TestMethodWorker.java:134)
at java.base/java.util.concurrent.Executors$RunnableAdapter.call(Executors.java:545)
at java.base/java.util.concurrent.FutureTask.run(FutureTask.java:328)
at org.testng.internal.thread.graph.TestNGFutureTask.run(TestNGFutureTask.java:22)
at java.base/java.util.concurrent.ThreadPoolExecutor.runWorker(ThreadPoolExecutor.java:1095)
at java.base/java.util.concurrent.ThreadPoolExecutor$Worker.run(ThreadPoolExecutor.java:619)
at java.base/java.lang.Thread.run(Thread.java:1447)
]]>
            </full-stacktrace>
          </exception> <!-- java.lang.AssertionError -->
          <reporter-output>
          </reporter-output>
        </test-method> <!-- verifyingGetItIn2DaysFilterFunctionality -->
        <test-method is-config="true" signature="tearDown(org.testng.ITestResult)[pri:0, instance:amazonfilterapplicatione2e.AmazonTests@4982cc36]" started-at="2025-07-28T21:41:55 IST" name="tearDown" finished-at="2025-07-28T21:41:55 IST" duration-ms="203" status="PASS">
          <params>
            <param index="0">
              <value>
                <![CDATA[[TestResult name=verifyingGetItByTomorrowFilterFunctionality status=FAILURE method=AmazonTests.verifyingGetItByTomorrowFilterFunctionality(java.lang.String)[pri:1, instance:amazonfilterapplicatione2e.AmazonTests@4982cc36] output={null}]]]>
              </value>
            </param>
          </params>
          <reporter-output>
          </reporter-output>
        </test-method> <!-- tearDown -->
        <test-method is-config="true" signature="setUp(java.lang.reflect.Method)[pri:0, instance:amazonfilterapplicatione2e.AmazonTests@4982cc36]" started-at="2025-07-28T21:41:55 IST" name="setUp" finished-at="2025-07-28T21:41:56 IST" duration-ms="1136" status="PASS">
          <params>
            <param index="0">
              <value>
                <![CDATA[public void amazonfilterapplicatione2e.AmazonTests.verifyingGetItByTomorrowFilterFunctionality(java.lang.String) throws java.lang.InterruptedException]]>
              </value>
            </param>
          </params>
          <reporter-output>
          </reporter-output>
        </test-method> <!-- setUp -->
        <test-method signature="verifyingGetItByTomorrowFilterFunctionality(java.lang.String)[pri:1, instance:amazonfilterapplicatione2e.AmazonTests@4982cc36]" started-at="2025-07-28T21:41:56 IST" name="verifyingGetItByTomorrowFilterFunctionality" data-provider="Data" finished-at="2025-07-28T21:42:06 IST" duration-ms="9748" status="PASS">
          <params>
            <param index="0">
              <value>
                <![CDATA[AC]]>
              </value>
            </param>
          </params>
          <reporter-output>
          </reporter-output>
        </test-method> <!-- verifyingGetItByTomorrowFilterFunctionality -->
        <test-method is-config="true" signature="tearDown(org.testng.ITestResult)[pri:0, instance:amazonfilterapplicatione2e.AmazonTests@4982cc36]" started-at="2025-07-28T21:42:04 IST" name="tearDown" finished-at="2025-07-28T21:42:04 IST" duration-ms="354" status="PASS">
          <params>
            <param index="0">
              <value>
                <![CDATA[[TestResult name=verifyingGetItIn2DaysFilterFunctionality status=FAILURE method=AmazonTests.verifyingGetItIn2DaysFilterFunctionality(java.lang.String)[pri:2, instance:amazonfilterapplicatione2e.AmazonTests@4982cc36] output={null}]]]>
              </value>
            </param>
          </params>
          <reporter-output>
          </reporter-output>
        </test-method> <!-- tearDown -->
        <test-method is-config="true" signature="setUp(java.lang.reflect.Method)[pri:0, instance:amazonfilterapplicatione2e.AmazonTests@4982cc36]" started-at="2025-07-28T21:42:04 IST" name="setUp" finished-at="2025-07-28T21:42:05 IST" duration-ms="1293" status="PASS">
          <params>
            <param index="0">
              <value>
                <![CDATA[public void amazonfilterapplicatione2e.AmazonTests.verifyingGetItByTodayFilterFunctionality(java.lang.String) throws java.lang.InterruptedException]]>
              </value>
            </param>
          </params>
          <reporter-output>
          </reporter-output>
        </test-method> <!-- setUp -->
        <test-method signature="verifyingGetItByTodayFilterFunctionality(java.lang.String)[pri:3, instance:amazonfilterapplicatione2e.AmazonTests@4982cc36]" started-at="2025-07-28T21:42:05 IST" name="verifyingGetItByTodayFilterFunctionality" data-provider="Data" finished-at="2025-07-28T21:42:15 IST" duration-ms="9881" status="PASS">
          <params>
            <param index="0">
              <value>
                <![CDATA[Mobile]]>
              </value>
            </param>
          </params>
          <reporter-output>
          </reporter-output>
        </test-method> <!-- verifyingGetItByTodayFilterFunctionality -->
        <test-method is-config="true" signature="tearDown(org.testng.ITestResult)[pri:0, instance:amazonfilterapplicatione2e.AmazonTests@4982cc36]" started-at="2025-07-28T21:42:06 IST" name="tearDown" finished-at="2025-07-28T21:42:06 IST" duration-ms="209" status="PASS">
          <params>
            <param index="0">
              <value>
                <![CDATA[[TestResult name=verifyingGetItByTomorrowFilterFunctionality status=SUCCESS method=AmazonTests.verifyingGetItByTomorrowFilterFunctionality(java.lang.String)[pri:1, instance:amazonfilterapplicatione2e.AmazonTests@4982cc36] output={null}]]]>
              </value>
            </param>
          </params>
          <reporter-output>
          </reporter-output>
        </test-method> <!-- tearDown -->
        <test-method is-config="true" signature="setUp(java.lang.reflect.Method)[pri:0, instance:amazonfilterapplicatione2e.AmazonTests@4982cc36]" started-at="2025-07-28T21:42:06 IST" name="setUp" finished-at="2025-07-28T21:42:08 IST" duration-ms="1402" status="PASS">
          <params>
            <param index="0">
              <value>
                <![CDATA[public void amazonfilterapplicatione2e.AmazonTests.verifyingGetItByTomorrowFilterFunctionality(java.lang.String) throws java.lang.InterruptedException]]>
              </value>
            </param>
          </params>
          <reporter-output>
          </reporter-output>
        </test-method> <!-- setUp -->
        <test-method signature="verifyingGetItByTomorrowFilterFunctionality(java.lang.String)[pri:1, instance:amazonfilterapplicatione2e.AmazonTests@4982cc36]" started-at="2025-07-28T21:42:08 IST" name="verifyingGetItByTomorrowFilterFunctionality" data-provider="Data" finished-at="2025-07-28T21:42:17 IST" duration-ms="9646" status="PASS">
          <params>
            <param index="0">
              <value>
                <![CDATA[Fridge]]>
              </value>
            </param>
          </params>
          <reporter-output>
          </reporter-output>
        </test-method> <!-- verifyingGetItByTomorrowFilterFunctionality -->
        <test-method is-config="true" signature="tearDown(org.testng.ITestResult)[pri:0, instance:amazonfilterapplicatione2e.AmazonTests@4982cc36]" started-at="2025-07-28T21:42:15 IST" name="tearDown" finished-at="2025-07-28T21:42:15 IST" duration-ms="216" status="PASS">
          <params>
            <param index="0">
              <value>
                <![CDATA[[TestResult name=verifyingGetItByTodayFilterFunctionality status=SUCCESS method=AmazonTests.verifyingGetItByTodayFilterFunctionality(java.lang.String)[pri:3, instance:amazonfilterapplicatione2e.AmazonTests@4982cc36] output={null}]]]>
              </value>
            </param>
          </params>
          <reporter-output>
          </reporter-output>
        </test-method> <!-- tearDown -->
        <test-method is-config="true" signature="setUp(java.lang.reflect.Method)[pri:0, instance:amazonfilterapplicatione2e.AmazonTests@4982cc36]" started-at="2025-07-28T21:42:15 IST" name="setUp" finished-at="2025-07-28T21:42:17 IST" duration-ms="1253" status="PASS">
          <params>
            <param index="0">
              <value>
                <![CDATA[public void amazonfilterapplicatione2e.AmazonTests.verifyingGetItByTodayFilterFunctionality(java.lang.String) throws java.lang.InterruptedException]]>
              </value>
            </param>
          </params>
          <reporter-output>
          </reporter-output>
        </test-method> <!-- setUp -->
        <test-method signature="verifyingGetItByTodayFilterFunctionality(java.lang.String)[pri:3, instance:amazonfilterapplicatione2e.AmazonTests@4982cc36]" started-at="2025-07-28T21:42:17 IST" name="verifyingGetItByTodayFilterFunctionality" data-provider="Data" finished-at="2025-07-28T21:42:25 IST" duration-ms="8038" status="PASS">
          <params>
            <param index="0">
              <value>
                <![CDATA[Tv]]>
              </value>
            </param>
          </params>
          <reporter-output>
          </reporter-output>
        </test-method> <!-- verifyingGetItByTodayFilterFunctionality -->
        <test-method is-config="true" signature="tearDown(org.testng.ITestResult)[pri:0, instance:amazonfilterapplicatione2e.AmazonTests@4982cc36]" started-at="2025-07-28T21:42:17 IST" name="tearDown" finished-at="2025-07-28T21:42:18 IST" duration-ms="165" status="PASS">
          <params>
            <param index="0">
              <value>
                <![CDATA[[TestResult name=verifyingGetItByTomorrowFilterFunctionality status=SUCCESS method=AmazonTests.verifyingGetItByTomorrowFilterFunctionality(java.lang.String)[pri:1, instance:amazonfilterapplicatione2e.AmazonTests@4982cc36] output={null}]]]>
              </value>
            </param>
          </params>
          <reporter-output>
          </reporter-output>
        </test-method> <!-- tearDown -->
        <test-method signature="verifyingTheBrandsFilterFunctionality(java.lang.String)[pri:4, instance:amazonfilterapplicatione2e.AmazonTests@4982cc36]" started-at="2025-07-28T21:42:18 IST" name="verifyingTheBrandsFilterFunctionality" finished-at="2025-07-28T21:42:18 IST" duration-ms="0" status="FAIL">
          <exception class="org.testng.TestNGException">
            <message>
              <![CDATA[
Cannot inject @Test annotated Method [verifyingTheBrandsFilterFunctionality] with [class java.lang.String].
For more information on native dependency injection please refer to https://testng.org/#_dependency_injection]]>
            </message>
            <full-stacktrace>
              <![CDATA[org.testng.TestNGException: 
Cannot inject @Test annotated Method [verifyingTheBrandsFilterFunctionality] with [class java.lang.String].
For more information on native dependency injection please refer to https://testng.org/#_dependency_injection
at org.testng.internal.Parameters.checkParameterTypes(Parameters.java:442)
at org.testng.internal.Parameters.createParametersForMethod(Parameters.java:347)
at org.testng.internal.Parameters.createParameters(Parameters.java:699)
at org.testng.internal.Parameters.handleParameters(Parameters.java:885)
at org.testng.internal.Parameters.handleParameters(Parameters.java:734)
at org.testng.internal.invokers.ParameterHandler.handleParameters(ParameterHandler.java:72)
at org.testng.internal.invokers.ParameterHandler.createParameters(ParameterHandler.java:51)
at org.testng.internal.invokers.TestInvoker$MethodInvocationAgent.invoke(TestInvoker.java:946)
at org.testng.internal.invokers.TestInvoker.invokeTestMethods(TestInvoker.java:203)
at org.testng.internal.invokers.TestMethodWorker.invokeTestMethods(TestMethodWorker.java:154)
at org.testng.internal.invokers.TestMethodWorker.run(TestMethodWorker.java:134)
at java.base/java.util.concurrent.Executors$RunnableAdapter.call(Executors.java:545)
at java.base/java.util.concurrent.FutureTask.run(FutureTask.java:328)
at org.testng.internal.thread.graph.TestNGFutureTask.run(TestNGFutureTask.java:22)
at java.base/java.util.concurrent.ThreadPoolExecutor.runWorker(ThreadPoolExecutor.java:1095)
at java.base/java.util.concurrent.ThreadPoolExecutor$Worker.run(ThreadPoolExecutor.java:619)
at java.base/java.lang.Thread.run(Thread.java:1447)
]]>
            </full-stacktrace>
          </exception> <!-- org.testng.TestNGException -->
          <reporter-output>
          </reporter-output>
        </test-method> <!-- verifyingTheBrandsFilterFunctionality -->
        <test-method is-config="true" signature="tearDown(org.testng.ITestResult)[pri:0, instance:amazonfilterapplicatione2e.AmazonTests@4982cc36]" started-at="2025-07-28T21:42:25 IST" name="tearDown" finished-at="2025-07-28T21:42:25 IST" duration-ms="229" status="PASS">
          <params>
            <param index="0">
              <value>
                <![CDATA[[TestResult name=verifyingGetItByTodayFilterFunctionality status=SUCCESS method=AmazonTests.verifyingGetItByTodayFilterFunctionality(java.lang.String)[pri:3, instance:amazonfilterapplicatione2e.AmazonTests@4982cc36] output={null}]]]>
              </value>
            </param>
          </params>
          <reporter-output>
          </reporter-output>
        </test-method> <!-- tearDown -->
        <test-method is-config="true" signature="setUp(java.lang.reflect.Method)[pri:0, instance:amazonfilterapplicatione2e.AmazonTests@4982cc36]" started-at="2025-07-28T21:42:25 IST" name="setUp" finished-at="2025-07-28T21:42:26 IST" duration-ms="1131" status="PASS">
          <params>
            <param index="0">
              <value>
                <![CDATA[public void amazonfilterapplicatione2e.AmazonTests.verifyingGetItByTodayFilterFunctionality(java.lang.String) throws java.lang.InterruptedException]]>
              </value>
            </param>
          </params>
          <reporter-output>
          </reporter-output>
        </test-method> <!-- setUp -->
        <test-method signature="verifyingGetItByTodayFilterFunctionality(java.lang.String)[pri:3, instance:amazonfilterapplicatione2e.AmazonTests@4982cc36]" started-at="2025-07-28T21:42:26 IST" name="verifyingGetItByTodayFilterFunctionality" data-provider="Data" finished-at="2025-07-28T21:42:35 IST" duration-ms="9465" status="PASS">
          <params>
            <param index="0">
              <value>
                <![CDATA[Charger]]>
              </value>
            </param>
          </params>
          <reporter-output>
          </reporter-output>
        </test-method> <!-- verifyingGetItByTodayFilterFunctionality -->
        <test-method is-config="true" signature="tearDown(org.testng.ITestResult)[pri:0, instance:amazonfilterapplicatione2e.AmazonTests@4982cc36]" started-at="2025-07-28T21:42:35 IST" name="tearDown" finished-at="2025-07-28T21:42:36 IST" duration-ms="217" status="PASS">
          <params>
            <param index="0">
              <value>
                <![CDATA[[TestResult name=verifyingGetItByTodayFilterFunctionality status=SUCCESS method=AmazonTests.verifyingGetItByTodayFilterFunctionality(java.lang.String)[pri:3, instance:amazonfilterapplicatione2e.AmazonTests@4982cc36] output={null}]]]>
              </value>
            </param>
          </params>
          <reporter-output>
          </reporter-output>
        </test-method> <!-- tearDown -->
        <test-method is-config="true" signature="setUp(java.lang.reflect.Method)[pri:0, instance:amazonfilterapplicatione2e.AmazonTests@4982cc36]" started-at="2025-07-28T21:42:36 IST" name="setUp" finished-at="2025-07-28T21:42:37 IST" duration-ms="1131" status="PASS">
          <params>
            <param index="0">
              <value>
                <![CDATA[public void amazonfilterapplicatione2e.AmazonTests.verifyingGetItByTodayFilterFunctionality(java.lang.String) throws java.lang.InterruptedException]]>
              </value>
            </param>
          </params>
          <reporter-output>
          </reporter-output>
        </test-method> <!-- setUp -->
        <test-method signature="verifyingGetItByTodayFilterFunctionality(java.lang.String)[pri:3, instance:amazonfilterapplicatione2e.AmazonTests@4982cc36]" started-at="2025-07-28T21:42:37 IST" name="verifyingGetItByTodayFilterFunctionality" data-provider="Data" finished-at="2025-07-28T21:42:45 IST" duration-ms="8089" status="PASS">
          <params>
            <param index="0">
              <value>
                <![CDATA[AC]]>
              </value>
            </param>
          </params>
          <reporter-output>
          </reporter-output>
        </test-method> <!-- verifyingGetItByTodayFilterFunctionality -->
        <test-method is-config="true" signature="tearDown(org.testng.ITestResult)[pri:0, instance:amazonfilterapplicatione2e.AmazonTests@4982cc36]" started-at="2025-07-28T21:42:45 IST" name="tearDown" finished-at="2025-07-28T21:42:45 IST" duration-ms="226" status="PASS">
          <params>
            <param index="0">
              <value>
                <![CDATA[[TestResult name=verifyingGetItByTodayFilterFunctionality status=SUCCESS method=AmazonTests.verifyingGetItByTodayFilterFunctionality(java.lang.String)[pri:3, instance:amazonfilterapplicatione2e.AmazonTests@4982cc36] output={null}]]]>
              </value>
            </param>
          </params>
          <reporter-output>
          </reporter-output>
        </test-method> <!-- tearDown -->
        <test-method is-config="true" signature="setUp(java.lang.reflect.Method)[pri:0, instance:amazonfilterapplicatione2e.AmazonTests@4982cc36]" started-at="2025-07-28T21:42:45 IST" name="setUp" finished-at="2025-07-28T21:42:46 IST" duration-ms="1136" status="PASS">
          <params>
            <param index="0">
              <value>
                <![CDATA[public void amazonfilterapplicatione2e.AmazonTests.verifyingGetItByTodayFilterFunctionality(java.lang.String) throws java.lang.InterruptedException]]>
              </value>
            </param>
          </params>
          <reporter-output>
          </reporter-output>
        </test-method> <!-- setUp -->
        <test-method signature="verifyingGetItByTodayFilterFunctionality(java.lang.String)[pri:3, instance:amazonfilterapplicatione2e.AmazonTests@4982cc36]" started-at="2025-07-28T21:42:46 IST" name="verifyingGetItByTodayFilterFunctionality" data-provider="Data" finished-at="2025-07-28T21:42:55 IST" duration-ms="8631" status="PASS">
          <params>
            <param index="0">
              <value>
                <![CDATA[Fridge]]>
              </value>
            </param>
          </params>
          <reporter-output>
          </reporter-output>
        </test-method> <!-- verifyingGetItByTodayFilterFunctionality -->
        <test-method is-config="true" signature="tearDown(org.testng.ITestResult)[pri:0, instance:amazonfilterapplicatione2e.AmazonTests@4982cc36]" started-at="2025-07-28T21:42:55 IST" name="tearDown" finished-at="2025-07-28T21:42:55 IST" duration-ms="235" status="PASS">
          <params>
            <param index="0">
              <value>
                <![CDATA[[TestResult name=verifyingGetItByTodayFilterFunctionality status=SUCCESS method=AmazonTests.verifyingGetItByTodayFilterFunctionality(java.lang.String)[pri:3, instance:amazonfilterapplicatione2e.AmazonTests@4982cc36] output={null}]]]>
              </value>
            </param>
          </params>
          <reporter-output>
          </reporter-output>
        </test-method> <!-- tearDown -->
      </class> <!-- amazonfilterapplicatione2e.AmazonTests -->
    </test> <!-- Test -->
  </suite> <!-- Suite -->
</testng-results>
